#
# There is insufficient memory for the Java Runtime Environment to continue.
# Native memory allocation (malloc) failed to allocate 1412176 bytes for Chunk::new
# Possible reasons:
#   The system is out of physical RAM or swap space
#   The process is running with CompressedOops enabled, and the Java Heap may be blocking the growth of the native heap
# Possible solutions:
#   Reduce memory load on the system
#   Increase physical memory or swap space
#   Check if swap backing store is full
#   Decrease Java heap size (-Xmx/-Xms)
#   Decrease number of Java threads
#   Decrease Java thread stack sizes (-Xss)
#   Set larger code cache with -XX:ReservedCodeCacheSize=
#   JVM is running with Unscaled Compressed Oops mode in which the Java heap is
#     placed in the first 4GB address space. The Java Heap base address is the
#     maximum limit for the native heap growth. Please use -XX:HeapBaseMinAddress
#     to set the Java Heap base and to place the Java Heap above 4GB virtual address.
# This output file may be truncated or incomplete.
#
#  Out of Memory Error (./src/hotspot/share/memory/arena.cpp:197), pid=10220, tid=7244
#
# JRE version: OpenJDK Runtime Environment (11.0.10) (build 11.0.10+0-b96-7249189)
# Java VM: OpenJDK 64-Bit Server VM (11.0.10+0-b96-7249189, mixed mode, tiered, compressed oops, g1 gc, windows-amd64)
# No core dump will be written. Minidumps are not enabled by default on client versions of Windows
#

---------------  S U M M A R Y ------------

Command Line: --add-opens=java.base/java.util=ALL-UNNAMED --add-opens=java.base/java.lang=ALL-UNNAMED --add-opens=java.base/java.lang.invoke=ALL-UNNAMED --add-opens=java.base/java.util=ALL-UNNAMED --add-opens=java.prefs/java.util.prefs=ALL-UNNAMED --add-opens=java.prefs/java.util.prefs=ALL-UNNAMED --add-opens=java.base/java.nio.charset=ALL-UNNAMED --add-opens=java.base/java.net=ALL-UNNAMED --add-opens=java.base/java.util.concurrent.atomic=ALL-UNNAMED -Xmx2048m -Dfile.encoding=UTF-8 -Duser.country=KR -Duser.language=ko -Duser.variant org.gradle.launcher.daemon.bootstrap.GradleDaemon 7.0.2

Host: Intel(R) Core(TM) i5-8250U CPU @ 1.60GHz, 8 cores, 7G,  Windows 10 , 64 bit Build 19041 (10.0.19041.1202)
Time: Mon Nov  1 04:15:47 2021 대한민국 표준시 elapsed time: 165.678428 seconds (0d 0h 2m 45s)

---------------  T H R E A D  ---------------

Current thread (0x00000272489d6800):  JavaThread "C2 CompilerThread0" daemon [_thread_in_native, id=7244, stack(0x000000f41c000000,0x000000f41c100000)]


Current CompileTask:
C2: 165678 14700       4       org.gradle.internal.service.DefaultServiceRegistry$OwnServices$ProviderAnalyser::analyseType (114 bytes)

Stack: [0x000000f41c000000,0x000000f41c100000]
Native frames: (J=compiled Java code, j=interpreted, Vv=VM code, C=native code)
V  [jvm.dll+0x5ecfaa]
V  [jvm.dll+0x722bd5]
V  [jvm.dll+0x72412d]
V  [jvm.dll+0x7247e3]
V  [jvm.dll+0x242928]
V  [jvm.dll+0xbc4fc]
V  [jvm.dll+0xbca0c]
V  [jvm.dll+0x352d7d]
V  [jvm.dll+0x197e0c]
V  [jvm.dll+0x1fb70e]
V  [jvm.dll+0x1fa7f4]
V  [jvm.dll+0x18354c]
V  [jvm.dll+0x208ee7]
V  [jvm.dll+0x207731]
V  [jvm.dll+0x6eb1cf]
V  [jvm.dll+0x6e3d45]
V  [jvm.dll+0x5ebe96]
C  [ucrtbase.dll+0x21bb2]
C  [KERNEL32.DLL+0x17034]
C  [ntdll.dll+0x52651]


---------------  P R O C E S S  ---------------

Threads class SMR info:
_java_thread_list=0x0000027254f55c00, length=59, elements={
0x000002722dd5f000, 0x00000272489b4800, 0x00000272489c0000, 0x00000272492d6800,
0x00000272489d2800, 0x00000272489d3800, 0x00000272489d6800, 0x00000272489de000,
0x00000272489ec800, 0x000002724943f800, 0x000002724bbc9000, 0x00000272495b4800,
0x000002724a12e000, 0x000002724b774000, 0x000002724b775000, 0x000002724b773800,
0x000002724b52f000, 0x000002724b530800, 0x000002724b534000, 0x000002724b534800,
0x000002724b535800, 0x000002724b530000, 0x000002724b53a800, 0x000002724fee9000,
0x000002724fee8000, 0x000002724fee5000, 0x000002724feeb800, 0x000002724fee6000,
0x000002724feef800, 0x000002724fef2000, 0x0000027251eb2800, 0x000002724a5a8000,
0x000002724a5af800, 0x000002724a5ad000, 0x000002724a5a9800, 0x000002724a5b0000,
0x000002724a5ae800, 0x000002724a5a8800, 0x000002724a5aa800, 0x000002724a5ac000,
0x000002724a5ab000, 0x000002724a5b6000, 0x000002724a5b4000, 0x000002724a5b1000,
0x000002724b9e2000, 0x000002724a5b6800, 0x000002724a5b1800, 0x000002724a5b2800,
0x000002724a5b5000, 0x000002724a5b3800, 0x0000027251eb2000, 0x0000027251eaf800,
0x0000027251eb5000, 0x0000027251eb6000, 0x0000027251eb0000, 0x0000027251eb1000,
0x0000027251eb6800, 0x0000027251eb7800, 0x000002724ea76000
}

Java Threads: ( => current thread )
  0x000002722dd5f000 JavaThread "main" [_thread_blocked, id=12936, stack(0x000000f41b400000,0x000000f41b500000)]
  0x00000272489b4800 JavaThread "Reference Handler" daemon [_thread_blocked, id=11976, stack(0x000000f41bb00000,0x000000f41bc00000)]
  0x00000272489c0000 JavaThread "Finalizer" daemon [_thread_blocked, id=13056, stack(0x000000f41bc00000,0x000000f41bd00000)]
  0x00000272492d6800 JavaThread "Signal Dispatcher" daemon [_thread_blocked, id=6244, stack(0x000000f41bd00000,0x000000f41be00000)]
  0x00000272489d2800 JavaThread "Attach Listener" daemon [_thread_blocked, id=3632, stack(0x000000f41be00000,0x000000f41bf00000)]
  0x00000272489d3800 JavaThread "Service Thread" daemon [_thread_blocked, id=11752, stack(0x000000f41bf00000,0x000000f41c000000)]
=>0x00000272489d6800 JavaThread "C2 CompilerThread0" daemon [_thread_in_native, id=7244, stack(0x000000f41c000000,0x000000f41c100000)]
  0x00000272489de000 JavaThread "C1 CompilerThread0" daemon [_thread_in_native, id=11744, stack(0x000000f41c100000,0x000000f41c200000)]
  0x00000272489ec800 JavaThread "Sweeper thread" daemon [_thread_blocked, id=6164, stack(0x000000f41c200000,0x000000f41c300000)]
  0x000002724943f800 JavaThread "Common-Cleaner" daemon [_thread_blocked, id=11676, stack(0x000000f41c300000,0x000000f41c400000)]
  0x000002724bbc9000 JavaThread "Daemon health stats" [_thread_blocked, id=7248, stack(0x000000f41c900000,0x000000f41ca00000)]
  0x00000272495b4800 JavaThread "Incoming local TCP Connector on port 58194" [_thread_in_native, id=8004, stack(0x000000f41c500000,0x000000f41c600000)]
  0x000002724a12e000 JavaThread "Daemon periodic checks" [_thread_blocked, id=8640, stack(0x000000f41c800000,0x000000f41c900000)]
  0x000002724b774000 JavaThread "Cache worker for file hash cache (C:\Users\hippo\.gradle\caches\7.0.2\fileHashes)" [_thread_blocked, id=10988, stack(0x000000f41d600000,0x000000f41d700000)]
  0x000002724b775000 JavaThread "File lock request listener" [_thread_in_native, id=12244, stack(0x000000f41d700000,0x000000f41d800000)]
  0x000002724b773800 JavaThread "Cache worker for journal cache (C:\Users\hippo\.gradle\caches\journal-1)" [_thread_blocked, id=4352, stack(0x000000f41d900000,0x000000f41da00000)]
  0x000002724b52f000 JavaThread "File watcher server" daemon [_thread_in_native, id=1740, stack(0x000000f41dc00000,0x000000f41dd00000)]
  0x000002724b530800 JavaThread "File watcher consumer" daemon [_thread_blocked, id=12304, stack(0x000000f41dd00000,0x000000f41de00000)]
  0x000002724b534000 JavaThread "Cache worker for execution history cache (C:\Users\hippo\.gradle\caches\7.0.2\executionHistory)" [_thread_blocked, id=3516, stack(0x000000f41e100000,0x000000f41e200000)]
  0x000002724b534800 JavaThread "jar transforms" [_thread_blocked, id=11388, stack(0x000000f41e300000,0x000000f41e400000)]
  0x000002724b535800 JavaThread "jar transforms Thread 2" [_thread_blocked, id=14892, stack(0x000000f41e400000,0x000000f41e500000)]
  0x000002724b530000 JavaThread "Cache worker for file content cache (C:\Users\hippo\.gradle\caches\7.0.2\fileContent)" [_thread_blocked, id=6932, stack(0x000000f41e500000,0x000000f41e600000)]
  0x000002724b53a800 JavaThread "jar transforms Thread 3" [_thread_blocked, id=2764, stack(0x000000f41e700000,0x000000f41e800000)]
  0x000002724fee9000 JavaThread "jar transforms Thread 4" [_thread_blocked, id=6840, stack(0x000000f41f100000,0x000000f41f200000)]
  0x000002724fee8000 JavaThread "jar transforms Thread 5" [_thread_blocked, id=10192, stack(0x000000f41f200000,0x000000f41f300000)]
  0x000002724fee5000 JavaThread "jar transforms Thread 6" [_thread_blocked, id=11672, stack(0x000000f41f300000,0x000000f41f400000)]
  0x000002724feeb800 JavaThread "jar transforms Thread 7" [_thread_blocked, id=14452, stack(0x000000f41f400000,0x000000f41f500000)]
  0x000002724fee6000 JavaThread "jar transforms Thread 8" [_thread_blocked, id=9148, stack(0x000000f41f500000,0x000000f41f600000)]
  0x000002724feef800 JavaThread "Memory manager" [_thread_blocked, id=1068, stack(0x000000f41f600000,0x000000f41f700000)]
  0x000002724fef2000 JavaThread "pool-3-thread-1" [_thread_blocked, id=13380, stack(0x000000f41f800000,0x000000f41f900000)]
  0x0000027251eb2800 JavaThread "Cache worker for Java compile cache (C:\Users\hippo\.gradle\caches\7.0.2\javaCompile)" [_thread_blocked, id=4552, stack(0x000000f420200000,0x000000f420300000)]
  0x000002724a5a8000 JavaThread "ForkJoinPool.commonPool-worker-3" daemon [_thread_blocked, id=2960, stack(0x000000f420900000,0x000000f420a00000)]
  0x000002724a5af800 JavaThread "ForkJoinPool.commonPool-worker-9" daemon [_thread_blocked, id=10820, stack(0x000000f420f00000,0x000000f421000000)]
  0x000002724a5ad000 JavaThread "ForkJoinPool.commonPool-worker-13" daemon [_thread_blocked, id=3444, stack(0x000000f421000000,0x000000f421100000)]
  0x000002724a5a9800 JavaThread "ForkJoinPool.commonPool-worker-11" daemon [_thread_blocked, id=15216, stack(0x000000f421100000,0x000000f421200000)]
  0x000002724a5b0000 JavaThread "ForkJoinPool.commonPool-worker-15" daemon [_thread_blocked, id=13484, stack(0x000000f421200000,0x000000f421300000)]
  0x000002724a5ae800 JavaThread "Daemon Thread 2" [_thread_blocked, id=7424, stack(0x000000f41b100000,0x000000f41b200000)]
  0x000002724a5a8800 JavaThread "Handler for socket connection from /127.0.0.1:58194 to /127.0.0.1:58274" [_thread_in_native, id=6416, stack(0x000000f41b300000,0x000000f41b400000)]
  0x000002724a5aa800 JavaThread "Cancel handler" [_thread_blocked, id=8440, stack(0x000000f41ca00000,0x000000f41cb00000)]
  0x000002724a5ac000 JavaThread "Daemon worker Thread 2" [_thread_in_Java, id=7580, stack(0x000000f41cc00000,0x000000f41cd00000)]
  0x000002724a5ab000 JavaThread "Asynchronous log dispatcher for DefaultDaemonConnection: socket connection from /127.0.0.1:58194 to /127.0.0.1:58274" [_thread_blocked, id=5448, stack(0x000000f41cd00000,0x000000f41ce00000)]
  0x000002724a5b6000 JavaThread "Stdin handler" [_thread_blocked, id=13476, stack(0x000000f41ce00000,0x000000f41cf00000)]
  0x000002724a5b4000 JavaThread "Daemon client event forwarder" [_thread_blocked, id=11412, stack(0x000000f41cf00000,0x000000f41d000000)]
  0x000002724a5b1000 JavaThread "Cache worker for file hash cache (C:\Users\hippo\AndroidStudioProjects\Registration\Registration\.gradle\7.0.2\fileHashes)" [_thread_blocked, id=2128, stack(0x000000f41d000000,0x000000f41d100000)]
  0x000002724b9e2000 JavaThread "C2 CompilerThread1" daemon [_thread_in_native, id=7704, stack(0x000000f41da00000,0x000000f41db00000)]
  0x000002724a5b6800 JavaThread "Cache worker for checksums cache (C:\Users\hippo\AndroidStudioProjects\Registration\Registration\.gradle\checksums)" [_thread_blocked, id=10180, stack(0x000000f41db00000,0x000000f41dc00000)]
  0x000002724a5b1800 JavaThread "Cache worker for cache directory md-supplier (C:\Users\hippo\.gradle\caches\7.0.2\md-supplier)" [_thread_blocked, id=13688, stack(0x000000f41de00000,0x000000f41df00000)]
  0x000002724a5b2800 JavaThread "Cache worker for cache directory md-rule (C:\Users\hippo\.gradle\caches\7.0.2\md-rule)" [_thread_blocked, id=5976, stack(0x000000f41df00000,0x000000f41e000000)]
  0x000002724a5b5000 JavaThread "Cache worker for dependencies-accessors (C:\Users\hippo\AndroidStudioProjects\Registration\Registration\.gradle\7.0.2\dependencies-accessors)" [_thread_blocked, id=7724, stack(0x000000f41e000000,0x000000f41e100000)]
  0x000002724a5b3800 JavaThread "Cache worker for Build Output Cleanup Cache (C:\Users\hippo\AndroidStudioProjects\Registration\Registration\.gradle\buildOutputCleanup)" [_thread_blocked, id=1804, stack(0x000000f41e200000,0x000000f41e300000)]
  0x0000027251eb2000 JavaThread "Build operations" [_thread_blocked, id=10700, stack(0x000000f41e600000,0x000000f41e700000)]
  0x0000027251eaf800 JavaThread "Build operations Thread 2" [_thread_blocked, id=9968, stack(0x000000f41e800000,0x000000f41e900000)]
  0x0000027251eb5000 JavaThread "Build operations Thread 3" [_thread_blocked, id=6972, stack(0x000000f41e900000,0x000000f41ea00000)]
  0x0000027251eb6000 JavaThread "Build operations Thread 4" [_thread_blocked, id=2376, stack(0x000000f41ea00000,0x000000f41eb00000)]
  0x0000027251eb0000 JavaThread "Build operations Thread 5" [_thread_blocked, id=10624, stack(0x000000f41eb00000,0x000000f41ec00000)]
  0x0000027251eb1000 JavaThread "Build operations Thread 6" [_thread_blocked, id=8664, stack(0x000000f41ec00000,0x000000f41ed00000)]
  0x0000027251eb6800 JavaThread "Build operations Thread 7" [_thread_blocked, id=15272, stack(0x000000f41ed00000,0x000000f41ee00000)]
  0x0000027251eb7800 JavaThread "Build operations Thread 8" [_thread_blocked, id=2688, stack(0x000000f41ee00000,0x000000f41ef00000)]
  0x000002724ea76000 JavaThread "C2 CompilerThread2" daemon [_thread_in_vm, id=9608, stack(0x000000f41ef00000,0x000000f41f000000)]

Other Threads:
  0x00000272489b3000 VMThread "VM Thread" [stack: 0x000000f41ba00000,0x000000f41bb00000] [id=13296]
  0x0000027249448800 WatcherThread [stack: 0x000000f41c400000,0x000000f41c500000] [id=3208]
  0x000002722dd76000 GCTaskThread "GC Thread#0" [stack: 0x000000f41b500000,0x000000f41b600000] [id=3956]
  0x0000027249956800 GCTaskThread "GC Thread#1" [stack: 0x000000f41c600000,0x000000f41c700000] [id=5584]
  0x000002724a012000 GCTaskThread "GC Thread#2" [stack: 0x000000f41c700000,0x000000f41c800000] [id=4544]
  0x000002724bda1800 GCTaskThread "GC Thread#3" [stack: 0x000000f41d100000,0x000000f41d200000] [id=11904]
  0x000002724bd85000 GCTaskThread "GC Thread#4" [stack: 0x000000f41d200000,0x000000f41d300000] [id=8020]
  0x000002724bd85800 GCTaskThread "GC Thread#5" [stack: 0x000000f41d300000,0x000000f41d400000] [id=8328]
  0x000002724bd6f000 GCTaskThread "GC Thread#6" [stack: 0x000000f41d400000,0x000000f41d500000] [id=10660]
  0x000002724bd70000 GCTaskThread "GC Thread#7" [stack: 0x000000f41d500000,0x000000f41d600000] [id=7884]
  0x000002722dda7800 ConcurrentGCThread "G1 Main Marker" [stack: 0x000000f41b600000,0x000000f41b700000] [id=13248]
  0x000002722ddaa000 ConcurrentGCThread "G1 Conc#0" [stack: 0x000000f41b700000,0x000000f41b800000] [id=2496]
  0x000002724c3bf800 ConcurrentGCThread "G1 Conc#1" [stack: 0x000000f41d800000,0x000000f41d900000] [id=652]
  0x000002722de3e000 ConcurrentGCThread "G1 Refine#0" [stack: 0x000000f41b800000,0x000000f41b900000] [id=3200]
  0x000002724ce9e800 ConcurrentGCThread "G1 Refine#1" [stack: 0x000000f421500000,0x000000f421600000] [id=3780]
  0x0000027248800800 ConcurrentGCThread "G1 Young RemSet Sampling" [stack: 0x000000f41b900000,0x000000f41ba00000] [id=13044]

Threads with active compile tasks:
C2 CompilerThread0 165731 14700       4       org.gradle.internal.service.DefaultServiceRegistry$OwnServices$ProviderAnalyser::analyseType (114 bytes)
C1 CompilerThread0 165731 15022       3       org.gradle.api.internal.provider.DefaultValueSourceProviderFactory$DefaultValueSourceSpec_Decorated::<init> (10 bytes)
C2 CompilerThread1 165731 14903       4       org.gradle.internal.serialize.kryo.StringDeduplicatingKryoBackedEncoder::writeString (20 bytes)
C2 CompilerThread2 165731 15012       4       org.gradle.internal.instantiation.generator.DependencyInjectingInstantiator::newInstance (8 bytes)

VM state:not at safepoint (normal execution)

VM Mutex/Monitor currently owned by a thread: None

Heap address: 0x0000000080000000, size: 2048 MB, Compressed Oops mode: 32-bit
Narrow klass base: 0x0000000000000000, Narrow klass shift: 3
Compressed class space size: 1073741824 Address: 0x0000000100000000

Heap:
 garbage-first heap   total 247808K, used 136527K [0x0000000080000000, 0x0000000100000000)
  region size 1024K, 15 young (15360K), 2 survivors (2048K)
 Metaspace       used 113122K, capacity 116146K, committed 117068K, reserved 1150976K
  class space    used 14563K, capacity 15725K, committed 16204K, reserved 1048576K
Heap Regions: E=young(eden), S=young(survivor), O=old, HS=humongous(starts), HC=humongous(continues), CS=collection set, F=free, A=archive, TAMS=top-at-mark-start (previous, next)
|   0|0x0000000080000000, 0x0000000080100000, 0x0000000080100000|100%| O|  |TAMS 0x0000000080100000, 0x0000000080000000| Untracked 
|   1|0x0000000080100000, 0x0000000080200000, 0x0000000080200000|100%| O|  |TAMS 0x0000000080200000, 0x0000000080100000| Untracked 
|   2|0x0000000080200000, 0x0000000080300000, 0x0000000080300000|100%| O|  |TAMS 0x0000000080300000, 0x0000000080200000| Untracked 
|   3|0x0000000080300000, 0x0000000080400000, 0x0000000080400000|100%|HS|  |TAMS 0x0000000080400000, 0x0000000080300000| Complete 
|   4|0x0000000080400000, 0x0000000080500000, 0x0000000080500000|100%|HC|  |TAMS 0x0000000080500000, 0x0000000080400000| Complete 
|   5|0x0000000080500000, 0x0000000080600000, 0x0000000080600000|100%|HC|  |TAMS 0x0000000080600000, 0x0000000080500000| Complete 
|   6|0x0000000080600000, 0x0000000080700000, 0x0000000080700000|100%| O|  |TAMS 0x0000000080700000, 0x0000000080600000| Untracked 
|   7|0x0000000080700000, 0x0000000080800000, 0x0000000080800000|100%| O|  |TAMS 0x0000000080800000, 0x0000000080700000| Untracked 
|   8|0x0000000080800000, 0x0000000080900000, 0x0000000080900000|100%| O|  |TAMS 0x0000000080900000, 0x0000000080800000| Untracked 
|   9|0x0000000080900000, 0x0000000080a00000, 0x0000000080a00000|100%| O|  |TAMS 0x0000000080a00000, 0x0000000080900000| Untracked 
|  10|0x0000000080a00000, 0x0000000080b00000, 0x0000000080b00000|100%| O|  |TAMS 0x0000000080b00000, 0x0000000080a00000| Untracked 
|  11|0x0000000080b00000, 0x0000000080c00000, 0x0000000080c00000|100%| O|  |TAMS 0x0000000080c00000, 0x0000000080b00000| Untracked 
|  12|0x0000000080c00000, 0x0000000080d00000, 0x0000000080d00000|100%| O|  |TAMS 0x0000000080d00000, 0x0000000080c00000| Untracked 
|  13|0x0000000080d00000, 0x0000000080e00000, 0x0000000080e00000|100%| O|  |TAMS 0x0000000080e00000, 0x0000000080d00000| Untracked 
|  14|0x0000000080e00000, 0x0000000080f00000, 0x0000000080f00000|100%| O|  |TAMS 0x0000000080f00000, 0x0000000080e00000| Untracked 
|  15|0x0000000080f00000, 0x0000000081000000, 0x0000000081000000|100%| O|  |TAMS 0x0000000081000000, 0x0000000080f00000| Untracked 
|  16|0x0000000081000000, 0x0000000081100000, 0x0000000081100000|100%|HS|  |TAMS 0x0000000081100000, 0x0000000081000000| Complete 
|  17|0x0000000081100000, 0x0000000081200000, 0x0000000081200000|100%| O|  |TAMS 0x0000000081200000, 0x0000000081100000| Untracked 
|  18|0x0000000081200000, 0x0000000081300000, 0x0000000081300000|100%| O|  |TAMS 0x0000000081300000, 0x0000000081200000| Untracked 
|  19|0x0000000081300000, 0x0000000081400000, 0x0000000081400000|100%| O|  |TAMS 0x0000000081400000, 0x0000000081300000| Untracked 
|  20|0x0000000081400000, 0x0000000081500000, 0x0000000081500000|100%| O|  |TAMS 0x0000000081500000, 0x0000000081400000| Untracked 
|  21|0x0000000081500000, 0x0000000081600000, 0x0000000081600000|100%| O|  |TAMS 0x0000000081600000, 0x0000000081500000| Untracked 
|  22|0x0000000081600000, 0x0000000081700000, 0x0000000081700000|100%| O|  |TAMS 0x0000000081700000, 0x0000000081600000| Untracked 
|  23|0x0000000081700000, 0x0000000081800000, 0x0000000081800000|100%| O|  |TAMS 0x0000000081800000, 0x0000000081700000| Untracked 
|  24|0x0000000081800000, 0x0000000081900000, 0x0000000081900000|100%| O|  |TAMS 0x0000000081900000, 0x0000000081800000| Untracked 
|  25|0x0000000081900000, 0x0000000081a00000, 0x0000000081a00000|100%| O|  |TAMS 0x0000000081a00000, 0x0000000081900000| Untracked 
|  26|0x0000000081a00000, 0x0000000081b00000, 0x0000000081b00000|100%| O|  |TAMS 0x0000000081b00000, 0x0000000081a00000| Untracked 
|  27|0x0000000081b00000, 0x0000000081c00000, 0x0000000081c00000|100%|HS|  |TAMS 0x0000000081c00000, 0x0000000081b00000| Complete 
|  28|0x0000000081c00000, 0x0000000081d00000, 0x0000000081d00000|100%|HS|  |TAMS 0x0000000081d00000, 0x0000000081c00000| Complete 
|  29|0x0000000081d00000, 0x0000000081e00000, 0x0000000081e00000|100%|HC|  |TAMS 0x0000000081e00000, 0x0000000081d00000| Complete 
|  30|0x0000000081e00000, 0x0000000081e00000, 0x0000000081f00000|  0%| F|  |TAMS 0x0000000081e00000, 0x0000000081e00000| Untracked 
|  31|0x0000000081f00000, 0x0000000082000000, 0x0000000082000000|100%| O|  |TAMS 0x0000000082000000, 0x0000000081f00000| Untracked 
|  32|0x0000000082000000, 0x0000000082100000, 0x0000000082100000|100%| O|  |TAMS 0x0000000082100000, 0x0000000082000000| Untracked 
|  33|0x0000000082100000, 0x0000000082200000, 0x0000000082200000|100%| O|  |TAMS 0x0000000082200000, 0x0000000082100000| Untracked 
|  34|0x0000000082200000, 0x0000000082300000, 0x0000000082300000|100%| O|  |TAMS 0x0000000082300000, 0x0000000082200000| Untracked 
|  35|0x0000000082300000, 0x0000000082400000, 0x0000000082400000|100%| O|  |TAMS 0x0000000082400000, 0x0000000082300000| Untracked 
|  36|0x0000000082400000, 0x0000000082500000, 0x0000000082500000|100%| O|  |TAMS 0x0000000082500000, 0x0000000082400000| Untracked 
|  37|0x0000000082500000, 0x0000000082600000, 0x0000000082600000|100%| O|  |TAMS 0x0000000082600000, 0x0000000082500000| Untracked 
|  38|0x0000000082600000, 0x0000000082700000, 0x0000000082700000|100%| O|  |TAMS 0x0000000082700000, 0x0000000082600000| Untracked 
|  39|0x0000000082700000, 0x0000000082800000, 0x0000000082800000|100%| O|  |TAMS 0x0000000082800000, 0x0000000082700000| Untracked 
|  40|0x0000000082800000, 0x0000000082900000, 0x0000000082900000|100%| O|  |TAMS 0x0000000082900000, 0x0000000082800000| Untracked 
|  41|0x0000000082900000, 0x0000000082a00000, 0x0000000082a00000|100%| O|  |TAMS 0x0000000082a00000, 0x0000000082900000| Untracked 
|  42|0x0000000082a00000, 0x0000000082b00000, 0x0000000082b00000|100%| O|  |TAMS 0x0000000082b00000, 0x0000000082a00000| Untracked 
|  43|0x0000000082b00000, 0x0000000082c00000, 0x0000000082c00000|100%| O|  |TAMS 0x0000000082c00000, 0x0000000082b00000| Untracked 
|  44|0x0000000082c00000, 0x0000000082d00000, 0x0000000082d00000|100%| O|  |TAMS 0x0000000082d00000, 0x0000000082c00000| Untracked 
|  45|0x0000000082d00000, 0x0000000082e00000, 0x0000000082e00000|100%| O|  |TAMS 0x0000000082e00000, 0x0000000082d00000| Untracked 
|  46|0x0000000082e00000, 0x0000000082f00000, 0x0000000082f00000|100%| O|  |TAMS 0x0000000082f00000, 0x0000000082e00000| Untracked 
|  47|0x0000000082f00000, 0x0000000083000000, 0x0000000083000000|100%| O|  |TAMS 0x0000000083000000, 0x0000000082f00000| Untracked 
|  48|0x0000000083000000, 0x0000000083100000, 0x0000000083100000|100%| O|  |TAMS 0x0000000083100000, 0x0000000083000000| Untracked 
|  49|0x0000000083100000, 0x0000000083200000, 0x0000000083200000|100%| O|  |TAMS 0x0000000083200000, 0x0000000083100000| Untracked 
|  50|0x0000000083200000, 0x0000000083200000, 0x0000000083300000|  0%| F|  |TAMS 0x0000000083200000, 0x0000000083200000| Untracked 
|  51|0x0000000083300000, 0x0000000083400000, 0x0000000083400000|100%| O|  |TAMS 0x0000000083400000, 0x0000000083300000| Untracked 
|  52|0x0000000083400000, 0x0000000083500000, 0x0000000083500000|100%| O|  |TAMS 0x0000000083500000, 0x0000000083400000| Untracked 
|  53|0x0000000083500000, 0x0000000083600000, 0x0000000083600000|100%| O|  |TAMS 0x0000000083600000, 0x0000000083500000| Untracked 
|  54|0x0000000083600000, 0x0000000083700000, 0x0000000083700000|100%| O|  |TAMS 0x0000000083700000, 0x0000000083600000| Untracked 
|  55|0x0000000083700000, 0x0000000083800000, 0x0000000083800000|100%| O|  |TAMS 0x0000000083800000, 0x0000000083700000| Untracked 
|  56|0x0000000083800000, 0x0000000083900000, 0x0000000083900000|100%| O|  |TAMS 0x0000000083900000, 0x0000000083800000| Untracked 
|  57|0x0000000083900000, 0x0000000083a00000, 0x0000000083a00000|100%| O|  |TAMS 0x0000000083a00000, 0x0000000083900000| Untracked 
|  58|0x0000000083a00000, 0x0000000083b00000, 0x0000000083b00000|100%| O|  |TAMS 0x0000000083b00000, 0x0000000083a00000| Untracked 
|  59|0x0000000083b00000, 0x0000000083c00000, 0x0000000083c00000|100%| O|  |TAMS 0x0000000083c00000, 0x0000000083b00000| Untracked 
|  60|0x0000000083c00000, 0x0000000083d00000, 0x0000000083d00000|100%| O|  |TAMS 0x0000000083d00000, 0x0000000083c00000| Untracked 
|  61|0x0000000083d00000, 0x0000000083e00000, 0x0000000083e00000|100%| O|  |TAMS 0x0000000083e00000, 0x0000000083d00000| Untracked 
|  62|0x0000000083e00000, 0x0000000083f00000, 0x0000000083f00000|100%| O|  |TAMS 0x0000000083f00000, 0x0000000083e00000| Untracked 
|  63|0x0000000083f00000, 0x0000000084000000, 0x0000000084000000|100%| O|  |TAMS 0x0000000084000000, 0x0000000083f00000| Untracked 
|  64|0x0000000084000000, 0x0000000084100000, 0x0000000084100000|100%| O|  |TAMS 0x0000000084100000, 0x0000000084000000| Untracked 
|  65|0x0000000084100000, 0x0000000084200000, 0x0000000084200000|100%| O|  |TAMS 0x0000000084200000, 0x0000000084100000| Untracked 
|  66|0x0000000084200000, 0x0000000084300000, 0x0000000084300000|100%| O|  |TAMS 0x0000000084300000, 0x0000000084200000| Untracked 
|  67|0x0000000084300000, 0x0000000084400000, 0x0000000084400000|100%| O|  |TAMS 0x0000000084400000, 0x0000000084300000| Untracked 
|  68|0x0000000084400000, 0x0000000084500000, 0x0000000084500000|100%| O|  |TAMS 0x0000000084500000, 0x0000000084400000| Untracked 
|  69|0x0000000084500000, 0x0000000084600000, 0x0000000084600000|100%| O|  |TAMS 0x0000000084600000, 0x0000000084500000| Untracked 
|  70|0x0000000084600000, 0x0000000084700000, 0x0000000084700000|100%| O|  |TAMS 0x0000000084700000, 0x0000000084600000| Untracked 
|  71|0x0000000084700000, 0x0000000084800000, 0x0000000084800000|100%| O|  |TAMS 0x0000000084800000, 0x0000000084700000| Untracked 
|  72|0x0000000084800000, 0x0000000084900000, 0x0000000084900000|100%| O|  |TAMS 0x0000000084800000, 0x0000000084800000| Untracked 
|  73|0x0000000084900000, 0x0000000084a00000, 0x0000000084a00000|100%| O|  |TAMS 0x0000000084a00000, 0x0000000084900000| Untracked 
|  74|0x0000000084a00000, 0x0000000084b00000, 0x0000000084b00000|100%| O|  |TAMS 0x0000000084b00000, 0x0000000084a00000| Untracked 
|  75|0x0000000084b00000, 0x0000000084c00000, 0x0000000084c00000|100%| O|  |TAMS 0x0000000084c00000, 0x0000000084b00000| Untracked 
|  76|0x0000000084c00000, 0x0000000084d00000, 0x0000000084d00000|100%| O|  |TAMS 0x0000000084c00000, 0x0000000084c00000| Untracked 
|  77|0x0000000084d00000, 0x0000000084e00000, 0x0000000084e00000|100%| O|  |TAMS 0x0000000084d00000, 0x0000000084d00000| Untracked 
|  78|0x0000000084e00000, 0x0000000084f00000, 0x0000000084f00000|100%| O|  |TAMS 0x0000000084e00000, 0x0000000084e00000| Untracked 
|  79|0x0000000084f00000, 0x0000000085000000, 0x0000000085000000|100%| O|  |TAMS 0x0000000085000000, 0x0000000084f00000| Untracked 
|  80|0x0000000085000000, 0x0000000085100000, 0x0000000085100000|100%| O|  |TAMS 0x0000000085000000, 0x0000000085000000| Untracked 
|  81|0x0000000085100000, 0x0000000085200000, 0x0000000085200000|100%| O|  |TAMS 0x0000000085100000, 0x0000000085100000| Untracked 
|  82|0x0000000085200000, 0x0000000085300000, 0x0000000085300000|100%| O|  |TAMS 0x0000000085200000, 0x0000000085200000| Untracked 
|  83|0x0000000085300000, 0x000000008531b200, 0x0000000085400000| 10%| O|  |TAMS 0x0000000085300000, 0x0000000085300000| Untracked 
|  84|0x0000000085400000, 0x0000000085400000, 0x0000000085500000|  0%| F|  |TAMS 0x0000000085400000, 0x0000000085400000| Untracked 
|  85|0x0000000085500000, 0x0000000085600000, 0x0000000085600000|100%| O|  |TAMS 0x0000000085600000, 0x0000000085500000| Untracked 
|  86|0x0000000085600000, 0x0000000085700000, 0x0000000085700000|100%| O|  |TAMS 0x0000000085700000, 0x0000000085600000| Untracked 
|  87|0x0000000085700000, 0x0000000085800000, 0x0000000085800000|100%| O|  |TAMS 0x0000000085800000, 0x0000000085700000| Untracked 
|  88|0x0000000085800000, 0x0000000085900000, 0x0000000085900000|100%| O|  |TAMS 0x0000000085900000, 0x0000000085800000| Untracked 
|  89|0x0000000085900000, 0x0000000085a00000, 0x0000000085a00000|100%| O|  |TAMS 0x0000000085a00000, 0x0000000085900000| Untracked 
|  90|0x0000000085a00000, 0x0000000085b00000, 0x0000000085b00000|100%| O|  |TAMS 0x0000000085b00000, 0x0000000085a00000| Untracked 
|  91|0x0000000085b00000, 0x0000000085c00000, 0x0000000085c00000|100%| O|  |TAMS 0x0000000085c00000, 0x0000000085b00000| Untracked 
|  92|0x0000000085c00000, 0x0000000085d00000, 0x0000000085d00000|100%| O|  |TAMS 0x0000000085d00000, 0x0000000085c00000| Untracked 
|  93|0x0000000085d00000, 0x0000000085d00000, 0x0000000085e00000|  0%| F|  |TAMS 0x0000000085d00000, 0x0000000085d00000| Untracked 
|  94|0x0000000085e00000, 0x0000000085e00000, 0x0000000085f00000|  0%| F|  |TAMS 0x0000000085e00000, 0x0000000085e00000| Untracked 
|  95|0x0000000085f00000, 0x0000000086000000, 0x0000000086000000|100%| O|  |TAMS 0x0000000086000000, 0x0000000085f00000| Untracked 
|  96|0x0000000086000000, 0x0000000086100000, 0x0000000086100000|100%| O|  |TAMS 0x0000000086100000, 0x0000000086000000| Untracked 
|  97|0x0000000086100000, 0x0000000086200000, 0x0000000086200000|100%| O|  |TAMS 0x0000000086200000, 0x0000000086100000| Untracked 
|  98|0x0000000086200000, 0x0000000086300000, 0x0000000086300000|100%| O|  |TAMS 0x0000000086300000, 0x0000000086200000| Untracked 
|  99|0x0000000086300000, 0x0000000086400000, 0x0000000086400000|100%| O|  |TAMS 0x0000000086400000, 0x0000000086300000| Untracked 
| 100|0x0000000086400000, 0x0000000086500000, 0x0000000086500000|100%| O|  |TAMS 0x0000000086500000, 0x0000000086400000| Untracked 
| 101|0x0000000086500000, 0x0000000086600000, 0x0000000086600000|100%| O|  |TAMS 0x0000000086600000, 0x0000000086500000| Untracked 
| 102|0x0000000086600000, 0x0000000086600000, 0x0000000086700000|  0%| F|  |TAMS 0x0000000086600000, 0x0000000086600000| Untracked 
| 103|0x0000000086700000, 0x0000000086800000, 0x0000000086800000|100%| O|  |TAMS 0x0000000086800000, 0x0000000086700000| Untracked 
| 104|0x0000000086800000, 0x0000000086900000, 0x0000000086900000|100%| O|  |TAMS 0x0000000086900000, 0x0000000086800000| Untracked 
| 105|0x0000000086900000, 0x0000000086a00000, 0x0000000086a00000|100%| O|  |TAMS 0x0000000086a00000, 0x0000000086900000| Untracked 
| 106|0x0000000086a00000, 0x0000000086b00000, 0x0000000086b00000|100%| O|  |TAMS 0x0000000086b00000, 0x0000000086a00000| Untracked 
| 107|0x0000000086b00000, 0x0000000086c00000, 0x0000000086c00000|100%| O|  |TAMS 0x0000000086c00000, 0x0000000086b00000| Untracked 
| 108|0x0000000086c00000, 0x0000000086d00000, 0x0000000086d00000|100%| O|  |TAMS 0x0000000086d00000, 0x0000000086c00000| Untracked 
| 109|0x0000000086d00000, 0x0000000086d00000, 0x0000000086e00000|  0%| F|  |TAMS 0x0000000086d00000, 0x0000000086d00000| Untracked 
| 110|0x0000000086e00000, 0x0000000086f00000, 0x0000000086f00000|100%| O|  |TAMS 0x0000000086f00000, 0x0000000086e00000| Untracked 
| 111|0x0000000086f00000, 0x0000000087000000, 0x0000000087000000|100%| O|  |TAMS 0x0000000087000000, 0x0000000086f00000| Untracked 
| 112|0x0000000087000000, 0x0000000087100000, 0x0000000087100000|100%| O|  |TAMS 0x0000000087100000, 0x0000000087000000| Untracked 
| 113|0x0000000087100000, 0x0000000087200000, 0x0000000087200000|100%| O|  |TAMS 0x0000000087200000, 0x0000000087100000| Untracked 
| 114|0x0000000087200000, 0x0000000087300000, 0x0000000087300000|100%| O|  |TAMS 0x0000000087300000, 0x0000000087200000| Untracked 
| 115|0x0000000087300000, 0x0000000087400000, 0x0000000087400000|100%| O|  |TAMS 0x0000000087400000, 0x0000000087300000| Untracked 
| 116|0x0000000087400000, 0x0000000087400000, 0x0000000087500000|  0%| F|  |TAMS 0x0000000087400000, 0x0000000087400000| Untracked 
| 117|0x0000000087500000, 0x0000000087600000, 0x0000000087600000|100%| O|  |TAMS 0x0000000087600000, 0x0000000087500000| Untracked 
| 118|0x0000000087600000, 0x0000000087700000, 0x0000000087700000|100%| O|  |TAMS 0x0000000087700000, 0x0000000087600000| Untracked 
| 119|0x0000000087700000, 0x0000000087800000, 0x0000000087800000|100%| O|  |TAMS 0x0000000087800000, 0x0000000087700000| Untracked 
| 120|0x0000000087800000, 0x0000000087900000, 0x0000000087900000|100%| O|  |TAMS 0x0000000087900000, 0x0000000087800000| Untracked 
| 121|0x0000000087900000, 0x0000000087900000, 0x0000000087a00000|  0%| F|  |TAMS 0x0000000087900000, 0x0000000087900000| Untracked 
| 122|0x0000000087a00000, 0x0000000087b00000, 0x0000000087b00000|100%| O|  |TAMS 0x0000000087b00000, 0x0000000087a00000| Untracked 
| 123|0x0000000087b00000, 0x0000000087c00000, 0x0000000087c00000|100%| O|  |TAMS 0x0000000087c00000, 0x0000000087b00000| Untracked 
| 124|0x0000000087c00000, 0x0000000087d00000, 0x0000000087d00000|100%| O|  |TAMS 0x0000000087d00000, 0x0000000087c00000| Untracked 
| 125|0x0000000087d00000, 0x0000000087e00000, 0x0000000087e00000|100%| O|  |TAMS 0x0000000087e00000, 0x0000000087d00000| Untracked 
| 126|0x0000000087e00000, 0x0000000087e00000, 0x0000000087f00000|  0%| F|  |TAMS 0x0000000087e00000, 0x0000000087e00000| Untracked 
| 127|0x0000000087f00000, 0x0000000087f00000, 0x0000000088000000|  0%| F|  |TAMS 0x0000000087f00000, 0x0000000087f00000| Untracked 
| 128|0x0000000088000000, 0x0000000088000000, 0x0000000088100000|  0%| F|  |TAMS 0x0000000088000000, 0x0000000088000000| Untracked 
| 129|0x0000000088100000, 0x0000000088100000, 0x0000000088200000|  0%| F|  |TAMS 0x0000000088100000, 0x0000000088100000| Untracked 
| 130|0x0000000088200000, 0x0000000088200000, 0x0000000088300000|  0%| F|  |TAMS 0x0000000088200000, 0x0000000088200000| Untracked 
| 131|0x0000000088300000, 0x0000000088300000, 0x0000000088400000|  0%| F|  |TAMS 0x0000000088300000, 0x0000000088300000| Untracked 
| 132|0x0000000088400000, 0x0000000088400000, 0x0000000088500000|  0%| F|  |TAMS 0x0000000088400000, 0x0000000088400000| Untracked 
| 133|0x0000000088500000, 0x0000000088500000, 0x0000000088600000|  0%| F|  |TAMS 0x0000000088500000, 0x0000000088500000| Untracked 
| 134|0x0000000088600000, 0x0000000088700000, 0x0000000088700000|100%| O|  |TAMS 0x0000000088700000, 0x0000000088600000| Untracked 
| 135|0x0000000088700000, 0x0000000088700000, 0x0000000088800000|  0%| F|  |TAMS 0x0000000088700000, 0x0000000088700000| Untracked 
| 136|0x0000000088800000, 0x0000000088800000, 0x0000000088900000|  0%| F|  |TAMS 0x0000000088800000, 0x0000000088800000| Untracked 
| 137|0x0000000088900000, 0x0000000088900000, 0x0000000088a00000|  0%| F|  |TAMS 0x0000000088900000, 0x0000000088900000| Untracked 
| 138|0x0000000088a00000, 0x0000000088a00000, 0x0000000088b00000|  0%| F|  |TAMS 0x0000000088a00000, 0x0000000088a00000| Untracked 
| 139|0x0000000088b00000, 0x0000000088b00000, 0x0000000088c00000|  0%| F|  |TAMS 0x0000000088b00000, 0x0000000088b00000| Untracked 
| 140|0x0000000088c00000, 0x0000000088c00000, 0x0000000088d00000|  0%| F|  |TAMS 0x0000000088c00000, 0x0000000088c00000| Untracked 
| 141|0x0000000088d00000, 0x0000000088d00000, 0x0000000088e00000|  0%| F|  |TAMS 0x0000000088d00000, 0x0000000088d00000| Untracked 
| 142|0x0000000088e00000, 0x0000000088f00000, 0x0000000088f00000|100%| O|  |TAMS 0x0000000088ea1a00, 0x0000000088e00000| Untracked 
| 143|0x0000000088f00000, 0x0000000088f00000, 0x0000000089000000|  0%| F|  |TAMS 0x0000000088f00000, 0x0000000088f00000| Untracked 
| 144|0x0000000089000000, 0x0000000089000000, 0x0000000089100000|  0%| F|  |TAMS 0x0000000089000000, 0x0000000089000000| Untracked 
| 145|0x0000000089100000, 0x0000000089100000, 0x0000000089200000|  0%| F|  |TAMS 0x0000000089100000, 0x0000000089100000| Untracked 
| 146|0x0000000089200000, 0x0000000089200000, 0x0000000089300000|  0%| F|  |TAMS 0x0000000089200000, 0x0000000089200000| Untracked 
| 147|0x0000000089300000, 0x0000000089300000, 0x0000000089400000|  0%| F|  |TAMS 0x0000000089300000, 0x0000000089300000| Untracked 
| 148|0x0000000089400000, 0x0000000089500000, 0x0000000089500000|100%| O|  |TAMS 0x0000000089500000, 0x0000000089400000| Untracked 
| 149|0x0000000089500000, 0x0000000089500000, 0x0000000089600000|  0%| F|  |TAMS 0x0000000089500000, 0x0000000089500000| Untracked 
| 150|0x0000000089600000, 0x0000000089600000, 0x0000000089700000|  0%| F|  |TAMS 0x0000000089600000, 0x0000000089600000| Untracked 
| 151|0x0000000089700000, 0x0000000089800000, 0x0000000089800000|100%| O|  |TAMS 0x0000000089800000, 0x0000000089700000| Untracked 
| 152|0x0000000089800000, 0x0000000089900000, 0x0000000089900000|100%| O|  |TAMS 0x0000000089900000, 0x0000000089800000| Untracked 
| 153|0x0000000089900000, 0x0000000089900000, 0x0000000089a00000|  0%| F|  |TAMS 0x0000000089900000, 0x0000000089900000| Untracked 
| 154|0x0000000089a00000, 0x0000000089a00000, 0x0000000089b00000|  0%| F|  |TAMS 0x0000000089a00000, 0x0000000089a00000| Untracked 
| 155|0x0000000089b00000, 0x0000000089b00000, 0x0000000089c00000|  0%| F|  |TAMS 0x0000000089b00000, 0x0000000089b00000| Untracked 
| 156|0x0000000089c00000, 0x0000000089c00000, 0x0000000089d00000|  0%| F|  |TAMS 0x0000000089c00000, 0x0000000089c00000| Untracked 
| 157|0x0000000089d00000, 0x0000000089d00000, 0x0000000089e00000|  0%| F|  |TAMS 0x0000000089d00000, 0x0000000089d00000| Untracked 
| 158|0x0000000089e00000, 0x0000000089e00000, 0x0000000089f00000|  0%| F|  |TAMS 0x0000000089e00000, 0x0000000089e00000| Untracked 
| 159|0x0000000089f00000, 0x0000000089f00000, 0x000000008a000000|  0%| F|  |TAMS 0x0000000089f00000, 0x0000000089f00000| Untracked 
| 160|0x000000008a000000, 0x000000008a000000, 0x000000008a100000|  0%| F|  |TAMS 0x000000008a000000, 0x000000008a000000| Untracked 
| 161|0x000000008a100000, 0x000000008a100000, 0x000000008a200000|  0%| F|  |TAMS 0x000000008a100000, 0x000000008a100000| Untracked 
| 162|0x000000008a200000, 0x000000008a200000, 0x000000008a300000|  0%| F|  |TAMS 0x000000008a200000, 0x000000008a200000| Untracked 
| 163|0x000000008a300000, 0x000000008a300000, 0x000000008a400000|  0%| F|  |TAMS 0x000000008a300000, 0x000000008a300000| Untracked 
| 164|0x000000008a400000, 0x000000008a400000, 0x000000008a500000|  0%| F|  |TAMS 0x000000008a400000, 0x000000008a400000| Untracked 
| 165|0x000000008a500000, 0x000000008a500000, 0x000000008a600000|  0%| F|  |TAMS 0x000000008a500000, 0x000000008a500000| Untracked 
| 166|0x000000008a600000, 0x000000008a600000, 0x000000008a700000|  0%| F|  |TAMS 0x000000008a600000, 0x000000008a600000| Untracked 
| 167|0x000000008a700000, 0x000000008a700000, 0x000000008a800000|  0%| F|  |TAMS 0x000000008a700000, 0x000000008a700000| Untracked 
| 168|0x000000008a800000, 0x000000008a800000, 0x000000008a900000|  0%| F|  |TAMS 0x000000008a800000, 0x000000008a800000| Untracked 
| 169|0x000000008a900000, 0x000000008a900000, 0x000000008aa00000|  0%| F|  |TAMS 0x000000008a900000, 0x000000008a900000| Untracked 
| 170|0x000000008aa00000, 0x000000008aa00000, 0x000000008ab00000|  0%| F|  |TAMS 0x000000008aa00000, 0x000000008aa00000| Untracked 
| 171|0x000000008ab00000, 0x000000008ab00000, 0x000000008ac00000|  0%| F|  |TAMS 0x000000008ab00000, 0x000000008ab00000| Untracked 
| 172|0x000000008ac00000, 0x000000008ac00000, 0x000000008ad00000|  0%| F|  |TAMS 0x000000008ac00000, 0x000000008ac00000| Untracked 
| 173|0x000000008ad00000, 0x000000008ad00000, 0x000000008ae00000|  0%| F|  |TAMS 0x000000008ad00000, 0x000000008ad00000| Untracked 
| 174|0x000000008ae00000, 0x000000008ae00000, 0x000000008af00000|  0%| F|  |TAMS 0x000000008ae00000, 0x000000008ae00000| Untracked 
| 175|0x000000008af00000, 0x000000008af00000, 0x000000008b000000|  0%| F|  |TAMS 0x000000008af00000, 0x000000008af00000| Untracked 
| 176|0x000000008b000000, 0x000000008b000000, 0x000000008b100000|  0%| F|  |TAMS 0x000000008b000000, 0x000000008b000000| Untracked 
| 177|0x000000008b100000, 0x000000008b100000, 0x000000008b200000|  0%| F|  |TAMS 0x000000008b100000, 0x000000008b100000| Untracked 
| 178|0x000000008b200000, 0x000000008b200000, 0x000000008b300000|  0%| F|  |TAMS 0x000000008b200000, 0x000000008b200000| Untracked 
| 179|0x000000008b300000, 0x000000008b300000, 0x000000008b400000|  0%| F|  |TAMS 0x000000008b300000, 0x000000008b300000| Untracked 
| 180|0x000000008b400000, 0x000000008b400000, 0x000000008b500000|  0%| F|  |TAMS 0x000000008b400000, 0x000000008b400000| Untracked 
| 181|0x000000008b500000, 0x000000008b500000, 0x000000008b600000|  0%| F|  |TAMS 0x000000008b500000, 0x000000008b500000| Untracked 
| 182|0x000000008b600000, 0x000000008b600000, 0x000000008b700000|  0%| F|  |TAMS 0x000000008b600000, 0x000000008b600000| Untracked 
| 183|0x000000008b700000, 0x000000008b700000, 0x000000008b800000|  0%| F|  |TAMS 0x000000008b700000, 0x000000008b700000| Untracked 
| 184|0x000000008b800000, 0x000000008b800000, 0x000000008b900000|  0%| F|  |TAMS 0x000000008b800000, 0x000000008b800000| Untracked 
| 185|0x000000008b900000, 0x000000008b900000, 0x000000008ba00000|  0%| F|  |TAMS 0x000000008b900000, 0x000000008b900000| Untracked 
| 186|0x000000008ba00000, 0x000000008ba00000, 0x000000008bb00000|  0%| F|  |TAMS 0x000000008ba00000, 0x000000008ba00000| Untracked 
| 187|0x000000008bb00000, 0x000000008bb00000, 0x000000008bc00000|  0%| F|  |TAMS 0x000000008bb00000, 0x000000008bb00000| Untracked 
| 188|0x000000008bc00000, 0x000000008bc00000, 0x000000008bd00000|  0%| F|  |TAMS 0x000000008bc00000, 0x000000008bc00000| Untracked 
| 189|0x000000008bd00000, 0x000000008bd00000, 0x000000008be00000|  0%| F|  |TAMS 0x000000008bd00000, 0x000000008bd00000| Untracked 
| 190|0x000000008be00000, 0x000000008be00000, 0x000000008bf00000|  0%| F|  |TAMS 0x000000008be00000, 0x000000008be00000| Untracked 
| 191|0x000000008bf00000, 0x000000008bf00000, 0x000000008c000000|  0%| F|  |TAMS 0x000000008bf00000, 0x000000008bf00000| Untracked 
| 192|0x000000008c000000, 0x000000008c000000, 0x000000008c100000|  0%| F|  |TAMS 0x000000008c000000, 0x000000008c000000| Untracked 
| 193|0x000000008c100000, 0x000000008c100000, 0x000000008c200000|  0%| F|  |TAMS 0x000000008c100000, 0x000000008c100000| Untracked 
| 194|0x000000008c200000, 0x000000008c200000, 0x000000008c300000|  0%| F|  |TAMS 0x000000008c200000, 0x000000008c200000| Untracked 
| 195|0x000000008c300000, 0x000000008c300000, 0x000000008c400000|  0%| F|  |TAMS 0x000000008c300000, 0x000000008c300000| Untracked 
| 196|0x000000008c400000, 0x000000008c400000, 0x000000008c500000|  0%| F|  |TAMS 0x000000008c400000, 0x000000008c400000| Untracked 
| 197|0x000000008c500000, 0x000000008c500000, 0x000000008c600000|  0%| F|  |TAMS 0x000000008c500000, 0x000000008c500000| Untracked 
| 198|0x000000008c600000, 0x000000008c600000, 0x000000008c700000|  0%| F|  |TAMS 0x000000008c600000, 0x000000008c600000| Untracked 
| 199|0x000000008c700000, 0x000000008c700000, 0x000000008c800000|  0%| F|  |TAMS 0x000000008c700000, 0x000000008c700000| Untracked 
| 200|0x000000008c800000, 0x000000008c800000, 0x000000008c900000|  0%| F|  |TAMS 0x000000008c800000, 0x000000008c800000| Untracked 
| 201|0x000000008c900000, 0x000000008c900000, 0x000000008ca00000|  0%| F|  |TAMS 0x000000008c900000, 0x000000008c900000| Untracked 
| 202|0x000000008ca00000, 0x000000008ca00000, 0x000000008cb00000|  0%| F|  |TAMS 0x000000008ca00000, 0x000000008ca00000| Untracked 
| 203|0x000000008cb00000, 0x000000008cb00000, 0x000000008cc00000|  0%| F|  |TAMS 0x000000008cb00000, 0x000000008cb00000| Untracked 
| 204|0x000000008cc00000, 0x000000008cc00000, 0x000000008cd00000|  0%| F|  |TAMS 0x000000008cc00000, 0x000000008cc00000| Untracked 
| 205|0x000000008cd00000, 0x000000008cd00000, 0x000000008ce00000|  0%| F|  |TAMS 0x000000008cd00000, 0x000000008cd00000| Untracked 
| 206|0x000000008ce00000, 0x000000008ce00000, 0x000000008cf00000|  0%| F|  |TAMS 0x000000008ce00000, 0x000000008ce00000| Untracked 
| 207|0x000000008cf00000, 0x000000008cf00000, 0x000000008d000000|  0%| F|  |TAMS 0x000000008cf00000, 0x000000008cf00000| Untracked 
| 208|0x000000008d000000, 0x000000008d000000, 0x000000008d100000|  0%| F|  |TAMS 0x000000008d000000, 0x000000008d000000| Untracked 
| 209|0x000000008d100000, 0x000000008d100000, 0x000000008d200000|  0%| F|  |TAMS 0x000000008d100000, 0x000000008d100000| Untracked 
| 210|0x000000008d200000, 0x000000008d200000, 0x000000008d300000|  0%| F|  |TAMS 0x000000008d200000, 0x000000008d200000| Untracked 
| 211|0x000000008d300000, 0x000000008d300000, 0x000000008d400000|  0%| F|  |TAMS 0x000000008d300000, 0x000000008d300000| Untracked 
| 212|0x000000008d400000, 0x000000008d400000, 0x000000008d500000|  0%| F|  |TAMS 0x000000008d400000, 0x000000008d400000| Untracked 
| 213|0x000000008d500000, 0x000000008d500000, 0x000000008d600000|  0%| F|  |TAMS 0x000000008d500000, 0x000000008d500000| Untracked 
| 214|0x000000008d600000, 0x000000008d600000, 0x000000008d700000|  0%| F|  |TAMS 0x000000008d600000, 0x000000008d600000| Untracked 
| 215|0x000000008d700000, 0x000000008d700000, 0x000000008d800000|  0%| F|  |TAMS 0x000000008d700000, 0x000000008d700000| Untracked 
| 216|0x000000008d800000, 0x000000008d800000, 0x000000008d900000|  0%| F|  |TAMS 0x000000008d800000, 0x000000008d800000| Untracked 
| 217|0x000000008d900000, 0x000000008d900000, 0x000000008da00000|  0%| F|  |TAMS 0x000000008d900000, 0x000000008d900000| Untracked 
| 218|0x000000008da00000, 0x000000008da00000, 0x000000008db00000|  0%| F|  |TAMS 0x000000008da00000, 0x000000008da00000| Untracked 
| 219|0x000000008db00000, 0x000000008db00000, 0x000000008dc00000|  0%| F|  |TAMS 0x000000008db00000, 0x000000008db00000| Untracked 
| 220|0x000000008dc00000, 0x000000008dc00000, 0x000000008dd00000|  0%| F|  |TAMS 0x000000008dc00000, 0x000000008dc00000| Untracked 
| 221|0x000000008dd00000, 0x000000008dd00000, 0x000000008de00000|  0%| F|  |TAMS 0x000000008dd00000, 0x000000008dd00000| Untracked 
| 222|0x000000008de00000, 0x000000008de00000, 0x000000008df00000|  0%| F|  |TAMS 0x000000008de00000, 0x000000008de00000| Untracked 
| 223|0x000000008df00000, 0x000000008df00000, 0x000000008e000000|  0%| F|  |TAMS 0x000000008df00000, 0x000000008df00000| Untracked 
| 224|0x000000008e000000, 0x000000008e000000, 0x000000008e100000|  0%| F|  |TAMS 0x000000008e000000, 0x000000008e000000| Untracked 
| 225|0x000000008e100000, 0x000000008e100000, 0x000000008e200000|  0%| F|  |TAMS 0x000000008e100000, 0x000000008e100000| Untracked 
| 226|0x000000008e200000, 0x000000008e277bc0, 0x000000008e300000| 46%| E|  |TAMS 0x000000008e200000, 0x000000008e200000| Complete 
| 227|0x000000008e300000, 0x000000008e400000, 0x000000008e400000|100%| E|CS|TAMS 0x000000008e300000, 0x000000008e300000| Complete 
| 228|0x000000008e400000, 0x000000008e500000, 0x000000008e500000|100%| E|CS|TAMS 0x000000008e400000, 0x000000008e400000| Complete 
| 229|0x000000008e500000, 0x000000008e600000, 0x000000008e600000|100%| E|  |TAMS 0x000000008e500000, 0x000000008e500000| Complete 
| 230|0x000000008e600000, 0x000000008e700000, 0x000000008e700000|100%| E|CS|TAMS 0x000000008e600000, 0x000000008e600000| Complete 
| 231|0x000000008e700000, 0x000000008e800000, 0x000000008e800000|100%| E|CS|TAMS 0x000000008e700000, 0x000000008e700000| Complete 
| 232|0x000000008e800000, 0x000000008e838dd8, 0x000000008e900000| 22%| S|CS|TAMS 0x000000008e800000, 0x000000008e800000| Complete 
| 233|0x000000008e900000, 0x000000008ea00000, 0x000000008ea00000|100%| S|CS|TAMS 0x000000008e900000, 0x000000008e900000| Complete 
| 234|0x000000008ea00000, 0x000000008eb00000, 0x000000008eb00000|100%| E|CS|TAMS 0x000000008ea00000, 0x000000008ea00000| Complete 
| 235|0x000000008eb00000, 0x000000008ec00000, 0x000000008ec00000|100%| E|CS|TAMS 0x000000008eb00000, 0x000000008eb00000| Complete 
| 236|0x000000008ec00000, 0x000000008ed00000, 0x000000008ed00000|100%| E|CS|TAMS 0x000000008ec00000, 0x000000008ec00000| Complete 
| 237|0x000000008ed00000, 0x000000008ee00000, 0x000000008ee00000|100%| E|CS|TAMS 0x000000008ed00000, 0x000000008ed00000| Complete 
| 238|0x000000008ee00000, 0x000000008ef00000, 0x000000008ef00000|100%| E|CS|TAMS 0x000000008ee00000, 0x000000008ee00000| Complete 
| 239|0x000000008ef00000, 0x000000008f000000, 0x000000008f000000|100%| E|CS|TAMS 0x000000008ef00000, 0x000000008ef00000| Complete 
| 240|0x000000008f000000, 0x000000008f100000, 0x000000008f100000|100%| E|CS|TAMS 0x000000008f000000, 0x000000008f000000| Complete 
| 241|0x000000008f100000, 0x000000008f200000, 0x000000008f200000|100%| E|CS|TAMS 0x000000008f100000, 0x000000008f100000| Complete 

Card table byte_map: [0x00000272416d0000,0x0000027241ad0000] _byte_map_base: 0x00000272412d0000

Marking Bits (Prev, Next): (CMBitMap*) 0x000002722dd9edb8, (CMBitMap*) 0x000002722dd9edf0
 Prev Bits: [0x0000027241ed0000, 0x0000027243ed0000)
 Next Bits: [0x0000027243ed0000, 0x0000027245ed0000)

Polling page: 0x000002722c440000

Metaspace:

Usage:
  Non-class:     98.13 MB capacity,    96.26 MB ( 98%) used,     1.52 MB (  2%) free+waste,   363.00 KB ( <1%) overhead. 
      Class:     15.36 MB capacity,    14.22 MB ( 93%) used,   998.51 KB (  6%) free+waste,   163.44 KB (  1%) overhead. 
       Both:    113.49 MB capacity,   110.48 MB ( 97%) used,     2.49 MB (  2%) free+waste,   526.44 KB ( <1%) overhead. 

Virtual space:
  Non-class space:      106.00 MB reserved,      98.75 MB ( 93%) committed 
      Class space:        1.00 GB reserved,      15.82 MB (  2%) committed 
             Both:        1.10 GB reserved,     114.57 MB ( 10%) committed 

Chunk freelists:
   Non-Class:  443.00 KB
       Class:  403.00 KB
        Both:  846.00 KB

MaxMetaspaceSize: 17179869184.00 GB
CompressedClassSpaceSize: 1.00 GB

CodeHeap 'non-profiled nmethods': size=120000Kb used=9391Kb max_used=9391Kb free=110608Kb
 bounds [0x0000027239320000, 0x0000027239c50000, 0x0000027240850000]
CodeHeap 'profiled nmethods': size=120000Kb used=31445Kb max_used=31445Kb free=88554Kb
 bounds [0x0000027231df0000, 0x0000027233cb0000, 0x0000027239320000]
CodeHeap 'non-nmethods': size=5760Kb used=2334Kb max_used=2379Kb free=3425Kb
 bounds [0x0000027231850000, 0x0000027231ac0000, 0x0000027231df0000]
 total_blobs=15784 nmethods=14833 adapters=860
 compilation: enabled
              stopped_count=0, restarted_count=0
 full_count=0

Compilation events (20 events):
Event: 165.667 Thread 0x00000272489de000 14921       3       org.gradle.api.internal.artifacts.ivyservice.resolveengine.artifact.ArtifactBackedResolvedVariant$SingleArtifactSet::startFinalization (51 bytes)
Event: 165.667 Thread 0x00000272489de000 nmethod 14921 0x0000027233c59c90 code [0x0000027233c59ec0, 0x0000027233c5a558]
Event: 165.667 Thread 0x00000272489de000 14923       2       java.lang.String::split (324 bytes)
Event: 165.670 Thread 0x00000272489de000 nmethod 14923 0x0000027233c5a810 code [0x0000027233c5aba0, 0x0000027233c5c0d8]
Event: 165.670 Thread 0x00000272489de000 14922       3       org.gradle.api.internal.artifacts.DefaultResolvableArtifact::isResolveSynchronously (27 bytes)
Event: 165.671 Thread 0x00000272489de000 nmethod 14922 0x0000027233c5ce90 code [0x0000027233c5d060, 0x0000027233c5d488]
Event: 165.671 Thread 0x00000272489de000 14925       3       org.gradle.internal.resolve.result.DefaultBuildableTypedResolveResult::<init> (5 bytes)
Event: 165.671 Thread 0x00000272489de000 nmethod 14925 0x0000027233c5d610 code [0x0000027233c5d840, 0x0000027233c5de88]
Event: 165.671 Thread 0x00000272489de000 14924       3       org.gradle.internal.component.external.model.DefaultModuleComponentIdentifier::toString (5 bytes)
Event: 165.671 Thread 0x00000272489de000 nmethod 14924 0x0000027233c5e110 code [0x0000027233c5e2c0, 0x0000027233c5e468]
Event: 165.671 Thread 0x00000272489de000 14926       3       org.gradle.internal.resolve.result.DefaultBuildableTypedResolveResult::resolved (11 bytes)
Event: 165.671 Thread 0x00000272489de000 nmethod 14926 0x0000027233c5e510 code [0x0000027233c5e6c0, 0x0000027233c5e838]
Event: 165.671 Thread 0x00000272489de000 14927       3       org.gradle.internal.resolve.result.DefaultBuildableTypedResolveResult::getResult (21 bytes)
Event: 165.672 Thread 0x00000272489de000 nmethod 14927 0x0000027233c5e910 code [0x0000027233c5eb00, 0x0000027233c5efa8]
Event: 165.672 Thread 0x00000272489de000 14929       3       org.gradle.tooling.internal.provider.runner.SubtreeFilteringBuildOperationListener::started (118 bytes)
Event: 165.673 Thread 0x00000272489de000 nmethod 14929 0x0000027233c5f110 code [0x0000027233c5f3c0, 0x0000027233c60088]
Event: 165.673 Thread 0x00000272489de000 14930       3       org.gradle.api.internal.artifacts.ivyservice.modulecache.artifacts.DefaultCachedArtifact::isMissing (13 bytes)
Event: 165.673 Thread 0x00000272489de000 nmethod 14930 0x0000027233c60410 code [0x0000027233c605c0, 0x0000027233c60718]
Event: 165.674 Thread 0x00000272489de000 14931       3       org.gradle.internal.resource.cached.AbstractCachedIndex::assertKeyNotNull (15 bytes)
Event: 165.674 Thread 0x00000272489de000 nmethod 14931 0x0000027233c60790 code [0x0000027233c60960, 0x0000027233c60b68]

GC Heap History (20 events):
Event: 19.316 GC heap before
{Heap before GC invocations=35 (full 0):
 garbage-first heap   total 193536K, used 152847K [0x0000000080000000, 0x0000000100000000)
  region size 1024K, 25 young (25600K), 4 survivors (4096K)
 Metaspace       used 104665K, capacity 107895K, committed 108236K, reserved 1142784K
  class space    used 13850K, capacity 15143K, committed 15308K, reserved 1048576K
}
Event: 19.329 GC heap after
{Heap after GC invocations=36 (full 0):
 garbage-first heap   total 193536K, used 139004K [0x0000000080000000, 0x0000000100000000)
  region size 1024K, 4 young (4096K), 4 survivors (4096K)
 Metaspace       used 104665K, capacity 107895K, committed 108236K, reserved 1142784K
  class space    used 13850K, capacity 15143K, committed 15308K, reserved 1048576K
}
Event: 19.615 GC heap before
{Heap before GC invocations=36 (full 0):
 garbage-first heap   total 193536K, used 154364K [0x0000000080000000, 0x0000000100000000)
  region size 1024K, 22 young (22528K), 4 survivors (4096K)
 Metaspace       used 104127K, capacity 107023K, committed 108492K, reserved 1142784K
  class space    used 13627K, capacity 14739K, committed 15308K, reserved 1048576K
}
Event: 19.631 GC heap after
{Heap after GC invocations=37 (full 0):
 garbage-first heap   total 193536K, used 139019K [0x0000000080000000, 0x0000000100000000)
  region size 1024K, 3 young (3072K), 3 survivors (3072K)
 Metaspace       used 104127K, capacity 107023K, committed 108492K, reserved 1142784K
  class space    used 13627K, capacity 14739K, committed 15308K, reserved 1048576K
}
Event: 20.029 GC heap before
{Heap before GC invocations=38 (full 0):
 garbage-first heap   total 193536K, used 160523K [0x0000000080000000, 0x0000000100000000)
  region size 1024K, 22 young (22528K), 3 survivors (3072K)
 Metaspace       used 104167K, capacity 107026K, committed 108492K, reserved 1142784K
  class space    used 13628K, capacity 14739K, committed 15308K, reserved 1048576K
}
Event: 20.039 GC heap after
{Heap after GC invocations=39 (full 0):
 garbage-first heap   total 247808K, used 145664K [0x0000000080000000, 0x0000000100000000)
  region size 1024K, 3 young (3072K), 3 survivors (3072K)
 Metaspace       used 104167K, capacity 107026K, committed 108492K, reserved 1142784K
  class space    used 13628K, capacity 14739K, committed 15308K, reserved 1048576K
}
Event: 20.144 GC heap before
{Heap before GC invocations=39 (full 0):
 garbage-first heap   total 247808K, used 154880K [0x0000000080000000, 0x0000000100000000)
  region size 1024K, 12 young (12288K), 3 survivors (3072K)
 Metaspace       used 104192K, capacity 107046K, committed 108492K, reserved 1142784K
  class space    used 13631K, capacity 14745K, committed 15308K, reserved 1048576K
}
Event: 20.147 GC heap after
{Heap after GC invocations=40 (full 0):
 garbage-first heap   total 247808K, used 147168K [0x0000000080000000, 0x0000000100000000)
  region size 1024K, 2 young (2048K), 2 survivors (2048K)
 Metaspace       used 104192K, capacity 107046K, committed 108492K, reserved 1142784K
  class space    used 13631K, capacity 14745K, committed 15308K, reserved 1048576K
}
Event: 20.244 GC heap before
{Heap before GC invocations=40 (full 0):
 garbage-first heap   total 247808K, used 175840K [0x0000000080000000, 0x0000000100000000)
  region size 1024K, 31 young (31744K), 2 survivors (2048K)
 Metaspace       used 104226K, capacity 107120K, committed 108492K, reserved 1142784K
  class space    used 13632K, capacity 14747K, committed 15308K, reserved 1048576K
}
Event: 20.252 GC heap after
{Heap after GC invocations=41 (full 0):
 garbage-first heap   total 247808K, used 152477K [0x0000000080000000, 0x0000000100000000)
  region size 1024K, 5 young (5120K), 5 survivors (5120K)
 Metaspace       used 104226K, capacity 107120K, committed 108492K, reserved 1142784K
  class space    used 13632K, capacity 14747K, committed 15308K, reserved 1048576K
}
Event: 20.814 GC heap before
{Heap before GC invocations=42 (full 0):
 garbage-first heap   total 247808K, used 194461K [0x0000000080000000, 0x0000000100000000)
  region size 1024K, 39 young (39936K), 5 survivors (5120K)
 Metaspace       used 104501K, capacity 107372K, committed 108748K, reserved 1142784K
  class space    used 13638K, capacity 14750K, committed 15308K, reserved 1048576K
}
Event: 20.819 GC heap after
{Heap after GC invocations=43 (full 0):
 garbage-first heap   total 247808K, used 153830K [0x0000000080000000, 0x0000000100000000)
  region size 1024K, 1 young (1024K), 1 survivors (1024K)
 Metaspace       used 104501K, capacity 107372K, committed 108748K, reserved 1142784K
  class space    used 13638K, capacity 14750K, committed 15308K, reserved 1048576K
}
Event: 20.940 GC heap before
{Heap before GC invocations=43 (full 0):
 garbage-first heap   total 247808K, used 164070K [0x0000000080000000, 0x0000000100000000)
  region size 1024K, 12 young (12288K), 1 survivors (1024K)
 Metaspace       used 105283K, capacity 108114K, committed 109388K, reserved 1142784K
  class space    used 13749K, capacity 14848K, committed 15436K, reserved 1048576K
}
Event: 20.944 GC heap after
{Heap after GC invocations=44 (full 0):
 garbage-first heap   total 247808K, used 149736K [0x0000000080000000, 0x0000000100000000)
  region size 1024K, 1 young (1024K), 1 survivors (1024K)
 Metaspace       used 105283K, capacity 108114K, committed 109388K, reserved 1142784K
  class space    used 13749K, capacity 14848K, committed 15436K, reserved 1048576K
}
Event: 21.275 GC heap before
{Heap before GC invocations=44 (full 0):
 garbage-first heap   total 247808K, used 187624K [0x0000000080000000, 0x0000000100000000)
  region size 1024K, 38 young (38912K), 1 survivors (1024K)
 Metaspace       used 107813K, capacity 110642K, committed 111948K, reserved 1144832K
  class space    used 14057K, capacity 15136K, committed 15692K, reserved 1048576K
}
Event: 21.279 GC heap after
{Heap after GC invocations=45 (full 0):
 garbage-first heap   total 247808K, used 151904K [0x0000000080000000, 0x0000000100000000)
  region size 1024K, 3 young (3072K), 3 survivors (3072K)
 Metaspace       used 107813K, capacity 110642K, committed 111948K, reserved 1144832K
  class space    used 14057K, capacity 15136K, committed 15692K, reserved 1048576K
}
Event: 22.054 GC heap before
{Heap before GC invocations=46 (full 0):
 garbage-first heap   total 247808K, used 193888K [0x0000000080000000, 0x0000000100000000)
  region size 1024K, 42 young (43008K), 3 survivors (3072K)
 Metaspace       used 112376K, capacity 115337K, committed 116300K, reserved 1148928K
  class space    used 14529K, capacity 15710K, committed 16204K, reserved 1048576K
}
Event: 22.059 GC heap after
{Heap after GC invocations=47 (full 0):
 garbage-first heap   total 247808K, used 138401K [0x0000000080000000, 0x0000000100000000)
  region size 1024K, 4 young (4096K), 4 survivors (4096K)
 Metaspace       used 112376K, capacity 115337K, committed 116300K, reserved 1148928K
  class space    used 14529K, capacity 15710K, committed 16204K, reserved 1048576K
}
Event: 165.561 GC heap before
{Heap before GC invocations=47 (full 0):
 garbage-first heap   total 247808K, used 145569K [0x0000000080000000, 0x0000000100000000)
  region size 1024K, 12 young (12288K), 4 survivors (4096K)
 Metaspace       used 112930K, capacity 115984K, committed 117068K, reserved 1150976K
  class space    used 14561K, capacity 15722K, committed 16204K, reserved 1048576K
}
Event: 165.573 GC heap after
{Heap after GC invocations=48 (full 0):
 garbage-first heap   total 247808K, used 125263K [0x0000000080000000, 0x0000000100000000)
  region size 1024K, 2 young (2048K), 2 survivors (2048K)
 Metaspace       used 112930K, capacity 115984K, committed 117068K, reserved 1150976K
  class space    used 14561K, capacity 15722K, committed 16204K, reserved 1048576K
}

Deoptimization events (20 events):
Event: 53.356 Thread 0x000002724a12e000 Uncommon trap: trap_request=0xffffffc6 fr.pc=0x0000027239965e5c relative=0x0000000000000adc
Event: 53.356 Thread 0x000002724a12e000 Uncommon trap: reason=bimorphic_or_optimized_type_check action=maybe_recompile pc=0x0000027239965e5c method=java.util.HashMap.removeNode(ILjava/lang/Object;Ljava/lang/Object;ZZ)Ljava/util/HashMap$Node; @ 283 c2
Event: 53.356 Thread 0x000002724a12e000 DEOPT PACKING pc=0x0000027239965e5c sp=0x000000f41c8fe480
Event: 53.356 Thread 0x000002724a12e000 DEOPT UNPACKING pc=0x00000272318778af sp=0x000000f41c8fe418 mode 2
Event: 83.359 Thread 0x000002724a12e000 Uncommon trap: trap_request=0xffffffc6 fr.pc=0x0000027239965e5c relative=0x0000000000000adc
Event: 83.359 Thread 0x000002724a12e000 Uncommon trap: reason=bimorphic_or_optimized_type_check action=maybe_recompile pc=0x0000027239965e5c method=java.util.HashMap.removeNode(ILjava/lang/Object;Ljava/lang/Object;ZZ)Ljava/util/HashMap$Node; @ 283 c2
Event: 83.359 Thread 0x000002724a12e000 DEOPT PACKING pc=0x0000027239965e5c sp=0x000000f41c8fe480
Event: 83.359 Thread 0x000002724a12e000 DEOPT UNPACKING pc=0x00000272318778af sp=0x000000f41c8fe418 mode 2
Event: 83.359 Thread 0x000002724a12e000 Uncommon trap: trap_request=0xffffffc6 fr.pc=0x0000027239965e5c relative=0x0000000000000adc
Event: 83.359 Thread 0x000002724a12e000 Uncommon trap: reason=bimorphic_or_optimized_type_check action=maybe_recompile pc=0x0000027239965e5c method=java.util.HashMap.removeNode(ILjava/lang/Object;Ljava/lang/Object;ZZ)Ljava/util/HashMap$Node; @ 283 c2
Event: 83.359 Thread 0x000002724a12e000 DEOPT PACKING pc=0x0000027239965e5c sp=0x000000f41c8fe480
Event: 83.359 Thread 0x000002724a12e000 DEOPT UNPACKING pc=0x00000272318778af sp=0x000000f41c8fe418 mode 2
Event: 165.466 Thread 0x000002724a5ac000 Uncommon trap: trap_request=0xffffff4d fr.pc=0x00000272398574e0 relative=0x00000000000004c0
Event: 165.466 Thread 0x000002724a5ac000 Uncommon trap: reason=unstable_if action=reinterpret pc=0x00000272398574e0 method=org.gradle.cache.internal.DefaultCrossBuildInMemoryCacheFactory$AbstractCrossBuildInMemoryCache.getIfPresentWithoutLock(Ljava/lang/Object;)Ljava/lang/Object; @ 24 c2
Event: 165.466 Thread 0x000002724a5ac000 DEOPT PACKING pc=0x00000272398574e0 sp=0x000000f41ccfd3f0
Event: 165.466 Thread 0x000002724a5ac000 DEOPT UNPACKING pc=0x00000272318778af sp=0x000000f41ccfd398 mode 2
Event: 165.478 Thread 0x000002724a5ac000 Uncommon trap: trap_request=0xffffff4d fr.pc=0x0000027239a3b824 relative=0x0000000000000b84
Event: 165.478 Thread 0x000002724a5ac000 Uncommon trap: reason=unstable_if action=reinterpret pc=0x0000027239a3b824 method=org.gradle.tooling.internal.provider.runner.SubtreeFilteringBuildOperationListener.started(Lorg/gradle/internal/operations/BuildOperationDescriptor;Lorg/gradle/internal/oper
Event: 165.478 Thread 0x000002724a5ac000 DEOPT PACKING pc=0x0000027239a3b824 sp=0x000000f41ccfd1b0
Event: 165.478 Thread 0x000002724a5ac000 DEOPT UNPACKING pc=0x00000272318778af sp=0x000000f41ccfd188 mode 2

Classes redefined (0 events):
No events

Internal exceptions (20 events):
Event: 18.296 Thread 0x0000027251ebc800 Implicit null exception at 0x0000027239a60d9c to 0x0000027239a618ec
Event: 18.404 Thread 0x000002724a5ac000 Exception <a 'java/lang/NoSuchMethodError'{0x00000000873c4b18}: 'long java.lang.invoke.DirectMethodHandle$Holder.invokeStatic(java.lang.Object, java.lang.Object, java.lang.Object)'> (0x00000000873c4b18) thrown at [./src/hotspot/share/interpreter/linkResolver.cpp, line 773]
Event: 20.529 Thread 0x000002724a5a8800 Implicit null exception at 0x0000027239b55719 to 0x0000027239b55b88
Event: 20.768 Thread 0x000002724a5a8800 Exception <a 'sun/nio/fs/WindowsException'{0x000000008ccd08d8}> (0x000000008ccd08d8) thrown at [./src/hotspot/share/prims/jni.cpp, line 615]
Event: 21.296 Thread 0x000002724fef3000 Exception <a 'java/lang/NoSuchMethodError'{0x000000008f1de760}: <clinit>> (0x000000008f1de760) thrown at [./src/hotspot/share/prims/jni.cpp, line 1362]
Event: 21.297 Thread 0x000002724fef3000 Exception <a 'java/lang/NoSuchMethodError'{0x000000008f1f1028}: <clinit>> (0x000000008f1f1028) thrown at [./src/hotspot/share/prims/jni.cpp, line 1362]
Event: 21.362 Thread 0x0000027251eb9000 Exception <a 'sun/nio/fs/WindowsException'{0x000000008ed49a98}> (0x000000008ed49a98) thrown at [./src/hotspot/share/prims/jni.cpp, line 615]
Event: 21.370 Thread 0x0000027251eb9000 Implicit null exception at 0x0000027239976ae0 to 0x0000027239978af8
Event: 21.471 Thread 0x0000027251eb9000 Exception <a 'java/lang/NoSuchMethodError'{0x000000008e971f58}: 'java.lang.Object java.lang.invoke.DirectMethodHandle$Holder.invokeStatic(java.lang.Object, java.lang.Object, java.lang.Object, java.lang.Object, java.lang.Object, int, java.lang.Object)'> (0x000000008e971f58) thrown at [./src/hotspot/share/interpreter/linkResolver.cpp, line 773]
Event: 21.536 Thread 0x0000027251eb9000 Exception <a 'java/lang/NoSuchMethodError'{0x000000008e57e8e8}: 'java.lang.Object java.lang.invoke.DirectMethodHandle$Holder.invokeStatic(java.lang.Object, java.lang.Object, java.lang.Object, java.lang.Object, java.lang.Object, java.lang.Object, java.lang.Object, int)'> (0x000000008e57e8e8) thrown at [./src/hotspot/share/interpreter/linkResolver.cpp, line 773]
Event: 21.536 Thread 0x0000027251eb9000 Exception <a 'java/lang/NoSuchMethodError'{0x000000008e582f88}: 'java.lang.Object java.lang.invoke.DirectMethodHandle$Holder.invokeSpecial(java.lang.Object, java.lang.Object, java.lang.Object, java.lang.Object, java.lang.Object, java.lang.Object, java.lang.Object, java.lang.Object, int)'> (0x000000008e582f88) thrown at [./src/hotspot/share/interpreter/linkResolver.cpp, line 773]
Event: 21.536 Thread 0x0000027251eb9000 Exception <a 'java/lang/NoSuchMethodError'{0x000000008e587020}: 'java.lang.Object java.lang.invoke.Invokers$Holder.linkToTargetMethod(java.lang.Object, java.lang.Object, java.lang.Object, java.lang.Object, java.lang.Object, java.lang.Object, int, java.lang.Object)'> (0x000000008e587020) thrown at [./src/hotspot/share/interpreter/linkResolver.cpp, line 773]
Event: 21.846 Thread 0x0000027251eb9000 Exception <a 'java/lang/NoSuchMethodError'{0x000000008d70d340}: 'java.lang.Object java.lang.invoke.DirectMethodHandle$Holder.invokeVirtual(java.lang.Object, java.lang.Object, int)'> (0x000000008d70d340) thrown at [./src/hotspot/share/interpreter/linkResolver.cpp, line 773]
Event: 21.889 Thread 0x000002724bf4d800 Implicit null exception at 0x0000027239b90daf to 0x0000027239b92a08
Event: 21.889 Thread 0x000002724bf4d800 Implicit null exception at 0x0000027239a494d2 to 0x0000027239a498d4
Event: 21.892 Thread 0x000002724a5aa800 Exception <a 'sun/nio/fs/WindowsException'{0x000000008d7e85c8}> (0x000000008d7e85c8) thrown at [./src/hotspot/share/prims/jni.cpp, line 615]
Event: 21.917 Thread 0x000002724bf4d800 Exception <a 'java/lang/NoSuchMethodError'{0x000000008d6febd8}: 'java.lang.Object java.lang.invoke.DirectMethodHandle$Holder.invokeSpecial(java.lang.Object, java.lang.Object, java.lang.Object, java.lang.Object, int, java.lang.Object, java.lang.Object)'> (0x000000008d6febd8) thrown at [./src/hotspot/share/interpreter/linkResolver.cpp, line 773]
Event: 23.380 Thread 0x000002724a12e000 Implicit null exception at 0x00000272393fa214 to 0x00000272393fa744
Event: 23.383 Thread 0x000002724a12e000 Implicit null exception at 0x00000272396c1494 to 0x00000272396c1a6c
Event: 165.478 Thread 0x000002724a5ac000 Implicit null exception at 0x0000027239a3ace2 to 0x0000027239a3b80c

Events (20 events):
Event: 165.514 Executing VM operation: RevokeBias done
Event: 165.515 Executing VM operation: RevokeBias
Event: 165.515 Executing VM operation: RevokeBias done
Event: 165.517 Executing VM operation: RevokeBias
Event: 165.517 Executing VM operation: RevokeBias done
Event: 165.528 Thread 0x000002724a5b3800 Thread added: 0x000002724a5b3800
Event: 165.561 Executing VM operation: G1CollectForAllocation
Event: 165.573 Executing VM operation: G1CollectForAllocation done
Event: 165.665 Thread 0x0000027251eb2000 Thread added: 0x0000027251eb2000
Event: 165.665 Thread 0x0000027251eaf800 Thread added: 0x0000027251eaf800
Event: 165.666 Thread 0x0000027251eb5000 Thread added: 0x0000027251eb5000
Event: 165.666 Thread 0x0000027251eb6000 Thread added: 0x0000027251eb6000
Event: 165.666 Thread 0x0000027251eb0000 Thread added: 0x0000027251eb0000
Event: 165.666 Thread 0x0000027251eb1000 Thread added: 0x0000027251eb1000
Event: 165.666 Thread 0x0000027251eb6800 Thread added: 0x0000027251eb6800
Event: 165.666 Thread 0x0000027251eb7800 Thread added: 0x0000027251eb7800
Event: 165.666 Executing VM operation: RevokeBias
Event: 165.666 Executing coalesced safepoint VM operation: RevokeBias
Event: 165.666 Executing coalesced safepoint VM operation: RevokeBias done
Event: 165.666 Executing VM operation: RevokeBias done


Dynamic libraries:
0x00007ff6db170000 - 0x00007ff6db17a000 	C:\Program Files\Android\Android Studio\jre\bin\java.exe
0x00007ff8808f0000 - 0x00007ff880ae5000 	C:\WINDOWS\SYSTEM32\ntdll.dll
0x00007ff87fd00000 - 0x00007ff87fdbe000 	C:\WINDOWS\System32\KERNEL32.DLL
0x00007ff87e010000 - 0x00007ff87e2d9000 	C:\WINDOWS\System32\KERNELBASE.dll
0x00007ff87e7f0000 - 0x00007ff87e8f0000 	C:\WINDOWS\System32\ucrtbase.dll
0x00007ff8570d0000 - 0x00007ff8570e9000 	C:\Program Files\Android\Android Studio\jre\bin\jli.dll
0x00007ff859bb0000 - 0x00007ff859bc7000 	C:\Program Files\Android\Android Studio\jre\bin\VCRUNTIME140.dll
0x00007ff87f2e0000 - 0x00007ff87f481000 	C:\WINDOWS\System32\USER32.dll
0x00007ff87e2e0000 - 0x00007ff87e302000 	C:\WINDOWS\System32\win32u.dll
0x00007ff87f0e0000 - 0x00007ff87f10b000 	C:\WINDOWS\System32\GDI32.dll
0x00007ff87d3e0000 - 0x00007ff87d67a000 	C:\WINDOWS\WinSxS\amd64_microsoft.windows.common-controls_6595b64144ccf1df_6.0.19041.1110_none_60b5254171f9507e\COMCTL32.dll
0x00007ff87e500000 - 0x00007ff87e60b000 	C:\WINDOWS\System32\gdi32full.dll
0x00007ff880450000 - 0x00007ff8804ee000 	C:\WINDOWS\System32\msvcrt.dll
0x00007ff87e610000 - 0x00007ff87e6ad000 	C:\WINDOWS\System32\msvcp_win.dll
0x00007ff880270000 - 0x00007ff8802a0000 	C:\WINDOWS\System32\IMM32.DLL
0x00007ff8471c0000 - 0x00007ff84725d000 	C:\Program Files\Android\Android Studio\jre\bin\msvcp140.dll
0x00007ff847290000 - 0x00007ff847d5f000 	C:\Program Files\Android\Android Studio\jre\bin\server\jvm.dll
0x00007ff87f1b0000 - 0x00007ff87f25c000 	C:\WINDOWS\System32\ADVAPI32.dll
0x00007ff87f110000 - 0x00007ff87f1ab000 	C:\WINDOWS\System32\sechost.dll
0x00007ff880320000 - 0x00007ff88044a000 	C:\WINDOWS\System32\RPCRT4.dll
0x00007ff87f020000 - 0x00007ff87f028000 	C:\WINDOWS\System32\PSAPI.DLL
0x00007ff864be0000 - 0x00007ff864be9000 	C:\WINDOWS\SYSTEM32\WSOCK32.dll
0x00007ff8802a0000 - 0x00007ff88030b000 	C:\WINDOWS\System32\WS2_32.dll
0x00007ff87ab60000 - 0x00007ff87ab6a000 	C:\WINDOWS\SYSTEM32\VERSION.dll
0x00007ff865410000 - 0x00007ff865437000 	C:\WINDOWS\SYSTEM32\WINMM.dll
0x00007ff87c240000 - 0x00007ff87c252000 	C:\WINDOWS\SYSTEM32\kernel.appcore.dll
0x00007ff8759d0000 - 0x00007ff8759e1000 	C:\Program Files\Android\Android Studio\jre\bin\verify.dll
0x00007ff87da30000 - 0x00007ff87dc14000 	C:\WINDOWS\SYSTEM32\DBGHELP.DLL
0x00007ff87d7e0000 - 0x00007ff87d80c000 	C:\WINDOWS\SYSTEM32\dbgcore.DLL
0x00007ff87e760000 - 0x00007ff87e7e3000 	C:\WINDOWS\System32\bcryptPrimitives.dll
0x00007ff874350000 - 0x00007ff874379000 	C:\Program Files\Android\Android Studio\jre\bin\java.dll
0x00007ff87bdd0000 - 0x00007ff87bddb000 	C:\Program Files\Android\Android Studio\jre\bin\jimage.dll
0x00007ff875990000 - 0x00007ff8759a8000 	C:\Program Files\Android\Android Studio\jre\bin\zip.dll
0x00007ff87f510000 - 0x00007ff87fc4f000 	C:\WINDOWS\System32\SHELL32.dll
0x00007ff87b180000 - 0x00007ff87b910000 	C:\WINDOWS\SYSTEM32\windows.storage.dll
0x00007ff8804f0000 - 0x00007ff880845000 	C:\WINDOWS\System32\combase.dll
0x00007ff87d370000 - 0x00007ff87d39c000 	C:\WINDOWS\SYSTEM32\Wldp.dll
0x00007ff87f030000 - 0x00007ff87f0dd000 	C:\WINDOWS\System32\SHCORE.dll
0x00007ff87fdc0000 - 0x00007ff87fe15000 	C:\WINDOWS\System32\shlwapi.dll
0x00007ff87df50000 - 0x00007ff87df6f000 	C:\WINDOWS\SYSTEM32\profapi.dll
0x00007ff8742d0000 - 0x00007ff8742ea000 	C:\Program Files\Android\Android Studio\jre\bin\net.dll
0x00007ff86eec0000 - 0x00007ff86efc8000 	C:\WINDOWS\SYSTEM32\WINHTTP.dll
0x00007ff87d210000 - 0x00007ff87d27a000 	C:\WINDOWS\system32\mswsock.dll
0x00007ff874250000 - 0x00007ff874264000 	C:\Program Files\Android\Android Studio\jre\bin\nio.dll
0x00007ff855f30000 - 0x00007ff855f57000 	C:\Users\hippo\.gradle\native\8bec1ad78214c89d9ad589b4d07fe93259594b29d510b10fafb7a158f7737e5d\windows-amd64\native-platform.dll
0x00007ff846e40000 - 0x00007ff846f7d000 	C:\Users\hippo\.gradle\native\53dbd7edfb1c66fb8903c78663c9afc45aea4f116125fa6feffd364cf09443e8\windows-amd64\native-platform-file-events.dll
0x00007ff8759c0000 - 0x00007ff8759ca000 	C:\Program Files\Android\Android Studio\jre\bin\management.dll
0x00007ff874240000 - 0x00007ff87424c000 	C:\Program Files\Android\Android Studio\jre\bin\management_ext.dll
0x00007ff87dd90000 - 0x00007ff87dda8000 	C:\WINDOWS\SYSTEM32\CRYPTSP.dll
0x00007ff87ca30000 - 0x00007ff87ca64000 	C:\WINDOWS\system32\rsaenh.dll
0x00007ff87e310000 - 0x00007ff87e337000 	C:\WINDOWS\System32\bcrypt.dll
0x00007ff87df10000 - 0x00007ff87df3e000 	C:\WINDOWS\SYSTEM32\USERENV.dll
0x00007ff87d1b0000 - 0x00007ff87d1bc000 	C:\WINDOWS\SYSTEM32\CRYPTBASE.dll
0x00007ff87cd80000 - 0x00007ff87cdbb000 	C:\WINDOWS\SYSTEM32\IPHLPAPI.DLL
0x00007ff880310000 - 0x00007ff880318000 	C:\WINDOWS\System32\NSI.dll
0x00007ff871400000 - 0x00007ff871417000 	C:\WINDOWS\SYSTEM32\dhcpcsvc6.DLL
0x00007ff8713e0000 - 0x00007ff8713fd000 	C:\WINDOWS\SYSTEM32\dhcpcsvc.DLL
0x00007ff87cdc0000 - 0x00007ff87ce8c000 	C:\WINDOWS\SYSTEM32\DNSAPI.dll
0x00007ff8730e0000 - 0x00007ff873107000 	C:\Program Files\Android\Android Studio\jre\bin\sunec.dll

dbghelp: loaded successfully - version: 4.0.5 - missing functions: none
symbol engine: initialized successfully - sym options: 0x614 - pdb path: .;C:\Program Files\Android\Android Studio\jre\bin;C:\WINDOWS\SYSTEM32;C:\WINDOWS\WinSxS\amd64_microsoft.windows.common-controls_6595b64144ccf1df_6.0.19041.1110_none_60b5254171f9507e;C:\Program Files\Android\Android Studio\jre\bin\server;C:\Users\hippo\.gradle\native\8bec1ad78214c89d9ad589b4d07fe93259594b29d510b10fafb7a158f7737e5d\windows-amd64;C:\Users\hippo\.gradle\native\53dbd7edfb1c66fb8903c78663c9afc45aea4f116125fa6feffd364cf09443e8\windows-amd64

VM Arguments:
jvm_args: --add-opens=java.base/java.util=ALL-UNNAMED --add-opens=java.base/java.lang=ALL-UNNAMED --add-opens=java.base/java.lang.invoke=ALL-UNNAMED --add-opens=java.base/java.util=ALL-UNNAMED --add-opens=java.prefs/java.util.prefs=ALL-UNNAMED --add-opens=java.prefs/java.util.prefs=ALL-UNNAMED --add-opens=java.base/java.nio.charset=ALL-UNNAMED --add-opens=java.base/java.net=ALL-UNNAMED --add-opens=java.base/java.util.concurrent.atomic=ALL-UNNAMED -Xmx2048m -Dfile.encoding=UTF-8 -Duser.country=KR -Duser.language=ko -Duser.variant 
java_command: org.gradle.launcher.daemon.bootstrap.GradleDaemon 7.0.2
java_class_path (initial): C:\Users\hippo\.gradle\wrapper\dists\gradle-7.0.2-bin\857tjihv64xamwrf0h14cai3r\gradle-7.0.2\lib\gradle-launcher-7.0.2.jar
Launcher Type: SUN_STANDARD

[Global flags]
     intx CICompilerCount                          = 4                                         {product} {ergonomic}
     uint ConcGCThreads                            = 2                                         {product} {ergonomic}
     uint G1ConcRefinementThreads                  = 8                                         {product} {ergonomic}
   size_t G1HeapRegionSize                         = 1048576                                   {product} {ergonomic}
    uintx GCDrainStackTargetSize                   = 64                                        {product} {ergonomic}
   size_t InitialHeapSize                          = 134217728                                 {product} {ergonomic}
   size_t MarkStackSize                            = 4194304                                   {product} {ergonomic}
   size_t MaxHeapSize                              = 2147483648                                {product} {command line}
   size_t MaxNewSize                               = 1287651328                                {product} {ergonomic}
   size_t MinHeapDeltaBytes                        = 1048576                                   {product} {ergonomic}
    uintx NonNMethodCodeHeapSize                   = 5836300                                {pd product} {ergonomic}
    uintx NonProfiledCodeHeapSize                  = 122910970                              {pd product} {ergonomic}
    uintx ProfiledCodeHeapSize                     = 122910970                              {pd product} {ergonomic}
    uintx ReservedCodeCacheSize                    = 251658240                              {pd product} {ergonomic}
     bool SegmentedCodeCache                       = true                                      {product} {ergonomic}
     bool UseCompressedClassPointers               = true                                 {lp64_product} {ergonomic}
     bool UseCompressedOops                        = true                                 {lp64_product} {ergonomic}
     bool UseG1GC                                  = true                                      {product} {ergonomic}
     bool UseLargePagesIndividualAllocation        = false                                  {pd product} {ergonomic}

Logging:
Log output configuration:
 #0: stdout all=warning uptime,level,tags
 #1: stderr all=off uptime,level,tags

Environment Variables:
JAVA_HOME=C:\Program Files\Java\jdk-17
PATH=C:\Program Files\Common Files\Oracle\Java\javapath;C:\Program Files\AdoptOpenJDK\jdk-15.0.2.7-hotspot\bin;C:\Program Files (x86)\Intel\iCLS Client\;C:\Program Files\Intel\iCLS Client\;C:\WINDOWS\system32;C:\WINDOWS;C:\WINDOWS\System32\Wbem;C:\WINDOWS\System32\WindowsPowerShell\v1.0\;C:\Program Files (x86)\Intel\Intel(R) Management Engine Components\DAL;C:\Program Files\Intel\Intel(R) Management Engine Components\DAL;C:\Program Files (x86)\Intel\Intel(R) Management Engine Components\IPT;C:\Program Files\Intel\Intel(R) Management Engine Components\IPT;C:\Program Files\Intel\WiFi\bin\;C:\Program Files\Common Files\Intel\WirelessCommon\;C:\WINDOWS\System32\OpenSSH\;C:\Users\hippo\AppData\Roaming\Python\Python38\Scripts;D:\Matlab\R2021a\bin;D:\zz\mingw64\bin;D:\Git_Folder\Git\cmd;C:\Program Files\TortoiseGit\bin;C:\Program Files\Java\jdk-17\bin;C:\Program Files\MySQL\MySQL Shell 8.0\bin\;D:\Anaconda;D:\Anaconda\Library\mingw-w64\bin;D:\Anaconda\Library\usr\bin;D:\Anaconda\Library\bin;D:\Anaconda\Scripts;C:\Users\hippo\AppData\Local\Microsoft\WindowsApps;C:\Users\hippo\AppData\Roaming\Python\Python38\Scripts;D:\Microsoft VS Code\bin
USERNAME=hippo
OS=Windows_NT
PROCESSOR_IDENTIFIER=Intel64 Family 6 Model 142 Stepping 10, GenuineIntel



---------------  S Y S T E M  ---------------

OS: Windows 10 , 64 bit Build 19041 (10.0.19041.1202)
OS uptime: 0 days 2:35 hours

CPU:total 8 (initial active 8) (4 cores per cpu, 2 threads per core) family 6 model 142 stepping 10 microcode 0xb4, cmov, cx8, fxsr, mmx, sse, sse2, sse3, ssse3, sse4.1, sse4.2, popcnt, avx, avx2, aes, clmul, erms, 3dnowpref, lzcnt, ht, tsc, tscinvbit, bmi1, bmi2, adx, fma

Memory: 4k page, system-wide physical 8107M (889M free)
TotalPageFile size 11925M (AvailPageFile size 4M)
current process WorkingSet (physical memory assigned to process): 525M, peak: 546M
current process commit charge ("private bytes"): 585M, peak: 605M

vm_info: OpenJDK 64-Bit Server VM (11.0.10+0-b96-7249189) for windows-amd64 JRE (11.0.10+0-b96-7249189), built on Mar 31 2021 21:44:00 by "builder" with MS VC++ 14.0 (VS2015)

END.
