#
# There is insufficient memory for the Java Runtime Environment to continue.
# Native memory allocation (malloc) failed to allocate 1048576 bytes for AllocateHeap
# Possible reasons:
#   The system is out of physical RAM or swap space
#   The process is running with CompressedOops enabled, and the Java Heap may be blocking the growth of the native heap
# Possible solutions:
#   Reduce memory load on the system
#   Increase physical memory or swap space
#   Check if swap backing store is full
#   Decrease Java heap size (-Xmx/-Xms)
#   Decrease number of Java threads
#   Decrease Java thread stack sizes (-Xss)
#   Set larger code cache with -XX:ReservedCodeCacheSize=
#   JVM is running with Unscaled Compressed Oops mode in which the Java heap is
#     placed in the first 4GB address space. The Java Heap base address is the
#     maximum limit for the native heap growth. Please use -XX:HeapBaseMinAddress
#     to set the Java Heap base and to place the Java Heap above 4GB virtual address.
# This output file may be truncated or incomplete.
#
#  Out of Memory Error (./src/hotspot/share/memory/allocation.cpp:46), pid=4356, tid=2152
#
# JRE version: OpenJDK Runtime Environment (11.0.10) (build 11.0.10+0-b96-7249189)
# Java VM: OpenJDK 64-Bit Server VM (11.0.10+0-b96-7249189, mixed mode, tiered, compressed oops, g1 gc, windows-amd64)
# No core dump will be written. Minidumps are not enabled by default on client versions of Windows
#

---------------  S U M M A R Y ------------

Command Line: --add-opens=java.base/java.util=ALL-UNNAMED --add-opens=java.base/java.lang=ALL-UNNAMED --add-opens=java.base/java.lang.invoke=ALL-UNNAMED --add-opens=java.base/java.util=ALL-UNNAMED --add-opens=java.prefs/java.util.prefs=ALL-UNNAMED --add-opens=java.prefs/java.util.prefs=ALL-UNNAMED --add-opens=java.base/java.nio.charset=ALL-UNNAMED --add-opens=java.base/java.net=ALL-UNNAMED --add-opens=java.base/java.util.concurrent.atomic=ALL-UNNAMED -Xmx2048m -Dfile.encoding=UTF-8 -Duser.country=KR -Duser.language=ko -Duser.variant org.gradle.launcher.daemon.bootstrap.GradleDaemon 7.0.2

Host: Intel(R) Core(TM) i5-8250U CPU @ 1.60GHz, 8 cores, 7G,  Windows 10 , 64 bit Build 19041 (10.0.19041.1202)
Time: Mon Oct 18 13:23:30 2021 대한민국 표준시 elapsed time: 1852.842454 seconds (0d 0h 30m 52s)

---------------  T H R E A D  ---------------

Current thread (0x000001d17ef64000):  VMThread "VM Thread" [stack: 0x000000a772500000,0x000000a772600000] [id=2152]

Stack: [0x000000a772500000,0x000000a772600000]
[error occurred during error reporting (printing stack bounds), id 0xc0000005, EXCEPTION_ACCESS_VIOLATION (0xc0000005) at pc=0x000001d100000f2d]

Native frames: (J=compiled Java code, j=interpreted, Vv=VM code, C=native code)
V  [jvm.dll+0x5ecfaa]
V  [jvm.dll+0x722bd5]
V  [jvm.dll+0x72412d]
V  [jvm.dll+0x724745]
V  [jvm.dll+0x7246fb]
V  [jvm.dll+0x5ec348]
V  [jvm.dll+0x5ecad8]
C  [ntdll.dll+0xa20cf]
C  [ntdll.dll+0x51454]
C  [ntdll.dll+0xa0bfe]
C  0x000001d100000f2d

VM_Operation (0x000000a7768f76b0): CollectForMetadataAllocation, mode: safepoint, requested by thread 0x000001d115e1a000


---------------  P R O C E S S  ---------------

Threads class SMR info:
_java_thread_list=0x000001d11bc2f590, length=69, elements={
0x000001d177b00800, 0x000001d17ef66000, 0x000001d17ef6c000, 0x000001d17f83d800,
0x000001d17f889800, 0x000001d17f88a800, 0x000001d17f88e800, 0x000001d17f893000,
0x000001d17f89e000, 0x000001d17f9f7800, 0x000001d11571e800, 0x000001d11565e800,
0x000001d114c7d000, 0x000001d11538e800, 0x000001d11538c000, 0x000001d11538e000,
0x000001d115390800, 0x000001d115393000, 0x000001d11538d000, 0x000001d115391000,
0x000001d114d12000, 0x000001d114d15800, 0x000001d114d13800, 0x000001d114d16000,
0x000001d114d14800, 0x000001d114d17000, 0x000001d114d13000, 0x000001d114d1b000,
0x000001d115359800, 0x000001d115355800, 0x000001d115357000, 0x000001d115354800,
0x000001d115356000, 0x000001d115352000, 0x000001d115353000, 0x000001d11535c000,
0x000001d11535d800, 0x000001d11535e800, 0x000001d11535f000, 0x000001d11535a800,
0x000001d115360000, 0x000001d11535b000, 0x000001d115361000, 0x000001d114d1c800,
0x000001d114d18000, 0x000001d114d18800, 0x000001d114d1f000, 0x000001d114d20000,
0x000001d114d1a800, 0x000001d11538f800, 0x000001d115392000, 0x000001d115e17000,
0x000001d115e15000, 0x000001d115e17800, 0x000001d115e18800, 0x000001d115e16000,
0x000001d115e12800, 0x000001d115e19800, 0x000001d115e13800, 0x000001d115e1a000,
0x000001d115e14800, 0x000001d115e20000, 0x000001d115e20800, 0x000001d115e1b800,
0x000001d115e1c800, 0x000001d11fe21000, 0x000001d11fe1d800, 0x000001d11fe22000,
0x000001d11fe20000
}

Java Threads: ( => current thread )
  0x000001d177b00800 JavaThread "main" [_thread_blocked, id=7336, stack(0x000000a771f00000,0x000000a772000000)]
  0x000001d17ef66000 JavaThread "Reference Handler" daemon [_thread_blocked, id=2884, stack(0x000000a772600000,0x000000a772700000)]
  0x000001d17ef6c000 JavaThread "Finalizer" daemon [_thread_blocked, id=12000, stack(0x000000a772700000,0x000000a772800000)]
  0x000001d17f83d800 JavaThread "Signal Dispatcher" daemon [_thread_blocked, id=8052, stack(0x000000a772800000,0x000000a772900000)]
  0x000001d17f889800 JavaThread "Attach Listener" daemon [_thread_blocked, id=12168, stack(0x000000a772900000,0x000000a772a00000)]
  0x000001d17f88a800 JavaThread "Service Thread" daemon [_thread_blocked, id=7388, stack(0x000000a772a00000,0x000000a772b00000)]
  0x000001d17f88e800 JavaThread "C2 CompilerThread0" daemon [_thread_in_native, id=2840, stack(0x000000a772b00000,0x000000a772c00000)]
  0x000001d17f893000 JavaThread "C1 CompilerThread0" daemon [_thread_blocked, id=3724, stack(0x000000a772c00000,0x000000a772d00000)]
  0x000001d17f89e000 JavaThread "Sweeper thread" daemon [_thread_blocked, id=8900, stack(0x000000a772d00000,0x000000a772e00000)]
  0x000001d17f9f7800 JavaThread "Common-Cleaner" daemon [_thread_blocked, id=13232, stack(0x000000a772e00000,0x000000a772f00000)]
  0x000001d11571e800 JavaThread "Daemon health stats" [_thread_blocked, id=16656, stack(0x000000a773400000,0x000000a773500000)]
  0x000001d11565e800 JavaThread "Incoming local TCP Connector on port 59421" [_thread_in_native, id=15264, stack(0x000000a773000000,0x000000a773100000)]
  0x000001d114c7d000 JavaThread "Daemon periodic checks" [_thread_blocked, id=11324, stack(0x000000a773100000,0x000000a773200000)]
  0x000001d11538e800 JavaThread "Cache worker for file hash cache (C:\Users\hippo\.gradle\caches\7.0.2\fileHashes)" [_thread_blocked, id=3500, stack(0x000000a774100000,0x000000a774200000)]
  0x000001d11538c000 JavaThread "File lock request listener" [_thread_in_native, id=12032, stack(0x000000a774200000,0x000000a774300000)]
  0x000001d11538e000 JavaThread "Cache worker for journal cache (C:\Users\hippo\.gradle\caches\journal-1)" [_thread_blocked, id=16724, stack(0x000000a774400000,0x000000a774500000)]
  0x000001d115390800 JavaThread "File watcher server" daemon [_thread_blocked, id=13964, stack(0x000000a774600000,0x000000a774700000)]
  0x000001d115393000 JavaThread "File watcher consumer" daemon [_thread_blocked, id=16836, stack(0x000000a774700000,0x000000a774800000)]
  0x000001d11538d000 JavaThread "jar transforms" [_thread_blocked, id=12768, stack(0x000000a774800000,0x000000a774900000)]
  0x000001d115391000 JavaThread "jar transforms Thread 2" [_thread_blocked, id=1628, stack(0x000000a774900000,0x000000a774a00000)]
  0x000001d114d12000 JavaThread "jar transforms Thread 3" [_thread_blocked, id=14532, stack(0x000000a774a00000,0x000000a774b00000)]
  0x000001d114d15800 JavaThread "jar transforms Thread 4" [_thread_blocked, id=11792, stack(0x000000a774b00000,0x000000a774c00000)]
  0x000001d114d13800 JavaThread "jar transforms Thread 5" [_thread_blocked, id=17068, stack(0x000000a774d00000,0x000000a774e00000)]
  0x000001d114d16000 JavaThread "jar transforms Thread 6" [_thread_blocked, id=17064, stack(0x000000a774e00000,0x000000a774f00000)]
  0x000001d114d14800 JavaThread "jar transforms Thread 7" [_thread_blocked, id=8032, stack(0x000000a774f00000,0x000000a775000000)]
  0x000001d114d17000 JavaThread "jar transforms Thread 8" [_thread_blocked, id=6992, stack(0x000000a775000000,0x000000a775100000)]
  0x000001d114d13000 JavaThread "Cache worker for execution history cache (C:\Users\hippo\.gradle\caches\7.0.2\executionHistory)" [_thread_blocked, id=8484, stack(0x000000a775500000,0x000000a775600000)]
  0x000001d114d1b000 JavaThread "Cache worker for file content cache (C:\Users\hippo\.gradle\caches\7.0.2\fileContent)" [_thread_blocked, id=6404, stack(0x000000a775600000,0x000000a775700000)]
  0x000001d115359800 JavaThread "Memory manager" [_thread_blocked, id=16772, stack(0x000000a775300000,0x000000a775400000)]
  0x000001d115355800 JavaThread "pool-3-thread-1" [_thread_blocked, id=12532, stack(0x000000a776200000,0x000000a776300000)]
  0x000001d115357000 JavaThread "Daemon Thread 2" [_thread_blocked, id=11392, stack(0x000000a771c00000,0x000000a771d00000)]
  0x000001d115354800 JavaThread "Handler for socket connection from /127.0.0.1:59421 to /127.0.0.1:60474" [_thread_in_native, id=1404, stack(0x000000a771d00000,0x000000a771e00000)]
  0x000001d115356000 JavaThread "Cancel handler" [_thread_blocked, id=17040, stack(0x000000a771e00000,0x000000a771f00000)]
  0x000001d115352000 JavaThread "Daemon worker Thread 2" [_thread_blocked, id=14592, stack(0x000000a773500000,0x000000a773600000)]
  0x000001d115353000 JavaThread "Asynchronous log dispatcher for DefaultDaemonConnection: socket connection from /127.0.0.1:59421 to /127.0.0.1:60474" [_thread_blocked, id=16592, stack(0x000000a773600000,0x000000a773700000)]
  0x000001d11535c000 JavaThread "Stdin handler" [_thread_blocked, id=17164, stack(0x000000a773700000,0x000000a773800000)]
  0x000001d11535d800 JavaThread "Daemon client event forwarder" [_thread_blocked, id=8540, stack(0x000000a773800000,0x000000a773900000)]
  0x000001d11535e800 JavaThread "Cache worker for file hash cache (C:\Users\hippo\AndroidStudioProjects\Registration\Registration\.gradle\7.0.2\fileHashes)" [_thread_blocked, id=13072, stack(0x000000a773900000,0x000000a773a00000)]
  0x000001d11535f000 JavaThread "Cache worker for checksums cache (C:\Users\hippo\AndroidStudioProjects\Registration\Registration\.gradle\checksums)" [_thread_blocked, id=16148, stack(0x000000a773b00000,0x000000a773c00000)]
  0x000001d11535a800 JavaThread "Cache worker for cache directory md-supplier (C:\Users\hippo\.gradle\caches\7.0.2\md-supplier)" [_thread_blocked, id=16348, stack(0x000000a774500000,0x000000a774600000)]
  0x000001d115360000 JavaThread "Cache worker for cache directory md-rule (C:\Users\hippo\.gradle\caches\7.0.2\md-rule)" [_thread_blocked, id=8740, stack(0x000000a774c00000,0x000000a774d00000)]
  0x000001d11535b000 JavaThread "Cache worker for dependencies-accessors (C:\Users\hippo\AndroidStudioProjects\Registration\Registration\.gradle\7.0.2\dependencies-accessors)" [_thread_blocked, id=8984, stack(0x000000a775100000,0x000000a775200000)]
  0x000001d115361000 JavaThread "Cache worker for Build Output Cleanup Cache (C:\Users\hippo\AndroidStudioProjects\Registration\Registration\.gradle\buildOutputCleanup)" [_thread_blocked, id=15516, stack(0x000000a775200000,0x000000a775300000)]
  0x000001d114d1c800 JavaThread "Build operations" [_thread_blocked, id=15892, stack(0x000000a775700000,0x000000a775800000)]
  0x000001d114d18000 JavaThread "Build operations Thread 2" [_thread_blocked, id=3200, stack(0x000000a775800000,0x000000a775900000)]
  0x000001d114d18800 JavaThread "Build operations Thread 3" [_thread_blocked, id=14536, stack(0x000000a775900000,0x000000a775a00000)]
  0x000001d114d1f000 JavaThread "Build operations Thread 4" [_thread_blocked, id=552, stack(0x000000a775a00000,0x000000a775b00000)]
  0x000001d114d20000 JavaThread "Build operations Thread 5" [_thread_blocked, id=6668, stack(0x000000a775b00000,0x000000a775c00000)]
  0x000001d114d1a800 JavaThread "Build operations Thread 6" [_thread_blocked, id=5408, stack(0x000000a775c00000,0x000000a775d00000)]
  0x000001d11538f800 JavaThread "Build operations Thread 7" [_thread_blocked, id=6316, stack(0x000000a775d00000,0x000000a775e00000)]
  0x000001d115392000 JavaThread "Build operations Thread 8" [_thread_blocked, id=16380, stack(0x000000a775e00000,0x000000a775f00000)]
  0x000001d115e17000 JavaThread "build event listener" [_thread_blocked, id=11084, stack(0x000000a775f00000,0x000000a776000000)]
  0x000001d115e15000 JavaThread "pool-6-thread-1" [_thread_blocked, id=3100, stack(0x000000a776000000,0x000000a776100000)]
  0x000001d115e17800 JavaThread "build event listener" [_thread_blocked, id=3380, stack(0x000000a776100000,0x000000a776200000)]
  0x000001d115e18800 JavaThread "Execution worker for ':'" [_thread_blocked, id=8316, stack(0x000000a776300000,0x000000a776400000)]
  0x000001d115e16000 JavaThread "Execution worker for ':' Thread 2" [_thread_blocked, id=11620, stack(0x000000a776400000,0x000000a776500000)]
  0x000001d115e12800 JavaThread "Execution worker for ':' Thread 3" [_thread_blocked, id=14712, stack(0x000000a776500000,0x000000a776600000)]
  0x000001d115e19800 JavaThread "Execution worker for ':' Thread 4" [_thread_blocked, id=2956, stack(0x000000a776600000,0x000000a776700000)]
  0x000001d115e13800 JavaThread "Execution worker for ':' Thread 5" [_thread_blocked, id=4728, stack(0x000000a776700000,0x000000a776800000)]
  0x000001d115e1a000 JavaThread "Execution worker for ':' Thread 6" [_thread_blocked, id=2584, stack(0x000000a776800000,0x000000a776900000)]
  0x000001d115e14800 JavaThread "Execution worker for ':' Thread 7" [_thread_blocked, id=7348, stack(0x000000a776900000,0x000000a776a00000)]
  0x000001d115e20000 JavaThread "Cache worker for execution history cache (C:\Users\hippo\AndroidStudioProjects\Registration\Registration\.gradle\7.0.2\executionHistory)" [_thread_blocked, id=6480, stack(0x000000a776a00000,0x000000a776b00000)]
  0x000001d115e20800 JavaThread "WorkerExecutor Queue Thread 3" [_thread_blocked, id=16280, stack(0x000000a776d00000,0x000000a776e00000)]
  0x000001d115e1b800 JavaThread "WorkerExecutor Queue Thread 5" [_thread_blocked, id=13004, stack(0x000000a776f00000,0x000000a777000000)]
  0x000001d115e1c800 JavaThread "pool-7-thread-1" [_thread_blocked, id=15868, stack(0x000000a777000000,0x000000a777100000)]
  0x000001d11fe21000 JavaThread "stderr" [_thread_in_native, id=14884, stack(0x000000a777100000,0x000000a777200000)]
  0x000001d11fe1d800 JavaThread "stdout" [_thread_in_native, id=7872, stack(0x000000a777200000,0x000000a777300000)]
  0x000001d11fe22000 JavaThread "Cache worker for Java compile cache (C:\Users\hippo\.gradle\caches\7.0.2\javaCompile)" [_thread_blocked, id=10620, stack(0x000000a776b00000,0x000000a776c00000)]
  0x000001d11fe20000 JavaThread "Cache worker for Java compile cache (C:\Users\hippo\AndroidStudioProjects\Registration\Registration\.gradle\7.0.2\javaCompile)" [_thread_blocked, id=14416, stack(0x000000a776c00000,0x000000a776d00000)]

Other Threads:
=>0x000001d17ef64000 VMThread "VM Thread" [stack: 0x000000a772500000,0x000000a772600000] [id=2152]
  0x000001d17fa1b800 WatcherThread [stack: 0x000000a772f00000,0x000000a773000000] [id=1944]
  0x000001d177b18000 GCTaskThread "GC Thread#0" [stack: 0x000000a772000000,0x000000a772100000] [id=9432]
  0x000001d113b9b000 GCTaskThread "GC Thread#1" [stack: 0x000000a773200000,0x000000a773300000] [id=7396]
  0x000001d113be7000 GCTaskThread "GC Thread#2" [stack: 0x000000a773300000,0x000000a773400000] [id=16808]
  0x000001d115ca2800 GCTaskThread "GC Thread#3" [stack: 0x000000a773c00000,0x000000a773d00000] [id=12320]
  0x000001d1140c5800 GCTaskThread "GC Thread#4" [stack: 0x000000a773d00000,0x000000a773e00000] [id=11608]
  0x000001d1140c6800 GCTaskThread "GC Thread#5" [stack: 0x000000a773e00000,0x000000a773f00000] [id=1400]
  0x000001d115b2b000 GCTaskThread "GC Thread#6" [stack: 0x000000a773f00000,0x000000a774000000] [id=9476]
  0x000001d115b2c000 GCTaskThread "GC Thread#7" [stack: 0x000000a774000000,0x000000a774100000] [id=9276]
  0x000001d177b48800 ConcurrentGCThread "G1 Main Marker" [stack: 0x000000a772100000,0x000000a772200000] [id=16916]
  0x000001d177b4b000 ConcurrentGCThread "G1 Conc#0" [stack: 0x000000a772200000,0x000000a772300000] [id=5664]
  0x000001d17f95a800 ConcurrentGCThread "G1 Conc#1" [stack: 0x000000a774300000,0x000000a774400000] [id=2072]
  0x000001d177bd9800 ConcurrentGCThread "G1 Refine#0" [stack: 0x000000a772300000,0x000000a772400000] [id=6148]
  0x000001d17edb0800 ConcurrentGCThread "G1 Young RemSet Sampling" [stack: 0x000000a772400000,0x000000a772500000] [id=4252]

Threads with active compile tasks:
C2 CompilerThread01852873 16002       4       java.lang.ClassLoader::postDefineClass (39 bytes)

VM state:at safepoint (normal execution)

VM Mutex/Monitor currently owned by a thread:  ([mutex/lock_event])
[0x000001d177afad30] Threads_lock - owner thread: 0x000001d17ef64000
[0x000001d177afaee0] Heap_lock - owner thread: 0x000001d115e1a000

Heap address: 0x0000000080000000, size: 2048 MB, Compressed Oops mode: 32-bit
Narrow klass base: 0x0000000000000000, Narrow klass shift: 3
Compressed class space size: 1073741824 Address: 0x0000000100000000

Heap:
 garbage-first heap   total 244736K, used 127860K [0x0000000080000000, 0x0000000100000000)
  region size 1024K, 10 young (10240K), 8 survivors (8192K)
 Metaspace       used 127063K, capacity 130241K, committed 130304K, reserved 1177600K
  class space    used 15962K, capacity 17135K, committed 17152K, reserved 1048576K
Heap Regions: E=young(eden), S=young(survivor), O=old, HS=humongous(starts), HC=humongous(continues), CS=collection set, F=free, A=archive, TAMS=top-at-mark-start (previous, next)
|   0|0x0000000080000000, 0x0000000080100000, 0x0000000080100000|100%| O|  |TAMS 0x0000000080100000, 0x0000000080100000| Untracked 
|   1|0x0000000080100000, 0x0000000080200000, 0x0000000080200000|100%| O|  |TAMS 0x0000000080200000, 0x0000000080200000| Untracked 
|   2|0x0000000080200000, 0x0000000080300000, 0x0000000080300000|100%| O|  |TAMS 0x0000000080300000, 0x0000000080300000| Untracked 
|   3|0x0000000080300000, 0x0000000080400000, 0x0000000080400000|100%|HS|  |TAMS 0x0000000080400000, 0x0000000080400000| Complete 
|   4|0x0000000080400000, 0x0000000080500000, 0x0000000080500000|100%|HC|  |TAMS 0x0000000080500000, 0x0000000080500000| Complete 
|   5|0x0000000080500000, 0x0000000080600000, 0x0000000080600000|100%|HC|  |TAMS 0x0000000080600000, 0x0000000080600000| Complete 
|   6|0x0000000080600000, 0x0000000080700000, 0x0000000080700000|100%| O|  |TAMS 0x0000000080700000, 0x0000000080700000| Untracked 
|   7|0x0000000080700000, 0x0000000080800000, 0x0000000080800000|100%| O|  |TAMS 0x0000000080800000, 0x0000000080800000| Untracked 
|   8|0x0000000080800000, 0x0000000080900000, 0x0000000080900000|100%| O|  |TAMS 0x0000000080900000, 0x0000000080900000| Untracked 
|   9|0x0000000080900000, 0x0000000080a00000, 0x0000000080a00000|100%| O|  |TAMS 0x0000000080a00000, 0x0000000080a00000| Untracked 
|  10|0x0000000080a00000, 0x0000000080b00000, 0x0000000080b00000|100%| O|  |TAMS 0x0000000080b00000, 0x0000000080b00000| Untracked 
|  11|0x0000000080b00000, 0x0000000080c00000, 0x0000000080c00000|100%| O|  |TAMS 0x0000000080c00000, 0x0000000080c00000| Untracked 
|  12|0x0000000080c00000, 0x0000000080d00000, 0x0000000080d00000|100%| O|  |TAMS 0x0000000080d00000, 0x0000000080d00000| Untracked 
|  13|0x0000000080d00000, 0x0000000080e00000, 0x0000000080e00000|100%| O|  |TAMS 0x0000000080e00000, 0x0000000080e00000| Untracked 
|  14|0x0000000080e00000, 0x0000000080f00000, 0x0000000080f00000|100%| O|  |TAMS 0x0000000080f00000, 0x0000000080f00000| Untracked 
|  15|0x0000000080f00000, 0x0000000081000000, 0x0000000081000000|100%| O|  |TAMS 0x0000000081000000, 0x0000000081000000| Untracked 
|  16|0x0000000081000000, 0x0000000081100000, 0x0000000081100000|100%|HS|  |TAMS 0x0000000081100000, 0x0000000081100000| Complete 
|  17|0x0000000081100000, 0x0000000081200000, 0x0000000081200000|100%|HC|  |TAMS 0x0000000081200000, 0x0000000081200000| Complete 
|  18|0x0000000081200000, 0x0000000081300000, 0x0000000081300000|100%|HS|  |TAMS 0x0000000081300000, 0x0000000081300000| Complete 
|  19|0x0000000081300000, 0x0000000081400000, 0x0000000081400000|100%|HC|  |TAMS 0x0000000081400000, 0x0000000081400000| Complete 
|  20|0x0000000081400000, 0x0000000081500000, 0x0000000081500000|100%|HC|  |TAMS 0x0000000081500000, 0x0000000081500000| Complete 
|  21|0x0000000081500000, 0x0000000081600000, 0x0000000081600000|100%|HS|  |TAMS 0x0000000081600000, 0x0000000081600000| Complete 
|  22|0x0000000081600000, 0x0000000081700000, 0x0000000081700000|100%|HC|  |TAMS 0x0000000081700000, 0x0000000081700000| Complete 
|  23|0x0000000081700000, 0x0000000081800000, 0x0000000081800000|100%|HC|  |TAMS 0x0000000081800000, 0x0000000081800000| Complete 
|  24|0x0000000081800000, 0x0000000081900000, 0x0000000081900000|100%|HC|  |TAMS 0x0000000081900000, 0x0000000081900000| Complete 
|  25|0x0000000081900000, 0x0000000081a00000, 0x0000000081a00000|100%|HC|  |TAMS 0x0000000081a00000, 0x0000000081a00000| Complete 
|  26|0x0000000081a00000, 0x0000000081b00000, 0x0000000081b00000|100%| O|  |TAMS 0x0000000081b00000, 0x0000000081b00000| Untracked 
|  27|0x0000000081b00000, 0x0000000081c00000, 0x0000000081c00000|100%| O|  |TAMS 0x0000000081c00000, 0x0000000081c00000| Untracked 
|  28|0x0000000081c00000, 0x0000000081d00000, 0x0000000081d00000|100%| O|  |TAMS 0x0000000081d00000, 0x0000000081d00000| Untracked 
|  29|0x0000000081d00000, 0x0000000081e00000, 0x0000000081e00000|100%| O|  |TAMS 0x0000000081e00000, 0x0000000081e00000| Untracked 
|  30|0x0000000081e00000, 0x0000000081f00000, 0x0000000081f00000|100%| O|  |TAMS 0x0000000081f00000, 0x0000000081f00000| Untracked 
|  31|0x0000000081f00000, 0x0000000082000000, 0x0000000082000000|100%| O|  |TAMS 0x0000000082000000, 0x0000000082000000| Untracked 
|  32|0x0000000082000000, 0x0000000082100000, 0x0000000082100000|100%| O|  |TAMS 0x0000000082100000, 0x0000000082100000| Untracked 
|  33|0x0000000082100000, 0x0000000082200000, 0x0000000082200000|100%| O|  |TAMS 0x0000000082200000, 0x0000000082200000| Untracked 
|  34|0x0000000082200000, 0x0000000082300000, 0x0000000082300000|100%| O|  |TAMS 0x0000000082300000, 0x0000000082300000| Untracked 
|  35|0x0000000082300000, 0x0000000082400000, 0x0000000082400000|100%|HS|  |TAMS 0x0000000082400000, 0x0000000082400000| Complete 
|  36|0x0000000082400000, 0x0000000082500000, 0x0000000082500000|100%|HC|  |TAMS 0x0000000082500000, 0x0000000082500000| Complete 
|  37|0x0000000082500000, 0x0000000082600000, 0x0000000082600000|100%|HC|  |TAMS 0x0000000082600000, 0x0000000082600000| Complete 
|  38|0x0000000082600000, 0x0000000082700000, 0x0000000082700000|100%|HC|  |TAMS 0x0000000082700000, 0x0000000082700000| Complete 
|  39|0x0000000082700000, 0x0000000082800000, 0x0000000082800000|100%|HC|  |TAMS 0x0000000082800000, 0x0000000082800000| Complete 
|  40|0x0000000082800000, 0x0000000082900000, 0x0000000082900000|100%| O|  |TAMS 0x0000000082900000, 0x0000000082900000| Untracked 
|  41|0x0000000082900000, 0x0000000082a00000, 0x0000000082a00000|100%| O|  |TAMS 0x0000000082a00000, 0x0000000082a00000| Untracked 
|  42|0x0000000082a00000, 0x0000000082b00000, 0x0000000082b00000|100%| O|  |TAMS 0x0000000082b00000, 0x0000000082b00000| Untracked 
|  43|0x0000000082b00000, 0x0000000082c00000, 0x0000000082c00000|100%| O|  |TAMS 0x0000000082c00000, 0x0000000082c00000| Untracked 
|  44|0x0000000082c00000, 0x0000000082d00000, 0x0000000082d00000|100%| O|  |TAMS 0x0000000082d00000, 0x0000000082d00000| Untracked 
|  45|0x0000000082d00000, 0x0000000082e00000, 0x0000000082e00000|100%| O|  |TAMS 0x0000000082e00000, 0x0000000082e00000| Untracked 
|  46|0x0000000082e00000, 0x0000000082f00000, 0x0000000082f00000|100%|HS|  |TAMS 0x0000000082f00000, 0x0000000082f00000| Complete 
|  47|0x0000000082f00000, 0x0000000083000000, 0x0000000083000000|100%|HC|  |TAMS 0x0000000083000000, 0x0000000083000000| Complete 
|  48|0x0000000083000000, 0x0000000083100000, 0x0000000083100000|100%|HC|  |TAMS 0x0000000083100000, 0x0000000083100000| Complete 
|  49|0x0000000083100000, 0x0000000083200000, 0x0000000083200000|100%| O|  |TAMS 0x0000000083200000, 0x0000000083200000| Untracked 
|  50|0x0000000083200000, 0x0000000083300000, 0x0000000083300000|100%| O|  |TAMS 0x0000000083300000, 0x0000000083300000| Untracked 
|  51|0x0000000083300000, 0x0000000083400000, 0x0000000083400000|100%| O|  |TAMS 0x0000000083400000, 0x0000000083400000| Untracked 
|  52|0x0000000083400000, 0x0000000083500000, 0x0000000083500000|100%| O|  |TAMS 0x0000000083500000, 0x0000000083500000| Untracked 
|  53|0x0000000083500000, 0x0000000083600000, 0x0000000083600000|100%| O|  |TAMS 0x0000000083600000, 0x0000000083600000| Untracked 
|  54|0x0000000083600000, 0x0000000083700000, 0x0000000083700000|100%|HS|  |TAMS 0x0000000083700000, 0x0000000083700000| Complete 
|  55|0x0000000083700000, 0x0000000083800000, 0x0000000083800000|100%|HS|  |TAMS 0x0000000083800000, 0x0000000083800000| Complete 
|  56|0x0000000083800000, 0x0000000083900000, 0x0000000083900000|100%| O|  |TAMS 0x0000000083900000, 0x0000000083900000| Untracked 
|  57|0x0000000083900000, 0x0000000083a00000, 0x0000000083a00000|100%| O|  |TAMS 0x0000000083a00000, 0x0000000083a00000| Untracked 
|  58|0x0000000083a00000, 0x0000000083b00000, 0x0000000083b00000|100%| O|  |TAMS 0x0000000083b00000, 0x0000000083b00000| Untracked 
|  59|0x0000000083b00000, 0x0000000083c00000, 0x0000000083c00000|100%| O|  |TAMS 0x0000000083c00000, 0x0000000083c00000| Untracked 
|  60|0x0000000083c00000, 0x0000000083d00000, 0x0000000083d00000|100%| O|  |TAMS 0x0000000083d00000, 0x0000000083d00000| Untracked 
|  61|0x0000000083d00000, 0x0000000083e00000, 0x0000000083e00000|100%| O|  |TAMS 0x0000000083e00000, 0x0000000083e00000| Untracked 
|  62|0x0000000083e00000, 0x0000000083f00000, 0x0000000083f00000|100%| O|  |TAMS 0x0000000083f00000, 0x0000000083f00000| Untracked 
|  63|0x0000000083f00000, 0x0000000084000000, 0x0000000084000000|100%| O|  |TAMS 0x0000000083f00000, 0x0000000084000000| Untracked 
|  64|0x0000000084000000, 0x0000000084100000, 0x0000000084100000|100%| O|  |TAMS 0x0000000084000000, 0x0000000084100000| Untracked 
|  65|0x0000000084100000, 0x0000000084200000, 0x0000000084200000|100%|HS|  |TAMS 0x0000000084200000, 0x0000000084200000| Complete 
|  66|0x0000000084200000, 0x0000000084300000, 0x0000000084300000|100%|HC|  |TAMS 0x0000000084300000, 0x0000000084300000| Complete 
|  67|0x0000000084300000, 0x0000000084400000, 0x0000000084400000|100%| O|  |TAMS 0x0000000084400000, 0x0000000084400000| Untracked 
|  68|0x0000000084400000, 0x0000000084500000, 0x0000000084500000|100%| O|  |TAMS 0x0000000084500000, 0x0000000084500000| Untracked 
|  69|0x0000000084500000, 0x0000000084600000, 0x0000000084600000|100%| O|  |TAMS 0x0000000084600000, 0x0000000084600000| Untracked 
|  70|0x0000000084600000, 0x0000000084700000, 0x0000000084700000|100%| O|  |TAMS 0x0000000084600000, 0x0000000084700000| Untracked 
|  71|0x0000000084700000, 0x0000000084800000, 0x0000000084800000|100%| O|  |TAMS 0x0000000084700000, 0x0000000084800000| Untracked 
|  72|0x0000000084800000, 0x0000000084900000, 0x0000000084900000|100%| O|  |TAMS 0x0000000084900000, 0x0000000084900000| Untracked 
|  73|0x0000000084900000, 0x0000000084a00000, 0x0000000084a00000|100%| O|  |TAMS 0x0000000084a00000, 0x0000000084a00000| Untracked 
|  74|0x0000000084a00000, 0x0000000084b00000, 0x0000000084b00000|100%| O|  |TAMS 0x0000000084a00000, 0x0000000084b00000| Untracked 
|  75|0x0000000084b00000, 0x0000000084c00000, 0x0000000084c00000|100%| O|  |TAMS 0x0000000084c00000, 0x0000000084c00000| Untracked 
|  76|0x0000000084c00000, 0x0000000084d00000, 0x0000000084d00000|100%| O|  |TAMS 0x0000000084d00000, 0x0000000084d00000| Untracked 
|  77|0x0000000084d00000, 0x0000000084e00000, 0x0000000084e00000|100%| O|  |TAMS 0x0000000084e00000, 0x0000000084e00000| Untracked 
|  78|0x0000000084e00000, 0x0000000084f00000, 0x0000000084f00000|100%| O|  |TAMS 0x0000000084f00000, 0x0000000084f00000| Untracked 
|  79|0x0000000084f00000, 0x0000000085000000, 0x0000000085000000|100%| O|  |TAMS 0x0000000085000000, 0x0000000085000000| Untracked 
|  80|0x0000000085000000, 0x0000000085100000, 0x0000000085100000|100%| O|  |TAMS 0x0000000085100000, 0x0000000085100000| Untracked 
|  81|0x0000000085100000, 0x0000000085200000, 0x0000000085200000|100%| O|  |TAMS 0x0000000085200000, 0x0000000085200000| Untracked 
|  82|0x0000000085200000, 0x0000000085300000, 0x0000000085300000|100%| O|  |TAMS 0x0000000085300000, 0x0000000085300000| Untracked 
|  83|0x0000000085300000, 0x0000000085400000, 0x0000000085400000|100%| O|  |TAMS 0x0000000085400000, 0x0000000085400000| Untracked 
|  84|0x0000000085400000, 0x0000000085500000, 0x0000000085500000|100%| O|  |TAMS 0x0000000085500000, 0x0000000085500000| Untracked 
|  85|0x0000000085500000, 0x0000000085600000, 0x0000000085600000|100%| O|  |TAMS 0x0000000085600000, 0x0000000085600000| Untracked 
|  86|0x0000000085600000, 0x0000000085600000, 0x0000000085700000|  0%| F|  |TAMS 0x0000000085600000, 0x0000000085600000| Untracked 
|  87|0x0000000085700000, 0x0000000085800000, 0x0000000085800000|100%| O|  |TAMS 0x0000000085800000, 0x0000000085800000| Untracked 
|  88|0x0000000085800000, 0x0000000085900000, 0x0000000085900000|100%| O|  |TAMS 0x0000000085900000, 0x0000000085900000| Untracked 
|  89|0x0000000085900000, 0x0000000085a00000, 0x0000000085a00000|100%| O|  |TAMS 0x0000000085a00000, 0x0000000085a00000| Untracked 
|  90|0x0000000085a00000, 0x0000000085b00000, 0x0000000085b00000|100%| O|  |TAMS 0x0000000085b00000, 0x0000000085b00000| Untracked 
|  91|0x0000000085b00000, 0x0000000085c00000, 0x0000000085c00000|100%| O|  |TAMS 0x0000000085c00000, 0x0000000085c00000| Untracked 
|  92|0x0000000085c00000, 0x0000000085d00000, 0x0000000085d00000|100%| O|  |TAMS 0x0000000085d00000, 0x0000000085d00000| Untracked 
|  93|0x0000000085d00000, 0x0000000085e00000, 0x0000000085e00000|100%| O|  |TAMS 0x0000000085e00000, 0x0000000085e00000| Untracked 
|  94|0x0000000085e00000, 0x0000000085f00000, 0x0000000085f00000|100%| O|  |TAMS 0x0000000085f00000, 0x0000000085f00000| Untracked 
|  95|0x0000000085f00000, 0x0000000086000000, 0x0000000086000000|100%| O|  |TAMS 0x0000000086000000, 0x0000000086000000| Untracked 
|  96|0x0000000086000000, 0x0000000086100000, 0x0000000086100000|100%| O|  |TAMS 0x0000000086100000, 0x0000000086100000| Untracked 
|  97|0x0000000086100000, 0x0000000086100000, 0x0000000086200000|  0%| F|  |TAMS 0x0000000086100000, 0x0000000086100000| Untracked 
|  98|0x0000000086200000, 0x0000000086300000, 0x0000000086300000|100%| O|  |TAMS 0x0000000086300000, 0x0000000086300000| Untracked 
|  99|0x0000000086300000, 0x0000000086400000, 0x0000000086400000|100%| O|  |TAMS 0x0000000086400000, 0x0000000086400000| Untracked 
| 100|0x0000000086400000, 0x0000000086500000, 0x0000000086500000|100%| O|  |TAMS 0x0000000086500000, 0x0000000086500000| Untracked 
| 101|0x0000000086500000, 0x0000000086600000, 0x0000000086600000|100%| O|  |TAMS 0x0000000086600000, 0x0000000086600000| Untracked 
| 102|0x0000000086600000, 0x0000000086700000, 0x0000000086700000|100%| O|  |TAMS 0x0000000086700000, 0x0000000086700000| Untracked 
| 103|0x0000000086700000, 0x0000000086700000, 0x0000000086800000|  0%| F|  |TAMS 0x0000000086700000, 0x0000000086700000| Untracked 
| 104|0x0000000086800000, 0x0000000086900000, 0x0000000086900000|100%| O|  |TAMS 0x0000000086900000, 0x0000000086900000| Untracked 
| 105|0x0000000086900000, 0x0000000086a00000, 0x0000000086a00000|100%| O|  |TAMS 0x0000000086a00000, 0x0000000086a00000| Untracked 
| 106|0x0000000086a00000, 0x0000000086b00000, 0x0000000086b00000|100%| O|  |TAMS 0x0000000086b00000, 0x0000000086b00000| Untracked 
| 107|0x0000000086b00000, 0x0000000086c00000, 0x0000000086c00000|100%| O|  |TAMS 0x0000000086c00000, 0x0000000086c00000| Untracked 
| 108|0x0000000086c00000, 0x0000000086d00000, 0x0000000086d00000|100%| O|  |TAMS 0x0000000086d00000, 0x0000000086d00000| Untracked 
| 109|0x0000000086d00000, 0x0000000086e00000, 0x0000000086e00000|100%| O|  |TAMS 0x0000000086e00000, 0x0000000086e00000| Untracked 
| 110|0x0000000086e00000, 0x0000000086f00000, 0x0000000086f00000|100%| O|  |TAMS 0x0000000086f00000, 0x0000000086f00000| Untracked 
| 111|0x0000000086f00000, 0x0000000087000000, 0x0000000087000000|100%| O|  |TAMS 0x0000000087000000, 0x0000000087000000| Untracked 
| 112|0x0000000087000000, 0x0000000087100000, 0x0000000087100000|100%| O|  |TAMS 0x0000000087100000, 0x0000000087100000| Untracked 
| 113|0x0000000087100000, 0x0000000087100000, 0x0000000087200000|  0%| F|  |TAMS 0x0000000087100000, 0x0000000087100000| Untracked 
| 114|0x0000000087200000, 0x0000000087300000, 0x0000000087300000|100%| O|  |TAMS 0x0000000087300000, 0x0000000087300000| Untracked 
| 115|0x0000000087300000, 0x0000000087300000, 0x0000000087400000|  0%| F|  |TAMS 0x0000000087300000, 0x0000000087300000| Untracked 
| 116|0x0000000087400000, 0x0000000087500000, 0x0000000087500000|100%| O|  |TAMS 0x0000000087400000, 0x0000000087500000| Untracked 
| 117|0x0000000087500000, 0x0000000087600000, 0x0000000087600000|100%| O|  |TAMS 0x0000000087500000, 0x0000000087600000| Untracked 
| 118|0x0000000087600000, 0x0000000087700000, 0x0000000087700000|100%| O|  |TAMS 0x0000000087600000, 0x0000000087700000| Untracked 
| 119|0x0000000087700000, 0x0000000087775800, 0x0000000087800000| 45%| O|  |TAMS 0x0000000087700000, 0x0000000087775800| Untracked 
| 120|0x0000000087800000, 0x0000000087800000, 0x0000000087900000|  0%| F|  |TAMS 0x0000000087800000, 0x0000000087800000| Untracked 
| 121|0x0000000087900000, 0x0000000087900000, 0x0000000087a00000|  0%| F|  |TAMS 0x0000000087900000, 0x0000000087900000| Untracked 
| 122|0x0000000087a00000, 0x0000000087a00000, 0x0000000087b00000|  0%| F|  |TAMS 0x0000000087a00000, 0x0000000087a00000| Untracked 
| 123|0x0000000087b00000, 0x0000000087b00000, 0x0000000087c00000|  0%| F|  |TAMS 0x0000000087b00000, 0x0000000087b00000| Untracked 
| 124|0x0000000087c00000, 0x0000000087c00000, 0x0000000087d00000|  0%| F|  |TAMS 0x0000000087c00000, 0x0000000087c00000| Untracked 
| 125|0x0000000087d00000, 0x0000000087d00000, 0x0000000087e00000|  0%| F|  |TAMS 0x0000000087d00000, 0x0000000087d00000| Untracked 
| 126|0x0000000087e00000, 0x0000000087e00000, 0x0000000087f00000|  0%| F|  |TAMS 0x0000000087e00000, 0x0000000087e00000| Untracked 
| 127|0x0000000087f00000, 0x0000000087f00000, 0x0000000088000000|  0%| F|  |TAMS 0x0000000087f00000, 0x0000000087f00000| Untracked 
| 128|0x0000000088000000, 0x0000000088100000, 0x0000000088100000|100%| O|  |TAMS 0x0000000088100000, 0x0000000088100000| Untracked 
| 129|0x0000000088100000, 0x0000000088100000, 0x0000000088200000|  0%| F|  |TAMS 0x0000000088100000, 0x0000000088100000| Untracked 
| 130|0x0000000088200000, 0x0000000088200000, 0x0000000088300000|  0%| F|  |TAMS 0x0000000088200000, 0x0000000088200000| Untracked 
| 131|0x0000000088300000, 0x0000000088300000, 0x0000000088400000|  0%| F|  |TAMS 0x0000000088300000, 0x0000000088300000| Untracked 
| 132|0x0000000088400000, 0x0000000088500000, 0x0000000088500000|100%| O|  |TAMS 0x0000000088431800, 0x0000000088500000| Untracked 
| 133|0x0000000088500000, 0x0000000088500000, 0x0000000088600000|  0%| F|  |TAMS 0x0000000088500000, 0x0000000088500000| Untracked 
| 134|0x0000000088600000, 0x0000000088600000, 0x0000000088700000|  0%| F|  |TAMS 0x0000000088600000, 0x0000000088600000| Untracked 
| 135|0x0000000088700000, 0x0000000088700000, 0x0000000088800000|  0%| F|  |TAMS 0x0000000088700000, 0x0000000088700000| Untracked 
| 136|0x0000000088800000, 0x0000000088800000, 0x0000000088900000|  0%| F|  |TAMS 0x0000000088800000, 0x0000000088800000| Untracked 
| 137|0x0000000088900000, 0x0000000088900000, 0x0000000088a00000|  0%| F|  |TAMS 0x0000000088900000, 0x0000000088900000| Untracked 
| 138|0x0000000088a00000, 0x0000000088a00000, 0x0000000088b00000|  0%| F|  |TAMS 0x0000000088a00000, 0x0000000088a00000| Untracked 
| 139|0x0000000088b00000, 0x0000000088b00000, 0x0000000088c00000|  0%| F|  |TAMS 0x0000000088b00000, 0x0000000088b00000| Untracked 
| 140|0x0000000088c00000, 0x0000000088c00000, 0x0000000088d00000|  0%| F|  |TAMS 0x0000000088c00000, 0x0000000088c00000| Untracked 
| 141|0x0000000088d00000, 0x0000000088d00000, 0x0000000088e00000|  0%| F|  |TAMS 0x0000000088d00000, 0x0000000088d00000| Untracked 
| 142|0x0000000088e00000, 0x0000000088e00000, 0x0000000088f00000|  0%| F|  |TAMS 0x0000000088e00000, 0x0000000088e00000| Untracked 
| 143|0x0000000088f00000, 0x0000000088f00000, 0x0000000089000000|  0%| F|  |TAMS 0x0000000088f00000, 0x0000000088f00000| Untracked 
| 144|0x0000000089000000, 0x0000000089000000, 0x0000000089100000|  0%| F|  |TAMS 0x0000000089000000, 0x0000000089000000| Untracked 
| 145|0x0000000089100000, 0x0000000089100000, 0x0000000089200000|  0%| F|  |TAMS 0x0000000089100000, 0x0000000089100000| Untracked 
| 146|0x0000000089200000, 0x0000000089200000, 0x0000000089300000|  0%| F|  |TAMS 0x0000000089200000, 0x0000000089200000| Untracked 
| 147|0x0000000089300000, 0x0000000089300000, 0x0000000089400000|  0%| F|  |TAMS 0x0000000089300000, 0x0000000089300000| Untracked 
| 148|0x0000000089400000, 0x0000000089400000, 0x0000000089500000|  0%| F|  |TAMS 0x0000000089400000, 0x0000000089400000| Untracked 
| 149|0x0000000089500000, 0x0000000089500000, 0x0000000089600000|  0%| F|  |TAMS 0x0000000089500000, 0x0000000089500000| Untracked 
| 150|0x0000000089600000, 0x0000000089600000, 0x0000000089700000|  0%| F|  |TAMS 0x0000000089600000, 0x0000000089600000| Untracked 
| 151|0x0000000089700000, 0x0000000089700000, 0x0000000089800000|  0%| F|  |TAMS 0x0000000089700000, 0x0000000089700000| Untracked 
| 152|0x0000000089800000, 0x0000000089800000, 0x0000000089900000|  0%| F|  |TAMS 0x0000000089800000, 0x0000000089800000| Untracked 
| 153|0x0000000089900000, 0x0000000089900000, 0x0000000089a00000|  0%| F|  |TAMS 0x0000000089900000, 0x0000000089900000| Untracked 
| 154|0x0000000089a00000, 0x0000000089a00000, 0x0000000089b00000|  0%| F|  |TAMS 0x0000000089a00000, 0x0000000089a00000| Untracked 
| 155|0x0000000089b00000, 0x0000000089b00000, 0x0000000089c00000|  0%| F|  |TAMS 0x0000000089b00000, 0x0000000089b00000| Untracked 
| 156|0x0000000089c00000, 0x0000000089c00000, 0x0000000089d00000|  0%| F|  |TAMS 0x0000000089c00000, 0x0000000089c00000| Untracked 
| 157|0x0000000089d00000, 0x0000000089d00000, 0x0000000089e00000|  0%| F|  |TAMS 0x0000000089d00000, 0x0000000089d00000| Untracked 
| 158|0x0000000089e00000, 0x0000000089e00000, 0x0000000089f00000|  0%| F|  |TAMS 0x0000000089e00000, 0x0000000089e00000| Untracked 
| 159|0x0000000089f00000, 0x0000000089f00000, 0x000000008a000000|  0%| F|  |TAMS 0x0000000089f00000, 0x0000000089f00000| Untracked 
| 160|0x000000008a000000, 0x000000008a000000, 0x000000008a100000|  0%| F|  |TAMS 0x000000008a000000, 0x000000008a000000| Untracked 
| 161|0x000000008a100000, 0x000000008a100000, 0x000000008a200000|  0%| F|  |TAMS 0x000000008a100000, 0x000000008a100000| Untracked 
| 162|0x000000008a200000, 0x000000008a200000, 0x000000008a300000|  0%| F|  |TAMS 0x000000008a200000, 0x000000008a200000| Untracked 
| 163|0x000000008a300000, 0x000000008a300000, 0x000000008a400000|  0%| F|  |TAMS 0x000000008a300000, 0x000000008a300000| Untracked 
| 164|0x000000008a400000, 0x000000008a400000, 0x000000008a500000|  0%| F|  |TAMS 0x000000008a400000, 0x000000008a400000| Untracked 
| 165|0x000000008a500000, 0x000000008a500000, 0x000000008a600000|  0%| F|  |TAMS 0x000000008a500000, 0x000000008a500000| Untracked 
| 166|0x000000008a600000, 0x000000008a600000, 0x000000008a700000|  0%| F|  |TAMS 0x000000008a600000, 0x000000008a600000| Untracked 
| 167|0x000000008a700000, 0x000000008a700000, 0x000000008a800000|  0%| F|  |TAMS 0x000000008a700000, 0x000000008a700000| Untracked 
| 168|0x000000008a800000, 0x000000008a800000, 0x000000008a900000|  0%| F|  |TAMS 0x000000008a800000, 0x000000008a800000| Untracked 
| 169|0x000000008a900000, 0x000000008a900000, 0x000000008aa00000|  0%| F|  |TAMS 0x000000008a900000, 0x000000008a900000| Untracked 
| 170|0x000000008aa00000, 0x000000008aa00000, 0x000000008ab00000|  0%| F|  |TAMS 0x000000008aa00000, 0x000000008aa00000| Untracked 
| 171|0x000000008ab00000, 0x000000008ab00000, 0x000000008ac00000|  0%| F|  |TAMS 0x000000008ab00000, 0x000000008ab00000| Untracked 
| 172|0x000000008ac00000, 0x000000008ac00000, 0x000000008ad00000|  0%| F|  |TAMS 0x000000008ac00000, 0x000000008ac00000| Untracked 
| 173|0x000000008ad00000, 0x000000008ad00000, 0x000000008ae00000|  0%| F|  |TAMS 0x000000008ad00000, 0x000000008ad00000| Untracked 
| 174|0x000000008ae00000, 0x000000008ae00000, 0x000000008af00000|  0%| F|  |TAMS 0x000000008ae00000, 0x000000008ae00000| Untracked 
| 175|0x000000008af00000, 0x000000008af00000, 0x000000008b000000|  0%| F|  |TAMS 0x000000008af00000, 0x000000008af00000| Untracked 
| 176|0x000000008b000000, 0x000000008b000000, 0x000000008b100000|  0%| F|  |TAMS 0x000000008b000000, 0x000000008b000000| Untracked 
| 177|0x000000008b100000, 0x000000008b100000, 0x000000008b200000|  0%| F|  |TAMS 0x000000008b100000, 0x000000008b100000| Untracked 
| 178|0x000000008b200000, 0x000000008b200000, 0x000000008b300000|  0%| F|  |TAMS 0x000000008b200000, 0x000000008b200000| Untracked 
| 179|0x000000008b300000, 0x000000008b300000, 0x000000008b400000|  0%| F|  |TAMS 0x000000008b300000, 0x000000008b300000| Untracked 
| 180|0x000000008b400000, 0x000000008b400000, 0x000000008b500000|  0%| F|  |TAMS 0x000000008b400000, 0x000000008b400000| Untracked 
| 181|0x000000008b500000, 0x000000008b500000, 0x000000008b600000|  0%| F|  |TAMS 0x000000008b500000, 0x000000008b500000| Untracked 
| 182|0x000000008b600000, 0x000000008b600000, 0x000000008b700000|  0%| F|  |TAMS 0x000000008b600000, 0x000000008b600000| Untracked 
| 183|0x000000008b700000, 0x000000008b700000, 0x000000008b800000|  0%| F|  |TAMS 0x000000008b700000, 0x000000008b700000| Untracked 
| 184|0x000000008b800000, 0x000000008b800000, 0x000000008b900000|  0%| F|  |TAMS 0x000000008b800000, 0x000000008b800000| Untracked 
| 185|0x000000008b900000, 0x000000008b900000, 0x000000008ba00000|  0%| F|  |TAMS 0x000000008b900000, 0x000000008b900000| Untracked 
| 186|0x000000008ba00000, 0x000000008ba00000, 0x000000008bb00000|  0%| F|  |TAMS 0x000000008ba00000, 0x000000008ba00000| Untracked 
| 187|0x000000008bb00000, 0x000000008bb00000, 0x000000008bc00000|  0%| F|  |TAMS 0x000000008bb00000, 0x000000008bb00000| Untracked 
| 188|0x000000008bc00000, 0x000000008bc00000, 0x000000008bd00000|  0%| F|  |TAMS 0x000000008bc00000, 0x000000008bc00000| Untracked 
| 189|0x000000008bd00000, 0x000000008bd00000, 0x000000008be00000|  0%| F|  |TAMS 0x000000008bd00000, 0x000000008bd00000| Untracked 
| 190|0x000000008be00000, 0x000000008be00000, 0x000000008bf00000|  0%| F|  |TAMS 0x000000008be00000, 0x000000008be00000| Untracked 
| 191|0x000000008bf00000, 0x000000008bf00000, 0x000000008c000000|  0%| F|  |TAMS 0x000000008bf00000, 0x000000008bf00000| Untracked 
| 192|0x000000008c000000, 0x000000008c000000, 0x000000008c100000|  0%| F|  |TAMS 0x000000008c000000, 0x000000008c000000| Untracked 
| 193|0x000000008c100000, 0x000000008c100000, 0x000000008c200000|  0%| F|  |TAMS 0x000000008c100000, 0x000000008c100000| Untracked 
| 194|0x000000008c200000, 0x000000008c200000, 0x000000008c300000|  0%| F|  |TAMS 0x000000008c200000, 0x000000008c200000| Untracked 
| 195|0x000000008c300000, 0x000000008c367840, 0x000000008c400000| 40%| S|CS|TAMS 0x000000008c300000, 0x000000008c300000| Complete 
| 196|0x000000008c400000, 0x000000008c500000, 0x000000008c500000|100%| S|CS|TAMS 0x000000008c400000, 0x000000008c400000| Complete 
| 197|0x000000008c500000, 0x000000008c600000, 0x000000008c600000|100%| S|CS|TAMS 0x000000008c500000, 0x000000008c500000| Complete 
| 198|0x000000008c600000, 0x000000008c700000, 0x000000008c700000|100%| S|CS|TAMS 0x000000008c600000, 0x000000008c600000| Complete 
| 199|0x000000008c700000, 0x000000008c800000, 0x000000008c800000|100%| S|CS|TAMS 0x000000008c700000, 0x000000008c700000| Complete 
| 200|0x000000008c800000, 0x000000008c900000, 0x000000008c900000|100%| S|CS|TAMS 0x000000008c800000, 0x000000008c800000| Complete 
| 201|0x000000008c900000, 0x000000008ca00000, 0x000000008ca00000|100%| S|CS|TAMS 0x000000008c900000, 0x000000008c900000| Complete 
| 202|0x000000008ca00000, 0x000000008cb00000, 0x000000008cb00000|100%| S|CS|TAMS 0x000000008ca00000, 0x000000008ca00000| Complete 
| 203|0x000000008cb00000, 0x000000008cb00000, 0x000000008cc00000|  0%| F|  |TAMS 0x000000008cb00000, 0x000000008cb00000| Untracked 
| 204|0x000000008cc00000, 0x000000008cc00000, 0x000000008cd00000|  0%| F|  |TAMS 0x000000008cc00000, 0x000000008cc00000| Untracked 
| 205|0x000000008cd00000, 0x000000008cd00000, 0x000000008ce00000|  0%| F|  |TAMS 0x000000008cd00000, 0x000000008cd00000| Untracked 
| 206|0x000000008ce00000, 0x000000008ce00000, 0x000000008cf00000|  0%| F|  |TAMS 0x000000008ce00000, 0x000000008ce00000| Untracked 
| 207|0x000000008cf00000, 0x000000008cf00000, 0x000000008d000000|  0%| F|  |TAMS 0x000000008cf00000, 0x000000008cf00000| Untracked 
| 208|0x000000008d000000, 0x000000008d000000, 0x000000008d100000|  0%| F|  |TAMS 0x000000008d000000, 0x000000008d000000| Untracked 
| 209|0x000000008d100000, 0x000000008d100000, 0x000000008d200000|  0%| F|  |TAMS 0x000000008d100000, 0x000000008d100000| Untracked 
| 210|0x000000008d200000, 0x000000008d200000, 0x000000008d300000|  0%| F|  |TAMS 0x000000008d200000, 0x000000008d200000| Untracked 
| 211|0x000000008d300000, 0x000000008d300000, 0x000000008d400000|  0%| F|  |TAMS 0x000000008d300000, 0x000000008d300000| Untracked 
| 212|0x000000008d400000, 0x000000008d400000, 0x000000008d500000|  0%| F|  |TAMS 0x000000008d400000, 0x000000008d400000| Untracked 
| 213|0x000000008d500000, 0x000000008d500000, 0x000000008d600000|  0%| F|  |TAMS 0x000000008d500000, 0x000000008d500000| Untracked 
| 214|0x000000008d600000, 0x000000008d600000, 0x000000008d700000|  0%| F|  |TAMS 0x000000008d600000, 0x000000008d600000| Untracked 
| 215|0x000000008d700000, 0x000000008d700000, 0x000000008d800000|  0%| F|  |TAMS 0x000000008d700000, 0x000000008d700000| Untracked 
| 216|0x000000008d800000, 0x000000008d800000, 0x000000008d900000|  0%| F|  |TAMS 0x000000008d800000, 0x000000008d800000| Untracked 
| 217|0x000000008d900000, 0x000000008d900000, 0x000000008da00000|  0%| F|  |TAMS 0x000000008d900000, 0x000000008d900000| Untracked 
| 218|0x000000008da00000, 0x000000008da00000, 0x000000008db00000|  0%| F|  |TAMS 0x000000008da00000, 0x000000008da00000| Untracked 
| 219|0x000000008db00000, 0x000000008db00000, 0x000000008dc00000|  0%| F|  |TAMS 0x000000008db00000, 0x000000008db00000| Untracked 
| 220|0x000000008dc00000, 0x000000008dc00000, 0x000000008dd00000|  0%| F|  |TAMS 0x000000008dc00000, 0x000000008dc00000| Untracked 
| 221|0x000000008dd00000, 0x000000008dd00000, 0x000000008de00000|  0%| F|  |TAMS 0x000000008dd00000, 0x000000008dd00000| Untracked 
| 222|0x000000008de00000, 0x000000008de00000, 0x000000008df00000|  0%| F|  |TAMS 0x000000008de00000, 0x000000008de00000| Untracked 
| 223|0x000000008df00000, 0x000000008df00000, 0x000000008e000000|  0%| F|  |TAMS 0x000000008df00000, 0x000000008df00000| Untracked 
| 224|0x000000008e000000, 0x000000008e000000, 0x000000008e100000|  0%| F|  |TAMS 0x000000008e000000, 0x000000008e000000| Untracked 
| 225|0x000000008e100000, 0x000000008e100000, 0x000000008e200000|  0%| F|  |TAMS 0x000000008e100000, 0x000000008e100000| Untracked 
| 226|0x000000008e200000, 0x000000008e200000, 0x000000008e300000|  0%| F|  |TAMS 0x000000008e200000, 0x000000008e200000| Untracked 
| 227|0x000000008e300000, 0x000000008e300000, 0x000000008e400000|  0%| F|  |TAMS 0x000000008e300000, 0x000000008e300000| Untracked 
| 228|0x000000008e400000, 0x000000008e400000, 0x000000008e500000|  0%| F|  |TAMS 0x000000008e400000, 0x000000008e400000| Untracked 
| 229|0x000000008e500000, 0x000000008e500000, 0x000000008e600000|  0%| F|  |TAMS 0x000000008e500000, 0x000000008e500000| Untracked 
| 230|0x000000008e600000, 0x000000008e600000, 0x000000008e700000|  0%| F|  |TAMS 0x000000008e600000, 0x000000008e600000| Untracked 
| 231|0x000000008e700000, 0x000000008e700000, 0x000000008e800000|  0%| F|  |TAMS 0x000000008e700000, 0x000000008e700000| Untracked 
| 232|0x000000008e800000, 0x000000008e800000, 0x000000008e900000|  0%| F|  |TAMS 0x000000008e800000, 0x000000008e800000| Untracked 
| 233|0x000000008e900000, 0x000000008e900000, 0x000000008ea00000|  0%| F|  |TAMS 0x000000008e900000, 0x000000008e900000| Untracked 
| 234|0x000000008ea00000, 0x000000008ea00000, 0x000000008eb00000|  0%| F|  |TAMS 0x000000008ea00000, 0x000000008ea00000| Untracked 
| 235|0x000000008eb00000, 0x000000008eb00000, 0x000000008ec00000|  0%| F|  |TAMS 0x000000008eb00000, 0x000000008eb00000| Untracked 
| 236|0x000000008ec00000, 0x000000008ec00000, 0x000000008ed00000|  0%| F|  |TAMS 0x000000008ec00000, 0x000000008ec00000| Untracked 
| 237|0x000000008ed00000, 0x000000008ed66478, 0x000000008ee00000| 39%| E|  |TAMS 0x000000008ed00000, 0x000000008ed00000| Complete 
| 238|0x000000008ee00000, 0x000000008ef00000, 0x000000008ef00000|100%| E|CS|TAMS 0x000000008ee00000, 0x000000008ee00000| Complete 

Card table byte_map: [0x000001d17bd20000,0x000001d17c120000] _byte_map_base: 0x000001d17b920000

Marking Bits (Prev, Next): (CMBitMap*) 0x000001d177b3fbf8, (CMBitMap*) 0x000001d177b3fc30
 Prev Bits: [0x000001d17c520000, 0x000001d17e520000)
 Next Bits: [0x000001d10f000000, 0x000001d111000000)

Polling page: 0x000001d175b00000

Metaspace:

Usage:
  Non-class:    110.46 MB capacity,   108.50 MB ( 98%) used,     1.60 MB (  1%) free+waste,   366.38 KB ( <1%) overhead. 
      Class:     16.73 MB capacity,    15.59 MB ( 93%) used,  1007.25 KB (  6%) free+waste,   165.50 KB ( <1%) overhead. 
       Both:    127.19 MB capacity,   124.09 MB ( 98%) used,     2.58 MB (  2%) free+waste,   531.88 KB ( <1%) overhead. 

Virtual space:
  Non-class space:      126.00 MB reserved,     110.50 MB ( 88%) committed 
      Class space:        1.00 GB reserved,      16.75 MB (  2%) committed 
             Both:        1.12 GB reserved,     127.25 MB ( 11%) committed 

Chunk freelists:
   Non-Class:  46.00 KB
       Class:  17.00 KB
        Both:  63.00 KB

MaxMetaspaceSize: 17179869184.00 GB
CompressedClassSpaceSize: 1.00 GB

CodeHeap 'non-profiled nmethods': size=120000Kb used=10772Kb max_used=10772Kb free=109227Kb
 bounds [0x000001d107ad0000, 0x000001d108560000, 0x000001d10f000000]
CodeHeap 'profiled nmethods': size=120000Kb used=35125Kb max_used=35125Kb free=84874Kb
 bounds [0x000001d1005a0000, 0x000001d1027f0000, 0x000001d107ad0000]
CodeHeap 'non-nmethods': size=5760Kb used=2372Kb max_used=2432Kb free=3387Kb
 bounds [0x000001d100000000, 0x000001d100270000, 0x000001d1005a0000]
 total_blobs=16794 nmethods=15794 adapters=910
 compilation: enabled
              stopped_count=0, restarted_count=0
 full_count=0

Compilation events (20 events):
Event: 1852.227 Thread 0x000001d17f893000 nmethod 15988 0x000001d1027e2a10 code [0x000001d1027e2c80, 0x000001d1027e3658]
Event: 1852.250 Thread 0x000001d17f88e800 15989       4       sun.nio.fs.WindowsPath::getNameCount (10 bytes)
Event: 1852.251 Thread 0x000001d17f88e800 nmethod 15989 0x000001d108551590 code [0x000001d108551740, 0x000001d1085517e8]
Event: 1852.270 Thread 0x000001d17f893000 15990   !   3       sun.nio.fs.WindowsNativeDispatcher::FindFirstFile (38 bytes)
Event: 1852.271 Thread 0x000001d17f893000 nmethod 15990 0x000001d1027e3a90 code [0x000001d1027e3ca0, 0x000001d1027e40b8]
Event: 1852.271 Thread 0x000001d17f893000 15991       3       sun.nio.fs.WindowsNativeDispatcher$FirstFile::<init> (5 bytes)
Event: 1852.271 Thread 0x000001d17f893000 nmethod 15991 0x000001d1027e4310 code [0x000001d1027e44c0, 0x000001d1027e4618]
Event: 1852.278 Thread 0x000001d17f88e800 15993 %     4       java.util.zip.ZipFile$Source::initCEN @ 223 (658 bytes)
Event: 1852.282 Thread 0x000001d17f893000 15994       3       sun.nio.fs.WindowsPath::addPrefixIfNeeded (72 bytes)
Event: 1852.284 Thread 0x000001d17f893000 nmethod 15994 0x000001d1027e4710 code [0x000001d1027e4a40, 0x000001d1027e5b38]
Event: 1852.350 Thread 0x000001d17f893000 15996   !   3       java.util.zip.ZipFile$Source::release (50 bytes)
Event: 1852.351 Thread 0x000001d17f893000 nmethod 15996 0x000001d1027e6110 code [0x000001d1027e6340, 0x000001d1027e6aa8]
Event: 1852.378 Thread 0x000001d17f88e800 nmethod 15993% 0x000001d108552490 code [0x000001d1085526e0, 0x000001d108554058]
Event: 1852.403 Thread 0x000001d17f893000 15999   !   3       jdk.internal.jimage.BasicImageReader::readBuffer (232 bytes)
Event: 1852.405 Thread 0x000001d17f893000 nmethod 15999 0x000001d1027e6e10 code [0x000001d1027e7180, 0x000001d1027e86f8]
Event: 1852.405 Thread 0x000001d17f893000 16000   !   3       jdk.internal.jimage.decompressor.Decompressor::decompressResource (260 bytes)
Event: 1852.410 Thread 0x000001d17f893000 nmethod 16000 0x000001d1027e8e90 code [0x000001d1027e9400, 0x000001d1027ec3a8]
Event: 1852.462 Thread 0x000001d17f88e800 16001       4       jdk.internal.jimage.ImageLocation::getAttribute (44 bytes)
Event: 1852.464 Thread 0x000001d17f88e800 nmethod 16001 0x000001d108555090 code [0x000001d108555220, 0x000001d1085552d8]
Event: 1852.823 Thread 0x000001d17f88e800 16002       4       java.lang.ClassLoader::postDefineClass (39 bytes)

GC Heap History (20 events):
Event: 1843.731 GC heap before
{Heap before GC invocations=52 (full 0):
 garbage-first heap   total 189440K, used 142369K [0x0000000080000000, 0x0000000100000000)
  region size 1024K, 9 young (9216K), 1 survivors (1024K)
 Metaspace       used 116975K, capacity 120083K, committed 120320K, reserved 1153024K
  class space    used 14716K, capacity 15825K, committed 15872K, reserved 1048576K
}
Event: 1843.740 GC heap after
{Heap after GC invocations=53 (full 0):
 garbage-first heap   total 189440K, used 129922K [0x0000000080000000, 0x0000000100000000)
  region size 1024K, 1 young (1024K), 1 survivors (1024K)
 Metaspace       used 116975K, capacity 120083K, committed 120320K, reserved 1153024K
  class space    used 14716K, capacity 15825K, committed 15872K, reserved 1048576K
}
Event: 1843.970 GC heap before
{Heap before GC invocations=53 (full 0):
 garbage-first heap   total 189440K, used 148354K [0x0000000080000000, 0x0000000100000000)
  region size 1024K, 19 young (19456K), 1 survivors (1024K)
 Metaspace       used 118224K, capacity 121299K, committed 121600K, reserved 1155072K
  class space    used 14896K, capacity 16017K, committed 16128K, reserved 1048576K
}
Event: 1843.974 GC heap after
{Heap after GC invocations=54 (full 0):
 garbage-first heap   total 189440K, used 130204K [0x0000000080000000, 0x0000000100000000)
  region size 1024K, 2 young (2048K), 2 survivors (2048K)
 Metaspace       used 118224K, capacity 121299K, committed 121600K, reserved 1155072K
  class space    used 14896K, capacity 16017K, committed 16128K, reserved 1048576K
}
Event: 1844.230 GC heap before
{Heap before GC invocations=55 (full 0):
 garbage-first heap   total 189440K, used 149660K [0x0000000080000000, 0x0000000100000000)
  region size 1024K, 21 young (21504K), 2 survivors (2048K)
 Metaspace       used 119749K, capacity 122803K, committed 123008K, reserved 1157120K
  class space    used 15089K, capacity 16177K, committed 16256K, reserved 1048576K
}
Event: 1844.233 GC heap after
{Heap after GC invocations=56 (full 0):
 garbage-first heap   total 189440K, used 130507K [0x0000000080000000, 0x0000000100000000)
  region size 1024K, 2 young (2048K), 2 survivors (2048K)
 Metaspace       used 119749K, capacity 122803K, committed 123008K, reserved 1157120K
  class space    used 15089K, capacity 16177K, committed 16256K, reserved 1048576K
}
Event: 1844.428 GC heap before
{Heap before GC invocations=56 (full 0):
 garbage-first heap   total 189440K, used 137675K [0x0000000080000000, 0x0000000100000000)
  region size 1024K, 9 young (9216K), 2 survivors (2048K)
 Metaspace       used 120053K, capacity 123200K, committed 123264K, reserved 1157120K
  class space    used 15110K, capacity 16245K, committed 16256K, reserved 1048576K
}
Event: 1844.443 GC heap after
{Heap after GC invocations=57 (full 0):
 garbage-first heap   total 189440K, used 122054K [0x0000000080000000, 0x0000000100000000)
  region size 1024K, 2 young (2048K), 2 survivors (2048K)
 Metaspace       used 120053K, capacity 123200K, committed 123264K, reserved 1157120K
  class space    used 15110K, capacity 16245K, committed 16256K, reserved 1048576K
}
Event: 1844.739 GC heap before
{Heap before GC invocations=57 (full 0):
 garbage-first heap   total 189440K, used 146630K [0x0000000080000000, 0x0000000100000000)
  region size 1024K, 27 young (27648K), 2 survivors (2048K)
 Metaspace       used 120311K, capacity 123432K, committed 123520K, reserved 1157120K
  class space    used 15134K, capacity 16252K, committed 16256K, reserved 1048576K
}
Event: 1844.747 GC heap after
{Heap after GC invocations=58 (full 0):
 garbage-first heap   total 189440K, used 123467K [0x0000000080000000, 0x0000000100000000)
  region size 1024K, 4 young (4096K), 4 survivors (4096K)
 Metaspace       used 120311K, capacity 123432K, committed 123520K, reserved 1157120K
  class space    used 15134K, capacity 16252K, committed 16256K, reserved 1048576K
}
Event: 1845.153 GC heap before
{Heap before GC invocations=59 (full 0):
 garbage-first heap   total 189440K, used 148043K [0x0000000080000000, 0x0000000100000000)
  region size 1024K, 29 young (29696K), 4 survivors (4096K)
 Metaspace       used 120541K, capacity 123736K, committed 123904K, reserved 1157120K
  class space    used 15147K, capacity 16258K, committed 16384K, reserved 1048576K
}
Event: 1845.165 GC heap after
{Heap after GC invocations=60 (full 0):
 garbage-first heap   total 189440K, used 125618K [0x0000000080000000, 0x0000000100000000)
  region size 1024K, 4 young (4096K), 4 survivors (4096K)
 Metaspace       used 120541K, capacity 123736K, committed 123904K, reserved 1157120K
  class space    used 15147K, capacity 16258K, committed 16384K, reserved 1048576K
}
Event: 1845.194 GC heap before
{Heap before GC invocations=60 (full 0):
 garbage-first heap   total 189440K, used 130738K [0x0000000080000000, 0x0000000100000000)
  region size 1024K, 9 young (9216K), 4 survivors (4096K)
 Metaspace       used 120546K, capacity 123737K, committed 123904K, reserved 1157120K
  class space    used 15147K, capacity 16258K, committed 16384K, reserved 1048576K
}
Event: 1845.204 GC heap after
{Heap after GC invocations=61 (full 0):
 garbage-first heap   total 189440K, used 120006K [0x0000000080000000, 0x0000000100000000)
  region size 1024K, 1 young (1024K), 1 survivors (1024K)
 Metaspace       used 120546K, capacity 123737K, committed 123904K, reserved 1157120K
  class space    used 15147K, capacity 16258K, committed 16384K, reserved 1048576K
}
Event: 1850.403 GC heap before
{Heap before GC invocations=61 (full 0):
 garbage-first heap   total 189440K, used 147654K [0x0000000080000000, 0x0000000100000000)
  region size 1024K, 29 young (29696K), 1 survivors (1024K)
 Metaspace       used 121647K, capacity 124775K, committed 124928K, reserved 1157120K
  class space    used 15265K, capacity 16381K, committed 16384K, reserved 1048576K
}
Event: 1850.412 GC heap after
{Heap after GC invocations=62 (full 0):
 garbage-first heap   total 244736K, used 122326K [0x0000000080000000, 0x0000000100000000)
  region size 1024K, 3 young (3072K), 3 survivors (3072K)
 Metaspace       used 121647K, capacity 124775K, committed 124928K, reserved 1157120K
  class space    used 15265K, capacity 16381K, committed 16384K, reserved 1048576K
}
Event: 1851.089 GC heap before
{Heap before GC invocations=62 (full 0):
 garbage-first heap   total 244736K, used 173526K [0x0000000080000000, 0x0000000100000000)
  region size 1024K, 54 young (55296K), 3 survivors (3072K)
 Metaspace       used 122212K, capacity 125379K, committed 125568K, reserved 1159168K
  class space    used 15315K, capacity 16452K, committed 16512K, reserved 1048576K
}
Event: 1851.095 GC heap after
{Heap after GC invocations=63 (full 0):
 garbage-first heap   total 244736K, used 123318K [0x0000000080000000, 0x0000000100000000)
  region size 1024K, 4 young (4096K), 4 survivors (4096K)
 Metaspace       used 122212K, capacity 125379K, committed 125568K, reserved 1159168K
  class space    used 15315K, capacity 16452K, committed 16512K, reserved 1048576K
}
Event: 1852.766 GC heap before
{Heap before GC invocations=63 (full 0):
 garbage-first heap   total 244736K, used 158134K [0x0000000080000000, 0x0000000100000000)
  region size 1024K, 40 young (40960K), 4 survivors (4096K)
 Metaspace       used 126781K, capacity 129950K, committed 130048K, reserved 1169408K
  class space    used 15930K, capacity 17102K, committed 17152K, reserved 1048576K
}
Event: 1852.787 GC heap after
{Heap after GC invocations=64 (full 0):
 garbage-first heap   total 244736K, used 126836K [0x0000000080000000, 0x0000000100000000)
  region size 1024K, 8 young (8192K), 8 survivors (8192K)
 Metaspace       used 126781K, capacity 129950K, committed 130048K, reserved 1169408K
  class space    used 15930K, capacity 17102K, committed 17152K, reserved 1048576K
}

Deoptimization events (20 events):
Event: 1851.732 Thread 0x000001d115e1a000 Uncommon trap: trap_request=0xffffff4d fr.pc=0x000001d107e75934 relative=0x00000000000001f4
Event: 1851.732 Thread 0x000001d115e1a000 Uncommon trap: reason=unstable_if action=reinterpret pc=0x000001d107e75934 method=com.google.common.collect.RegularImmutableSet.contains(Ljava/lang/Object;)Z @ 10 c2
Event: 1851.732 Thread 0x000001d115e1a000 DEOPT PACKING pc=0x000001d107e75934 sp=0x000000a7768fa160
Event: 1851.732 Thread 0x000001d115e1a000 DEOPT UNPACKING pc=0x000001d1000278af sp=0x000000a7768fa0f8 mode 2
Event: 1851.896 Thread 0x000001d115e1a000 Uncommon trap: trap_request=0xffffffde fr.pc=0x000001d107cbbfe0 relative=0x00000000000013a0
Event: 1851.896 Thread 0x000001d115e1a000 Uncommon trap: reason=class_check action=maybe_recompile pc=0x000001d107cbbfe0 method=jdk.internal.loader.BuiltinClassLoader.loadClassOrNull(Ljava/lang/String;Z)Ljava/lang/Class; @ 66 c2
Event: 1851.896 Thread 0x000001d115e1a000 DEOPT PACKING pc=0x000001d107cbbfe0 sp=0x000000a7768f75e0
Event: 1851.896 Thread 0x000001d115e1a000 DEOPT UNPACKING pc=0x000001d1000278af sp=0x000000a7768f7548 mode 2
Event: 1851.896 Thread 0x000001d115e1a000 Uncommon trap: trap_request=0xffffffde fr.pc=0x000001d107cbbfe0 relative=0x00000000000013a0
Event: 1851.896 Thread 0x000001d115e1a000 Uncommon trap: reason=class_check action=maybe_recompile pc=0x000001d107cbbfe0 method=jdk.internal.loader.BuiltinClassLoader.loadClassOrNull(Ljava/lang/String;Z)Ljava/lang/Class; @ 66 c2
Event: 1851.897 Thread 0x000001d115e1a000 DEOPT PACKING pc=0x000001d107cbbfe0 sp=0x000000a7768f6c60
Event: 1851.897 Thread 0x000001d115e1a000 DEOPT UNPACKING pc=0x000001d1000278af sp=0x000000a7768f6bc8 mode 2
Event: 1851.897 Thread 0x000001d115e1a000 Uncommon trap: trap_request=0xffffffde fr.pc=0x000001d107cb79c0 relative=0x0000000000001320
Event: 1851.897 Thread 0x000001d115e1a000 Uncommon trap: reason=class_check action=maybe_recompile pc=0x000001d107cb79c0 method=jdk.internal.loader.BuiltinClassLoader.loadClassOrNull(Ljava/lang/String;Z)Ljava/lang/Class; @ 66 c2
Event: 1851.897 Thread 0x000001d115e1a000 DEOPT PACKING pc=0x000001d107cb79c0 sp=0x000000a7768f7150
Event: 1851.897 Thread 0x000001d115e1a000 DEOPT UNPACKING pc=0x000001d1000278af sp=0x000000a7768f7120 mode 2
Event: 1852.188 Thread 0x000001d115e1a000 Uncommon trap: trap_request=0xffffff4d fr.pc=0x000001d1081f78d4 relative=0x0000000000001b34
Event: 1852.188 Thread 0x000001d115e1a000 Uncommon trap: reason=unstable_if action=reinterpret pc=0x000001d1081f78d4 method=java.util.regex.Pattern.escape(ZZZ)I @ 8 c2
Event: 1852.188 Thread 0x000001d115e1a000 DEOPT PACKING pc=0x000001d1081f78d4 sp=0x000000a7768f9100
Event: 1852.188 Thread 0x000001d115e1a000 DEOPT UNPACKING pc=0x000001d1000278af sp=0x000000a7768f90a0 mode 2

Classes redefined (0 events):
No events

Internal exceptions (20 events):
Event: 1845.046 Thread 0x000001d114d18800 Implicit null exception at 0x000001d10845ccda to 0x000001d10845d4a8
Event: 1845.052 Thread 0x000001d114d18000 Implicit null exception at 0x000001d10845b5b2 to 0x000001d10845b97c
Event: 1845.315 Thread 0x000001d115e1a000 Exception <a 'java/lang/NoSuchMethodError'{0x000000008a756330}: <clinit>> (0x000000008a756330) thrown at [./src/hotspot/share/prims/jni.cpp, line 1362]
Event: 1845.315 Thread 0x000001d115e1a000 Exception <a 'java/lang/NoSuchMethodError'{0x000000008a757668}: <clinit>> (0x000000008a757668) thrown at [./src/hotspot/share/prims/jni.cpp, line 1362]
Event: 1845.315 Thread 0x000001d115e1a000 Exception <a 'java/lang/NoSuchMethodError'{0x000000008a759dc8}: <clinit>> (0x000000008a759dc8) thrown at [./src/hotspot/share/prims/jni.cpp, line 1362]
Event: 1845.317 Thread 0x000001d115e1a000 Exception <a 'java/lang/NoSuchMethodError'{0x000000008a772438}: <clinit>> (0x000000008a772438) thrown at [./src/hotspot/share/prims/jni.cpp, line 1362]
Event: 1845.317 Thread 0x000001d115e1a000 Exception <a 'java/lang/NoSuchMethodError'{0x000000008a773918}: <clinit>> (0x000000008a773918) thrown at [./src/hotspot/share/prims/jni.cpp, line 1362]
Event: 1845.335 Thread 0x000001d115e1a000 Exception <a 'java/lang/NoSuchMethodError'{0x000000008a6c1fe8}: <clinit>> (0x000000008a6c1fe8) thrown at [./src/hotspot/share/prims/jni.cpp, line 1362]
Event: 1845.338 Thread 0x000001d115e1a000 Exception <a 'java/lang/NoSuchMethodError'{0x000000008a6f5cc8}: <clinit>> (0x000000008a6f5cc8) thrown at [./src/hotspot/share/prims/jni.cpp, line 1362]
Event: 1845.339 Thread 0x000001d115e1a000 Exception <a 'java/lang/NoSuchMethodError'{0x000000008a5091b8}: <clinit>> (0x000000008a5091b8) thrown at [./src/hotspot/share/prims/jni.cpp, line 1362]
Event: 1845.458 Thread 0x000001d115e20800 Exception <a 'java/lang/NoSuchMethodError'{0x000000008a3da528}: 'void java.lang.invoke.DirectMethodHandle$Holder.invokeStatic(java.lang.Object, long)'> (0x000000008a3da528) thrown at [./src/hotspot/share/interpreter/linkResolver.cpp, line 773]
Event: 1845.459 Thread 0x000001d115e20800 Exception <a 'java/lang/NoSuchMethodError'{0x000000008a3df990}: 'java.lang.Object java.lang.invoke.DirectMethodHandle$Holder.invokeStatic(java.lang.Object, long)'> (0x000000008a3df990) thrown at [./src/hotspot/share/interpreter/linkResolver.cpp, line 773]
Event: 1845.462 Thread 0x000001d115e20800 Exception <a 'java/lang/NoSuchMethodError'{0x000000008a3ee6a0}: 'java.lang.Object java.lang.invoke.DirectMethodHandle$Holder.invokeStaticInit(java.lang.Object, java.lang.Object, long, java.lang.Object)'> (0x000000008a3ee6a0) thrown at [./src/hotspot/share/interpreter/linkResolver.cpp, line 773]
Event: 1845.463 Thread 0x000001d115e20800 Exception <a 'java/lang/NoSuchMethodError'{0x000000008a3f4a78}: 'java.lang.Object java.lang.invoke.DirectMethodHandle$Holder.invokeStatic(java.lang.Object, java.lang.Object, long)'> (0x000000008a3f4a78) thrown at [./src/hotspot/share/interpreter/linkResolver.cpp, line 773]
Event: 1845.463 Thread 0x000001d115e20800 Exception <a 'java/lang/NoSuchMethodError'{0x000000008a3fb478}: 'java.lang.Object java.lang.invoke.Invokers$Holder.linkToTargetMethod(java.lang.Object, long, java.lang.Object)'> (0x000000008a3fb478) thrown at [./src/hotspot/share/interpreter/linkResolver.cpp, line 773]
Event: 1850.593 Thread 0x000001d115e20800 Exception <a 'sun/nio/fs/WindowsException'{0x000000008e096eb8}> (0x000000008e096eb8) thrown at [./src/hotspot/share/prims/jni.cpp, line 615]
Event: 1850.593 Thread 0x000001d115e20800 Exception <a 'sun/nio/fs/WindowsException'{0x000000008e096fa0}> (0x000000008e096fa0) thrown at [./src/hotspot/share/prims/jni.cpp, line 615]
Event: 1851.732 Thread 0x000001d115e1a000 Implicit null exception at 0x000001d107e75777 to 0x000001d107e7591c
Event: 1852.357 Thread 0x000001d115e1a000 Exception <a 'sun/nio/fs/WindowsException'{0x000000008d435a98}> (0x000000008d435a98) thrown at [./src/hotspot/share/prims/jni.cpp, line 615]
Event: 1852.368 Thread 0x000001d115e1a000 Exception <a 'java/lang/NoSuchMethodError'{0x000000008d441b40}: 'java.lang.Object java.lang.invoke.Invokers$Holder.linkToTargetMethod(java.lang.Object, java.lang.Object, java.lang.Object, int, int, java.lang.Object)'> (0x000000008d441b40) thrown at [./src/hotspot/share/interpreter/linkResolver.cpp, line 773]

Events (20 events):
Event: 1852.712 loading class com/sun/tools/javac/comp/Env done
Event: 1852.712 loading class com/sun/tools/javac/comp/Env
Event: 1852.712 loading class com/sun/tools/javac/comp/Env done
Event: 1852.712 loading class com/sun/tools/javac/comp/Resolve$RecoveryLoadClass
Event: 1852.712 loading class com/sun/tools/javac/comp/Resolve$RecoveryLoadClass done
Event: 1852.713 loading class com/sun/tools/javac/comp/Env
Event: 1852.713 loading class com/sun/tools/javac/comp/Env done
Event: 1852.713 loading class com/sun/tools/javac/comp/Resolve
Event: 1852.713 loading class com/sun/tools/javac/comp/Resolve done
Event: 1852.713 loading class com/sun/tools/javac/comp/Env
Event: 1852.713 loading class com/sun/tools/javac/comp/Env done
Event: 1852.714 loading class com/sun/tools/javac/comp/Resolve
Event: 1852.714 loading class com/sun/tools/javac/comp/Resolve done
Event: 1852.766 Executing VM operation: CollectForMetadataAllocation
Event: 1852.787 Executing VM operation: CollectForMetadataAllocation done
Event: 1852.836 loading class com/sun/tools/javac/code/Type
Event: 1852.836 loading class com/sun/tools/javac/code/Type done
Event: 1852.836 loading class com/sun/tools/javac/code/Type
Event: 1852.836 loading class com/sun/tools/javac/code/Type done
Event: 1852.839 Executing VM operation: CollectForMetadataAllocation


Dynamic libraries:
0x00007ff646970000 - 0x00007ff64697a000 	C:\Program Files\Android\Android Studio\jre\bin\java.exe
0x00007ffea94d0000 - 0x00007ffea96c5000 	C:\WINDOWS\SYSTEM32\ntdll.dll
0x00007ffea90c0000 - 0x00007ffea917e000 	C:\WINDOWS\System32\KERNEL32.DLL
0x00007ffea6dd0000 - 0x00007ffea7099000 	C:\WINDOWS\System32\KERNELBASE.dll
0x00007ffea7260000 - 0x00007ffea7360000 	C:\WINDOWS\System32\ucrtbase.dll
0x00007ffe8d3b0000 - 0x00007ffe8d3c9000 	C:\Program Files\Android\Android Studio\jre\bin\jli.dll
0x00007ffe8b730000 - 0x00007ffe8b747000 	C:\Program Files\Android\Android Studio\jre\bin\VCRUNTIME140.dll
0x00007ffea8e70000 - 0x00007ffea9011000 	C:\WINDOWS\System32\USER32.dll
0x00007ffea6d10000 - 0x00007ffea6d32000 	C:\WINDOWS\System32\win32u.dll
0x00007ffe908a0000 - 0x00007ffe90b3a000 	C:\WINDOWS\WinSxS\amd64_microsoft.windows.common-controls_6595b64144ccf1df_6.0.19041.1110_none_60b5254171f9507e\COMCTL32.dll
0x00007ffea9020000 - 0x00007ffea90be000 	C:\WINDOWS\System32\msvcrt.dll
0x00007ffea7880000 - 0x00007ffea78ab000 	C:\WINDOWS\System32\GDI32.dll
0x00007ffea7150000 - 0x00007ffea725b000 	C:\WINDOWS\System32\gdi32full.dll
0x00007ffea6c70000 - 0x00007ffea6d0d000 	C:\WINDOWS\System32\msvcp_win.dll
0x00007ffea8960000 - 0x00007ffea8990000 	C:\WINDOWS\System32\IMM32.DLL
0x00007ffe898f0000 - 0x00007ffe8998d000 	C:\Program Files\Android\Android Studio\jre\bin\msvcp140.dll
0x00007ffe66300000 - 0x00007ffe66dcf000 	C:\Program Files\Android\Android Studio\jre\bin\server\jvm.dll
0x00007ffea8a00000 - 0x00007ffea8aac000 	C:\WINDOWS\System32\ADVAPI32.dll
0x00007ffea9180000 - 0x00007ffea921b000 	C:\WINDOWS\System32\sechost.dll
0x00007ffea9220000 - 0x00007ffea934a000 	C:\WINDOWS\System32\RPCRT4.dll
0x00007ffea8190000 - 0x00007ffea8198000 	C:\WINDOWS\System32\PSAPI.DLL
0x00007ffe8e250000 - 0x00007ffe8e277000 	C:\WINDOWS\SYSTEM32\WINMM.dll
0x00007ffe91430000 - 0x00007ffe91439000 	C:\WINDOWS\SYSTEM32\WSOCK32.dll
0x00007ffe94cd0000 - 0x00007ffe94cda000 	C:\WINDOWS\SYSTEM32\VERSION.dll
0x00007ffea8990000 - 0x00007ffea89fb000 	C:\WINDOWS\System32\WS2_32.dll
0x00007ffea5470000 - 0x00007ffea5482000 	C:\WINDOWS\SYSTEM32\kernel.appcore.dll
0x00007ffe9ce60000 - 0x00007ffe9ce71000 	C:\Program Files\Android\Android Studio\jre\bin\verify.dll
0x00007ffea5100000 - 0x00007ffea52e4000 	C:\WINDOWS\SYSTEM32\DBGHELP.DLL
0x00007ffe8aeb0000 - 0x00007ffe8aedc000 	C:\WINDOWS\SYSTEM32\dbgcore.DLL
0x00007ffea6d40000 - 0x00007ffea6dc3000 	C:\WINDOWS\System32\bcryptPrimitives.dll
0x00007ffe8f980000 - 0x00007ffe8f9a9000 	C:\Program Files\Android\Android Studio\jre\bin\java.dll
0x00007ffe9d2e0000 - 0x00007ffe9d2eb000 	C:\Program Files\Android\Android Studio\jre\bin\jimage.dll
0x00007ffe8ffd0000 - 0x00007ffe8ffe8000 	C:\Program Files\Android\Android Studio\jre\bin\zip.dll
0x00007ffea8220000 - 0x00007ffea895f000 	C:\WINDOWS\System32\SHELL32.dll
0x00007ffea4850000 - 0x00007ffea4fe0000 	C:\WINDOWS\SYSTEM32\windows.storage.dll
0x00007ffea7e30000 - 0x00007ffea8185000 	C:\WINDOWS\System32\combase.dll
0x00007ffea6640000 - 0x00007ffea666c000 	C:\WINDOWS\SYSTEM32\Wldp.dll
0x00007ffea8c60000 - 0x00007ffea8d0d000 	C:\WINDOWS\System32\SHCORE.dll
0x00007ffea7710000 - 0x00007ffea7765000 	C:\WINDOWS\System32\shlwapi.dll
0x00007ffea6b30000 - 0x00007ffea6b4f000 	C:\WINDOWS\SYSTEM32\profapi.dll
0x00007ffe8f3a0000 - 0x00007ffe8f3ba000 	C:\Program Files\Android\Android Studio\jre\bin\net.dll
0x00007ffe94e50000 - 0x00007ffe94f58000 	C:\WINDOWS\SYSTEM32\WINHTTP.dll
0x00007ffea63a0000 - 0x00007ffea640a000 	C:\WINDOWS\system32\mswsock.dll
0x00007ffe8f2b0000 - 0x00007ffe8f2c4000 	C:\Program Files\Android\Android Studio\jre\bin\nio.dll
0x00007ffe8ac70000 - 0x00007ffe8ac97000 	C:\Users\hippo\.gradle\native\8bec1ad78214c89d9ad589b4d07fe93259594b29d510b10fafb7a158f7737e5d\windows-amd64\native-platform.dll
0x00007ffe84560000 - 0x00007ffe8469d000 	C:\Users\hippo\.gradle\native\53dbd7edfb1c66fb8903c78663c9afc45aea4f116125fa6feffd364cf09443e8\windows-amd64\native-platform-file-events.dll
0x00007ffe9cf80000 - 0x00007ffe9cf8a000 	C:\Program Files\Android\Android Studio\jre\bin\management.dll
0x00007ffe90cd0000 - 0x00007ffe90cdc000 	C:\Program Files\Android\Android Studio\jre\bin\management_ext.dll
0x00007ffea6590000 - 0x00007ffea65a8000 	C:\WINDOWS\SYSTEM32\CRYPTSP.dll
0x00007ffea5cb0000 - 0x00007ffea5ce4000 	C:\WINDOWS\system32\rsaenh.dll
0x00007ffea6bf0000 - 0x00007ffea6c17000 	C:\WINDOWS\System32\bcrypt.dll
0x00007ffea6af0000 - 0x00007ffea6b1e000 	C:\WINDOWS\SYSTEM32\USERENV.dll
0x00007ffea65b0000 - 0x00007ffea65bc000 	C:\WINDOWS\SYSTEM32\CRYPTBASE.dll
0x00007ffea6040000 - 0x00007ffea607b000 	C:\WINDOWS\SYSTEM32\IPHLPAPI.DLL
0x00007ffea9480000 - 0x00007ffea9488000 	C:\WINDOWS\System32\NSI.dll
0x00007ffe9ab00000 - 0x00007ffe9ab17000 	C:\WINDOWS\SYSTEM32\dhcpcsvc6.DLL
0x00007ffe9aae0000 - 0x00007ffe9aafd000 	C:\WINDOWS\SYSTEM32\dhcpcsvc.DLL
0x00007ffea6090000 - 0x00007ffea615c000 	C:\WINDOWS\SYSTEM32\DNSAPI.dll
0x00007ffe8b3e0000 - 0x00007ffe8b407000 	C:\Program Files\Android\Android Studio\jre\bin\sunec.dll
0x00007ffe9bb90000 - 0x00007ffe9bb9a000 	C:\Windows\System32\rasadhlp.dll
0x00007ffe94cf0000 - 0x00007ffe94d6f000 	C:\WINDOWS\System32\fwpuclnt.dll

dbghelp: loaded successfully - version: 4.0.5 - missing functions: none
symbol engine: initialized successfully - sym options: 0x614 - pdb path: .;C:\Program Files\Android\Android Studio\jre\bin;C:\WINDOWS\SYSTEM32;C:\WINDOWS\WinSxS\amd64_microsoft.windows.common-controls_6595b64144ccf1df_6.0.19041.1110_none_60b5254171f9507e;C:\Program Files\Android\Android Studio\jre\bin\server;C:\Users\hippo\.gradle\native\8bec1ad78214c89d9ad589b4d07fe93259594b29d510b10fafb7a158f7737e5d\windows-amd64;C:\Users\hippo\.gradle\native\53dbd7edfb1c66fb8903c78663c9afc45aea4f116125fa6feffd364cf09443e8\windows-amd64

VM Arguments:
jvm_args: --add-opens=java.base/java.util=ALL-UNNAMED --add-opens=java.base/java.lang=ALL-UNNAMED --add-opens=java.base/java.lang.invoke=ALL-UNNAMED --add-opens=java.base/java.util=ALL-UNNAMED --add-opens=java.prefs/java.util.prefs=ALL-UNNAMED --add-opens=java.prefs/java.util.prefs=ALL-UNNAMED --add-opens=java.base/java.nio.charset=ALL-UNNAMED --add-opens=java.base/java.net=ALL-UNNAMED --add-opens=java.base/java.util.concurrent.atomic=ALL-UNNAMED -Xmx2048m -Dfile.encoding=UTF-8 -Duser.country=KR -Duser.language=ko -Duser.variant 
java_command: org.gradle.launcher.daemon.bootstrap.GradleDaemon 7.0.2
java_class_path (initial): C:\Users\hippo\.gradle\wrapper\dists\gradle-7.0.2-bin\857tjihv64xamwrf0h14cai3r\gradle-7.0.2\lib\gradle-launcher-7.0.2.jar
Launcher Type: SUN_STANDARD

[Global flags]
     intx CICompilerCount                          = 4                                         {product} {ergonomic}
     uint ConcGCThreads                            = 2                                         {product} {ergonomic}
     uint G1ConcRefinementThreads                  = 8                                         {product} {ergonomic}
   size_t G1HeapRegionSize                         = 1048576                                   {product} {ergonomic}
    uintx GCDrainStackTargetSize                   = 64                                        {product} {ergonomic}
   size_t InitialHeapSize                          = 134217728                                 {product} {ergonomic}
   size_t MarkStackSize                            = 4194304                                   {product} {ergonomic}
   size_t MaxHeapSize                              = 2147483648                                {product} {command line}
   size_t MaxNewSize                               = 1287651328                                {product} {ergonomic}
   size_t MinHeapDeltaBytes                        = 1048576                                   {product} {ergonomic}
    uintx NonNMethodCodeHeapSize                   = 5836300                                {pd product} {ergonomic}
    uintx NonProfiledCodeHeapSize                  = 122910970                              {pd product} {ergonomic}
    uintx ProfiledCodeHeapSize                     = 122910970                              {pd product} {ergonomic}
    uintx ReservedCodeCacheSize                    = 251658240                              {pd product} {ergonomic}
     bool SegmentedCodeCache                       = true                                      {product} {ergonomic}
     bool UseCompressedClassPointers               = true                                 {lp64_product} {ergonomic}
     bool UseCompressedOops                        = true                                 {lp64_product} {ergonomic}
     bool UseG1GC                                  = true                                      {product} {ergonomic}
     bool UseLargePagesIndividualAllocation        = false                                  {pd product} {ergonomic}

Logging:
Log output configuration:
 #0: stdout all=warning uptime,level,tags
 #1: stderr all=off uptime,level,tags

Environment Variables:
JAVA_HOME=C:\Program Files\Java\jdk-17
PATH=C:\Program Files\Common Files\Oracle\Java\javapath;C:\Program Files\AdoptOpenJDK\jdk-15.0.2.7-hotspot\bin;C:\Program Files (x86)\Intel\iCLS Client\;C:\Program Files\Intel\iCLS Client\;C:\WINDOWS\system32;C:\WINDOWS;C:\WINDOWS\System32\Wbem;C:\WINDOWS\System32\WindowsPowerShell\v1.0\;C:\Program Files (x86)\Intel\Intel(R) Management Engine Components\DAL;C:\Program Files\Intel\Intel(R) Management Engine Components\DAL;C:\Program Files (x86)\Intel\Intel(R) Management Engine Components\IPT;C:\Program Files\Intel\Intel(R) Management Engine Components\IPT;C:\Program Files\Intel\WiFi\bin\;C:\Program Files\Common Files\Intel\WirelessCommon\;C:\WINDOWS\System32\OpenSSH\;C:\Users\hippo\AppData\Roaming\Python\Python38\Scripts;D:\Matlab\R2021a\bin;D:\zz\mingw64\bin;D:\Git_Folder\Git\cmd;C:\Program Files\TortoiseGit\bin;C:\Program Files\Java\jdk-17\bin;C:\Program Files\MySQL\MySQL Shell 8.0\bin\;D:\Anaconda;D:\Anaconda\Library\mingw-w64\bin;D:\Anaconda\Library\usr\bin;D:\Anaconda\Library\bin;D:\Anaconda\Scripts;C:\Users\hippo\AppData\Local\Microsoft\WindowsApps;C:\Users\hippo\AppData\Roaming\Python\Python38\Scripts;D:\Microsoft VS Code\bin
USERNAME=hippo
OS=Windows_NT
PROCESSOR_IDENTIFIER=Intel64 Family 6 Model 142 Stepping 10, GenuineIntel



---------------  S Y S T E M  ---------------

OS: Windows 10 , 64 bit Build 19041 (10.0.19041.1202)
OS uptime: 3 days 20:17 hours

CPU:total 8 (initial active 8) (4 cores per cpu, 2 threads per core) family 6 model 142 stepping 10 microcode 0xb4, cmov, cx8, fxsr, mmx, sse, sse2, sse3, ssse3, sse4.1, sse4.2, popcnt, avx, avx2, aes, clmul, erms, 3dnowpref, lzcnt, ht, tsc, tscinvbit, bmi1, bmi2, adx, fma

Memory: 4k page, system-wide physical 8107M (768M free)
TotalPageFile size 11925M (AvailPageFile size 0M)
current process WorkingSet (physical memory assigned to process): 500M, peak: 501M
current process commit charge ("private bytes"): 617M, peak: 618M

vm_info: OpenJDK 64-Bit Server VM (11.0.10+0-b96-7249189) for windows-amd64 JRE (11.0.10+0-b96-7249189), built on Mar 31 2021 21:44:00 by "builder" with MS VC++ 14.0 (VS2015)

END.
