#
# There is insufficient memory for the Java Runtime Environment to continue.
# Native memory allocation (malloc) failed to allocate 131088 bytes for Chunk::new
# Possible reasons:
#   The system is out of physical RAM or swap space
#   The process is running with CompressedOops enabled, and the Java Heap may be blocking the growth of the native heap
# Possible solutions:
#   Reduce memory load on the system
#   Increase physical memory or swap space
#   Check if swap backing store is full
#   Decrease Java heap size (-Xmx/-Xms)
#   Decrease number of Java threads
#   Decrease Java thread stack sizes (-Xss)
#   Set larger code cache with -XX:ReservedCodeCacheSize=
#   JVM is running with Unscaled Compressed Oops mode in which the Java heap is
#     placed in the first 4GB address space. The Java Heap base address is the
#     maximum limit for the native heap growth. Please use -XX:HeapBaseMinAddress
#     to set the Java Heap base and to place the Java Heap above 4GB virtual address.
# This output file may be truncated or incomplete.
#
#  Out of Memory Error (./src/hotspot/share/memory/arena.cpp:197), pid=10604, tid=18812
#
# JRE version: OpenJDK Runtime Environment (11.0.10) (build 11.0.10+0-b96-7249189)
# Java VM: OpenJDK 64-Bit Server VM (11.0.10+0-b96-7249189, mixed mode, tiered, compressed oops, g1 gc, windows-amd64)
# No core dump will be written. Minidumps are not enabled by default on client versions of Windows
#

---------------  S U M M A R Y ------------

Command Line: --add-opens=java.base/java.util=ALL-UNNAMED --add-opens=java.base/java.lang=ALL-UNNAMED --add-opens=java.base/java.lang.invoke=ALL-UNNAMED --add-opens=java.base/java.util=ALL-UNNAMED --add-opens=java.prefs/java.util.prefs=ALL-UNNAMED --add-opens=java.prefs/java.util.prefs=ALL-UNNAMED --add-opens=java.base/java.nio.charset=ALL-UNNAMED --add-opens=java.base/java.net=ALL-UNNAMED --add-opens=java.base/java.util.concurrent.atomic=ALL-UNNAMED -Xmx2048m -Dfile.encoding=UTF-8 -Duser.country=KR -Duser.language=ko -Duser.variant org.gradle.launcher.daemon.bootstrap.GradleDaemon 7.0.2

Host: Intel(R) Core(TM) i5-8250U CPU @ 1.60GHz, 8 cores, 7G,  Windows 10 , 64 bit Build 19041 (10.0.19041.1202)
Time: Thu Nov 11 17:20:41 2021 대한민국 표준시 elapsed time: 871.169281 seconds (0d 0h 14m 31s)

---------------  T H R E A D  ---------------

Current thread (0x000001a37f8c7000):  JavaThread "C2 CompilerThread0" daemon [_thread_in_native, id=18812, stack(0x00000034ad700000,0x00000034ad800000)]


Current CompileTask:
C2: 871169 16518       4       com.android.tools.r8.dex.o::a (11 bytes)

Stack: [0x00000034ad700000,0x00000034ad800000]
Native frames: (J=compiled Java code, j=interpreted, Vv=VM code, C=native code)
V  [jvm.dll+0x5ecfaa]
V  [jvm.dll+0x722bd5]
V  [jvm.dll+0x72412d]
V  [jvm.dll+0x7247e3]
V  [jvm.dll+0x242928]
V  [jvm.dll+0xbc4fc]
V  [jvm.dll+0xbca0c]
V  [jvm.dll+0xbc608]
V  [jvm.dll+0x5cc470]
V  [jvm.dll+0x201cde]
V  [jvm.dll+0x617564]
V  [jvm.dll+0x1fa6b4]
V  [jvm.dll+0x18354c]
V  [jvm.dll+0x208ee7]
V  [jvm.dll+0x207731]
V  [jvm.dll+0x6eb1cf]
V  [jvm.dll+0x6e3d45]
V  [jvm.dll+0x5ebe96]
C  [ucrtbase.dll+0x21bb2]
C  [KERNEL32.DLL+0x17034]
C  [ntdll.dll+0x52651]


---------------  P R O C E S S  ---------------

Threads class SMR info:
_java_thread_list=0x000001a31738edd0, length=84, elements={
0x000001a376422800, 0x000001a37f8a4000, 0x000001a37f8a5000, 0x000001a37f8bf800,
0x000001a37f8c0800, 0x000001a37f8c1800, 0x000001a37f8c7000, 0x000001a37f8ca800,
0x000001a37f8d5800, 0x000001a37fb3c000, 0x000001a313349800, 0x000001a31264e000,
0x000001a3136f5000, 0x000001a31338e000, 0x000001a31338f000, 0x000001a313390000,
0x000001a31402d800, 0x000001a314031800, 0x000001a314032800, 0x000001a314034000,
0x000001a314033800, 0x000001a31402e800, 0x000001a314036800, 0x000001a314273800,
0x000001a314270800, 0x000001a314276000, 0x000001a314277000, 0x000001a316f4f800,
0x000001a316f51800, 0x000001a316f52000, 0x000001a31403a000, 0x000001a31402c000,
0x000001a316f4c800, 0x000001a316f4e000, 0x000001a316f4f000, 0x000001a316f50800,
0x000001a316f53000, 0x000001a3196c7000, 0x000001a3196c8000, 0x000001a3196c5000,
0x000001a3196c4000, 0x000001a3196c9000, 0x000001a3196c3000, 0x000001a3196c9800,
0x000001a3196ca800, 0x000001a3196cb800, 0x000001a3196c5800, 0x000001a3196d1000,
0x000001a3196cf800, 0x000001a3196d2000, 0x000001a3196ce000, 0x000001a3196cc000,
0x000001a3196d0000, 0x000001a3196cd000, 0x000001a3196ce800, 0x000001a31402f000,
0x000001a314036000, 0x000001a314030000, 0x000001a314031000, 0x000001a314037800,
0x000001a314038000, 0x000001a31403a800, 0x000001a314273000, 0x000001a314274800,
0x000001a314271000, 0x000001a314272000, 0x000001a311c35000, 0x000001a314513000,
0x000001a313390800, 0x000001a313473000, 0x000001a31347a000, 0x000001a313476800,
0x000001a313475000, 0x000001a313475800, 0x000001a313474000, 0x000001a313477800,
0x000001a31347d000, 0x000001a31347b800, 0x000001a31347a800, 0x000001a31347c000,
0x000001a31347e000, 0x000001a313478000, 0x000001a31347e800, 0x000001a313479000
}

Java Threads: ( => current thread )
  0x000001a376422800 JavaThread "main" [_thread_blocked, id=1340, stack(0x00000034acb00000,0x00000034acc00000)]
  0x000001a37f8a4000 JavaThread "Reference Handler" daemon [_thread_blocked, id=6440, stack(0x00000034ad200000,0x00000034ad300000)]
  0x000001a37f8a5000 JavaThread "Finalizer" daemon [_thread_blocked, id=8796, stack(0x00000034ad300000,0x00000034ad400000)]
  0x000001a37f8bf800 JavaThread "Signal Dispatcher" daemon [_thread_blocked, id=19048, stack(0x00000034ad400000,0x00000034ad500000)]
  0x000001a37f8c0800 JavaThread "Attach Listener" daemon [_thread_blocked, id=17044, stack(0x00000034ad500000,0x00000034ad600000)]
  0x000001a37f8c1800 JavaThread "Service Thread" daemon [_thread_blocked, id=9724, stack(0x00000034ad600000,0x00000034ad700000)]
=>0x000001a37f8c7000 JavaThread "C2 CompilerThread0" daemon [_thread_in_native, id=18812, stack(0x00000034ad700000,0x00000034ad800000)]
  0x000001a37f8ca800 JavaThread "C1 CompilerThread0" daemon [_thread_blocked, id=18884, stack(0x00000034ad800000,0x00000034ad900000)]
  0x000001a37f8d5800 JavaThread "Sweeper thread" daemon [_thread_blocked, id=4792, stack(0x00000034ad900000,0x00000034ada00000)]
  0x000001a37fb3c000 JavaThread "Common-Cleaner" daemon [_thread_blocked, id=15932, stack(0x00000034ada00000,0x00000034adb00000)]
  0x000001a313349800 JavaThread "Daemon health stats" [_thread_blocked, id=6960, stack(0x00000034ae000000,0x00000034ae100000)]
  0x000001a31264e000 JavaThread "Incoming local TCP Connector on port 57809" [_thread_in_native, id=15284, stack(0x00000034adc00000,0x00000034add00000)]
  0x000001a3136f5000 JavaThread "Daemon periodic checks" [_thread_blocked, id=8320, stack(0x00000034adf00000,0x00000034ae000000)]
  0x000001a31338e000 JavaThread "Cache worker for file hash cache (C:\Users\hippo\.gradle\caches\7.0.2\fileHashes)" [_thread_blocked, id=8384, stack(0x00000034aed00000,0x00000034aee00000)]
  0x000001a31338f000 JavaThread "File lock request listener" [_thread_in_native, id=15800, stack(0x00000034aee00000,0x00000034aef00000)]
  0x000001a313390000 JavaThread "Cache worker for journal cache (C:\Users\hippo\.gradle\caches\journal-1)" [_thread_blocked, id=5388, stack(0x00000034af000000,0x00000034af100000)]
  0x000001a31402d800 JavaThread "File watcher server" daemon [_thread_in_native, id=6584, stack(0x00000034af300000,0x00000034af400000)]
  0x000001a314031800 JavaThread "File watcher consumer" daemon [_thread_blocked, id=3964, stack(0x00000034af400000,0x00000034af500000)]
  0x000001a314032800 JavaThread "Cache worker for execution history cache (C:\Users\hippo\.gradle\caches\7.0.2\executionHistory)" [_thread_blocked, id=4552, stack(0x00000034af900000,0x00000034afa00000)]
  0x000001a314034000 JavaThread "jar transforms" [_thread_blocked, id=3020, stack(0x00000034afa00000,0x00000034afb00000)]
  0x000001a314033800 JavaThread "jar transforms Thread 2" [_thread_blocked, id=4888, stack(0x00000034afb00000,0x00000034afc00000)]
  0x000001a31402e800 JavaThread "Cache worker for file content cache (C:\Users\hippo\.gradle\caches\7.0.2\fileContent)" [_thread_blocked, id=18224, stack(0x00000034afc00000,0x00000034afd00000)]
  0x000001a314036800 JavaThread "jar transforms Thread 3" [_thread_blocked, id=10052, stack(0x00000034afe00000,0x00000034aff00000)]
  0x000001a314273800 JavaThread "jar transforms Thread 4" [_thread_blocked, id=6192, stack(0x00000034b0800000,0x00000034b0900000)]
  0x000001a314270800 JavaThread "jar transforms Thread 5" [_thread_blocked, id=17184, stack(0x00000034b0900000,0x00000034b0a00000)]
  0x000001a314276000 JavaThread "jar transforms Thread 6" [_thread_blocked, id=17736, stack(0x00000034b0a00000,0x00000034b0b00000)]
  0x000001a314277000 JavaThread "jar transforms Thread 7" [_thread_blocked, id=13436, stack(0x00000034b0b00000,0x00000034b0c00000)]
  0x000001a316f4f800 JavaThread "jar transforms Thread 8" [_thread_blocked, id=8488, stack(0x00000034b0c00000,0x00000034b0d00000)]
  0x000001a316f51800 JavaThread "Memory manager" [_thread_blocked, id=17992, stack(0x00000034b0d00000,0x00000034b0e00000)]
  0x000001a316f52000 JavaThread "pool-3-thread-1" [_thread_blocked, id=4148, stack(0x00000034b0f00000,0x00000034b1000000)]
  0x000001a31403a000 JavaThread "pool-6-thread-1" [_thread_blocked, id=13572, stack(0x00000034b0e00000,0x00000034b0f00000)]
  0x000001a31402c000 JavaThread "pool-9-thread-1" [_thread_blocked, id=5096, stack(0x00000034b1000000,0x00000034b1100000)]
  0x000001a316f4c800 JavaThread "Daemon Thread 4" [_thread_blocked, id=13860, stack(0x00000034ac800000,0x00000034ac900000)]
  0x000001a316f4e000 JavaThread "Handler for socket connection from /127.0.0.1:57809 to /127.0.0.1:54785" [_thread_in_native, id=18120, stack(0x00000034ac900000,0x00000034aca00000)]
  0x000001a316f4f000 JavaThread "Cancel handler" [_thread_blocked, id=14428, stack(0x00000034aca00000,0x00000034acb00000)]
  0x000001a316f50800 JavaThread "Daemon worker Thread 4" [_thread_blocked, id=4020, stack(0x00000034ae100000,0x00000034ae200000)]
  0x000001a316f53000 JavaThread "Asynchronous log dispatcher for DefaultDaemonConnection: socket connection from /127.0.0.1:57809 to /127.0.0.1:54785" [_thread_blocked, id=13760, stack(0x00000034ae400000,0x00000034ae500000)]
  0x000001a3196c7000 JavaThread "Stdin handler" [_thread_blocked, id=18272, stack(0x00000034ae500000,0x00000034ae600000)]
  0x000001a3196c8000 JavaThread "Daemon client event forwarder" [_thread_blocked, id=18324, stack(0x00000034ae600000,0x00000034ae700000)]
  0x000001a3196c5000 JavaThread "Cache worker for file hash cache (C:\Users\hippo\AndroidStudioProjects\Registration\Registration\.gradle\7.0.2\fileHashes)" [_thread_blocked, id=5472, stack(0x00000034ae700000,0x00000034ae800000)]
  0x000001a3196c4000 JavaThread "Cache worker for checksums cache (C:\Users\hippo\AndroidStudioProjects\Registration\Registration\.gradle\checksums)" [_thread_blocked, id=9192, stack(0x00000034af100000,0x00000034af200000)]
  0x000001a3196c9000 JavaThread "Cache worker for cache directory md-supplier (C:\Users\hippo\.gradle\caches\7.0.2\md-supplier)" [_thread_blocked, id=4036, stack(0x00000034af200000,0x00000034af300000)]
  0x000001a3196c3000 JavaThread "Cache worker for cache directory md-rule (C:\Users\hippo\.gradle\caches\7.0.2\md-rule)" [_thread_blocked, id=17640, stack(0x00000034af500000,0x00000034af600000)]
  0x000001a3196c9800 JavaThread "Cache worker for dependencies-accessors (C:\Users\hippo\AndroidStudioProjects\Registration\Registration\.gradle\7.0.2\dependencies-accessors)" [_thread_blocked, id=3604, stack(0x00000034af600000,0x00000034af700000)]
  0x000001a3196ca800 JavaThread "Cache worker for Build Output Cleanup Cache (C:\Users\hippo\AndroidStudioProjects\Registration\Registration\.gradle\buildOutputCleanup)" [_thread_blocked, id=11828, stack(0x00000034af800000,0x00000034af900000)]
  0x000001a3196cb800 JavaThread "Build operations" [_thread_blocked, id=4196, stack(0x00000034afd00000,0x00000034afe00000)]
  0x000001a3196c5800 JavaThread "Build operations Thread 2" [_thread_blocked, id=8656, stack(0x00000034aff00000,0x00000034b0000000)]
  0x000001a3196d1000 JavaThread "Build operations Thread 3" [_thread_blocked, id=12032, stack(0x00000034b0000000,0x00000034b0100000)]
  0x000001a3196cf800 JavaThread "Build operations Thread 4" [_thread_blocked, id=14296, stack(0x00000034b0100000,0x00000034b0200000)]
  0x000001a3196d2000 JavaThread "Build operations Thread 5" [_thread_blocked, id=14136, stack(0x00000034b0200000,0x00000034b0300000)]
  0x000001a3196ce000 JavaThread "Build operations Thread 6" [_thread_blocked, id=14652, stack(0x00000034b0300000,0x00000034b0400000)]
  0x000001a3196cc000 JavaThread "Build operations Thread 7" [_thread_blocked, id=9672, stack(0x00000034b0400000,0x00000034b0500000)]
  0x000001a3196d0000 JavaThread "Build operations Thread 8" [_thread_blocked, id=11064, stack(0x00000034b0500000,0x00000034b0600000)]
  0x000001a3196cd000 JavaThread "build event listener" [_thread_blocked, id=17760, stack(0x00000034b0700000,0x00000034b0800000)]
  0x000001a3196ce800 JavaThread "pool-12-thread-1" [_thread_blocked, id=9816, stack(0x00000034b1100000,0x00000034b1200000)]
  0x000001a31402f000 JavaThread "build event listener" [_thread_blocked, id=11436, stack(0x00000034b1200000,0x00000034b1300000)]
  0x000001a314036000 JavaThread "Execution worker for ':'" [_thread_blocked, id=13676, stack(0x00000034b1300000,0x00000034b1400000)]
  0x000001a314030000 JavaThread "Execution worker for ':' Thread 2" [_thread_blocked, id=13848, stack(0x00000034b1400000,0x00000034b1500000)]
  0x000001a314031000 JavaThread "Execution worker for ':' Thread 3" [_thread_blocked, id=12876, stack(0x00000034b1500000,0x00000034b1600000)]
  0x000001a314037800 JavaThread "Execution worker for ':' Thread 4" [_thread_blocked, id=18336, stack(0x00000034b1600000,0x00000034b1700000)]
  0x000001a314038000 JavaThread "Execution worker for ':' Thread 5" [_thread_blocked, id=3616, stack(0x00000034b1700000,0x00000034b1800000)]
  0x000001a31403a800 JavaThread "Execution worker for ':' Thread 6" [_thread_blocked, id=14444, stack(0x00000034b1800000,0x00000034b1900000)]
  0x000001a314273000 JavaThread "Execution worker for ':' Thread 7" [_thread_blocked, id=12620, stack(0x00000034b1900000,0x00000034b1a00000)]
  0x000001a314274800 JavaThread "Cache worker for execution history cache (C:\Users\hippo\AndroidStudioProjects\Registration\Registration\.gradle\7.0.2\executionHistory)" [_thread_blocked, id=7632, stack(0x00000034b1a00000,0x00000034b1b00000)]
  0x000001a314271000 JavaThread "Cache worker for Java compile cache (C:\Users\hippo\.gradle\caches\7.0.2\javaCompile)" [_thread_blocked, id=18488, stack(0x00000034b1b00000,0x00000034b1c00000)]
  0x000001a314272000 JavaThread "Cache worker for Java compile cache (C:\Users\hippo\AndroidStudioProjects\Registration\Registration\.gradle\7.0.2\javaCompile)" [_thread_blocked, id=16932, stack(0x00000034b1c00000,0x00000034b1d00000)]
  0x000001a311c35000 JavaThread "C2 CompilerThread1" daemon [_thread_in_native, id=11780, stack(0x00000034af700000,0x00000034af800000)]
  0x000001a314513000 JavaThread "C2 CompilerThread2" daemon [_thread_in_native, id=1540, stack(0x00000034b0600000,0x00000034b0700000)]
  0x000001a313390800 JavaThread "WorkerExecutor Queue" [_thread_blocked, id=5160, stack(0x00000034b1d00000,0x00000034b1e00000)]
  0x000001a313473000 JavaThread "WorkerExecutor Queue Thread 2" [_thread_blocked, id=10636, stack(0x00000034b1e00000,0x00000034b1f00000)]
  0x000001a31347a000 JavaThread "WorkerExecutor Queue Thread 3" [_thread_blocked, id=17180, stack(0x00000034b1f00000,0x00000034b2000000)]
  0x000001a313476800 JavaThread "WorkerExecutor Queue Thread 4" [_thread_blocked, id=5900, stack(0x00000034b2000000,0x00000034b2100000)]
  0x000001a313475000 JavaThread "WorkerExecutor Queue Thread 5" [_thread_blocked, id=19436, stack(0x00000034b2100000,0x00000034b2200000)]
  0x000001a313475800 JavaThread "WorkerExecutor Queue Thread 6" [_thread_blocked, id=14912, stack(0x00000034b2200000,0x00000034b2300000)]
  0x000001a313474000 JavaThread "WorkerExecutor Queue Thread 7" [_thread_blocked, id=8876, stack(0x00000034b2300000,0x00000034b2400000)]
  0x000001a313477800 JavaThread "WorkerExecutor Queue Thread 8" [_thread_blocked, id=1676, stack(0x00000034b2400000,0x00000034b2500000)]
  0x000001a31347d000 JavaThread "ForkJoinPool-1-worker-3" daemon [_thread_blocked, id=17140, stack(0x00000034b2500000,0x00000034b2600000)]
  0x000001a31347b800 JavaThread "ForkJoinPool-1-worker-5" daemon [_thread_blocked, id=11316, stack(0x00000034b2600000,0x00000034b2700000)]
  0x000001a31347a800 JavaThread "ForkJoinPool-1-worker-7" daemon [_thread_blocked, id=17524, stack(0x00000034b2700000,0x00000034b2800000)]
  0x000001a31347c000 JavaThread "ForkJoinPool-1-worker-9" daemon [_thread_blocked, id=6496, stack(0x00000034b2800000,0x00000034b2900000)]
  0x000001a31347e000 JavaThread "ForkJoinPool-1-worker-13" daemon [_thread_blocked, id=16804, stack(0x00000034b2900000,0x00000034b2a00000)]
  0x000001a313478000 JavaThread "ForkJoinPool-1-worker-11" daemon [_thread_in_Java, id=16840, stack(0x00000034b2a00000,0x00000034b2b00000)]
  0x000001a31347e800 JavaThread "ForkJoinPool-1-worker-15" daemon [_thread_blocked, id=17364, stack(0x00000034b2b00000,0x00000034b2c00000)]
  0x000001a313479000 JavaThread "ForkJoinPool-1-worker-1" daemon [_thread_blocked, id=17552, stack(0x00000034b2c00000,0x00000034b2d00000)]

Other Threads:
  0x000001a37f8a0000 VMThread "VM Thread" [stack: 0x00000034ad100000,0x00000034ad200000] [id=9416]
  0x000001a37fb52000 WatcherThread [stack: 0x00000034adb00000,0x00000034adc00000] [id=13668]
  0x000001a3742ec000 GCTaskThread "GC Thread#0" [stack: 0x00000034acc00000,0x00000034acd00000] [id=17348]
  0x000001a311ed1000 GCTaskThread "GC Thread#1" [stack: 0x00000034add00000,0x00000034ade00000] [id=14904]
  0x000001a311a51000 GCTaskThread "GC Thread#2" [stack: 0x00000034ade00000,0x00000034adf00000] [id=11024]
  0x000001a3141d2800 GCTaskThread "GC Thread#3" [stack: 0x00000034ae800000,0x00000034ae900000] [id=9836]
  0x000001a312d44800 GCTaskThread "GC Thread#4" [stack: 0x00000034ae900000,0x00000034aea00000] [id=7408]
  0x000001a313a00000 GCTaskThread "GC Thread#5" [stack: 0x00000034aea00000,0x00000034aeb00000] [id=9072]
  0x000001a312d6d000 GCTaskThread "GC Thread#6" [stack: 0x00000034aeb00000,0x00000034aec00000] [id=12396]
  0x000001a3137ba800 GCTaskThread "GC Thread#7" [stack: 0x00000034aec00000,0x00000034aed00000] [id=19368]
  0x000001a376468000 ConcurrentGCThread "G1 Main Marker" [stack: 0x00000034acd00000,0x00000034ace00000] [id=11900]
  0x000001a37646a000 ConcurrentGCThread "G1 Conc#0" [stack: 0x00000034ace00000,0x00000034acf00000] [id=15060]
  0x000001a312c57000 ConcurrentGCThread "G1 Conc#1" [stack: 0x00000034aef00000,0x00000034af000000] [id=10440]
  0x000001a37f6f0800 ConcurrentGCThread "G1 Refine#0" [stack: 0x00000034acf00000,0x00000034ad000000] [id=11540]
  0x000001a37f6f1800 ConcurrentGCThread "G1 Young RemSet Sampling" [stack: 0x00000034ad000000,0x00000034ad100000] [id=18628]

Threads with active compile tasks:
C2 CompilerThread0 871278 16518       4       com.android.tools.r8.dex.o::a (11 bytes)
C2 CompilerThread1 871278 16533       4       com.android.tools.r8.internal.i8::a (80 bytes)
C2 CompilerThread2 871278 16520       4       com.android.tools.r8.graph.Z$$Lambda$1795/0x0000000100e86440::accept (12 bytes)

VM state:not at safepoint (normal execution)

VM Mutex/Monitor currently owned by a thread: None

Heap address: 0x0000000080000000, size: 2048 MB, Compressed Oops mode: 32-bit
Narrow klass base: 0x0000000000000000, Narrow klass shift: 3
Compressed class space size: 1073741824 Address: 0x0000000100000000

Heap:
 garbage-first heap   total 224256K, used 174940K [0x0000000080000000, 0x0000000100000000)
  region size 1024K, 27 young (27648K), 4 survivors (4096K)
 Metaspace       used 110591K, capacity 113653K, committed 113996K, reserved 1148928K
  class space    used 14127K, capacity 15307K, committed 15436K, reserved 1048576K
Heap Regions: E=young(eden), S=young(survivor), O=old, HS=humongous(starts), HC=humongous(continues), CS=collection set, F=free, A=archive, TAMS=top-at-mark-start (previous, next)
|   0|0x0000000080000000, 0x0000000080100000, 0x0000000080100000|100%| O|  |TAMS 0x0000000080100000, 0x0000000080000000| Untracked 
|   1|0x0000000080100000, 0x0000000080200000, 0x0000000080200000|100%| O|  |TAMS 0x0000000080200000, 0x0000000080100000| Untracked 
|   2|0x0000000080200000, 0x0000000080300000, 0x0000000080300000|100%| O|  |TAMS 0x0000000080300000, 0x0000000080200000| Untracked 
|   3|0x0000000080300000, 0x0000000080400000, 0x0000000080400000|100%|HS|  |TAMS 0x0000000080400000, 0x0000000080300000| Complete 
|   4|0x0000000080400000, 0x0000000080500000, 0x0000000080500000|100%|HC|  |TAMS 0x0000000080500000, 0x0000000080400000| Complete 
|   5|0x0000000080500000, 0x0000000080600000, 0x0000000080600000|100%|HC|  |TAMS 0x0000000080600000, 0x0000000080500000| Complete 
|   6|0x0000000080600000, 0x0000000080700000, 0x0000000080700000|100%| O|  |TAMS 0x0000000080700000, 0x0000000080600000| Untracked 
|   7|0x0000000080700000, 0x0000000080800000, 0x0000000080800000|100%| O|  |TAMS 0x0000000080800000, 0x0000000080700000| Untracked 
|   8|0x0000000080800000, 0x0000000080900000, 0x0000000080900000|100%| O|  |TAMS 0x0000000080900000, 0x0000000080800000| Untracked 
|   9|0x0000000080900000, 0x0000000080a00000, 0x0000000080a00000|100%| O|  |TAMS 0x0000000080a00000, 0x0000000080900000| Untracked 
|  10|0x0000000080a00000, 0x0000000080b00000, 0x0000000080b00000|100%| O|  |TAMS 0x0000000080b00000, 0x0000000080a00000| Untracked 
|  11|0x0000000080b00000, 0x0000000080c00000, 0x0000000080c00000|100%| O|  |TAMS 0x0000000080c00000, 0x0000000080b00000| Untracked 
|  12|0x0000000080c00000, 0x0000000080d00000, 0x0000000080d00000|100%| O|  |TAMS 0x0000000080d00000, 0x0000000080c00000| Untracked 
|  13|0x0000000080d00000, 0x0000000080e00000, 0x0000000080e00000|100%| O|  |TAMS 0x0000000080e00000, 0x0000000080d00000| Untracked 
|  14|0x0000000080e00000, 0x0000000080f00000, 0x0000000080f00000|100%| O|  |TAMS 0x0000000080f00000, 0x0000000080e00000| Untracked 
|  15|0x0000000080f00000, 0x0000000081000000, 0x0000000081000000|100%| O|  |TAMS 0x0000000081000000, 0x0000000080f00000| Untracked 
|  16|0x0000000081000000, 0x0000000081100000, 0x0000000081100000|100%|HS|  |TAMS 0x0000000081100000, 0x0000000081000000| Complete 
|  17|0x0000000081100000, 0x0000000081200000, 0x0000000081200000|100%| O|  |TAMS 0x0000000081200000, 0x0000000081100000| Untracked 
|  18|0x0000000081200000, 0x0000000081300000, 0x0000000081300000|100%| O|  |TAMS 0x0000000081300000, 0x0000000081200000| Untracked 
|  19|0x0000000081300000, 0x0000000081400000, 0x0000000081400000|100%| O|  |TAMS 0x0000000081400000, 0x0000000081300000| Untracked 
|  20|0x0000000081400000, 0x0000000081500000, 0x0000000081500000|100%| O|  |TAMS 0x0000000081500000, 0x0000000081400000| Untracked 
|  21|0x0000000081500000, 0x0000000081600000, 0x0000000081600000|100%| O|  |TAMS 0x0000000081600000, 0x0000000081500000| Untracked 
|  22|0x0000000081600000, 0x0000000081700000, 0x0000000081700000|100%| O|  |TAMS 0x0000000081700000, 0x0000000081600000| Untracked 
|  23|0x0000000081700000, 0x0000000081800000, 0x0000000081800000|100%| O|  |TAMS 0x0000000081800000, 0x0000000081700000| Untracked 
|  24|0x0000000081800000, 0x0000000081900000, 0x0000000081900000|100%| O|  |TAMS 0x0000000081900000, 0x0000000081800000| Untracked 
|  25|0x0000000081900000, 0x0000000081a00000, 0x0000000081a00000|100%| O|  |TAMS 0x0000000081a00000, 0x0000000081900000| Untracked 
|  26|0x0000000081a00000, 0x0000000081b00000, 0x0000000081b00000|100%| O|  |TAMS 0x0000000081b00000, 0x0000000081a00000| Untracked 
|  27|0x0000000081b00000, 0x0000000081c00000, 0x0000000081c00000|100%|HS|  |TAMS 0x0000000081c00000, 0x0000000081b00000| Complete 
|  28|0x0000000081c00000, 0x0000000081d00000, 0x0000000081d00000|100%|HS|  |TAMS 0x0000000081d00000, 0x0000000081c00000| Complete 
|  29|0x0000000081d00000, 0x0000000081e00000, 0x0000000081e00000|100%|HC|  |TAMS 0x0000000081e00000, 0x0000000081d00000| Complete 
|  30|0x0000000081e00000, 0x0000000081f00000, 0x0000000081f00000|100%| O|  |TAMS 0x0000000081f00000, 0x0000000081e00000| Untracked 
|  31|0x0000000081f00000, 0x0000000082000000, 0x0000000082000000|100%| O|  |TAMS 0x0000000082000000, 0x0000000081f00000| Untracked 
|  32|0x0000000082000000, 0x0000000082100000, 0x0000000082100000|100%| O|  |TAMS 0x0000000082100000, 0x0000000082000000| Untracked 
|  33|0x0000000082100000, 0x0000000082200000, 0x0000000082200000|100%| O|  |TAMS 0x0000000082200000, 0x0000000082100000| Untracked 
|  34|0x0000000082200000, 0x0000000082300000, 0x0000000082300000|100%| O|  |TAMS 0x0000000082300000, 0x0000000082200000| Untracked 
|  35|0x0000000082300000, 0x0000000082400000, 0x0000000082400000|100%| O|  |TAMS 0x0000000082400000, 0x0000000082300000| Untracked 
|  36|0x0000000082400000, 0x0000000082500000, 0x0000000082500000|100%| O|  |TAMS 0x0000000082500000, 0x0000000082400000| Untracked 
|  37|0x0000000082500000, 0x0000000082600000, 0x0000000082600000|100%| O|  |TAMS 0x0000000082600000, 0x0000000082500000| Untracked 
|  38|0x0000000082600000, 0x0000000082700000, 0x0000000082700000|100%| O|  |TAMS 0x0000000082700000, 0x0000000082600000| Untracked 
|  39|0x0000000082700000, 0x0000000082800000, 0x0000000082800000|100%| O|  |TAMS 0x0000000082800000, 0x0000000082700000| Untracked 
|  40|0x0000000082800000, 0x0000000082900000, 0x0000000082900000|100%| O|  |TAMS 0x0000000082900000, 0x0000000082800000| Untracked 
|  41|0x0000000082900000, 0x0000000082a00000, 0x0000000082a00000|100%| O|  |TAMS 0x0000000082a00000, 0x0000000082900000| Untracked 
|  42|0x0000000082a00000, 0x0000000082b00000, 0x0000000082b00000|100%| O|  |TAMS 0x0000000082b00000, 0x0000000082a00000| Untracked 
|  43|0x0000000082b00000, 0x0000000082c00000, 0x0000000082c00000|100%| O|  |TAMS 0x0000000082c00000, 0x0000000082b00000| Untracked 
|  44|0x0000000082c00000, 0x0000000082d00000, 0x0000000082d00000|100%| O|  |TAMS 0x0000000082d00000, 0x0000000082c00000| Untracked 
|  45|0x0000000082d00000, 0x0000000082e00000, 0x0000000082e00000|100%| O|  |TAMS 0x0000000082e00000, 0x0000000082d00000| Untracked 
|  46|0x0000000082e00000, 0x0000000082f00000, 0x0000000082f00000|100%| O|  |TAMS 0x0000000082f00000, 0x0000000082e00000| Untracked 
|  47|0x0000000082f00000, 0x0000000083000000, 0x0000000083000000|100%| O|  |TAMS 0x0000000083000000, 0x0000000082f00000| Untracked 
|  48|0x0000000083000000, 0x0000000083100000, 0x0000000083100000|100%| O|  |TAMS 0x0000000083100000, 0x0000000083000000| Untracked 
|  49|0x0000000083100000, 0x0000000083200000, 0x0000000083200000|100%| O|  |TAMS 0x0000000083200000, 0x0000000083100000| Untracked 
|  50|0x0000000083200000, 0x0000000083300000, 0x0000000083300000|100%| O|  |TAMS 0x0000000083300000, 0x0000000083200000| Untracked 
|  51|0x0000000083300000, 0x0000000083400000, 0x0000000083400000|100%| O|  |TAMS 0x0000000083400000, 0x0000000083300000| Untracked 
|  52|0x0000000083400000, 0x0000000083500000, 0x0000000083500000|100%| O|  |TAMS 0x0000000083500000, 0x0000000083400000| Untracked 
|  53|0x0000000083500000, 0x0000000083600000, 0x0000000083600000|100%| O|  |TAMS 0x0000000083600000, 0x0000000083500000| Untracked 
|  54|0x0000000083600000, 0x0000000083700000, 0x0000000083700000|100%| O|  |TAMS 0x0000000083700000, 0x0000000083600000| Untracked 
|  55|0x0000000083700000, 0x0000000083800000, 0x0000000083800000|100%| O|  |TAMS 0x0000000083800000, 0x0000000083700000| Untracked 
|  56|0x0000000083800000, 0x0000000083900000, 0x0000000083900000|100%| O|  |TAMS 0x0000000083900000, 0x0000000083800000| Untracked 
|  57|0x0000000083900000, 0x0000000083a00000, 0x0000000083a00000|100%| O|  |TAMS 0x0000000083a00000, 0x0000000083900000| Untracked 
|  58|0x0000000083a00000, 0x0000000083b00000, 0x0000000083b00000|100%| O|  |TAMS 0x0000000083b00000, 0x0000000083a00000| Untracked 
|  59|0x0000000083b00000, 0x0000000083c00000, 0x0000000083c00000|100%| O|  |TAMS 0x0000000083c00000, 0x0000000083b00000| Untracked 
|  60|0x0000000083c00000, 0x0000000083d00000, 0x0000000083d00000|100%| O|  |TAMS 0x0000000083d00000, 0x0000000083c00000| Untracked 
|  61|0x0000000083d00000, 0x0000000083e00000, 0x0000000083e00000|100%| O|  |TAMS 0x0000000083e00000, 0x0000000083d00000| Untracked 
|  62|0x0000000083e00000, 0x0000000083f00000, 0x0000000083f00000|100%| O|  |TAMS 0x0000000083f00000, 0x0000000083e00000| Untracked 
|  63|0x0000000083f00000, 0x0000000084000000, 0x0000000084000000|100%| O|  |TAMS 0x0000000084000000, 0x0000000083f00000| Untracked 
|  64|0x0000000084000000, 0x0000000084100000, 0x0000000084100000|100%| O|  |TAMS 0x0000000084100000, 0x0000000084000000| Untracked 
|  65|0x0000000084100000, 0x0000000084200000, 0x0000000084200000|100%| O|  |TAMS 0x0000000084200000, 0x0000000084100000| Untracked 
|  66|0x0000000084200000, 0x0000000084300000, 0x0000000084300000|100%| O|  |TAMS 0x0000000084300000, 0x0000000084200000| Untracked 
|  67|0x0000000084300000, 0x0000000084400000, 0x0000000084400000|100%| O|  |TAMS 0x0000000084400000, 0x0000000084300000| Untracked 
|  68|0x0000000084400000, 0x0000000084500000, 0x0000000084500000|100%| O|  |TAMS 0x0000000084500000, 0x0000000084400000| Untracked 
|  69|0x0000000084500000, 0x0000000084600000, 0x0000000084600000|100%| O|  |TAMS 0x0000000084600000, 0x0000000084500000| Untracked 
|  70|0x0000000084600000, 0x0000000084700000, 0x0000000084700000|100%| O|  |TAMS 0x0000000084700000, 0x0000000084600000| Untracked 
|  71|0x0000000084700000, 0x0000000084800000, 0x0000000084800000|100%| O|  |TAMS 0x0000000084800000, 0x0000000084700000| Untracked 
|  72|0x0000000084800000, 0x0000000084900000, 0x0000000084900000|100%| O|  |TAMS 0x0000000084900000, 0x0000000084800000| Untracked 
|  73|0x0000000084900000, 0x0000000084a00000, 0x0000000084a00000|100%| O|  |TAMS 0x0000000084a00000, 0x0000000084900000| Untracked 
|  74|0x0000000084a00000, 0x0000000084b00000, 0x0000000084b00000|100%| O|  |TAMS 0x0000000084b00000, 0x0000000084a00000| Untracked 
|  75|0x0000000084b00000, 0x0000000084c00000, 0x0000000084c00000|100%| O|  |TAMS 0x0000000084c00000, 0x0000000084b00000| Untracked 
|  76|0x0000000084c00000, 0x0000000084d00000, 0x0000000084d00000|100%| O|  |TAMS 0x0000000084d00000, 0x0000000084c00000| Untracked 
|  77|0x0000000084d00000, 0x0000000084e00000, 0x0000000084e00000|100%| O|  |TAMS 0x0000000084e00000, 0x0000000084d00000| Untracked 
|  78|0x0000000084e00000, 0x0000000084f00000, 0x0000000084f00000|100%| O|  |TAMS 0x0000000084f00000, 0x0000000084e00000| Untracked 
|  79|0x0000000084f00000, 0x0000000085000000, 0x0000000085000000|100%| O|  |TAMS 0x0000000085000000, 0x0000000084f00000| Untracked 
|  80|0x0000000085000000, 0x0000000085100000, 0x0000000085100000|100%| O|  |TAMS 0x0000000085100000, 0x0000000085000000| Untracked 
|  81|0x0000000085100000, 0x0000000085200000, 0x0000000085200000|100%|HS|  |TAMS 0x0000000085200000, 0x0000000085100000| Complete 
|  82|0x0000000085200000, 0x0000000085300000, 0x0000000085300000|100%|HC|  |TAMS 0x0000000085300000, 0x0000000085200000| Complete 
|  83|0x0000000085300000, 0x0000000085400000, 0x0000000085400000|100%|HC|  |TAMS 0x0000000085400000, 0x0000000085300000| Complete 
|  84|0x0000000085400000, 0x0000000085500000, 0x0000000085500000|100%|HC|  |TAMS 0x0000000085500000, 0x0000000085400000| Complete 
|  85|0x0000000085500000, 0x0000000085600000, 0x0000000085600000|100%|HC|  |TAMS 0x0000000085600000, 0x0000000085500000| Complete 
|  86|0x0000000085600000, 0x0000000085700000, 0x0000000085700000|100%| O|  |TAMS 0x0000000085700000, 0x0000000085600000| Untracked 
|  87|0x0000000085700000, 0x0000000085800000, 0x0000000085800000|100%| O|  |TAMS 0x0000000085800000, 0x0000000085700000| Untracked 
|  88|0x0000000085800000, 0x0000000085900000, 0x0000000085900000|100%| O|  |TAMS 0x0000000085900000, 0x0000000085800000| Untracked 
|  89|0x0000000085900000, 0x0000000085a00000, 0x0000000085a00000|100%| O|  |TAMS 0x0000000085a00000, 0x0000000085900000| Untracked 
|  90|0x0000000085a00000, 0x0000000085b00000, 0x0000000085b00000|100%| O|  |TAMS 0x0000000085b00000, 0x0000000085a00000| Untracked 
|  91|0x0000000085b00000, 0x0000000085c00000, 0x0000000085c00000|100%| O|  |TAMS 0x0000000085c00000, 0x0000000085b00000| Untracked 
|  92|0x0000000085c00000, 0x0000000085d00000, 0x0000000085d00000|100%| O|  |TAMS 0x0000000085d00000, 0x0000000085c00000| Untracked 
|  93|0x0000000085d00000, 0x0000000085e00000, 0x0000000085e00000|100%| O|  |TAMS 0x0000000085e00000, 0x0000000085d00000| Untracked 
|  94|0x0000000085e00000, 0x0000000085f00000, 0x0000000085f00000|100%| O|  |TAMS 0x0000000085f00000, 0x0000000085e00000| Untracked 
|  95|0x0000000085f00000, 0x0000000086000000, 0x0000000086000000|100%| O|  |TAMS 0x0000000086000000, 0x0000000085f00000| Untracked 
|  96|0x0000000086000000, 0x0000000086100000, 0x0000000086100000|100%| O|  |TAMS 0x0000000086100000, 0x0000000086000000| Untracked 
|  97|0x0000000086100000, 0x0000000086200000, 0x0000000086200000|100%| O|  |TAMS 0x0000000086200000, 0x0000000086100000| Untracked 
|  98|0x0000000086200000, 0x0000000086300000, 0x0000000086300000|100%| O|  |TAMS 0x0000000086300000, 0x0000000086200000| Untracked 
|  99|0x0000000086300000, 0x0000000086400000, 0x0000000086400000|100%| O|  |TAMS 0x0000000086400000, 0x0000000086300000| Untracked 
| 100|0x0000000086400000, 0x0000000086500000, 0x0000000086500000|100%| O|  |TAMS 0x0000000086500000, 0x0000000086400000| Untracked 
| 101|0x0000000086500000, 0x0000000086600000, 0x0000000086600000|100%|HS|  |TAMS 0x0000000086600000, 0x0000000086500000| Complete 
| 102|0x0000000086600000, 0x0000000086700000, 0x0000000086700000|100%|HC|  |TAMS 0x0000000086700000, 0x0000000086600000| Complete 
| 103|0x0000000086700000, 0x0000000086800000, 0x0000000086800000|100%|HC|  |TAMS 0x0000000086800000, 0x0000000086700000| Complete 
| 104|0x0000000086800000, 0x0000000086900000, 0x0000000086900000|100%|HC|  |TAMS 0x0000000086900000, 0x0000000086800000| Complete 
| 105|0x0000000086900000, 0x0000000086a00000, 0x0000000086a00000|100%|HC|  |TAMS 0x0000000086a00000, 0x0000000086900000| Complete 
| 106|0x0000000086a00000, 0x0000000086b00000, 0x0000000086b00000|100%| O|  |TAMS 0x0000000086b00000, 0x0000000086a00000| Untracked 
| 107|0x0000000086b00000, 0x0000000086c00000, 0x0000000086c00000|100%| O|  |TAMS 0x0000000086c00000, 0x0000000086b00000| Untracked 
| 108|0x0000000086c00000, 0x0000000086d00000, 0x0000000086d00000|100%| O|  |TAMS 0x0000000086d00000, 0x0000000086c00000| Untracked 
| 109|0x0000000086d00000, 0x0000000086e00000, 0x0000000086e00000|100%| O|  |TAMS 0x0000000086e00000, 0x0000000086d00000| Untracked 
| 110|0x0000000086e00000, 0x0000000086f00000, 0x0000000086f00000|100%| O|  |TAMS 0x0000000086f00000, 0x0000000086e00000| Untracked 
| 111|0x0000000086f00000, 0x0000000087000000, 0x0000000087000000|100%| O|  |TAMS 0x0000000087000000, 0x0000000086f00000| Untracked 
| 112|0x0000000087000000, 0x0000000087100000, 0x0000000087100000|100%| O|  |TAMS 0x0000000087100000, 0x0000000087000000| Untracked 
| 113|0x0000000087100000, 0x0000000087200000, 0x0000000087200000|100%| O|  |TAMS 0x0000000087200000, 0x0000000087100000| Untracked 
| 114|0x0000000087200000, 0x0000000087300000, 0x0000000087300000|100%| O|  |TAMS 0x0000000087300000, 0x0000000087200000| Untracked 
| 115|0x0000000087300000, 0x0000000087400000, 0x0000000087400000|100%| O|  |TAMS 0x0000000087400000, 0x0000000087300000| Untracked 
| 116|0x0000000087400000, 0x0000000087500000, 0x0000000087500000|100%| O|  |TAMS 0x0000000087500000, 0x0000000087400000| Untracked 
| 117|0x0000000087500000, 0x0000000087600000, 0x0000000087600000|100%| O|  |TAMS 0x0000000087600000, 0x0000000087500000| Untracked 
| 118|0x0000000087600000, 0x0000000087700000, 0x0000000087700000|100%| O|  |TAMS 0x0000000087700000, 0x0000000087600000| Untracked 
| 119|0x0000000087700000, 0x0000000087800000, 0x0000000087800000|100%| O|  |TAMS 0x0000000087800000, 0x0000000087700000| Untracked 
| 120|0x0000000087800000, 0x0000000087900000, 0x0000000087900000|100%| O|  |TAMS 0x0000000087900000, 0x0000000087800000| Untracked 
| 121|0x0000000087900000, 0x0000000087a00000, 0x0000000087a00000|100%| O|  |TAMS 0x000000008798c200, 0x0000000087900000| Untracked 
| 122|0x0000000087a00000, 0x0000000087b00000, 0x0000000087b00000|100%| O|  |TAMS 0x0000000087a00000, 0x0000000087a00000| Untracked 
| 123|0x0000000087b00000, 0x0000000087c00000, 0x0000000087c00000|100%| O|  |TAMS 0x0000000087b00000, 0x0000000087b00000| Untracked 
| 124|0x0000000087c00000, 0x0000000087d00000, 0x0000000087d00000|100%| O|  |TAMS 0x0000000087c00000, 0x0000000087c00000| Untracked 
| 125|0x0000000087d00000, 0x0000000087e00000, 0x0000000087e00000|100%| O|  |TAMS 0x0000000087d00000, 0x0000000087d00000| Untracked 
| 126|0x0000000087e00000, 0x0000000087f00000, 0x0000000087f00000|100%| O|  |TAMS 0x0000000087e00000, 0x0000000087e00000| Untracked 
| 127|0x0000000087f00000, 0x0000000088000000, 0x0000000088000000|100%| O|  |TAMS 0x0000000087f00000, 0x0000000087f00000| Untracked 
| 128|0x0000000088000000, 0x0000000088100000, 0x0000000088100000|100%| O|  |TAMS 0x0000000088000000, 0x0000000088000000| Untracked 
| 129|0x0000000088100000, 0x0000000088200000, 0x0000000088200000|100%| O|  |TAMS 0x0000000088100000, 0x0000000088100000| Untracked 
| 130|0x0000000088200000, 0x0000000088300000, 0x0000000088300000|100%| O|  |TAMS 0x0000000088200000, 0x0000000088200000| Untracked 
| 131|0x0000000088300000, 0x0000000088400000, 0x0000000088400000|100%| O|  |TAMS 0x0000000088300000, 0x0000000088300000| Untracked 
| 132|0x0000000088400000, 0x0000000088500000, 0x0000000088500000|100%| O|  |TAMS 0x0000000088400000, 0x0000000088400000| Untracked 
| 133|0x0000000088500000, 0x0000000088600000, 0x0000000088600000|100%| O|  |TAMS 0x0000000088500000, 0x0000000088500000| Untracked 
| 134|0x0000000088600000, 0x0000000088700000, 0x0000000088700000|100%| O|  |TAMS 0x0000000088600000, 0x0000000088600000| Untracked 
| 135|0x0000000088700000, 0x0000000088800000, 0x0000000088800000|100%| O|  |TAMS 0x0000000088700000, 0x0000000088700000| Untracked 
| 136|0x0000000088800000, 0x0000000088900000, 0x0000000088900000|100%| O|  |TAMS 0x0000000088800000, 0x0000000088800000| Untracked 
| 137|0x0000000088900000, 0x0000000088a00000, 0x0000000088a00000|100%|HS|  |TAMS 0x0000000088900000, 0x0000000088900000| Complete 
| 138|0x0000000088a00000, 0x0000000088b00000, 0x0000000088b00000|100%|HS|  |TAMS 0x0000000088a00000, 0x0000000088a00000| Complete 
| 139|0x0000000088b00000, 0x0000000088c00000, 0x0000000088c00000|100%|HS|  |TAMS 0x0000000088b00000, 0x0000000088b00000| Complete 
| 140|0x0000000088c00000, 0x0000000088d00000, 0x0000000088d00000|100%|HS|  |TAMS 0x0000000088c00000, 0x0000000088c00000| Complete 
| 141|0x0000000088d00000, 0x0000000088e00000, 0x0000000088e00000|100%| O|  |TAMS 0x0000000088d00000, 0x0000000088d00000| Untracked 
| 142|0x0000000088e00000, 0x0000000088f00000, 0x0000000088f00000|100%| O|  |TAMS 0x0000000088e00000, 0x0000000088e00000| Untracked 
| 143|0x0000000088f00000, 0x0000000088fd7000, 0x0000000089000000| 83%| O|  |TAMS 0x0000000088f00000, 0x0000000088f00000| Untracked 
| 144|0x0000000089000000, 0x0000000089100000, 0x0000000089100000|100%|HS|  |TAMS 0x0000000089000000, 0x0000000089000000| Complete 
| 145|0x0000000089100000, 0x0000000089200000, 0x0000000089200000|100%|HS|  |TAMS 0x0000000089100000, 0x0000000089100000| Complete 
| 146|0x0000000089200000, 0x0000000089200000, 0x0000000089300000|  0%| F|  |TAMS 0x0000000089200000, 0x0000000089200000| Untracked 
| 147|0x0000000089300000, 0x0000000089300000, 0x0000000089400000|  0%| F|  |TAMS 0x0000000089300000, 0x0000000089300000| Untracked 
| 148|0x0000000089400000, 0x0000000089400000, 0x0000000089500000|  0%| F|  |TAMS 0x0000000089400000, 0x0000000089400000| Untracked 
| 149|0x0000000089500000, 0x0000000089500000, 0x0000000089600000|  0%| F|  |TAMS 0x0000000089500000, 0x0000000089500000| Untracked 
| 150|0x0000000089600000, 0x0000000089600000, 0x0000000089700000|  0%| F|  |TAMS 0x0000000089600000, 0x0000000089600000| Untracked 
| 151|0x0000000089700000, 0x0000000089700000, 0x0000000089800000|  0%| F|  |TAMS 0x0000000089700000, 0x0000000089700000| Untracked 
| 152|0x0000000089800000, 0x0000000089800000, 0x0000000089900000|  0%| F|  |TAMS 0x0000000089800000, 0x0000000089800000| Untracked 
| 153|0x0000000089900000, 0x0000000089900000, 0x0000000089a00000|  0%| F|  |TAMS 0x0000000089900000, 0x0000000089900000| Untracked 
| 154|0x0000000089a00000, 0x0000000089a00000, 0x0000000089b00000|  0%| F|  |TAMS 0x0000000089a00000, 0x0000000089a00000| Untracked 
| 155|0x0000000089b00000, 0x0000000089b00000, 0x0000000089c00000|  0%| F|  |TAMS 0x0000000089b00000, 0x0000000089b00000| Untracked 
| 156|0x0000000089c00000, 0x0000000089c00000, 0x0000000089d00000|  0%| F|  |TAMS 0x0000000089c00000, 0x0000000089c00000| Untracked 
| 157|0x0000000089d00000, 0x0000000089d00000, 0x0000000089e00000|  0%| F|  |TAMS 0x0000000089d00000, 0x0000000089d00000| Untracked 
| 158|0x0000000089e00000, 0x0000000089e00000, 0x0000000089f00000|  0%| F|  |TAMS 0x0000000089e00000, 0x0000000089e00000| Untracked 
| 159|0x0000000089f00000, 0x0000000089f00000, 0x000000008a000000|  0%| F|  |TAMS 0x0000000089f00000, 0x0000000089f00000| Untracked 
| 160|0x000000008a000000, 0x000000008a000000, 0x000000008a100000|  0%| F|  |TAMS 0x000000008a000000, 0x000000008a000000| Untracked 
| 161|0x000000008a100000, 0x000000008a100000, 0x000000008a200000|  0%| F|  |TAMS 0x000000008a100000, 0x000000008a100000| Untracked 
| 162|0x000000008a200000, 0x000000008a200000, 0x000000008a300000|  0%| F|  |TAMS 0x000000008a200000, 0x000000008a200000| Untracked 
| 163|0x000000008a300000, 0x000000008a300000, 0x000000008a400000|  0%| F|  |TAMS 0x000000008a300000, 0x000000008a300000| Untracked 
| 164|0x000000008a400000, 0x000000008a400000, 0x000000008a500000|  0%| F|  |TAMS 0x000000008a400000, 0x000000008a400000| Untracked 
| 165|0x000000008a500000, 0x000000008a500000, 0x000000008a600000|  0%| F|  |TAMS 0x000000008a500000, 0x000000008a500000| Untracked 
| 166|0x000000008a600000, 0x000000008a600000, 0x000000008a700000|  0%| F|  |TAMS 0x000000008a600000, 0x000000008a600000| Untracked 
| 167|0x000000008a700000, 0x000000008a700000, 0x000000008a800000|  0%| F|  |TAMS 0x000000008a700000, 0x000000008a700000| Untracked 
| 168|0x000000008a800000, 0x000000008a800000, 0x000000008a900000|  0%| F|  |TAMS 0x000000008a800000, 0x000000008a800000| Untracked 
| 169|0x000000008a900000, 0x000000008a900000, 0x000000008aa00000|  0%| F|  |TAMS 0x000000008a900000, 0x000000008a900000| Untracked 
| 170|0x000000008aa00000, 0x000000008aa00000, 0x000000008ab00000|  0%| F|  |TAMS 0x000000008aa00000, 0x000000008aa00000| Untracked 
| 171|0x000000008ab00000, 0x000000008ab00000, 0x000000008ac00000|  0%| F|  |TAMS 0x000000008ab00000, 0x000000008ab00000| Untracked 
| 172|0x000000008ac00000, 0x000000008ac00000, 0x000000008ad00000|  0%| F|  |TAMS 0x000000008ac00000, 0x000000008ac00000| Untracked 
| 173|0x000000008ad00000, 0x000000008ad00000, 0x000000008ae00000|  0%| F|  |TAMS 0x000000008ad00000, 0x000000008ad00000| Untracked 
| 174|0x000000008ae00000, 0x000000008ae00000, 0x000000008af00000|  0%| F|  |TAMS 0x000000008ae00000, 0x000000008ae00000| Untracked 
| 175|0x000000008af00000, 0x000000008af00000, 0x000000008b000000|  0%| F|  |TAMS 0x000000008af00000, 0x000000008af00000| Untracked 
| 176|0x000000008b000000, 0x000000008b000000, 0x000000008b100000|  0%| F|  |TAMS 0x000000008b000000, 0x000000008b000000| Untracked 
| 177|0x000000008b100000, 0x000000008b100000, 0x000000008b200000|  0%| F|  |TAMS 0x000000008b100000, 0x000000008b100000| Untracked 
| 178|0x000000008b200000, 0x000000008b200000, 0x000000008b300000|  0%| F|  |TAMS 0x000000008b200000, 0x000000008b200000| Untracked 
| 179|0x000000008b300000, 0x000000008b300000, 0x000000008b400000|  0%| F|  |TAMS 0x000000008b300000, 0x000000008b300000| Untracked 
| 180|0x000000008b400000, 0x000000008b400000, 0x000000008b500000|  0%| F|  |TAMS 0x000000008b400000, 0x000000008b400000| Untracked 
| 181|0x000000008b500000, 0x000000008b500000, 0x000000008b600000|  0%| F|  |TAMS 0x000000008b500000, 0x000000008b500000| Untracked 
| 182|0x000000008b600000, 0x000000008b600000, 0x000000008b700000|  0%| F|  |TAMS 0x000000008b600000, 0x000000008b600000| Untracked 
| 183|0x000000008b700000, 0x000000008b700000, 0x000000008b800000|  0%| F|  |TAMS 0x000000008b700000, 0x000000008b700000| Untracked 
| 184|0x000000008b800000, 0x000000008b800000, 0x000000008b900000|  0%| F|  |TAMS 0x000000008b800000, 0x000000008b800000| Untracked 
| 185|0x000000008b900000, 0x000000008b900000, 0x000000008ba00000|  0%| F|  |TAMS 0x000000008b900000, 0x000000008b900000| Untracked 
| 186|0x000000008ba00000, 0x000000008ba00000, 0x000000008bb00000|  0%| F|  |TAMS 0x000000008ba00000, 0x000000008ba00000| Untracked 
| 187|0x000000008bb00000, 0x000000008bb00000, 0x000000008bc00000|  0%| F|  |TAMS 0x000000008bb00000, 0x000000008bb00000| Untracked 
| 188|0x000000008bc00000, 0x000000008bc00000, 0x000000008bd00000|  0%| F|  |TAMS 0x000000008bc00000, 0x000000008bc00000| Untracked 
| 189|0x000000008bd00000, 0x000000008be00000, 0x000000008be00000|100%| S|CS|TAMS 0x000000008bd00000, 0x000000008bd00000| Complete 
| 190|0x000000008be00000, 0x000000008bf00000, 0x000000008bf00000|100%| S|CS|TAMS 0x000000008be00000, 0x000000008be00000| Complete 
| 191|0x000000008bf00000, 0x000000008c000000, 0x000000008c000000|100%| S|CS|TAMS 0x000000008bf00000, 0x000000008bf00000| Complete 
| 192|0x000000008c000000, 0x000000008c100000, 0x000000008c100000|100%| S|CS|TAMS 0x000000008c000000, 0x000000008c000000| Complete 
| 193|0x000000008c100000, 0x000000008c100000, 0x000000008c200000|  0%| F|  |TAMS 0x000000008c100000, 0x000000008c100000| Untracked 
| 194|0x000000008c200000, 0x000000008c200000, 0x000000008c300000|  0%| F|  |TAMS 0x000000008c200000, 0x000000008c200000| Untracked 
| 195|0x000000008c300000, 0x000000008c300000, 0x000000008c400000|  0%| F|  |TAMS 0x000000008c300000, 0x000000008c300000| Untracked 
| 196|0x000000008c400000, 0x000000008c441960, 0x000000008c500000| 25%| E|  |TAMS 0x000000008c400000, 0x000000008c400000| Complete 
| 197|0x000000008c500000, 0x000000008c600000, 0x000000008c600000|100%| E|  |TAMS 0x000000008c500000, 0x000000008c500000| Complete 
| 198|0x000000008c600000, 0x000000008c700000, 0x000000008c700000|100%| E|CS|TAMS 0x000000008c600000, 0x000000008c600000| Complete 
| 199|0x000000008c700000, 0x000000008c800000, 0x000000008c800000|100%| E|CS|TAMS 0x000000008c700000, 0x000000008c700000| Complete 
| 200|0x000000008c800000, 0x000000008c900000, 0x000000008c900000|100%| E|CS|TAMS 0x000000008c800000, 0x000000008c800000| Complete 
| 201|0x000000008c900000, 0x000000008ca00000, 0x000000008ca00000|100%| E|CS|TAMS 0x000000008c900000, 0x000000008c900000| Complete 
| 202|0x000000008ca00000, 0x000000008cb00000, 0x000000008cb00000|100%| E|CS|TAMS 0x000000008ca00000, 0x000000008ca00000| Complete 
| 203|0x000000008cb00000, 0x000000008cc00000, 0x000000008cc00000|100%| E|CS|TAMS 0x000000008cb00000, 0x000000008cb00000| Complete 
| 204|0x000000008cc00000, 0x000000008cd00000, 0x000000008cd00000|100%| E|CS|TAMS 0x000000008cc00000, 0x000000008cc00000| Complete 
| 205|0x000000008cd00000, 0x000000008ce00000, 0x000000008ce00000|100%| E|CS|TAMS 0x000000008cd00000, 0x000000008cd00000| Complete 
| 206|0x000000008ce00000, 0x000000008cf00000, 0x000000008cf00000|100%| E|CS|TAMS 0x000000008ce00000, 0x000000008ce00000| Complete 
| 207|0x000000008cf00000, 0x000000008d000000, 0x000000008d000000|100%| E|CS|TAMS 0x000000008cf00000, 0x000000008cf00000| Complete 
| 208|0x000000008d000000, 0x000000008d100000, 0x000000008d100000|100%| E|CS|TAMS 0x000000008d000000, 0x000000008d000000| Complete 
| 209|0x000000008d100000, 0x000000008d200000, 0x000000008d200000|100%| E|CS|TAMS 0x000000008d100000, 0x000000008d100000| Complete 
| 210|0x000000008d200000, 0x000000008d300000, 0x000000008d300000|100%| E|CS|TAMS 0x000000008d200000, 0x000000008d200000| Complete 
| 211|0x000000008d300000, 0x000000008d400000, 0x000000008d400000|100%| E|CS|TAMS 0x000000008d300000, 0x000000008d300000| Complete 
| 212|0x000000008d400000, 0x000000008d500000, 0x000000008d500000|100%| E|CS|TAMS 0x000000008d400000, 0x000000008d400000| Complete 
| 213|0x000000008d500000, 0x000000008d600000, 0x000000008d600000|100%| E|CS|TAMS 0x000000008d500000, 0x000000008d500000| Complete 
| 214|0x000000008d600000, 0x000000008d700000, 0x000000008d700000|100%| E|CS|TAMS 0x000000008d600000, 0x000000008d600000| Complete 
| 215|0x000000008d700000, 0x000000008d800000, 0x000000008d800000|100%| E|CS|TAMS 0x000000008d700000, 0x000000008d700000| Complete 
| 216|0x000000008d800000, 0x000000008d900000, 0x000000008d900000|100%| E|CS|TAMS 0x000000008d800000, 0x000000008d800000| Complete 
| 217|0x000000008d900000, 0x000000008da00000, 0x000000008da00000|100%| E|CS|TAMS 0x000000008d900000, 0x000000008d900000| Complete 
| 218|0x000000008da00000, 0x000000008db00000, 0x000000008db00000|100%| E|CS|TAMS 0x000000008da00000, 0x000000008da00000| Complete 

Card table byte_map: [0x000001a37a640000,0x000001a37aa40000] _byte_map_base: 0x000001a37a240000

Marking Bits (Prev, Next): (CMBitMap*) 0x000001a37645f0b8, (CMBitMap*) 0x000001a37645f0f0
 Prev Bits: [0x000001a37ae40000, 0x000001a37ce40000)
 Next Bits: [0x000001a37ce40000, 0x000001a37ee40000)

Polling page: 0x000001a374400000

Metaspace:

Usage:
  Non-class:     96.04 MB capacity,    94.20 MB ( 98%) used,     1.47 MB (  2%) free+waste,   378.38 KB ( <1%) overhead. 
      Class:     14.95 MB capacity,    13.80 MB ( 92%) used,  1009.38 KB (  7%) free+waste,   170.25 KB (  1%) overhead. 
       Both:    110.99 MB capacity,   108.00 MB ( 97%) used,     2.45 MB (  2%) free+waste,   548.63 KB ( <1%) overhead. 

Virtual space:
  Non-class space:       98.00 MB reserved,      96.25 MB ( 98%) committed 
      Class space:        1.00 GB reserved,      15.07 MB (  1%) committed 
             Both:        1.10 GB reserved,     111.32 MB ( 10%) committed 

Chunk freelists:
   Non-Class:  22.00 KB
       Class:  21.00 KB
        Both:  43.00 KB

MaxMetaspaceSize: 17179869184.00 GB
CompressedClassSpaceSize: 1.00 GB

CodeHeap 'non-profiled nmethods': size=120000Kb used=10605Kb max_used=10605Kb free=109394Kb
 bounds [0x000001a307ad0000, 0x000001a308530000, 0x000001a30f000000]
CodeHeap 'profiled nmethods': size=120000Kb used=35379Kb max_used=35379Kb free=84620Kb
 bounds [0x000001a3005a0000, 0x000001a302830000, 0x000001a307ad0000]
CodeHeap 'non-nmethods': size=5760Kb used=2317Kb max_used=2379Kb free=3443Kb
 bounds [0x000001a300000000, 0x000001a300270000, 0x000001a3005a0000]
 total_blobs=17255 nmethods=16328 adapters=837
 compilation: enabled
              stopped_count=0, restarted_count=0
 full_count=0

Compilation events (20 events):
Event: 871.061 Thread 0x000001a311c35000 nmethod 16509 0x000001a30851a910 code [0x000001a30851aac0, 0x000001a30851b038]
Event: 871.061 Thread 0x000001a311c35000 16515       4       com.android.tools.r8.graph.t::hashCode (18 bytes)
Event: 871.075 Thread 0x000001a311c35000 nmethod 16515 0x000001a30851b410 code [0x000001a30851b5a0, 0x000001a30851b858]
Event: 871.075 Thread 0x000001a311c35000 16514       4       com.android.tools.r8.graph.O::a (9 bytes)
Event: 871.085 Thread 0x000001a37f8ca800 16521       3       com.android.tools.r8.internal.DE$$Lambda$1822/0x0000000100e95040::a (13 bytes)
Event: 871.085 Thread 0x000001a37f8ca800 nmethod 16521 0x000001a302820710 code [0x000001a3028208e0, 0x000001a302820c28]
Event: 871.095 Thread 0x000001a314513000 nmethod 16503 0x000001a30851ba10 code [0x000001a30851bcc0, 0x000001a30851d450]
Event: 871.095 Thread 0x000001a314513000 16522       4       com.android.tools.r8.internal.Kz::a (263 bytes)
Event: 871.109 Thread 0x000001a314513000 nmethod 16522 0x000001a30851e790 code [0x000001a30851e9a0, 0x000001a30851ef08]
Event: 871.109 Thread 0x000001a314513000 16517       4       com.android.tools.r8.internal.Kz::containsKey (74 bytes)
Event: 871.114 Thread 0x000001a314513000 nmethod 16517 0x000001a30851f390 code [0x000001a30851f540, 0x000001a30851f748]
Event: 871.115 Thread 0x000001a314513000 16519       4       com.android.tools.r8.dex.v::b (46 bytes)
Event: 871.116 Thread 0x000001a314513000 nmethod 16519 0x000001a30851f910 code [0x000001a30851faa0, 0x000001a30851fb38]
Event: 871.116 Thread 0x000001a314513000 16520       4       com.android.tools.r8.graph.Z$$Lambda$1795/0x0000000100e86440::accept (12 bytes)
Event: 871.122 Thread 0x000001a37f8ca800 16524       3       com.android.tools.r8.graph.I0::b (55 bytes)
Event: 871.122 Thread 0x000001a37f8ca800 nmethod 16524 0x000001a302820d10 code [0x000001a302820ee0, 0x000001a302821188]
Event: 871.128 Thread 0x000001a37f8ca800 16525       3       com.android.tools.r8.internal.DE::a (49 bytes)
Event: 871.128 Thread 0x000001a37f8ca800 nmethod 16525 0x000001a302821290 code [0x000001a302821460, 0x000001a302821818]
Event: 871.147 Thread 0x000001a37f8c7000 nmethod 16472 0x000001a30851fc10 code [0x000001a30851ff00, 0x000001a308522118]
Event: 871.147 Thread 0x000001a37f8c7000 16518       4       com.android.tools.r8.dex.o::a (11 bytes)

GC Heap History (20 events):
Event: 867.050 GC heap before
{Heap before GC invocations=42 (full 0):
 garbage-first heap   total 131072K, used 103614K [0x0000000080000000, 0x0000000100000000)
  region size 1024K, 19 young (19456K), 1 survivors (1024K)
 Metaspace       used 108255K, capacity 111431K, committed 111564K, reserved 1146880K
  class space    used 13813K, capacity 15012K, committed 15052K, reserved 1048576K
}
Event: 867.059 GC heap after
{Heap after GC invocations=43 (full 0):
 garbage-first heap   total 131072K, used 85220K [0x0000000080000000, 0x0000000100000000)
  region size 1024K, 2 young (2048K), 2 survivors (2048K)
 Metaspace       used 108255K, capacity 111431K, committed 111564K, reserved 1146880K
  class space    used 13813K, capacity 15012K, committed 15052K, reserved 1048576K
}
Event: 867.492 GC heap before
{Heap before GC invocations=43 (full 0):
 garbage-first heap   total 131072K, used 106724K [0x0000000080000000, 0x0000000100000000)
  region size 1024K, 15 young (15360K), 2 survivors (2048K)
 Metaspace       used 108990K, capacity 112060K, committed 112204K, reserved 1146880K
  class space    used 13911K, capacity 15107K, committed 15180K, reserved 1048576K
}
Event: 867.497 GC heap after
{Heap after GC invocations=44 (full 0):
 garbage-first heap   total 131072K, used 96876K [0x0000000080000000, 0x0000000100000000)
  region size 1024K, 3 young (3072K), 3 survivors (3072K)
 Metaspace       used 108990K, capacity 112060K, committed 112204K, reserved 1146880K
  class space    used 13911K, capacity 15107K, committed 15180K, reserved 1048576K
}
Event: 867.710 GC heap before
{Heap before GC invocations=44 (full 0):
 garbage-first heap   total 131072K, used 115308K [0x0000000080000000, 0x0000000100000000)
  region size 1024K, 17 young (17408K), 3 survivors (3072K)
 Metaspace       used 109061K, capacity 112127K, committed 112460K, reserved 1146880K
  class space    used 13905K, capacity 15086K, committed 15180K, reserved 1048576K
}
Event: 867.721 GC heap after
{Heap after GC invocations=45 (full 0):
 garbage-first heap   total 157696K, used 103250K [0x0000000080000000, 0x0000000100000000)
  region size 1024K, 3 young (3072K), 3 survivors (3072K)
 Metaspace       used 109061K, capacity 112127K, committed 112460K, reserved 1146880K
  class space    used 13905K, capacity 15086K, committed 15180K, reserved 1048576K
}
Event: 868.058 GC heap before
{Heap before GC invocations=46 (full 0):
 garbage-first heap   total 157696K, used 122706K [0x0000000080000000, 0x0000000100000000)
  region size 1024K, 23 young (23552K), 3 survivors (3072K)
 Metaspace       used 109825K, capacity 112890K, committed 113228K, reserved 1146880K
  class space    used 14118K, capacity 15298K, committed 15436K, reserved 1048576K
}
Event: 868.079 GC heap after
{Heap after GC invocations=47 (full 0):
 garbage-first heap   total 157696K, used 111466K [0x0000000080000000, 0x0000000100000000)
  region size 1024K, 3 young (3072K), 3 survivors (3072K)
 Metaspace       used 109825K, capacity 112890K, committed 113228K, reserved 1146880K
  class space    used 14118K, capacity 15298K, committed 15436K, reserved 1048576K
}
Event: 868.542 GC heap before
{Heap before GC invocations=47 (full 0):
 garbage-first heap   total 157696K, used 127850K [0x0000000080000000, 0x0000000100000000)
  region size 1024K, 19 young (19456K), 3 survivors (3072K)
 Metaspace       used 110063K, capacity 113159K, committed 113484K, reserved 1146880K
  class space    used 14118K, capacity 15298K, committed 15436K, reserved 1048576K
}
Event: 868.560 GC heap after
{Heap after GC invocations=48 (full 0):
 garbage-first heap   total 157696K, used 120648K [0x0000000080000000, 0x0000000100000000)
  region size 1024K, 3 young (3072K), 3 survivors (3072K)
 Metaspace       used 110063K, capacity 113159K, committed 113484K, reserved 1146880K
  class space    used 14118K, capacity 15298K, committed 15436K, reserved 1048576K
}
Event: 868.682 GC heap before
{Heap before GC invocations=48 (full 0):
 garbage-first heap   total 157696K, used 130888K [0x0000000080000000, 0x0000000100000000)
  region size 1024K, 13 young (13312K), 3 survivors (3072K)
 Metaspace       used 110071K, capacity 113159K, committed 113484K, reserved 1146880K
  class space    used 14118K, capacity 15298K, committed 15436K, reserved 1048576K
}
Event: 868.697 GC heap after
{Heap after GC invocations=49 (full 0):
 garbage-first heap   total 157696K, used 126512K [0x0000000080000000, 0x0000000100000000)
  region size 1024K, 2 young (2048K), 2 survivors (2048K)
 Metaspace       used 110071K, capacity 113159K, committed 113484K, reserved 1146880K
  class space    used 14118K, capacity 15298K, committed 15436K, reserved 1048576K
}
Event: 868.789 GC heap before
{Heap before GC invocations=49 (full 0):
 garbage-first heap   total 157696K, used 132656K [0x0000000080000000, 0x0000000100000000)
  region size 1024K, 8 young (8192K), 2 survivors (2048K)
 Metaspace       used 110075K, capacity 113160K, committed 113484K, reserved 1146880K
  class space    used 14118K, capacity 15298K, committed 15436K, reserved 1048576K
}
Event: 868.799 GC heap after
{Heap after GC invocations=50 (full 0):
 garbage-first heap   total 224256K, used 130697K [0x0000000080000000, 0x0000000100000000)
  region size 1024K, 1 young (1024K), 1 survivors (1024K)
 Metaspace       used 110075K, capacity 113160K, committed 113484K, reserved 1146880K
  class space    used 14118K, capacity 15298K, committed 15436K, reserved 1048576K
}
Event: 869.368 GC heap before
{Heap before GC invocations=51 (full 0):
 garbage-first heap   total 224256K, used 157321K [0x0000000080000000, 0x0000000100000000)
  region size 1024K, 27 young (27648K), 1 survivors (1024K)
 Metaspace       used 110289K, capacity 113395K, committed 113740K, reserved 1146880K
  class space    used 14122K, capacity 15300K, committed 15436K, reserved 1048576K
}
Event: 869.393 GC heap after
{Heap after GC invocations=52 (full 0):
 garbage-first heap   total 224256K, used 138144K [0x0000000080000000, 0x0000000100000000)
  region size 1024K, 4 young (4096K), 4 survivors (4096K)
 Metaspace       used 110289K, capacity 113395K, committed 113740K, reserved 1146880K
  class space    used 14122K, capacity 15300K, committed 15436K, reserved 1048576K
}
Event: 869.796 GC heap before
{Heap before GC invocations=52 (full 0):
 garbage-first heap   total 224256K, used 162720K [0x0000000080000000, 0x0000000100000000)
  region size 1024K, 29 young (29696K), 4 survivors (4096K)
 Metaspace       used 110438K, capacity 113546K, committed 113740K, reserved 1146880K
  class space    used 14123K, capacity 15301K, committed 15436K, reserved 1048576K
}
Event: 869.823 GC heap after
{Heap after GC invocations=53 (full 0):
 garbage-first heap   total 224256K, used 144155K [0x0000000080000000, 0x0000000100000000)
  region size 1024K, 4 young (4096K), 4 survivors (4096K)
 Metaspace       used 110438K, capacity 113546K, committed 113740K, reserved 1146880K
  class space    used 14123K, capacity 15301K, committed 15436K, reserved 1048576K
}
Event: 870.297 GC heap before
{Heap before GC invocations=53 (full 0):
 garbage-first heap   total 224256K, used 172827K [0x0000000080000000, 0x0000000100000000)
  region size 1024K, 29 young (29696K), 4 survivors (4096K)
 Metaspace       used 110532K, capacity 113627K, committed 113996K, reserved 1148928K
  class space    used 14123K, capacity 15301K, committed 15436K, reserved 1048576K
}
Event: 870.311 GC heap after
{Heap after GC invocations=54 (full 0):
 garbage-first heap   total 224256K, used 151388K [0x0000000080000000, 0x0000000100000000)
  region size 1024K, 4 young (4096K), 4 survivors (4096K)
 Metaspace       used 110532K, capacity 113627K, committed 113996K, reserved 1148928K
  class space    used 14123K, capacity 15301K, committed 15436K, reserved 1048576K
}

Deoptimization events (20 events):
Event: 870.957 Thread 0x000001a313478000 Uncommon trap: trap_request=0xffffffbe fr.pc=0x000001a3084e95fc relative=0x000000000000079c
Event: 870.957 Thread 0x000001a313478000 Uncommon trap: reason=profile_predicate action=maybe_recompile pc=0x000001a3084e95fc method=com.android.tools.r8.internal.h8.a(Ljava/util/Iterator;Ljava/util/Iterator;Lcom/android/tools/r8/internal/BE$a;)I @ 5 c2
Event: 870.957 Thread 0x000001a313478000 DEOPT PACKING pc=0x000001a3084e95fc sp=0x00000034b2afdcf0
Event: 870.957 Thread 0x000001a313478000 DEOPT UNPACKING pc=0x000001a3000278af sp=0x00000034b2afdc48 mode 2
Event: 870.957 Thread 0x000001a313478000 Uncommon trap: trap_request=0xffffffbe fr.pc=0x000001a3084f638c relative=0x000000000000038c
Event: 870.957 Thread 0x000001a313478000 Uncommon trap: reason=profile_predicate action=maybe_recompile pc=0x000001a3084f638c method=com.android.tools.r8.internal.h8.a(Ljava/util/Iterator;Ljava/util/Iterator;Lcom/android/tools/r8/internal/BE$a;)I @ 5 c2
Event: 870.957 Thread 0x000001a313478000 DEOPT PACKING pc=0x000001a3084f638c sp=0x00000034b2afdc60
Event: 870.957 Thread 0x000001a313478000 DEOPT UNPACKING pc=0x000001a3000278af sp=0x00000034b2afdc28 mode 2
Event: 870.965 Thread 0x000001a313478000 Uncommon trap: trap_request=0xffffffde fr.pc=0x000001a3084e1ce0 relative=0x0000000000000100
Event: 870.965 Thread 0x000001a313478000 Uncommon trap: reason=class_check action=maybe_recompile pc=0x000001a3084e1ce0 method=com.android.tools.r8.internal.DE$$Lambda$1551/0x0000000100dcb040.a(Ljava/lang/Object;Ljava/lang/Object;Lcom/android/tools/r8/internal/e8;)I @ 1 c2
Event: 870.965 Thread 0x000001a313478000 DEOPT PACKING pc=0x000001a3084e1ce0 sp=0x00000034b2afdd50
Event: 870.965 Thread 0x000001a313478000 DEOPT UNPACKING pc=0x000001a3000278af sp=0x00000034b2afdcf0 mode 2
Event: 870.965 Thread 0x000001a313478000 Uncommon trap: trap_request=0xffffffde fr.pc=0x000001a3084e1ce0 relative=0x0000000000000100
Event: 870.965 Thread 0x000001a313478000 Uncommon trap: reason=class_check action=maybe_recompile pc=0x000001a3084e1ce0 method=com.android.tools.r8.internal.DE$$Lambda$1551/0x0000000100dcb040.a(Ljava/lang/Object;Ljava/lang/Object;Lcom/android/tools/r8/internal/e8;)I @ 1 c2
Event: 870.965 Thread 0x000001a313478000 DEOPT PACKING pc=0x000001a3084e1ce0 sp=0x00000034b2afdd50
Event: 870.965 Thread 0x000001a313478000 DEOPT UNPACKING pc=0x000001a3000278af sp=0x00000034b2afdcf0 mode 2
Event: 870.966 Thread 0x000001a313478000 Uncommon trap: trap_request=0xffffffde fr.pc=0x000001a3084e1ce0 relative=0x0000000000000100
Event: 870.966 Thread 0x000001a313478000 Uncommon trap: reason=class_check action=maybe_recompile pc=0x000001a3084e1ce0 method=com.android.tools.r8.internal.DE$$Lambda$1551/0x0000000100dcb040.a(Ljava/lang/Object;Ljava/lang/Object;Lcom/android/tools/r8/internal/e8;)I @ 1 c2
Event: 870.966 Thread 0x000001a313478000 DEOPT PACKING pc=0x000001a3084e1ce0 sp=0x00000034b2afdd50
Event: 870.966 Thread 0x000001a313478000 DEOPT UNPACKING pc=0x000001a3000278af sp=0x00000034b2afdcf0 mode 2

Classes redefined (0 events):
No events

Internal exceptions (20 events):
Event: 866.200 Thread 0x000001a313476800 Exception <a 'java/lang/IncompatibleClassChangeError'{0x0000000087649470}: Found class java.lang.Object, but interface was expected> (0x0000000087649470) thrown at [./src/hotspot/share/interpreter/linkResolver.cpp, line 839]
Event: 866.317 Thread 0x000001a313476800 Exception <a 'java/lang/NoSuchMethodError'{0x00000000872a2e50}: 'java.lang.Object java.lang.invoke.DirectMethodHandle$Holder.invokeStatic(java.lang.Object, int, java.lang.Object, java.lang.Object)'> (0x00000000872a2e50) thrown at [./src/hotspot/share/interpreter/linkResolver.cpp, line 773]
Event: 866.335 Thread 0x000001a313476800 Exception <a 'java/lang/NoSuchMethodError'{0x00000000871509e0}: 'java.lang.Object java.lang.invoke.Invokers$Holder.linkToTargetMethod(java.lang.Object, java.lang.Object, java.lang.Object, java.lang.Object, java.lang.Object, java.lang.Object, java.lang.Object, java.lang.Object)'> (0x00000000871509e0) thrown at [./src/hotspot/share/interpreter/linkResolver.cpp, line 773]
Event: 866.351 Thread 0x000001a313476800 Exception <a 'java/lang/NoSuchMethodError'{0x00000000871e9980}: 'java.lang.Object java.lang.invoke.Invokers$Holder.linkToTargetMethod(java.lang.Object, java.lang.Object, java.lang.Object, java.lang.Object, java.lang.Object, java.lang.Object, java.lang.Object)'> (0x00000000871e9980) thrown at [./src/hotspot/share/interpreter/linkResolver.cpp, line 773]
Event: 866.480 Thread 0x000001a313476800 Exception <a 'java/lang/NoSuchMethodError'{0x0000000087f6a380}: 'java.lang.Object java.lang.invoke.DirectMethodHandle$Holder.invokeVirtual(java.lang.Object, java.lang.Object, int, java.lang.Object)'> (0x0000000087f6a380) thrown at [./src/hotspot/share/interpreter/linkResolver.cpp, line 773]
Event: 866.513 Thread 0x000001a313476800 Exception <a 'java/lang/NoSuchMethodError'{0x0000000087e67978}: 'void java.lang.invoke.DirectMethodHandle$Holder.invokeVirtual(java.lang.Object, java.lang.Object, int, java.lang.Object)'> (0x0000000087e67978) thrown at [./src/hotspot/share/interpreter/linkResolver.cpp, line 773]
Event: 866.698 Thread 0x000001a313476800 Exception <a 'java/lang/NoSuchMethodError'{0x000000008785f608}: 'java.lang.Object java.lang.invoke.DirectMethodHandle$Holder.invokeInterface(java.lang.Object, java.lang.Object, int)'> (0x000000008785f608) thrown at [./src/hotspot/share/interpreter/linkResolver.cpp, line 773]
Event: 866.754 Thread 0x000001a313476800 Exception <a 'java/lang/NoSuchMethodError'{0x00000000877f6a88}: 'java.lang.Object java.lang.invoke.DirectMethodHandle$Holder.invokeSpecial(java.lang.Object, java.lang.Object, java.lang.Object, java.lang.Object, java.lang.Object, java.lang.Object, java.lang.Object, java.lang.Object, java.lang.Object, java.lang.Object, java.lang.Object)'> (0x00000000877f6a88) thrown at [./src/hotspot/share/interpreter/linkResolver.cpp, line 773]
Event: 866.755 Thread 0x000001a313476800 Exception <a 'java/lang/NoSuchMethodError'{0x0000000087602440}: 'java.lang.Object java.lang.invoke.Invokers$Holder.linkToTargetMethod(java.lang.Object, java.lang.Object, java.lang.Object, java.lang.Object, java.lang.Object, java.lang.Object, java.lang.Object, java.lang.Object, java.lang.Object, java.lang.Object)'> (0x0000000087602440) thrown at [./src/hotspot/share/interpreter/linkResolver.cpp, line 773]
Event: 866.766 Thread 0x000001a313476800 Exception <a 'java/lang/IncompatibleClassChangeError'{0x000000008765a3a0}: Found class java.lang.Object, but interface was expected> (0x000000008765a3a0) thrown at [./src/hotspot/share/interpreter/linkResolver.cpp, line 839]
Event: 866.846 Thread 0x000001a313476800 Exception <a 'java/lang/IncompatibleClassChangeError'{0x00000000874d92b0}: Found class java.lang.Object, but interface was expected> (0x00000000874d92b0) thrown at [./src/hotspot/share/interpreter/linkResolver.cpp, line 839]
Event: 866.867 Thread 0x000001a313476800 Exception <a 'java/lang/NoSuchMethodError'{0x0000000087371a18}: 'void java.lang.invoke.DirectMethodHandle$Holder.invokeSpecial(java.lang.Object, java.lang.Object, int, java.lang.Object, java.lang.Object, java.lang.Object, java.lang.Object)'> (0x0000000087371a18) thrown at [./src/hotspot/share/interpreter/linkResolver.cpp, line 773]
Event: 866.868 Thread 0x000001a313476800 Exception <a 'java/lang/NoSuchMethodError'{0x000000008737cfc8}: 'java.lang.Object java.lang.invoke.Invokers$Holder.linkToTargetMethod(java.lang.Object, int, java.lang.Object, java.lang.Object, java.lang.Object, java.lang.Object)'> (0x000000008737cfc8) thrown at [./src/hotspot/share/interpreter/linkResolver.cpp, line 773]
Event: 866.869 Thread 0x000001a313476800 Exception <a 'java/lang/NoSuchMethodError'{0x0000000087380b10}: 'void java.lang.invoke.DirectMethodHandle$Holder.invokeSpecial(java.lang.Object, java.lang.Object, java.lang.Object, java.lang.Object, java.lang.Object, java.lang.Object, java.lang.Object, java.lang.Object, java.lang.Object)'> (0x0000000087380b10) thrown at [./src/hotspot/share/interpreter/linkResolver.cpp, line 773]
Event: 866.893 Thread 0x000001a313476800 Exception <a 'java/lang/NoSuchMethodError'{0x0000000087239c08}: 'void java.lang.invoke.DirectMethodHandle$Holder.invokeStatic(java.lang.Object, java.lang.Object, java.lang.Object, java.lang.Object, java.lang.Object, java.lang.Object, java.lang.Object, java.lang.Object)'> (0x0000000087239c08) thrown at [./src/hotspot/share/interpreter/linkResolver.cpp, line 773]
Event: 866.963 Thread 0x000001a313476800 Exception <a 'java/lang/IncompatibleClassChangeError'{0x00000000871f13e8}: Found class java.lang.Object, but interface was expected> (0x00000000871f13e8) thrown at [./src/hotspot/share/interpreter/linkResolver.cpp, line 839]
Event: 866.993 Thread 0x000001a313476800 Exception <a 'java/lang/NoSuchMethodError'{0x0000000086f5ea30}: 'void java.lang.invoke.DirectMethodHandle$Holder.invokeVirtual(java.lang.Object, java.lang.Object, int)'> (0x0000000086f5ea30) thrown at [./src/hotspot/share/interpreter/linkResolver.cpp, line 773]
Event: 867.013 Thread 0x000001a313476800 Exception <a 'sun/nio/fs/WindowsException'{0x0000000086fe41b0}> (0x0000000086fe41b0) thrown at [./src/hotspot/share/prims/jni.cpp, line 615]
Event: 867.254 Thread 0x000001a314037800 Exception <a 'java/lang/NoSuchMethodError'{0x0000000087aea290}: <clinit>> (0x0000000087aea290) thrown at [./src/hotspot/share/prims/jni.cpp, line 1362]
Event: 867.447 Thread 0x000001a313475800 Exception <a 'sun/nio/fs/WindowsException'{0x0000000087417c30}> (0x0000000087417c30) thrown at [./src/hotspot/share/prims/jni.cpp, line 615]

Events (20 events):
Event: 871.052 loading class com/android/tools/r8/internal/DE
Event: 871.052 loading class com/android/tools/r8/internal/DE done
Event: 871.053 loading class com/android/tools/r8/internal/DE
Event: 871.053 loading class com/android/tools/r8/internal/DE done
Event: 871.053 loading class com/android/tools/r8/internal/CE
Event: 871.053 loading class com/android/tools/r8/internal/CE done
Event: 871.054 loading class com/android/tools/r8/graph/G$j
Event: 871.054 loading class com/android/tools/r8/graph/G$j done
Event: 871.054 loading class com/android/tools/r8/graph/G$j
Event: 871.054 loading class com/android/tools/r8/graph/G$j done
Event: 871.055 loading class com/android/tools/r8/graph/G$j
Event: 871.055 loading class com/android/tools/r8/graph/G$j done
Event: 871.055 loading class com/android/tools/r8/graph/G$j
Event: 871.055 loading class com/android/tools/r8/graph/G$j done
Event: 871.055 loading class com/android/tools/r8/graph/G$j
Event: 871.055 loading class com/android/tools/r8/graph/G$j done
Event: 871.055 loading class com/android/tools/r8/graph/G$j
Event: 871.055 loading class com/android/tools/r8/graph/G$j done
Event: 871.056 loading class com/android/tools/r8/graph/G$j
Event: 871.056 loading class com/android/tools/r8/graph/G$j done


Dynamic libraries:
0x00007ff608ad0000 - 0x00007ff608ada000 	C:\Program Files\Android\Android Studio\jre\bin\java.exe
0x00007ff8808f0000 - 0x00007ff880ae5000 	C:\WINDOWS\SYSTEM32\ntdll.dll
0x00007ff87fd00000 - 0x00007ff87fdbe000 	C:\WINDOWS\System32\KERNEL32.DLL
0x00007ff87e010000 - 0x00007ff87e2d9000 	C:\WINDOWS\System32\KERNELBASE.dll
0x00007ff87e7f0000 - 0x00007ff87e8f0000 	C:\WINDOWS\System32\ucrtbase.dll
0x00007ff862f50000 - 0x00007ff862f69000 	C:\Program Files\Android\Android Studio\jre\bin\jli.dll
0x00007ff862b80000 - 0x00007ff862b97000 	C:\Program Files\Android\Android Studio\jre\bin\VCRUNTIME140.dll
0x00007ff87f2e0000 - 0x00007ff87f481000 	C:\WINDOWS\System32\USER32.dll
0x00007ff87e2e0000 - 0x00007ff87e302000 	C:\WINDOWS\System32\win32u.dll
0x00007ff87f0e0000 - 0x00007ff87f10b000 	C:\WINDOWS\System32\GDI32.dll
0x00007ff87e500000 - 0x00007ff87e60b000 	C:\WINDOWS\System32\gdi32full.dll
0x00007ff87e610000 - 0x00007ff87e6ad000 	C:\WINDOWS\System32\msvcp_win.dll
0x00007ff87d3e0000 - 0x00007ff87d67a000 	C:\WINDOWS\WinSxS\amd64_microsoft.windows.common-controls_6595b64144ccf1df_6.0.19041.1110_none_60b5254171f9507e\COMCTL32.dll
0x00007ff880450000 - 0x00007ff8804ee000 	C:\WINDOWS\System32\msvcrt.dll
0x00007ff880270000 - 0x00007ff8802a0000 	C:\WINDOWS\System32\IMM32.DLL
0x00007ff84db00000 - 0x00007ff84db9d000 	C:\Program Files\Android\Android Studio\jre\bin\msvcp140.dll
0x00007ff832a10000 - 0x00007ff8334df000 	C:\Program Files\Android\Android Studio\jre\bin\server\jvm.dll
0x00007ff87f1b0000 - 0x00007ff87f25c000 	C:\WINDOWS\System32\ADVAPI32.dll
0x00007ff87f110000 - 0x00007ff87f1ab000 	C:\WINDOWS\System32\sechost.dll
0x00007ff880320000 - 0x00007ff88044a000 	C:\WINDOWS\System32\RPCRT4.dll
0x00007ff87f020000 - 0x00007ff87f028000 	C:\WINDOWS\System32\PSAPI.DLL
0x00007ff865410000 - 0x00007ff865437000 	C:\WINDOWS\SYSTEM32\WINMM.dll
0x00007ff87ab60000 - 0x00007ff87ab6a000 	C:\WINDOWS\SYSTEM32\VERSION.dll
0x00007ff864be0000 - 0x00007ff864be9000 	C:\WINDOWS\SYSTEM32\WSOCK32.dll
0x00007ff8802a0000 - 0x00007ff88030b000 	C:\WINDOWS\System32\WS2_32.dll
0x00007ff87c240000 - 0x00007ff87c252000 	C:\WINDOWS\SYSTEM32\kernel.appcore.dll
0x00007ff87bb70000 - 0x00007ff87bb81000 	C:\Program Files\Android\Android Studio\jre\bin\verify.dll
0x00007ff87da30000 - 0x00007ff87dc14000 	C:\WINDOWS\SYSTEM32\DBGHELP.DLL
0x00007ff87d7e0000 - 0x00007ff87d80c000 	C:\WINDOWS\SYSTEM32\dbgcore.DLL
0x00007ff87e760000 - 0x00007ff87e7e3000 	C:\WINDOWS\System32\bcryptPrimitives.dll
0x00007ff869ed0000 - 0x00007ff869ef9000 	C:\Program Files\Android\Android Studio\jre\bin\java.dll
0x00007ff873420000 - 0x00007ff87342b000 	C:\Program Files\Android\Android Studio\jre\bin\jimage.dll
0x00007ff86a060000 - 0x00007ff86a078000 	C:\Program Files\Android\Android Studio\jre\bin\zip.dll
0x00007ff87f510000 - 0x00007ff87fc4f000 	C:\WINDOWS\System32\SHELL32.dll
0x00007ff87b180000 - 0x00007ff87b910000 	C:\WINDOWS\SYSTEM32\windows.storage.dll
0x00007ff8804f0000 - 0x00007ff880845000 	C:\WINDOWS\System32\combase.dll
0x00007ff87d370000 - 0x00007ff87d39c000 	C:\WINDOWS\SYSTEM32\Wldp.dll
0x00007ff87f030000 - 0x00007ff87f0dd000 	C:\WINDOWS\System32\SHCORE.dll
0x00007ff87fdc0000 - 0x00007ff87fe15000 	C:\WINDOWS\System32\shlwapi.dll
0x00007ff87df50000 - 0x00007ff87df6f000 	C:\WINDOWS\SYSTEM32\profapi.dll
0x00007ff869790000 - 0x00007ff8697aa000 	C:\Program Files\Android\Android Studio\jre\bin\net.dll
0x00007ff86eec0000 - 0x00007ff86efc8000 	C:\WINDOWS\SYSTEM32\WINHTTP.dll
0x00007ff87d210000 - 0x00007ff87d27a000 	C:\WINDOWS\system32\mswsock.dll
0x00007ff869770000 - 0x00007ff869784000 	C:\Program Files\Android\Android Studio\jre\bin\nio.dll
0x00007ff863620000 - 0x00007ff863647000 	C:\Users\hippo\.gradle\native\8bec1ad78214c89d9ad589b4d07fe93259594b29d510b10fafb7a158f7737e5d\windows-amd64\native-platform.dll
0x00007ff84d780000 - 0x00007ff84d8bd000 	C:\Users\hippo\.gradle\native\53dbd7edfb1c66fb8903c78663c9afc45aea4f116125fa6feffd364cf09443e8\windows-amd64\native-platform-file-events.dll
0x00007ff87bd80000 - 0x00007ff87bd8a000 	C:\Program Files\Android\Android Studio\jre\bin\management.dll
0x00007ff87bb60000 - 0x00007ff87bb6c000 	C:\Program Files\Android\Android Studio\jre\bin\management_ext.dll
0x00007ff87dd90000 - 0x00007ff87dda8000 	C:\WINDOWS\SYSTEM32\CRYPTSP.dll
0x00007ff87ca30000 - 0x00007ff87ca64000 	C:\WINDOWS\system32\rsaenh.dll
0x00007ff87e310000 - 0x00007ff87e337000 	C:\WINDOWS\System32\bcrypt.dll
0x00007ff87df10000 - 0x00007ff87df3e000 	C:\WINDOWS\SYSTEM32\USERENV.dll
0x00007ff87d1b0000 - 0x00007ff87d1bc000 	C:\WINDOWS\SYSTEM32\CRYPTBASE.dll
0x00007ff87cd80000 - 0x00007ff87cdbb000 	C:\WINDOWS\SYSTEM32\IPHLPAPI.DLL
0x00007ff880310000 - 0x00007ff880318000 	C:\WINDOWS\System32\NSI.dll
0x00007ff871400000 - 0x00007ff871417000 	C:\WINDOWS\SYSTEM32\dhcpcsvc6.DLL
0x00007ff8713e0000 - 0x00007ff8713fd000 	C:\WINDOWS\SYSTEM32\dhcpcsvc.DLL
0x00007ff87cdc0000 - 0x00007ff87ce8c000 	C:\WINDOWS\SYSTEM32\DNSAPI.dll

dbghelp: loaded successfully - version: 4.0.5 - missing functions: none
symbol engine: initialized successfully - sym options: 0x614 - pdb path: .;C:\Program Files\Android\Android Studio\jre\bin;C:\WINDOWS\SYSTEM32;C:\WINDOWS\WinSxS\amd64_microsoft.windows.common-controls_6595b64144ccf1df_6.0.19041.1110_none_60b5254171f9507e;C:\Program Files\Android\Android Studio\jre\bin\server;C:\Users\hippo\.gradle\native\8bec1ad78214c89d9ad589b4d07fe93259594b29d510b10fafb7a158f7737e5d\windows-amd64;C:\Users\hippo\.gradle\native\53dbd7edfb1c66fb8903c78663c9afc45aea4f116125fa6feffd364cf09443e8\windows-amd64

VM Arguments:
jvm_args: --add-opens=java.base/java.util=ALL-UNNAMED --add-opens=java.base/java.lang=ALL-UNNAMED --add-opens=java.base/java.lang.invoke=ALL-UNNAMED --add-opens=java.base/java.util=ALL-UNNAMED --add-opens=java.prefs/java.util.prefs=ALL-UNNAMED --add-opens=java.prefs/java.util.prefs=ALL-UNNAMED --add-opens=java.base/java.nio.charset=ALL-UNNAMED --add-opens=java.base/java.net=ALL-UNNAMED --add-opens=java.base/java.util.concurrent.atomic=ALL-UNNAMED -Xmx2048m -Dfile.encoding=UTF-8 -Duser.country=KR -Duser.language=ko -Duser.variant 
java_command: org.gradle.launcher.daemon.bootstrap.GradleDaemon 7.0.2
java_class_path (initial): C:\Users\hippo\.gradle\wrapper\dists\gradle-7.0.2-bin\857tjihv64xamwrf0h14cai3r\gradle-7.0.2\lib\gradle-launcher-7.0.2.jar
Launcher Type: SUN_STANDARD

[Global flags]
     intx CICompilerCount                          = 4                                         {product} {ergonomic}
     uint ConcGCThreads                            = 2                                         {product} {ergonomic}
     uint G1ConcRefinementThreads                  = 8                                         {product} {ergonomic}
   size_t G1HeapRegionSize                         = 1048576                                   {product} {ergonomic}
    uintx GCDrainStackTargetSize                   = 64                                        {product} {ergonomic}
   size_t InitialHeapSize                          = 134217728                                 {product} {ergonomic}
   size_t MarkStackSize                            = 4194304                                   {product} {ergonomic}
   size_t MaxHeapSize                              = 2147483648                                {product} {command line}
   size_t MaxNewSize                               = 1287651328                                {product} {ergonomic}
   size_t MinHeapDeltaBytes                        = 1048576                                   {product} {ergonomic}
    uintx NonNMethodCodeHeapSize                   = 5836300                                {pd product} {ergonomic}
    uintx NonProfiledCodeHeapSize                  = 122910970                              {pd product} {ergonomic}
    uintx ProfiledCodeHeapSize                     = 122910970                              {pd product} {ergonomic}
    uintx ReservedCodeCacheSize                    = 251658240                              {pd product} {ergonomic}
     bool SegmentedCodeCache                       = true                                      {product} {ergonomic}
     bool UseCompressedClassPointers               = true                                 {lp64_product} {ergonomic}
     bool UseCompressedOops                        = true                                 {lp64_product} {ergonomic}
     bool UseG1GC                                  = true                                      {product} {ergonomic}
     bool UseLargePagesIndividualAllocation        = false                                  {pd product} {ergonomic}

Logging:
Log output configuration:
 #0: stdout all=warning uptime,level,tags
 #1: stderr all=off uptime,level,tags

Environment Variables:
JAVA_HOME=C:\Program Files\Java\jdk-17
PATH=C:\Program Files\Common Files\Oracle\Java\javapath;C:\Program Files\AdoptOpenJDK\jdk-15.0.2.7-hotspot\bin;C:\Program Files (x86)\Intel\iCLS Client\;C:\Program Files\Intel\iCLS Client\;C:\WINDOWS\system32;C:\WINDOWS;C:\WINDOWS\System32\Wbem;C:\WINDOWS\System32\WindowsPowerShell\v1.0\;C:\Program Files (x86)\Intel\Intel(R) Management Engine Components\DAL;C:\Program Files\Intel\Intel(R) Management Engine Components\DAL;C:\Program Files (x86)\Intel\Intel(R) Management Engine Components\IPT;C:\Program Files\Intel\Intel(R) Management Engine Components\IPT;C:\Program Files\Intel\WiFi\bin\;C:\Program Files\Common Files\Intel\WirelessCommon\;C:\WINDOWS\System32\OpenSSH\;C:\Users\hippo\AppData\Roaming\Python\Python38\Scripts;D:\Matlab\R2021a\bin;D:\zz\mingw64\bin;D:\Git_Folder\Git\cmd;C:\Program Files\TortoiseGit\bin;C:\Program Files\Java\jdk-17\bin;C:\Program Files\MySQL\MySQL Shell 8.0\bin\;D:\Anaconda;D:\Anaconda\Library\mingw-w64\bin;D:\Anaconda\Library\usr\bin;D:\Anaconda\Library\bin;D:\Anaconda\Scripts;C:\Users\hippo\AppData\Local\Microsoft\WindowsApps;C:\Users\hippo\AppData\Roaming\Python\Python38\Scripts;D:\Microsoft VS Code\bin
USERNAME=hippo
OS=Windows_NT
PROCESSOR_IDENTIFIER=Intel64 Family 6 Model 142 Stepping 10, GenuineIntel



---------------  S Y S T E M  ---------------

OS: Windows 10 , 64 bit Build 19041 (10.0.19041.1202)
OS uptime: 10 days 15:40 hours

CPU:total 8 (initial active 8) (4 cores per cpu, 2 threads per core) family 6 model 142 stepping 10 microcode 0xb4, cmov, cx8, fxsr, mmx, sse, sse2, sse3, ssse3, sse4.1, sse4.2, popcnt, avx, avx2, aes, clmul, erms, 3dnowpref, lzcnt, ht, tsc, tscinvbit, bmi1, bmi2, adx, fma

Memory: 4k page, system-wide physical 8107M (464M free)
TotalPageFile size 11925M (AvailPageFile size 81M)
current process WorkingSet (physical memory assigned to process): 453M, peak: 487M
current process commit charge ("private bytes"): 583M, peak: 596M

vm_info: OpenJDK 64-Bit Server VM (11.0.10+0-b96-7249189) for windows-amd64 JRE (11.0.10+0-b96-7249189), built on Mar 31 2021 21:44:00 by "builder" with MS VC++ 14.0 (VS2015)

END.
