#
# There is insufficient memory for the Java Runtime Environment to continue.
# Native memory allocation (malloc) failed to allocate 47376 bytes for Chunk::new
# Possible reasons:
#   The system is out of physical RAM or swap space
#   The process is running with CompressedOops enabled, and the Java Heap may be blocking the growth of the native heap
# Possible solutions:
#   Reduce memory load on the system
#   Increase physical memory or swap space
#   Check if swap backing store is full
#   Decrease Java heap size (-Xmx/-Xms)
#   Decrease number of Java threads
#   Decrease Java thread stack sizes (-Xss)
#   Set larger code cache with -XX:ReservedCodeCacheSize=
#   JVM is running with Unscaled Compressed Oops mode in which the Java heap is
#     placed in the first 4GB address space. The Java Heap base address is the
#     maximum limit for the native heap growth. Please use -XX:HeapBaseMinAddress
#     to set the Java Heap base and to place the Java Heap above 4GB virtual address.
# This output file may be truncated or incomplete.
#
#  Out of Memory Error (./src/hotspot/share/memory/arena.cpp:197), pid=10076, tid=10600
#
# JRE version: OpenJDK Runtime Environment (11.0.10) (build 11.0.10+0-b96-7249189)
# Java VM: OpenJDK 64-Bit Server VM (11.0.10+0-b96-7249189, mixed mode, tiered, compressed oops, g1 gc, windows-amd64)
# No core dump will be written. Minidumps are not enabled by default on client versions of Windows
#

---------------  S U M M A R Y ------------

Command Line: --add-opens=java.base/java.util=ALL-UNNAMED --add-opens=java.base/java.lang=ALL-UNNAMED --add-opens=java.base/java.lang.invoke=ALL-UNNAMED --add-opens=java.base/java.util=ALL-UNNAMED --add-opens=java.prefs/java.util.prefs=ALL-UNNAMED --add-opens=java.prefs/java.util.prefs=ALL-UNNAMED --add-opens=java.base/java.nio.charset=ALL-UNNAMED --add-opens=java.base/java.net=ALL-UNNAMED --add-opens=java.base/java.util.concurrent.atomic=ALL-UNNAMED -Xmx2048m -Dfile.encoding=UTF-8 -Duser.country=KR -Duser.language=ko -Duser.variant org.gradle.launcher.daemon.bootstrap.GradleDaemon 7.0.2

Host: Intel(R) Core(TM) i5-8250U CPU @ 1.60GHz, 8 cores, 7G,  Windows 10 , 64 bit Build 19041 (10.0.19041.1202)
Time: Tue Nov  9 14:18:04 2021 대한민국 표준시 elapsed time: 7.245194 seconds (0d 0h 0m 7s)

---------------  T H R E A D  ---------------

Current thread (0x000001b7b06cb000):  JavaThread "C2 CompilerThread1" daemon [_thread_in_native, id=10600, stack(0x00000019c2900000,0x00000019c2a00000)]


Current CompileTask:
C2:   7245 3588       4       java.lang.PublicMethods$MethodList::merge (192 bytes)

Stack: [0x00000019c2900000,0x00000019c2a00000]
Native frames: (J=compiled Java code, j=interpreted, Vv=VM code, C=native code)
V  [jvm.dll+0x5ecfaa]
V  [jvm.dll+0x722bd5]
V  [jvm.dll+0x72412d]
V  [jvm.dll+0x7247e3]
V  [jvm.dll+0x242928]
V  [jvm.dll+0xbc4fc]
V  [jvm.dll+0xbca0c]
V  [jvm.dll+0x352d3b]
V  [jvm.dll+0x197e0c]
V  [jvm.dll+0x1fb70e]
V  [jvm.dll+0x1fa7f4]
V  [jvm.dll+0x18354c]
V  [jvm.dll+0x208ee7]
V  [jvm.dll+0x207731]
V  [jvm.dll+0x6eb1cf]
V  [jvm.dll+0x6e3d45]
V  [jvm.dll+0x5ebe96]
C  [ucrtbase.dll+0x21bb2]
C  [KERNEL32.DLL+0x17034]
C  [ntdll.dll+0x52651]


---------------  P R O C E S S  ---------------

Threads class SMR info:
_java_thread_list=0x000001b7b16b1760, length=36, elements={
0x000001b790d6d000, 0x000001b7ad180800, 0x000001b7ad18c000, 0x000001b7ad19c800,
0x000001b7ad19e800, 0x000001b7ad19f800, 0x000001b7ad1a3800, 0x000001b7ad1a5000,
0x000001b7ad1ac800, 0x000001b7adc0a800, 0x000001b7afd67000, 0x000001b7afca2000,
0x000001b7afa9b000, 0x000001b7b0199000, 0x000001b7aead2000, 0x000001b7b0073800,
0x000001b7ae241800, 0x000001b7afc37000, 0x000001b7afc36000, 0x000001b7afc39000,
0x000001b7afc37800, 0x000001b7afc3c800, 0x000001b7afc3a000, 0x000001b7b06cb000,
0x000001b7afc38800, 0x000001b7afc3b000, 0x000001b7afc3b800, 0x000001b7b183a000,
0x000001b7b1834800, 0x000001b7b1836000, 0x000001b7b183b000, 0x000001b7b3026800,
0x000001b7b1839800, 0x000001b7b1837800, 0x000001b7b1837000, 0x000001b7b183c800
}

Java Threads: ( => current thread )
  0x000001b790d6d000 JavaThread "main" [_thread_blocked, id=7792, stack(0x00000019c0300000,0x00000019c0400000)]
  0x000001b7ad180800 JavaThread "Reference Handler" daemon [_thread_blocked, id=15876, stack(0x00000019c0a00000,0x00000019c0b00000)]
  0x000001b7ad18c000 JavaThread "Finalizer" daemon [_thread_blocked, id=13184, stack(0x00000019c0b00000,0x00000019c0c00000)]
  0x000001b7ad19c800 JavaThread "Signal Dispatcher" daemon [_thread_blocked, id=2480, stack(0x00000019c0c00000,0x00000019c0d00000)]
  0x000001b7ad19e800 JavaThread "Attach Listener" daemon [_thread_blocked, id=1480, stack(0x00000019c0d00000,0x00000019c0e00000)]
  0x000001b7ad19f800 JavaThread "Service Thread" daemon [_thread_blocked, id=7536, stack(0x00000019c0e00000,0x00000019c0f00000)]
  0x000001b7ad1a3800 JavaThread "C2 CompilerThread0" daemon [_thread_in_native, id=5544, stack(0x00000019c0f00000,0x00000019c1000000)]
  0x000001b7ad1a5000 JavaThread "C1 CompilerThread0" daemon [_thread_blocked, id=16488, stack(0x00000019c1000000,0x00000019c1100000)]
  0x000001b7ad1ac800 JavaThread "Sweeper thread" daemon [_thread_blocked, id=2880, stack(0x00000019c1100000,0x00000019c1200000)]
  0x000001b7adc0a800 JavaThread "Common-Cleaner" daemon [_thread_blocked, id=16076, stack(0x00000019c1200000,0x00000019c1300000)]
  0x000001b7afd67000 JavaThread "Daemon health stats" [_thread_blocked, id=5572, stack(0x00000019c1800000,0x00000019c1900000)]
  0x000001b7afca2000 JavaThread "Incoming local TCP Connector on port 51544" [_thread_in_native, id=1272, stack(0x00000019c1400000,0x00000019c1500000)]
  0x000001b7afa9b000 JavaThread "Daemon periodic checks" [_thread_blocked, id=3096, stack(0x00000019c1700000,0x00000019c1800000)]
  0x000001b7b0199000 JavaThread "Daemon" [_thread_blocked, id=13212, stack(0x00000019c1900000,0x00000019c1a00000)]
  0x000001b7aead2000 JavaThread "Handler for socket connection from /127.0.0.1:51544 to /127.0.0.1:51545" [_thread_in_native, id=16520, stack(0x00000019c1a00000,0x00000019c1b00000)]
  0x000001b7b0073800 JavaThread "Cancel handler" [_thread_blocked, id=7000, stack(0x00000019c1b00000,0x00000019c1c00000)]
  0x000001b7ae241800 JavaThread "Daemon worker" [_thread_in_native, id=10640, stack(0x00000019c1c00000,0x00000019c1d00000)]
  0x000001b7afc37000 JavaThread "Asynchronous log dispatcher for DefaultDaemonConnection: socket connection from /127.0.0.1:51544 to /127.0.0.1:51545" [_thread_blocked, id=16720, stack(0x00000019c1d00000,0x00000019c1e00000)]
  0x000001b7afc36000 JavaThread "Stdin handler" [_thread_blocked, id=12712, stack(0x00000019c1e00000,0x00000019c1f00000)]
  0x000001b7afc39000 JavaThread "Daemon client event forwarder" [_thread_blocked, id=4376, stack(0x00000019c1f00000,0x00000019c2000000)]
  0x000001b7afc37800 JavaThread "Cache worker for file hash cache (C:\Users\hippo\.gradle\caches\7.0.2\fileHashes)" [_thread_blocked, id=10204, stack(0x00000019c2500000,0x00000019c2600000)]
  0x000001b7afc3c800 JavaThread "File lock request listener" [_thread_in_native, id=12140, stack(0x00000019c2600000,0x00000019c2700000)]
  0x000001b7afc3a000 JavaThread "Cache worker for journal cache (C:\Users\hippo\.gradle\caches\journal-1)" [_thread_blocked, id=11824, stack(0x00000019c2800000,0x00000019c2900000)]
=>0x000001b7b06cb000 JavaThread "C2 CompilerThread1" daemon [_thread_in_native, id=10600, stack(0x00000019c2900000,0x00000019c2a00000)]
  0x000001b7afc38800 JavaThread "Cache worker for file hash cache (C:\Users\hippo\AndroidStudioProjects\Registration\Registration\.gradle\7.0.2\fileHashes)" [_thread_blocked, id=16060, stack(0x00000019c2a00000,0x00000019c2b00000)]
  0x000001b7afc3b000 JavaThread "File watcher server" daemon [_thread_in_native, id=4320, stack(0x00000019c2b00000,0x00000019c2c00000)]
  0x000001b7afc3b800 JavaThread "File watcher consumer" daemon [_thread_blocked, id=6004, stack(0x00000019c2c00000,0x00000019c2d00000)]
  0x000001b7b183a000 JavaThread "Cache worker for checksums cache (C:\Users\hippo\AndroidStudioProjects\Registration\Registration\.gradle\checksums)" [_thread_blocked, id=16080, stack(0x00000019c2d00000,0x00000019c2e00000)]
  0x000001b7b1834800 JavaThread "Cache worker for cache directory md-supplier (C:\Users\hippo\.gradle\caches\7.0.2\md-supplier)" [_thread_blocked, id=7520, stack(0x00000019c2e00000,0x00000019c2f00000)]
  0x000001b7b1836000 JavaThread "Cache worker for cache directory md-rule (C:\Users\hippo\.gradle\caches\7.0.2\md-rule)" [_thread_blocked, id=15600, stack(0x00000019c2f00000,0x00000019c3000000)]
  0x000001b7b183b000 JavaThread "Cache worker for execution history cache (C:\Users\hippo\.gradle\caches\7.0.2\executionHistory)" [_thread_blocked, id=16316, stack(0x00000019c3000000,0x00000019c3100000)]
  0x000001b7b3026800 JavaThread "C2 CompilerThread2" daemon [_thread_in_native, id=13384, stack(0x00000019c3100000,0x00000019c3200000)]
  0x000001b7b1839800 JavaThread "jar transforms" [_thread_blocked, id=10940, stack(0x00000019c3200000,0x00000019c3300000)]
  0x000001b7b1837800 JavaThread "jar transforms Thread 2" [_thread_blocked, id=8320, stack(0x00000019c3300000,0x00000019c3400000)]
  0x000001b7b1837000 JavaThread "Cache worker for file content cache (C:\Users\hippo\.gradle\caches\7.0.2\fileContent)" [_thread_blocked, id=11180, stack(0x00000019c3400000,0x00000019c3500000)]
  0x000001b7b183c800 JavaThread "Cache worker for dependencies-accessors (C:\Users\hippo\AndroidStudioProjects\Registration\Registration\.gradle\7.0.2\dependencies-accessors)" [_thread_blocked, id=10764, stack(0x00000019c3500000,0x00000019c3600000)]

Other Threads:
  0x000001b7ad17d800 VMThread "VM Thread" [stack: 0x00000019c0900000,0x00000019c0a00000] [id=18080]
  0x000001b7adc2b800 WatcherThread [stack: 0x00000019c1300000,0x00000019c1400000] [id=14328]
  0x000001b790d84000 GCTaskThread "GC Thread#0" [stack: 0x00000019c0400000,0x00000019c0500000] [id=6200]
  0x000001b7ae8ea800 GCTaskThread "GC Thread#1" [stack: 0x00000019c1500000,0x00000019c1600000] [id=7244]
  0x000001b7ae1b8000 GCTaskThread "GC Thread#2" [stack: 0x00000019c1600000,0x00000019c1700000] [id=16136]
  0x000001b7aee14000 GCTaskThread "GC Thread#3" [stack: 0x00000019c2000000,0x00000019c2100000] [id=8400]
  0x000001b7aea9d000 GCTaskThread "GC Thread#4" [stack: 0x00000019c2100000,0x00000019c2200000] [id=1052]
  0x000001b7af0aa000 GCTaskThread "GC Thread#5" [stack: 0x00000019c2200000,0x00000019c2300000] [id=11104]
  0x000001b7af598800 GCTaskThread "GC Thread#6" [stack: 0x00000019c2300000,0x00000019c2400000] [id=17908]
  0x000001b7afea5800 GCTaskThread "GC Thread#7" [stack: 0x00000019c2400000,0x00000019c2500000] [id=17524]
  0x000001b790db5000 ConcurrentGCThread "G1 Main Marker" [stack: 0x00000019c0500000,0x00000019c0600000] [id=14572]
  0x000001b790db7800 ConcurrentGCThread "G1 Conc#0" [stack: 0x00000019c0600000,0x00000019c0700000] [id=7140]
  0x000001b7af5b5800 ConcurrentGCThread "G1 Conc#1" [stack: 0x00000019c2700000,0x00000019c2800000] [id=18336]
  0x000001b7acfd0800 ConcurrentGCThread "G1 Refine#0" [stack: 0x00000019c0700000,0x00000019c0800000] [id=12276]
  0x000001b7acfd1000 ConcurrentGCThread "G1 Young RemSet Sampling" [stack: 0x00000019c0800000,0x00000019c0900000] [id=12120]

Threads with active compile tasks:
C2 CompilerThread0   7416 3598       4       java.net.URLClassLoader$1::run (5 bytes)
C2 CompilerThread1   7416 3588       4       java.lang.PublicMethods$MethodList::merge (192 bytes)
C2 CompilerThread2   7416 3531       4       org.objectweb.asm.Frame::execute (2318 bytes)

VM state:not at safepoint (normal execution)

VM Mutex/Monitor currently owned by a thread: None

Heap address: 0x0000000080000000, size: 2048 MB, Compressed Oops mode: 32-bit
Narrow klass base: 0x0000000000000000, Narrow klass shift: 3
Compressed class space size: 1073741824 Address: 0x0000000100000000

Heap:
 garbage-first heap   total 131072K, used 39014K [0x0000000080000000, 0x0000000100000000)
  region size 1024K, 21 young (21504K), 9 survivors (9216K)
 Metaspace       used 40366K, capacity 41328K, committed 41420K, reserved 1091584K
  class space    used 5183K, capacity 5531K, committed 5580K, reserved 1048576K
Heap Regions: E=young(eden), S=young(survivor), O=old, HS=humongous(starts), HC=humongous(continues), CS=collection set, F=free, A=archive, TAMS=top-at-mark-start (previous, next)
|   0|0x0000000080000000, 0x0000000080100000, 0x0000000080100000|100%| O|  |TAMS 0x0000000080100000, 0x0000000080000000| Untracked 
|   1|0x0000000080100000, 0x0000000080200000, 0x0000000080200000|100%| O|  |TAMS 0x0000000080200000, 0x0000000080100000| Untracked 
|   2|0x0000000080200000, 0x0000000080300000, 0x0000000080300000|100%| O|  |TAMS 0x0000000080300000, 0x0000000080200000| Untracked 
|   3|0x0000000080300000, 0x0000000080400000, 0x0000000080400000|100%|HS|  |TAMS 0x0000000080400000, 0x0000000080300000| Complete 
|   4|0x0000000080400000, 0x0000000080500000, 0x0000000080500000|100%|HC|  |TAMS 0x0000000080500000, 0x0000000080400000| Complete 
|   5|0x0000000080500000, 0x0000000080600000, 0x0000000080600000|100%|HC|  |TAMS 0x0000000080600000, 0x0000000080500000| Complete 
|   6|0x0000000080600000, 0x0000000080700000, 0x0000000080700000|100%| O|  |TAMS 0x0000000080700000, 0x0000000080600000| Untracked 
|   7|0x0000000080700000, 0x0000000080800000, 0x0000000080800000|100%| O|  |TAMS 0x0000000080800000, 0x0000000080700000| Untracked 
|   8|0x0000000080800000, 0x0000000080900000, 0x0000000080900000|100%| O|  |TAMS 0x0000000080900000, 0x0000000080800000| Untracked 
|   9|0x0000000080900000, 0x0000000080a00000, 0x0000000080a00000|100%| O|  |TAMS 0x0000000080a00000, 0x0000000080900000| Untracked 
|  10|0x0000000080a00000, 0x0000000080b00000, 0x0000000080b00000|100%| O|  |TAMS 0x0000000080b00000, 0x0000000080a00000| Untracked 
|  11|0x0000000080b00000, 0x0000000080c00000, 0x0000000080c00000|100%| O|  |TAMS 0x0000000080c00000, 0x0000000080b00000| Untracked 
|  12|0x0000000080c00000, 0x0000000080d00000, 0x0000000080d00000|100%| O|  |TAMS 0x0000000080d00000, 0x0000000080c00000| Untracked 
|  13|0x0000000080d00000, 0x0000000080e00000, 0x0000000080e00000|100%| O|  |TAMS 0x0000000080e00000, 0x0000000080d00000| Untracked 
|  14|0x0000000080e00000, 0x0000000080f00000, 0x0000000080f00000|100%| O|  |TAMS 0x0000000080f00000, 0x0000000080e00000| Untracked 
|  15|0x0000000080f00000, 0x0000000081000000, 0x0000000081000000|100%| O|  |TAMS 0x0000000080fcb600, 0x0000000080f00000| Untracked 
|  16|0x0000000081000000, 0x0000000081000000, 0x0000000081100000|  0%| F|  |TAMS 0x0000000081000000, 0x0000000081000000| Untracked 
|  17|0x0000000081100000, 0x0000000081100000, 0x0000000081200000|  0%| F|  |TAMS 0x0000000081100000, 0x0000000081100000| Untracked 
|  18|0x0000000081200000, 0x0000000081200000, 0x0000000081300000|  0%| F|  |TAMS 0x0000000081200000, 0x0000000081200000| Untracked 
|  19|0x0000000081300000, 0x0000000081400000, 0x0000000081400000|100%| O|  |TAMS 0x0000000081300000, 0x0000000081300000| Untracked 
|  20|0x0000000081400000, 0x0000000081500000, 0x0000000081500000|100%| O|  |TAMS 0x0000000081400000, 0x0000000081400000| Untracked 
|  21|0x0000000081500000, 0x00000000815a4c00, 0x0000000081600000| 64%| O|  |TAMS 0x0000000081500000, 0x0000000081500000| Untracked 
|  22|0x0000000081600000, 0x0000000081600000, 0x0000000081700000|  0%| F|  |TAMS 0x0000000081600000, 0x0000000081600000| Untracked 
|  23|0x0000000081700000, 0x0000000081700000, 0x0000000081800000|  0%| F|  |TAMS 0x0000000081700000, 0x0000000081700000| Untracked 
|  24|0x0000000081800000, 0x0000000081800000, 0x0000000081900000|  0%| F|  |TAMS 0x0000000081800000, 0x0000000081800000| Untracked 
|  25|0x0000000081900000, 0x0000000081900000, 0x0000000081a00000|  0%| F|  |TAMS 0x0000000081900000, 0x0000000081900000| Untracked 
|  26|0x0000000081a00000, 0x0000000081a00000, 0x0000000081b00000|  0%| F|  |TAMS 0x0000000081a00000, 0x0000000081a00000| Untracked 
|  27|0x0000000081b00000, 0x0000000081b00000, 0x0000000081c00000|  0%| F|  |TAMS 0x0000000081b00000, 0x0000000081b00000| Untracked 
|  28|0x0000000081c00000, 0x0000000081c00000, 0x0000000081d00000|  0%| F|  |TAMS 0x0000000081c00000, 0x0000000081c00000| Untracked 
|  29|0x0000000081d00000, 0x0000000081d00000, 0x0000000081e00000|  0%| F|  |TAMS 0x0000000081d00000, 0x0000000081d00000| Untracked 
|  30|0x0000000081e00000, 0x0000000081e00000, 0x0000000081f00000|  0%| F|  |TAMS 0x0000000081e00000, 0x0000000081e00000| Untracked 
|  31|0x0000000081f00000, 0x0000000081f00000, 0x0000000082000000|  0%| F|  |TAMS 0x0000000081f00000, 0x0000000081f00000| Untracked 
|  32|0x0000000082000000, 0x0000000082000000, 0x0000000082100000|  0%| F|  |TAMS 0x0000000082000000, 0x0000000082000000| Untracked 
|  33|0x0000000082100000, 0x0000000082100000, 0x0000000082200000|  0%| F|  |TAMS 0x0000000082100000, 0x0000000082100000| Untracked 
|  34|0x0000000082200000, 0x0000000082200000, 0x0000000082300000|  0%| F|  |TAMS 0x0000000082200000, 0x0000000082200000| Untracked 
|  35|0x0000000082300000, 0x0000000082300000, 0x0000000082400000|  0%| F|  |TAMS 0x0000000082300000, 0x0000000082300000| Untracked 
|  36|0x0000000082400000, 0x0000000082400000, 0x0000000082500000|  0%| F|  |TAMS 0x0000000082400000, 0x0000000082400000| Untracked 
|  37|0x0000000082500000, 0x0000000082500000, 0x0000000082600000|  0%| F|  |TAMS 0x0000000082500000, 0x0000000082500000| Untracked 
|  38|0x0000000082600000, 0x0000000082600000, 0x0000000082700000|  0%| F|  |TAMS 0x0000000082600000, 0x0000000082600000| Untracked 
|  39|0x0000000082700000, 0x0000000082700000, 0x0000000082800000|  0%| F|  |TAMS 0x0000000082700000, 0x0000000082700000| Untracked 
|  40|0x0000000082800000, 0x0000000082800000, 0x0000000082900000|  0%| F|  |TAMS 0x0000000082800000, 0x0000000082800000| Untracked 
|  41|0x0000000082900000, 0x0000000082900000, 0x0000000082a00000|  0%| F|  |TAMS 0x0000000082900000, 0x0000000082900000| Untracked 
|  42|0x0000000082a00000, 0x0000000082a00000, 0x0000000082b00000|  0%| F|  |TAMS 0x0000000082a00000, 0x0000000082a00000| Untracked 
|  43|0x0000000082b00000, 0x0000000082b00000, 0x0000000082c00000|  0%| F|  |TAMS 0x0000000082b00000, 0x0000000082b00000| Untracked 
|  44|0x0000000082c00000, 0x0000000082c00000, 0x0000000082d00000|  0%| F|  |TAMS 0x0000000082c00000, 0x0000000082c00000| Untracked 
|  45|0x0000000082d00000, 0x0000000082d00000, 0x0000000082e00000|  0%| F|  |TAMS 0x0000000082d00000, 0x0000000082d00000| Untracked 
|  46|0x0000000082e00000, 0x0000000082e00000, 0x0000000082f00000|  0%| F|  |TAMS 0x0000000082e00000, 0x0000000082e00000| Untracked 
|  47|0x0000000082f00000, 0x0000000082f00000, 0x0000000083000000|  0%| F|  |TAMS 0x0000000082f00000, 0x0000000082f00000| Untracked 
|  48|0x0000000083000000, 0x0000000083000000, 0x0000000083100000|  0%| F|  |TAMS 0x0000000083000000, 0x0000000083000000| Untracked 
|  49|0x0000000083100000, 0x0000000083100000, 0x0000000083200000|  0%| F|  |TAMS 0x0000000083100000, 0x0000000083100000| Untracked 
|  50|0x0000000083200000, 0x0000000083200000, 0x0000000083300000|  0%| F|  |TAMS 0x0000000083200000, 0x0000000083200000| Untracked 
|  51|0x0000000083300000, 0x0000000083300000, 0x0000000083400000|  0%| F|  |TAMS 0x0000000083300000, 0x0000000083300000| Untracked 
|  52|0x0000000083400000, 0x0000000083400000, 0x0000000083500000|  0%| F|  |TAMS 0x0000000083400000, 0x0000000083400000| Untracked 
|  53|0x0000000083500000, 0x0000000083500000, 0x0000000083600000|  0%| F|  |TAMS 0x0000000083500000, 0x0000000083500000| Untracked 
|  54|0x0000000083600000, 0x0000000083674c88, 0x0000000083700000| 45%| S|CS|TAMS 0x0000000083600000, 0x0000000083600000| Complete 
|  55|0x0000000083700000, 0x0000000083800000, 0x0000000083800000|100%| S|CS|TAMS 0x0000000083700000, 0x0000000083700000| Complete 
|  56|0x0000000083800000, 0x0000000083900000, 0x0000000083900000|100%| S|CS|TAMS 0x0000000083800000, 0x0000000083800000| Complete 
|  57|0x0000000083900000, 0x0000000083a00000, 0x0000000083a00000|100%| S|CS|TAMS 0x0000000083900000, 0x0000000083900000| Complete 
|  58|0x0000000083a00000, 0x0000000083b00000, 0x0000000083b00000|100%| S|CS|TAMS 0x0000000083a00000, 0x0000000083a00000| Complete 
|  59|0x0000000083b00000, 0x0000000083c00000, 0x0000000083c00000|100%| S|CS|TAMS 0x0000000083b00000, 0x0000000083b00000| Complete 
|  60|0x0000000083c00000, 0x0000000083d00000, 0x0000000083d00000|100%| S|CS|TAMS 0x0000000083c00000, 0x0000000083c00000| Complete 
|  61|0x0000000083d00000, 0x0000000083e00000, 0x0000000083e00000|100%| S|CS|TAMS 0x0000000083d00000, 0x0000000083d00000| Complete 
|  62|0x0000000083e00000, 0x0000000083f00000, 0x0000000083f00000|100%| S|CS|TAMS 0x0000000083e00000, 0x0000000083e00000| Complete 
|  63|0x0000000083f00000, 0x0000000083f00000, 0x0000000084000000|  0%| F|  |TAMS 0x0000000083f00000, 0x0000000083f00000| Untracked 
|  64|0x0000000084000000, 0x0000000084000000, 0x0000000084100000|  0%| F|  |TAMS 0x0000000084000000, 0x0000000084000000| Untracked 
|  65|0x0000000084100000, 0x0000000084100000, 0x0000000084200000|  0%| F|  |TAMS 0x0000000084100000, 0x0000000084100000| Untracked 
|  66|0x0000000084200000, 0x0000000084200000, 0x0000000084300000|  0%| F|  |TAMS 0x0000000084200000, 0x0000000084200000| Untracked 
|  67|0x0000000084300000, 0x0000000084300000, 0x0000000084400000|  0%| F|  |TAMS 0x0000000084300000, 0x0000000084300000| Untracked 
|  68|0x0000000084400000, 0x0000000084400000, 0x0000000084500000|  0%| F|  |TAMS 0x0000000084400000, 0x0000000084400000| Untracked 
|  69|0x0000000084500000, 0x0000000084500000, 0x0000000084600000|  0%| F|  |TAMS 0x0000000084500000, 0x0000000084500000| Untracked 
|  70|0x0000000084600000, 0x0000000084600000, 0x0000000084700000|  0%| F|  |TAMS 0x0000000084600000, 0x0000000084600000| Untracked 
|  71|0x0000000084700000, 0x0000000084700000, 0x0000000084800000|  0%| F|  |TAMS 0x0000000084700000, 0x0000000084700000| Untracked 
|  72|0x0000000084800000, 0x0000000084800000, 0x0000000084900000|  0%| F|  |TAMS 0x0000000084800000, 0x0000000084800000| Untracked 
|  73|0x0000000084900000, 0x0000000084900000, 0x0000000084a00000|  0%| F|  |TAMS 0x0000000084900000, 0x0000000084900000| Untracked 
|  74|0x0000000084a00000, 0x0000000084a00000, 0x0000000084b00000|  0%| F|  |TAMS 0x0000000084a00000, 0x0000000084a00000| Untracked 
|  75|0x0000000084b00000, 0x0000000084b00000, 0x0000000084c00000|  0%| F|  |TAMS 0x0000000084b00000, 0x0000000084b00000| Untracked 
|  76|0x0000000084c00000, 0x0000000084c00000, 0x0000000084d00000|  0%| F|  |TAMS 0x0000000084c00000, 0x0000000084c00000| Untracked 
|  77|0x0000000084d00000, 0x0000000084d00000, 0x0000000084e00000|  0%| F|  |TAMS 0x0000000084d00000, 0x0000000084d00000| Untracked 
|  78|0x0000000084e00000, 0x0000000084e00000, 0x0000000084f00000|  0%| F|  |TAMS 0x0000000084e00000, 0x0000000084e00000| Untracked 
|  79|0x0000000084f00000, 0x0000000084f00000, 0x0000000085000000|  0%| F|  |TAMS 0x0000000084f00000, 0x0000000084f00000| Untracked 
|  80|0x0000000085000000, 0x0000000085000000, 0x0000000085100000|  0%| F|  |TAMS 0x0000000085000000, 0x0000000085000000| Untracked 
|  81|0x0000000085100000, 0x0000000085100000, 0x0000000085200000|  0%| F|  |TAMS 0x0000000085100000, 0x0000000085100000| Untracked 
|  82|0x0000000085200000, 0x0000000085200000, 0x0000000085300000|  0%| F|  |TAMS 0x0000000085200000, 0x0000000085200000| Untracked 
|  83|0x0000000085300000, 0x0000000085300000, 0x0000000085400000|  0%| F|  |TAMS 0x0000000085300000, 0x0000000085300000| Untracked 
|  84|0x0000000085400000, 0x0000000085400000, 0x0000000085500000|  0%| F|  |TAMS 0x0000000085400000, 0x0000000085400000| Untracked 
|  85|0x0000000085500000, 0x0000000085500000, 0x0000000085600000|  0%| F|  |TAMS 0x0000000085500000, 0x0000000085500000| Untracked 
|  86|0x0000000085600000, 0x0000000085600000, 0x0000000085700000|  0%| F|  |TAMS 0x0000000085600000, 0x0000000085600000| Untracked 
|  87|0x0000000085700000, 0x0000000085700000, 0x0000000085800000|  0%| F|  |TAMS 0x0000000085700000, 0x0000000085700000| Untracked 
|  88|0x0000000085800000, 0x0000000085800000, 0x0000000085900000|  0%| F|  |TAMS 0x0000000085800000, 0x0000000085800000| Untracked 
|  89|0x0000000085900000, 0x0000000085900000, 0x0000000085a00000|  0%| F|  |TAMS 0x0000000085900000, 0x0000000085900000| Untracked 
|  90|0x0000000085a00000, 0x0000000085a00000, 0x0000000085b00000|  0%| F|  |TAMS 0x0000000085a00000, 0x0000000085a00000| Untracked 
|  91|0x0000000085b00000, 0x0000000085b00000, 0x0000000085c00000|  0%| F|  |TAMS 0x0000000085b00000, 0x0000000085b00000| Untracked 
|  92|0x0000000085c00000, 0x0000000085c00000, 0x0000000085d00000|  0%| F|  |TAMS 0x0000000085c00000, 0x0000000085c00000| Untracked 
|  93|0x0000000085d00000, 0x0000000085d00000, 0x0000000085e00000|  0%| F|  |TAMS 0x0000000085d00000, 0x0000000085d00000| Untracked 
|  94|0x0000000085e00000, 0x0000000085e00000, 0x0000000085f00000|  0%| F|  |TAMS 0x0000000085e00000, 0x0000000085e00000| Untracked 
|  95|0x0000000085f00000, 0x0000000085f00000, 0x0000000086000000|  0%| F|  |TAMS 0x0000000085f00000, 0x0000000085f00000| Untracked 
|  96|0x0000000086000000, 0x0000000086000000, 0x0000000086100000|  0%| F|  |TAMS 0x0000000086000000, 0x0000000086000000| Untracked 
|  97|0x0000000086100000, 0x0000000086100000, 0x0000000086200000|  0%| F|  |TAMS 0x0000000086100000, 0x0000000086100000| Untracked 
|  98|0x0000000086200000, 0x0000000086200000, 0x0000000086300000|  0%| F|  |TAMS 0x0000000086200000, 0x0000000086200000| Untracked 
|  99|0x0000000086300000, 0x0000000086300000, 0x0000000086400000|  0%| F|  |TAMS 0x0000000086300000, 0x0000000086300000| Untracked 
| 100|0x0000000086400000, 0x0000000086400000, 0x0000000086500000|  0%| F|  |TAMS 0x0000000086400000, 0x0000000086400000| Untracked 
| 101|0x0000000086500000, 0x0000000086500000, 0x0000000086600000|  0%| F|  |TAMS 0x0000000086500000, 0x0000000086500000| Untracked 
| 102|0x0000000086600000, 0x0000000086600000, 0x0000000086700000|  0%| F|  |TAMS 0x0000000086600000, 0x0000000086600000| Untracked 
| 103|0x0000000086700000, 0x0000000086700000, 0x0000000086800000|  0%| F|  |TAMS 0x0000000086700000, 0x0000000086700000| Untracked 
| 104|0x0000000086800000, 0x0000000086800000, 0x0000000086900000|  0%| F|  |TAMS 0x0000000086800000, 0x0000000086800000| Untracked 
| 105|0x0000000086900000, 0x0000000086900000, 0x0000000086a00000|  0%| F|  |TAMS 0x0000000086900000, 0x0000000086900000| Untracked 
| 106|0x0000000086a00000, 0x0000000086a00000, 0x0000000086b00000|  0%| F|  |TAMS 0x0000000086a00000, 0x0000000086a00000| Untracked 
| 107|0x0000000086b00000, 0x0000000086b00000, 0x0000000086c00000|  0%| F|  |TAMS 0x0000000086b00000, 0x0000000086b00000| Untracked 
| 108|0x0000000086c00000, 0x0000000086c00000, 0x0000000086d00000|  0%| F|  |TAMS 0x0000000086c00000, 0x0000000086c00000| Untracked 
| 109|0x0000000086d00000, 0x0000000086d00000, 0x0000000086e00000|  0%| F|  |TAMS 0x0000000086d00000, 0x0000000086d00000| Untracked 
| 110|0x0000000086e00000, 0x0000000086e00000, 0x0000000086f00000|  0%| F|  |TAMS 0x0000000086e00000, 0x0000000086e00000| Untracked 
| 111|0x0000000086f00000, 0x0000000086f00000, 0x0000000087000000|  0%| F|  |TAMS 0x0000000086f00000, 0x0000000086f00000| Untracked 
| 112|0x0000000087000000, 0x0000000087000000, 0x0000000087100000|  0%| F|  |TAMS 0x0000000087000000, 0x0000000087000000| Untracked 
| 113|0x0000000087100000, 0x0000000087100000, 0x0000000087200000|  0%| F|  |TAMS 0x0000000087100000, 0x0000000087100000| Untracked 
| 114|0x0000000087200000, 0x0000000087200000, 0x0000000087300000|  0%| F|  |TAMS 0x0000000087200000, 0x0000000087200000| Untracked 
| 115|0x0000000087300000, 0x0000000087300000, 0x0000000087400000|  0%| F|  |TAMS 0x0000000087300000, 0x0000000087300000| Untracked 
| 116|0x0000000087400000, 0x0000000087500000, 0x0000000087500000|100%| E|  |TAMS 0x0000000087400000, 0x0000000087400000| Complete 
| 117|0x0000000087500000, 0x0000000087600000, 0x0000000087600000|100%| E|CS|TAMS 0x0000000087500000, 0x0000000087500000| Complete 
| 118|0x0000000087600000, 0x0000000087700000, 0x0000000087700000|100%| E|CS|TAMS 0x0000000087600000, 0x0000000087600000| Complete 
| 119|0x0000000087700000, 0x0000000087800000, 0x0000000087800000|100%| E|CS|TAMS 0x0000000087700000, 0x0000000087700000| Complete 
| 120|0x0000000087800000, 0x0000000087900000, 0x0000000087900000|100%| E|CS|TAMS 0x0000000087800000, 0x0000000087800000| Complete 
| 121|0x0000000087900000, 0x0000000087a00000, 0x0000000087a00000|100%| E|CS|TAMS 0x0000000087900000, 0x0000000087900000| Complete 
| 122|0x0000000087a00000, 0x0000000087b00000, 0x0000000087b00000|100%| E|CS|TAMS 0x0000000087a00000, 0x0000000087a00000| Complete 
| 123|0x0000000087b00000, 0x0000000087c00000, 0x0000000087c00000|100%| E|CS|TAMS 0x0000000087b00000, 0x0000000087b00000| Complete 
| 124|0x0000000087c00000, 0x0000000087d00000, 0x0000000087d00000|100%| E|CS|TAMS 0x0000000087c00000, 0x0000000087c00000| Complete 
| 125|0x0000000087d00000, 0x0000000087e00000, 0x0000000087e00000|100%| E|CS|TAMS 0x0000000087d00000, 0x0000000087d00000| Complete 
| 126|0x0000000087e00000, 0x0000000087f00000, 0x0000000087f00000|100%| E|CS|TAMS 0x0000000087e00000, 0x0000000087e00000| Complete 
| 127|0x0000000087f00000, 0x0000000088000000, 0x0000000088000000|100%| E|CS|TAMS 0x0000000087f00000, 0x0000000087f00000| Complete 

Card table byte_map: [0x000001b7a5ea0000,0x000001b7a62a0000] _byte_map_base: 0x000001b7a5aa0000

Marking Bits (Prev, Next): (CMBitMap*) 0x000001b790dac3f8, (CMBitMap*) 0x000001b790dac430
 Prev Bits: [0x000001b7a66a0000, 0x000001b7a86a0000)
 Next Bits: [0x000001b7a86a0000, 0x000001b7aa6a0000)

Polling page: 0x000001b796010000

Metaspace:

Usage:
  Non-class:     34.96 MB capacity,    34.37 MB ( 98%) used,   509.51 KB (  1%) free+waste,    93.63 KB ( <1%) overhead. 
      Class:      5.40 MB capacity,     5.07 MB ( 94%) used,   299.15 KB (  5%) free+waste,    44.88 KB ( <1%) overhead. 
       Both:     40.36 MB capacity,    39.43 MB ( 98%) used,   808.66 KB (  2%) free+waste,   138.50 KB ( <1%) overhead. 

Virtual space:
  Non-class space:       42.00 MB reserved,      35.00 MB ( 83%) committed 
      Class space:        1.00 GB reserved,       5.45 MB ( <1%) committed 
             Both:        1.04 GB reserved,      40.45 MB (  4%) committed 

Chunk freelists:
   Non-Class:  43.00 KB
       Class:  5.00 KB
        Both:  48.00 KB

MaxMetaspaceSize: 17179869184.00 GB
CompressedClassSpaceSize: 1.00 GB

CodeHeap 'non-profiled nmethods': size=120000Kb used=1978Kb max_used=1978Kb free=118021Kb
 bounds [0x000001b79db00000, 0x000001b79dd70000, 0x000001b7a5030000]
CodeHeap 'profiled nmethods': size=120000Kb used=7510Kb max_used=7510Kb free=112489Kb
 bounds [0x000001b7965d0000, 0x000001b796d30000, 0x000001b79db00000]
CodeHeap 'non-nmethods': size=5760Kb used=2203Kb max_used=2246Kb free=3556Kb
 bounds [0x000001b796030000, 0x000001b7962a0000, 0x000001b7965d0000]
 total_blobs=4363 nmethods=3597 adapters=677
 compilation: enabled
              stopped_count=0, restarted_count=0
 full_count=0

Compilation events (20 events):
Event: 7.177 Thread 0x000001b7ad1a3800 3579       4       org.objectweb.asm.Frame::push (109 bytes)
Event: 7.178 Thread 0x000001b7b06cb000 nmethod 3571 0x000001b79dcebb90 code [0x000001b79dcebd60, 0x000001b79dcec118]
Event: 7.178 Thread 0x000001b7ad1a5000 3580       3       org.objectweb.asm.Type::getSort (19 bytes)
Event: 7.179 Thread 0x000001b7ad1a5000 nmethod 3580 0x000001b796d1c910 code [0x000001b796d1cac0, 0x000001b796d1cc18]
Event: 7.188 Thread 0x000001b7ad1a3800 nmethod 3579 0x000001b79dcec490 code [0x000001b79dcec640, 0x000001b79dcecbd8]
Event: 7.188 Thread 0x000001b7ad1a5000 3581       3       com.google.common.collect.AbstractMapBasedMultimap$WrappedCollection$WrappedIterator::validateIterator (30 bytes)
Event: 7.188 Thread 0x000001b7ad1a5000 nmethod 3581 0x000001b796d1cc90 code [0x000001b796d1ce60, 0x000001b796d1d138]
Event: 7.188 Thread 0x000001b7ad1a5000 3582       3       com.google.common.collect.LinkedHashMultimap$ValueSet$1::hasNext (21 bytes)
Event: 7.188 Thread 0x000001b7ad1a5000 nmethod 3582 0x000001b796d1d290 code [0x000001b796d1d460, 0x000001b796d1d748]
Event: 7.188 Thread 0x000001b7ad1a5000 3583       3       com.google.common.collect.LinkedHashMultimap$ValueSet$1::checkForComodification (23 bytes)
Event: 7.189 Thread 0x000001b7ad1a5000 nmethod 3583 0x000001b796d1d890 code [0x000001b796d1da60, 0x000001b796d1dc88]
Event: 7.191 Thread 0x000001b7ad1a5000 3584       1       java.lang.reflect.Constructor::getSignature (5 bytes)
Event: 7.191 Thread 0x000001b7ad1a5000 nmethod 3584 0x000001b79dcecd90 code [0x000001b79dcecf40, 0x000001b79dcecff8]
Event: 7.201 Thread 0x000001b7ad1a5000 3585       3       com.google.common.collect.CollectPreconditions::checkNonnegative (37 bytes)
Event: 7.201 Thread 0x000001b7ad1a5000 nmethod 3585 0x000001b796d1dd90 code [0x000001b796d1e000, 0x000001b796d1e908]
Event: 7.206 Thread 0x000001b7ad1a3800 3586       4       org.codehaus.groovy.util.ManagedReference::get (10 bytes)
Event: 7.209 Thread 0x000001b7ad1a3800 nmethod 3586 0x000001b79dced090 code [0x000001b79dced240, 0x000001b79dced398]
Event: 7.215 Thread 0x000001b7ad1a5000 3587       3       org.gradle.internal.service.DefaultServiceRegistry$FactoryService::<init> (7 bytes)
Event: 7.216 Thread 0x000001b7ad1a5000 nmethod 3587 0x000001b796d1ec90 code [0x000001b796d1eec0, 0x000001b796d1f708]
Event: 7.225 Thread 0x000001b7b06cb000 3588       4       java.lang.PublicMethods$MethodList::merge (192 bytes)

GC Heap History (12 events):
Event: 0.771 GC heap before
{Heap before GC invocations=0 (full 0):
 garbage-first heap   total 131072K, used 29696K [0x0000000080000000, 0x0000000100000000)
  region size 1024K, 24 young (24576K), 0 survivors (0K)
 Metaspace       used 10146K, capacity 10403K, committed 10624K, reserved 1058816K
  class space    used 1061K, capacity 1106K, committed 1152K, reserved 1048576K
}
Event: 0.776 GC heap after
{Heap after GC invocations=1 (full 0):
 garbage-first heap   total 131072K, used 9690K [0x0000000080000000, 0x0000000100000000)
  region size 1024K, 3 young (3072K), 3 survivors (3072K)
 Metaspace       used 10146K, capacity 10403K, committed 10624K, reserved 1058816K
  class space    used 1061K, capacity 1106K, committed 1152K, reserved 1048576K
}
Event: 3.003 GC heap before
{Heap before GC invocations=1 (full 0):
 garbage-first heap   total 131072K, used 84442K [0x0000000080000000, 0x0000000100000000)
  region size 1024K, 76 young (77824K), 3 survivors (3072K)
 Metaspace       used 17752K, capacity 18232K, committed 18432K, reserved 1064960K
  class space    used 2096K, capacity 2238K, committed 2304K, reserved 1048576K
}
Event: 3.009 GC heap after
{Heap after GC invocations=2 (full 0):
 garbage-first heap   total 131072K, used 16025K [0x0000000080000000, 0x0000000100000000)
  region size 1024K, 10 young (10240K), 10 survivors (10240K)
 Metaspace       used 17752K, capacity 18232K, committed 18432K, reserved 1064960K
  class space    used 2096K, capacity 2238K, committed 2304K, reserved 1048576K
}
Event: 3.298 GC heap before
{Heap before GC invocations=2 (full 0):
 garbage-first heap   total 131072K, used 37529K [0x0000000080000000, 0x0000000100000000)
  region size 1024K, 32 young (32768K), 10 survivors (10240K)
 Metaspace       used 20574K, capacity 21104K, committed 21248K, reserved 1067008K
  class space    used 2508K, capacity 2690K, committed 2816K, reserved 1048576K
}
Event: 3.306 GC heap after
{Heap after GC invocations=3 (full 0):
 garbage-first heap   total 131072K, used 17300K [0x0000000080000000, 0x0000000100000000)
  region size 1024K, 2 young (2048K), 2 survivors (2048K)
 Metaspace       used 20574K, capacity 21104K, committed 21248K, reserved 1067008K
  class space    used 2508K, capacity 2690K, committed 2816K, reserved 1048576K
}
Event: 4.486 GC heap before
{Heap before GC invocations=4 (full 0):
 garbage-first heap   total 131072K, used 86932K [0x0000000080000000, 0x0000000100000000)
  region size 1024K, 70 young (71680K), 2 survivors (2048K)
 Metaspace       used 27371K, capacity 28039K, committed 28288K, reserved 1073152K
  class space    used 3615K, capacity 3859K, committed 3968K, reserved 1048576K
}
Event: 4.494 GC heap after
{Heap after GC invocations=5 (full 0):
 garbage-first heap   total 131072K, used 19223K [0x0000000080000000, 0x0000000100000000)
  region size 1024K, 3 young (3072K), 3 survivors (3072K)
 Metaspace       used 27371K, capacity 28039K, committed 28288K, reserved 1073152K
  class space    used 3615K, capacity 3859K, committed 3968K, reserved 1048576K
}
Event: 5.581 GC heap before
{Heap before GC invocations=5 (full 0):
 garbage-first heap   total 131072K, used 59159K [0x0000000080000000, 0x0000000100000000)
  region size 1024K, 43 young (44032K), 3 survivors (3072K)
 Metaspace       used 35069K, capacity 35838K, committed 35840K, reserved 1081344K
  class space    used 4540K, capacity 4864K, committed 4864K, reserved 1048576K
}
Event: 5.594 GC heap after
{Heap after GC invocations=6 (full 0):
 garbage-first heap   total 131072K, used 22205K [0x0000000080000000, 0x0000000100000000)
  region size 1024K, 6 young (6144K), 6 survivors (6144K)
 Metaspace       used 35069K, capacity 35838K, committed 35840K, reserved 1081344K
  class space    used 4540K, capacity 4864K, committed 4864K, reserved 1048576K
}
Event: 6.958 GC heap before
{Heap before GC invocations=7 (full 0):
 garbage-first heap   total 131072K, used 84669K [0x0000000080000000, 0x0000000100000000)
  region size 1024K, 65 young (66560K), 6 survivors (6144K)
 Metaspace       used 39471K, capacity 40340K, committed 40524K, reserved 1085440K
  class space    used 5031K, capacity 5357K, committed 5452K, reserved 1048576K
}
Event: 6.971 GC heap after
{Heap after GC invocations=8 (full 0):
 garbage-first heap   total 131072K, used 27750K [0x0000000080000000, 0x0000000100000000)
  region size 1024K, 9 young (9216K), 9 survivors (9216K)
 Metaspace       used 39471K, capacity 40340K, committed 40524K, reserved 1085440K
  class space    used 5031K, capacity 5357K, committed 5452K, reserved 1048576K
}

Deoptimization events (20 events):
Event: 6.514 Thread 0x000001b7ae241800 Uncommon trap: trap_request=0xffffffbe fr.pc=0x000001b79dcacd98 relative=0x0000000000003cf8
Event: 6.514 Thread 0x000001b7ae241800 Uncommon trap: reason=profile_predicate action=maybe_recompile pc=0x000001b79dcacd98 method=java.util.AbstractCollection.addAll(Ljava/util/Collection;)Z @ 15 c2
Event: 6.514 Thread 0x000001b7ae241800 DEOPT PACKING pc=0x000001b79dcacd98 sp=0x00000019c1cf8560
Event: 6.514 Thread 0x000001b7ae241800 DEOPT UNPACKING pc=0x000001b7960578af sp=0x00000019c1cf8578 mode 2
Event: 6.544 Thread 0x000001b7afd67000 Uncommon trap: trap_request=0xffffffc6 fr.pc=0x000001b79dc832d8 relative=0x0000000000000638
Event: 6.544 Thread 0x000001b7afd67000 Uncommon trap: reason=bimorphic_or_optimized_type_check action=maybe_recompile pc=0x000001b79dc832d8 method=java.util.stream.Sink$ChainedReference.cancellationRequested()Z @ 4 c2
Event: 6.544 Thread 0x000001b7afd67000 DEOPT PACKING pc=0x000001b79dc832d8 sp=0x00000019c18feb00
Event: 6.544 Thread 0x000001b7afd67000 DEOPT UNPACKING pc=0x000001b7960578af sp=0x00000019c18fea40 mode 2
Event: 6.837 Thread 0x000001b7ae241800 Uncommon trap: trap_request=0xffffff4d fr.pc=0x000001b79dc466b4 relative=0x0000000000000114
Event: 6.837 Thread 0x000001b7ae241800 Uncommon trap: reason=unstable_if action=reinterpret pc=0x000001b79dc466b4 method=java.util.Arrays.hashCode([Ljava/lang/Object;)I @ 34 c2
Event: 6.838 Thread 0x000001b7ae241800 DEOPT PACKING pc=0x000001b79dc466b4 sp=0x00000019c1cf9720
Event: 6.838 Thread 0x000001b7ae241800 DEOPT UNPACKING pc=0x000001b7960578af sp=0x00000019c1cf9698 mode 2
Event: 6.838 Thread 0x000001b7ae241800 Uncommon trap: trap_request=0xffffffde fr.pc=0x000001b79dc04c5c relative=0x000000000000031c
Event: 6.838 Thread 0x000001b7ae241800 Uncommon trap: reason=class_check action=maybe_recompile pc=0x000001b79dc04c5c method=java.util.Collections$SetFromMap.remove(Ljava/lang/Object;)Z @ 5 c2
Event: 6.838 Thread 0x000001b7ae241800 DEOPT PACKING pc=0x000001b79dc04c5c sp=0x00000019c1cfad40
Event: 6.838 Thread 0x000001b7ae241800 DEOPT UNPACKING pc=0x000001b7960578af sp=0x00000019c1cfad28 mode 2
Event: 6.838 Thread 0x000001b7ae241800 Uncommon trap: trap_request=0xffffffde fr.pc=0x000001b79dc04c5c relative=0x000000000000031c
Event: 6.838 Thread 0x000001b7ae241800 Uncommon trap: reason=class_check action=maybe_recompile pc=0x000001b79dc04c5c method=java.util.Collections$SetFromMap.remove(Ljava/lang/Object;)Z @ 5 c2
Event: 6.838 Thread 0x000001b7ae241800 DEOPT PACKING pc=0x000001b79dc04c5c sp=0x00000019c1cfacc0
Event: 6.838 Thread 0x000001b7ae241800 DEOPT UNPACKING pc=0x000001b7960578af sp=0x00000019c1cfaca8 mode 2

Classes redefined (0 events):
No events

Internal exceptions (20 events):
Event: 6.430 Thread 0x000001b7ae241800 Exception <a 'java/lang/ClassNotFoundException'{0x0000000084f3fab0}: org/gradle/api/internal/provider/AbstractMinimalProviderCustomizer> (0x0000000084f3fab0) thrown at [./src/hotspot/share/classfile/systemDictionary.cpp, line 231]
Event: 6.438 Thread 0x000001b7ae241800 Exception <a 'java/lang/ClassNotFoundException'{0x0000000084f9f7f0}: org/gradle/api/internal/provider/AbstractPropertyCustomizer> (0x0000000084f9f7f0) thrown at [./src/hotspot/share/classfile/systemDictionary.cpp, line 231]
Event: 6.441 Thread 0x000001b7ae241800 Exception <a 'java/lang/ClassNotFoundException'{0x0000000084fd1f88}: org/gradle/api/internal/provider/DefaultPropertyCustomizer> (0x0000000084fd1f88) thrown at [./src/hotspot/share/classfile/systemDictionary.cpp, line 231]
Event: 6.555 Thread 0x000001b7ae241800 Exception <a 'java/lang/ClassNotFoundException'{0x00000000849bcdb8}: org/gradle/api/internal/artifacts/dsl/DefaultRepositoryHandler_DecoratedBeanInfo> (0x00000000849bcdb8) thrown at [./src/hotspot/share/classfile/systemDictionary.cpp, line 231]
Event: 6.557 Thread 0x000001b7ae241800 Exception <a 'java/lang/ClassNotFoundException'{0x00000000849f5a30}: org/gradle/api/internal/artifacts/dsl/DefaultRepositoryHandlerBeanInfo> (0x00000000849f5a30) thrown at [./src/hotspot/share/classfile/systemDictionary.cpp, line 231]
Event: 6.558 Thread 0x000001b7ae241800 Exception <a 'java/lang/ClassNotFoundException'{0x0000000084831130}: org/gradle/api/internal/artifacts/DefaultArtifactRepositoryContainerBeanInfo> (0x0000000084831130) thrown at [./src/hotspot/share/classfile/systemDictionary.cpp, line 231]
Event: 6.559 Thread 0x000001b7ae241800 Exception <a 'java/lang/ClassNotFoundException'{0x000000008485b1c0}: org/gradle/api/internal/DefaultNamedDomainObjectListBeanInfo> (0x000000008485b1c0) thrown at [./src/hotspot/share/classfile/systemDictionary.cpp, line 231]
Event: 6.561 Thread 0x000001b7ae241800 Exception <a 'java/lang/ClassNotFoundException'{0x0000000084886df8}: org/gradle/api/internal/DefaultNamedDomainObjectCollectionBeanInfo> (0x0000000084886df8) thrown at [./src/hotspot/share/classfile/systemDictionary.cpp, line 231]
Event: 6.564 Thread 0x000001b7ae241800 Exception <a 'java/lang/ClassNotFoundException'{0x00000000848b1fa8}: org/gradle/api/internal/DefaultDomainObjectCollectionBeanInfo> (0x00000000848b1fa8) thrown at [./src/hotspot/share/classfile/systemDictionary.cpp, line 231]
Event: 6.564 Thread 0x000001b7ae241800 Exception <a 'java/lang/ClassNotFoundException'{0x00000000848b81e0}: java/util/AbstractCollectionBeanInfo> (0x00000000848b81e0) thrown at [./src/hotspot/share/classfile/systemDictionary.cpp, line 231]
Event: 6.565 Thread 0x000001b7ae241800 Exception <a 'java/lang/ClassNotFoundException'{0x00000000848be960}: java/util/AbstractCollectionCustomizer> (0x00000000848be960) thrown at [./src/hotspot/share/classfile/systemDictionary.cpp, line 231]
Event: 6.572 Thread 0x000001b7ae241800 Exception <a 'java/lang/ClassNotFoundException'{0x00000000848f25a0}: org/gradle/api/internal/DefaultDomainObjectCollectionCustomizer> (0x00000000848f25a0) thrown at [./src/hotspot/share/classfile/systemDictionary.cpp, line 231]
Event: 6.578 Thread 0x000001b7ae241800 Exception <a 'java/lang/ClassNotFoundException'{0x000000008473b338}: org/gradle/api/internal/DefaultNamedDomainObjectCollectionCustomizer> (0x000000008473b338) thrown at [./src/hotspot/share/classfile/systemDictionary.cpp, line 231]
Event: 6.602 Thread 0x000001b7ae241800 Exception <a 'java/lang/ClassNotFoundException'{0x00000000847b3568}: org/gradle/api/internal/DefaultNamedDomainObjectListCustomizer> (0x00000000847b3568) thrown at [./src/hotspot/share/classfile/systemDictionary.cpp, line 231]
Event: 6.604 Thread 0x000001b7ae241800 Exception <a 'java/lang/ClassNotFoundException'{0x00000000846085a0}: org/gradle/api/internal/artifacts/DefaultArtifactRepositoryContainerCustomizer> (0x00000000846085a0) thrown at [./src/hotspot/share/classfile/systemDictionary.cpp, line 231]
Event: 6.609 Thread 0x000001b7ae241800 Exception <a 'java/lang/ClassNotFoundException'{0x00000000846527f8}: org/gradle/api/internal/artifacts/dsl/DefaultRepositoryHandlerCustomizer> (0x00000000846527f8) thrown at [./src/hotspot/share/classfile/systemDictionary.cpp, line 231]
Event: 6.614 Thread 0x000001b7ae241800 Exception <a 'java/lang/ClassNotFoundException'{0x00000000846afa48}: org/gradle/api/internal/artifacts/dsl/DefaultRepositoryHandler_DecoratedCustomizer> (0x00000000846afa48) thrown at [./src/hotspot/share/classfile/systemDictionary.cpp, line 231]
Event: 6.823 Thread 0x000001b7ae241800 Exception <a 'java/lang/ClassNotFoundException'{0x000000008419dd70}: org/gradle/initialization/DefaultProjectDescriptorBeanInfo> (0x000000008419dd70) thrown at [./src/hotspot/share/classfile/systemDictionary.cpp, line 231]
Event: 6.824 Thread 0x000001b7ae241800 Exception <a 'java/lang/ClassNotFoundException'{0x00000000841c2ea8}: org/gradle/initialization/DefaultProjectDescriptorCustomizer> (0x00000000841c2ea8) thrown at [./src/hotspot/share/classfile/systemDictionary.cpp, line 231]
Event: 6.837 Thread 0x000001b7ae241800 Implicit null exception at 0x000001b79dc465ef to 0x000001b79dc46698

Events (20 events):
Event: 7.209 loading class org/gradle/api/internal/project/DefaultProject$1
Event: 7.209 loading class org/gradle/api/internal/project/DefaultProject$1 done
Event: 7.211 loading class org/gradle/api/internal/project/DefaultProject
Event: 7.211 loading class org/gradle/api/internal/project/DefaultProject done
Event: 7.211 loading class org/gradle/api/Project
Event: 7.211 loading class org/gradle/api/Project done
Event: 7.211 loading class org/gradle/api/internal/project/DefaultProject
Event: 7.211 loading class org/gradle/api/internal/project/DefaultProject done
Event: 7.216 loading class org/gradle/internal/extensibility/ExtensibleDynamicObject$InheritedDynamicObject
Event: 7.216 loading class org/gradle/internal/extensibility/ExtensibleDynamicObject$InheritedDynamicObject done
Event: 7.217 loading class org/gradle/initialization/ProjectPropertySettingBuildLoader$CachingPropertyApplicator
Event: 7.217 loading class org/gradle/initialization/ProjectPropertySettingBuildLoader$CachingPropertyApplicator done
Event: 7.220 loading class org/apache/commons/lang/reflect/MethodUtils
Event: 7.220 loading class org/apache/commons/lang/reflect/MethodUtils done
Event: 7.226 loading class org/gradle/initialization/NotifyingBuildLoader$BuildStructureOperationProject
Event: 7.226 loading class org/gradle/initialization/NotifyingBuildLoader$BuildStructureOperationProject done
Event: 7.229 loading class com/google/common/collect/ImmutableSortedSet$Builder
Event: 7.229 loading class com/google/common/collect/ImmutableSortedSet$Builder done
Event: 7.234 loading class com/google/common/collect/ImmutableSortedSet
Event: 7.234 loading class com/google/common/collect/ImmutableSortedSet done


Dynamic libraries:
0x00007ff6d4300000 - 0x00007ff6d430a000 	C:\Program Files\Android\Android Studio\jre\bin\java.exe
0x00007ff8808f0000 - 0x00007ff880ae5000 	C:\WINDOWS\SYSTEM32\ntdll.dll
0x00007ff87fd00000 - 0x00007ff87fdbe000 	C:\WINDOWS\System32\KERNEL32.DLL
0x00007ff87e010000 - 0x00007ff87e2d9000 	C:\WINDOWS\System32\KERNELBASE.dll
0x00007ff87e7f0000 - 0x00007ff87e8f0000 	C:\WINDOWS\System32\ucrtbase.dll
0x00007ff862ab0000 - 0x00007ff862ac7000 	C:\Program Files\Android\Android Studio\jre\bin\VCRUNTIME140.dll
0x00007ff8627a0000 - 0x00007ff8627b9000 	C:\Program Files\Android\Android Studio\jre\bin\jli.dll
0x00007ff87f2e0000 - 0x00007ff87f481000 	C:\WINDOWS\System32\USER32.dll
0x00007ff87e2e0000 - 0x00007ff87e302000 	C:\WINDOWS\System32\win32u.dll
0x00007ff87f0e0000 - 0x00007ff87f10b000 	C:\WINDOWS\System32\GDI32.dll
0x00007ff87e500000 - 0x00007ff87e60b000 	C:\WINDOWS\System32\gdi32full.dll
0x00007ff87d3e0000 - 0x00007ff87d67a000 	C:\WINDOWS\WinSxS\amd64_microsoft.windows.common-controls_6595b64144ccf1df_6.0.19041.1110_none_60b5254171f9507e\COMCTL32.dll
0x00007ff87e610000 - 0x00007ff87e6ad000 	C:\WINDOWS\System32\msvcp_win.dll
0x00007ff880450000 - 0x00007ff8804ee000 	C:\WINDOWS\System32\msvcrt.dll
0x00007ff880270000 - 0x00007ff8802a0000 	C:\WINDOWS\System32\IMM32.DLL
0x00007ff848f80000 - 0x00007ff84901d000 	C:\Program Files\Android\Android Studio\jre\bin\msvcp140.dll
0x00007ff839620000 - 0x00007ff83a0ef000 	C:\Program Files\Android\Android Studio\jre\bin\server\jvm.dll
0x00007ff87f1b0000 - 0x00007ff87f25c000 	C:\WINDOWS\System32\ADVAPI32.dll
0x00007ff87f110000 - 0x00007ff87f1ab000 	C:\WINDOWS\System32\sechost.dll
0x00007ff880320000 - 0x00007ff88044a000 	C:\WINDOWS\System32\RPCRT4.dll
0x00007ff87f020000 - 0x00007ff87f028000 	C:\WINDOWS\System32\PSAPI.DLL
0x00007ff865410000 - 0x00007ff865437000 	C:\WINDOWS\SYSTEM32\WINMM.dll
0x00007ff87ab60000 - 0x00007ff87ab6a000 	C:\WINDOWS\SYSTEM32\VERSION.dll
0x00007ff864be0000 - 0x00007ff864be9000 	C:\WINDOWS\SYSTEM32\WSOCK32.dll
0x00007ff8802a0000 - 0x00007ff88030b000 	C:\WINDOWS\System32\WS2_32.dll
0x00007ff87c240000 - 0x00007ff87c252000 	C:\WINDOWS\SYSTEM32\kernel.appcore.dll
0x00007ff87af90000 - 0x00007ff87afa1000 	C:\Program Files\Android\Android Studio\jre\bin\verify.dll
0x00007ff87da30000 - 0x00007ff87dc14000 	C:\WINDOWS\SYSTEM32\DBGHELP.DLL
0x00007ff87d7e0000 - 0x00007ff87d80c000 	C:\WINDOWS\SYSTEM32\dbgcore.DLL
0x00007ff87e760000 - 0x00007ff87e7e3000 	C:\WINDOWS\System32\bcryptPrimitives.dll
0x00007ff8636d0000 - 0x00007ff8636f9000 	C:\Program Files\Android\Android Studio\jre\bin\java.dll
0x00007ff87af80000 - 0x00007ff87af8b000 	C:\Program Files\Android\Android Studio\jre\bin\jimage.dll
0x00007ff869fc0000 - 0x00007ff869fd8000 	C:\Program Files\Android\Android Studio\jre\bin\zip.dll
0x00007ff87f510000 - 0x00007ff87fc4f000 	C:\WINDOWS\System32\SHELL32.dll
0x00007ff87b180000 - 0x00007ff87b910000 	C:\WINDOWS\SYSTEM32\windows.storage.dll
0x00007ff8804f0000 - 0x00007ff880845000 	C:\WINDOWS\System32\combase.dll
0x00007ff87d370000 - 0x00007ff87d39c000 	C:\WINDOWS\SYSTEM32\Wldp.dll
0x00007ff87f030000 - 0x00007ff87f0dd000 	C:\WINDOWS\System32\SHCORE.dll
0x00007ff87fdc0000 - 0x00007ff87fe15000 	C:\WINDOWS\System32\shlwapi.dll
0x00007ff87df50000 - 0x00007ff87df6f000 	C:\WINDOWS\SYSTEM32\profapi.dll
0x00007ff8696a0000 - 0x00007ff8696ba000 	C:\Program Files\Android\Android Studio\jre\bin\net.dll
0x00007ff86eec0000 - 0x00007ff86efc8000 	C:\WINDOWS\SYSTEM32\WINHTTP.dll
0x00007ff87d210000 - 0x00007ff87d27a000 	C:\WINDOWS\system32\mswsock.dll
0x00007ff8692e0000 - 0x00007ff8692f4000 	C:\Program Files\Android\Android Studio\jre\bin\nio.dll
0x00007ff85ff20000 - 0x00007ff85ff47000 	C:\Users\hippo\.gradle\native\8bec1ad78214c89d9ad589b4d07fe93259594b29d510b10fafb7a158f7737e5d\windows-amd64\native-platform.dll
0x00007ff8438e0000 - 0x00007ff843a1d000 	C:\Users\hippo\.gradle\native\53dbd7edfb1c66fb8903c78663c9afc45aea4f116125fa6feffd364cf09443e8\windows-amd64\native-platform-file-events.dll
0x00007ff875960000 - 0x00007ff87596a000 	C:\Program Files\Android\Android Studio\jre\bin\management.dll
0x00007ff874350000 - 0x00007ff87435c000 	C:\Program Files\Android\Android Studio\jre\bin\management_ext.dll
0x00007ff87dd90000 - 0x00007ff87dda8000 	C:\WINDOWS\SYSTEM32\CRYPTSP.dll
0x00007ff87ca30000 - 0x00007ff87ca64000 	C:\WINDOWS\system32\rsaenh.dll
0x00007ff87e310000 - 0x00007ff87e337000 	C:\WINDOWS\System32\bcrypt.dll
0x00007ff87df10000 - 0x00007ff87df3e000 	C:\WINDOWS\SYSTEM32\USERENV.dll
0x00007ff87d1b0000 - 0x00007ff87d1bc000 	C:\WINDOWS\SYSTEM32\CRYPTBASE.dll
0x00007ff87cd80000 - 0x00007ff87cdbb000 	C:\WINDOWS\SYSTEM32\IPHLPAPI.DLL
0x00007ff880310000 - 0x00007ff880318000 	C:\WINDOWS\System32\NSI.dll
0x00007ff871400000 - 0x00007ff871417000 	C:\WINDOWS\SYSTEM32\dhcpcsvc6.DLL
0x00007ff8713e0000 - 0x00007ff8713fd000 	C:\WINDOWS\SYSTEM32\dhcpcsvc.DLL
0x00007ff87cdc0000 - 0x00007ff87ce8c000 	C:\WINDOWS\SYSTEM32\DNSAPI.dll

dbghelp: loaded successfully - version: 4.0.5 - missing functions: none
symbol engine: initialized successfully - sym options: 0x614 - pdb path: .;C:\Program Files\Android\Android Studio\jre\bin;C:\WINDOWS\SYSTEM32;C:\WINDOWS\WinSxS\amd64_microsoft.windows.common-controls_6595b64144ccf1df_6.0.19041.1110_none_60b5254171f9507e;C:\Program Files\Android\Android Studio\jre\bin\server;C:\Users\hippo\.gradle\native\8bec1ad78214c89d9ad589b4d07fe93259594b29d510b10fafb7a158f7737e5d\windows-amd64;C:\Users\hippo\.gradle\native\53dbd7edfb1c66fb8903c78663c9afc45aea4f116125fa6feffd364cf09443e8\windows-amd64

VM Arguments:
jvm_args: --add-opens=java.base/java.util=ALL-UNNAMED --add-opens=java.base/java.lang=ALL-UNNAMED --add-opens=java.base/java.lang.invoke=ALL-UNNAMED --add-opens=java.base/java.util=ALL-UNNAMED --add-opens=java.prefs/java.util.prefs=ALL-UNNAMED --add-opens=java.prefs/java.util.prefs=ALL-UNNAMED --add-opens=java.base/java.nio.charset=ALL-UNNAMED --add-opens=java.base/java.net=ALL-UNNAMED --add-opens=java.base/java.util.concurrent.atomic=ALL-UNNAMED -Xmx2048m -Dfile.encoding=UTF-8 -Duser.country=KR -Duser.language=ko -Duser.variant 
java_command: org.gradle.launcher.daemon.bootstrap.GradleDaemon 7.0.2
java_class_path (initial): C:\Users\hippo\.gradle\wrapper\dists\gradle-7.0.2-bin\857tjihv64xamwrf0h14cai3r\gradle-7.0.2\lib\gradle-launcher-7.0.2.jar
Launcher Type: SUN_STANDARD

[Global flags]
     intx CICompilerCount                          = 4                                         {product} {ergonomic}
     uint ConcGCThreads                            = 2                                         {product} {ergonomic}
     uint G1ConcRefinementThreads                  = 8                                         {product} {ergonomic}
   size_t G1HeapRegionSize                         = 1048576                                   {product} {ergonomic}
    uintx GCDrainStackTargetSize                   = 64                                        {product} {ergonomic}
   size_t InitialHeapSize                          = 134217728                                 {product} {ergonomic}
   size_t MarkStackSize                            = 4194304                                   {product} {ergonomic}
   size_t MaxHeapSize                              = 2147483648                                {product} {command line}
   size_t MaxNewSize                               = 1287651328                                {product} {ergonomic}
   size_t MinHeapDeltaBytes                        = 1048576                                   {product} {ergonomic}
    uintx NonNMethodCodeHeapSize                   = 5836300                                {pd product} {ergonomic}
    uintx NonProfiledCodeHeapSize                  = 122910970                              {pd product} {ergonomic}
    uintx ProfiledCodeHeapSize                     = 122910970                              {pd product} {ergonomic}
    uintx ReservedCodeCacheSize                    = 251658240                              {pd product} {ergonomic}
     bool SegmentedCodeCache                       = true                                      {product} {ergonomic}
     bool UseCompressedClassPointers               = true                                 {lp64_product} {ergonomic}
     bool UseCompressedOops                        = true                                 {lp64_product} {ergonomic}
     bool UseG1GC                                  = true                                      {product} {ergonomic}
     bool UseLargePagesIndividualAllocation        = false                                  {pd product} {ergonomic}

Logging:
Log output configuration:
 #0: stdout all=warning uptime,level,tags
 #1: stderr all=off uptime,level,tags

Environment Variables:
JAVA_HOME=C:\Program Files\Java\jdk-17
PATH=C:\Program Files\Common Files\Oracle\Java\javapath;C:\Program Files\AdoptOpenJDK\jdk-15.0.2.7-hotspot\bin;C:\Program Files (x86)\Intel\iCLS Client\;C:\Program Files\Intel\iCLS Client\;C:\WINDOWS\system32;C:\WINDOWS;C:\WINDOWS\System32\Wbem;C:\WINDOWS\System32\WindowsPowerShell\v1.0\;C:\Program Files (x86)\Intel\Intel(R) Management Engine Components\DAL;C:\Program Files\Intel\Intel(R) Management Engine Components\DAL;C:\Program Files (x86)\Intel\Intel(R) Management Engine Components\IPT;C:\Program Files\Intel\Intel(R) Management Engine Components\IPT;C:\Program Files\Intel\WiFi\bin\;C:\Program Files\Common Files\Intel\WirelessCommon\;C:\WINDOWS\System32\OpenSSH\;C:\Users\hippo\AppData\Roaming\Python\Python38\Scripts;D:\Matlab\R2021a\bin;D:\zz\mingw64\bin;D:\Git_Folder\Git\cmd;C:\Program Files\TortoiseGit\bin;C:\Program Files\Java\jdk-17\bin;C:\Program Files\MySQL\MySQL Shell 8.0\bin\;D:\Anaconda;D:\Anaconda\Library\mingw-w64\bin;D:\Anaconda\Library\usr\bin;D:\Anaconda\Library\bin;D:\Anaconda\Scripts;C:\Users\hippo\AppData\Local\Microsoft\WindowsApps;C:\Users\hippo\AppData\Roaming\Python\Python38\Scripts;D:\Microsoft VS Code\bin
USERNAME=hippo
OS=Windows_NT
PROCESSOR_IDENTIFIER=Intel64 Family 6 Model 142 Stepping 10, GenuineIntel



---------------  S Y S T E M  ---------------

OS: Windows 10 , 64 bit Build 19041 (10.0.19041.1202)
OS uptime: 8 days 12:37 hours

CPU:total 8 (initial active 8) (4 cores per cpu, 2 threads per core) family 6 model 142 stepping 10 microcode 0xb4, cmov, cx8, fxsr, mmx, sse, sse2, sse3, ssse3, sse4.1, sse4.2, popcnt, avx, avx2, aes, clmul, erms, 3dnowpref, lzcnt, ht, tsc, tscinvbit, bmi1, bmi2, adx, fma

Memory: 4k page, system-wide physical 8107M (153M free)
TotalPageFile size 11925M (AvailPageFile size 13M)
current process WorkingSet (physical memory assigned to process): 263M, peak: 265M
current process commit charge ("private bytes"): 321M, peak: 325M

vm_info: OpenJDK 64-Bit Server VM (11.0.10+0-b96-7249189) for windows-amd64 JRE (11.0.10+0-b96-7249189), built on Mar 31 2021 21:44:00 by "builder" with MS VC++ 14.0 (VS2015)

END.
