#
# There is insufficient memory for the Java Runtime Environment to continue.
# Native memory allocation (malloc) failed to allocate 711856 bytes for Chunk::new
# Possible reasons:
#   The system is out of physical RAM or swap space
#   The process is running with CompressedOops enabled, and the Java Heap may be blocking the growth of the native heap
# Possible solutions:
#   Reduce memory load on the system
#   Increase physical memory or swap space
#   Check if swap backing store is full
#   Decrease Java heap size (-Xmx/-Xms)
#   Decrease number of Java threads
#   Decrease Java thread stack sizes (-Xss)
#   Set larger code cache with -XX:ReservedCodeCacheSize=
#   JVM is running with Unscaled Compressed Oops mode in which the Java heap is
#     placed in the first 4GB address space. The Java Heap base address is the
#     maximum limit for the native heap growth. Please use -XX:HeapBaseMinAddress
#     to set the Java Heap base and to place the Java Heap above 4GB virtual address.
# This output file may be truncated or incomplete.
#
#  Out of Memory Error (./src/hotspot/share/memory/arena.cpp:197), pid=9920, tid=5452
#
# JRE version: OpenJDK Runtime Environment (11.0.10) (build 11.0.10+0-b96-7249189)
# Java VM: OpenJDK 64-Bit Server VM (11.0.10+0-b96-7249189, mixed mode, tiered, compressed oops, g1 gc, windows-amd64)
# No core dump will be written. Minidumps are not enabled by default on client versions of Windows
#

---------------  S U M M A R Y ------------

Command Line: --add-opens=java.base/java.util=ALL-UNNAMED --add-opens=java.base/java.lang=ALL-UNNAMED --add-opens=java.base/java.lang.invoke=ALL-UNNAMED --add-opens=java.base/java.util=ALL-UNNAMED --add-opens=java.prefs/java.util.prefs=ALL-UNNAMED --add-opens=java.prefs/java.util.prefs=ALL-UNNAMED --add-opens=java.base/java.nio.charset=ALL-UNNAMED --add-opens=java.base/java.net=ALL-UNNAMED --add-opens=java.base/java.util.concurrent.atomic=ALL-UNNAMED -Xmx2048m -Dfile.encoding=UTF-8 -Duser.country=KR -Duser.language=ko -Duser.variant org.gradle.launcher.daemon.bootstrap.GradleDaemon 7.0.2

Host: Intel(R) Core(TM) i5-8250U CPU @ 1.60GHz, 8 cores, 7G,  Windows 10 , 64 bit Build 19041 (10.0.19041.1202)
Time: Sun Oct 10 21:49:35 2021 대한민국 표준시 elapsed time: 38.266587 seconds (0d 0h 0m 38s)

---------------  T H R E A D  ---------------

Current thread (0x000002390819c800):  JavaThread "C2 CompilerThread0" daemon [_thread_in_native, id=5452, stack(0x000000bd6c400000,0x000000bd6c500000)]


Current CompileTask:
C2:  38266 8965   !   4       com.sun.org.apache.xerces.internal.impl.XMLDocumentFragmentScannerImpl$FragmentContentDriver::next (2329 bytes)

Stack: [0x000000bd6c400000,0x000000bd6c500000]
Native frames: (J=compiled Java code, j=interpreted, Vv=VM code, C=native code)
V  [jvm.dll+0x5ecfaa]
V  [jvm.dll+0x722bd5]
V  [jvm.dll+0x72412d]
V  [jvm.dll+0x7247e3]
V  [jvm.dll+0x242928]
V  [jvm.dll+0xbc4fc]
V  [jvm.dll+0xbca0c]
V  [jvm.dll+0x2b4fd4]
V  [jvm.dll+0x506028]
V  [jvm.dll+0x1fc985]
V  [jvm.dll+0x1fa77f]
V  [jvm.dll+0x18354c]
V  [jvm.dll+0x208ee7]
V  [jvm.dll+0x207731]
V  [jvm.dll+0x6eb1cf]
V  [jvm.dll+0x6e3d45]
V  [jvm.dll+0x5ebe96]
C  [ucrtbase.dll+0x21bb2]
C  [KERNEL32.DLL+0x17034]
C  [ntdll.dll+0x52651]


---------------  P R O C E S S  ---------------

Threads class SMR info:
_java_thread_list=0x000002390d986730, length=50, elements={
0x000002396ccbd000, 0x0000023907884000, 0x0000023907887800, 0x0000023908198800,
0x0000023908199800, 0x000002390819a800, 0x000002390819c800, 0x00000239081a5000,
0x00000239081b2000, 0x0000023908302800, 0x0000023908301000, 0x0000023908305000,
0x0000023908300000, 0x0000023908303800, 0x0000023908306800, 0x0000023908302000,
0x0000023908304000, 0x0000023908306000, 0x000002390aeeb800, 0x000002390aeee800,
0x000002390aeed800, 0x000002390aeed000, 0x000002390aee9000, 0x000002390aeec000,
0x000002390aeea800, 0x000002390aeef800, 0x000002390aee9800, 0x000002390aef3800,
0x000002390aef5000, 0x000002390aef4800, 0x000002390aef2000, 0x000002390aef2800,
0x000002390aef0000, 0x000002390aef7800, 0x000002390ec16000, 0x000002390ec1a000,
0x000002390ec1b000, 0x000002390ec1b800, 0x000002390ec19000, 0x000002390ec1c800,
0x000002390ec17000, 0x000002390ec1d800, 0x000002390ec17800, 0x000002390ec1e000,
0x000002390ec18800, 0x000002390ec1f000, 0x000002390ec20000, 0x000002390ec20800,
0x000002390ec21800, 0x000002390ec24800
}

Java Threads: ( => current thread )
  0x000002396ccbd000 JavaThread "main" [_thread_blocked, id=16976, stack(0x000000bd6b800000,0x000000bd6b900000)]
  0x0000023907884000 JavaThread "Reference Handler" daemon [_thread_blocked, id=16036, stack(0x000000bd6bf00000,0x000000bd6c000000)]
  0x0000023907887800 JavaThread "Finalizer" daemon [_thread_blocked, id=14672, stack(0x000000bd6c000000,0x000000bd6c100000)]
  0x0000023908198800 JavaThread "Signal Dispatcher" daemon [_thread_blocked, id=15804, stack(0x000000bd6c100000,0x000000bd6c200000)]
  0x0000023908199800 JavaThread "Attach Listener" daemon [_thread_blocked, id=15936, stack(0x000000bd6c200000,0x000000bd6c300000)]
  0x000002390819a800 JavaThread "Service Thread" daemon [_thread_blocked, id=10460, stack(0x000000bd6c300000,0x000000bd6c400000)]
=>0x000002390819c800 JavaThread "C2 CompilerThread0" daemon [_thread_in_native, id=5452, stack(0x000000bd6c400000,0x000000bd6c500000)]
  0x00000239081a5000 JavaThread "C1 CompilerThread0" daemon [_thread_blocked, id=2924, stack(0x000000bd6c500000,0x000000bd6c600000)]
  0x00000239081b2000 JavaThread "Sweeper thread" daemon [_thread_blocked, id=16632, stack(0x000000bd6c600000,0x000000bd6c700000)]
  0x0000023908302800 JavaThread "Common-Cleaner" daemon [_thread_blocked, id=9468, stack(0x000000bd6c700000,0x000000bd6c800000)]
  0x0000023908301000 JavaThread "Daemon health stats" [_thread_blocked, id=11156, stack(0x000000bd6cd00000,0x000000bd6ce00000)]
  0x0000023908305000 JavaThread "Incoming local TCP Connector on port 63508" [_thread_in_native, id=12488, stack(0x000000bd6c900000,0x000000bd6ca00000)]
  0x0000023908300000 JavaThread "Daemon periodic checks" [_thread_blocked, id=7488, stack(0x000000bd6cc00000,0x000000bd6cd00000)]
  0x0000023908303800 JavaThread "Daemon" [_thread_blocked, id=14928, stack(0x000000bd6ce00000,0x000000bd6cf00000)]
  0x0000023908306800 JavaThread "Handler for socket connection from /127.0.0.1:63508 to /127.0.0.1:63509" [_thread_in_native, id=13672, stack(0x000000bd6cf00000,0x000000bd6d000000)]
  0x0000023908302000 JavaThread "Cancel handler" [_thread_blocked, id=8268, stack(0x000000bd6d000000,0x000000bd6d100000)]
  0x0000023908304000 JavaThread "Daemon worker" [_thread_in_vm, id=2380, stack(0x000000bd6d100000,0x000000bd6d200000)]
  0x0000023908306000 JavaThread "Asynchronous log dispatcher for DefaultDaemonConnection: socket connection from /127.0.0.1:63508 to /127.0.0.1:63509" [_thread_blocked, id=11988, stack(0x000000bd6d200000,0x000000bd6d300000)]
  0x000002390aeeb800 JavaThread "Stdin handler" [_thread_blocked, id=15564, stack(0x000000bd6d300000,0x000000bd6d400000)]
  0x000002390aeee800 JavaThread "Daemon client event forwarder" [_thread_blocked, id=6224, stack(0x000000bd6d400000,0x000000bd6d500000)]
  0x000002390aeed800 JavaThread "Cache worker for file hash cache (C:\Users\hippo\.gradle\caches\7.0.2\fileHashes)" [_thread_blocked, id=1504, stack(0x000000bd6da00000,0x000000bd6db00000)]
  0x000002390aeed000 JavaThread "File lock request listener" [_thread_in_native, id=4956, stack(0x000000bd6db00000,0x000000bd6dc00000)]
  0x000002390aee9000 JavaThread "Cache worker for journal cache (C:\Users\hippo\.gradle\caches\journal-1)" [_thread_blocked, id=4212, stack(0x000000bd6dd00000,0x000000bd6de00000)]
  0x000002390aeec000 JavaThread "Cache worker for file hash cache (C:\Users\hippo\AndroidStudioProjects\Registration\Registration\.gradle\7.0.2\fileHashes)" [_thread_blocked, id=16084, stack(0x000000bd6df00000,0x000000bd6e000000)]
  0x000002390aeea800 JavaThread "File watcher server" daemon [_thread_in_native, id=14420, stack(0x000000bd6e000000,0x000000bd6e100000)]
  0x000002390aeef800 JavaThread "File watcher consumer" daemon [_thread_blocked, id=2880, stack(0x000000bd6e100000,0x000000bd6e200000)]
  0x000002390aee9800 JavaThread "Cache worker for checksums cache (C:\Users\hippo\AndroidStudioProjects\Registration\Registration\.gradle\checksums)" [_thread_blocked, id=9980, stack(0x000000bd6e200000,0x000000bd6e300000)]
  0x000002390aef3800 JavaThread "Cache worker for cache directory md-supplier (C:\Users\hippo\.gradle\caches\7.0.2\md-supplier)" [_thread_blocked, id=15116, stack(0x000000bd6e300000,0x000000bd6e400000)]
  0x000002390aef5000 JavaThread "Cache worker for cache directory md-rule (C:\Users\hippo\.gradle\caches\7.0.2\md-rule)" [_thread_blocked, id=11008, stack(0x000000bd6e500000,0x000000bd6e600000)]
  0x000002390aef4800 JavaThread "Cache worker for execution history cache (C:\Users\hippo\.gradle\caches\7.0.2\executionHistory)" [_thread_blocked, id=8112, stack(0x000000bd6e600000,0x000000bd6e700000)]
  0x000002390aef2000 JavaThread "jar transforms" [_thread_blocked, id=16536, stack(0x000000bd6e700000,0x000000bd6e800000)]
  0x000002390aef2800 JavaThread "jar transforms Thread 2" [_thread_blocked, id=7680, stack(0x000000bd6e800000,0x000000bd6e900000)]
  0x000002390aef0000 JavaThread "Cache worker for file content cache (C:\Users\hippo\.gradle\caches\7.0.2\fileContent)" [_thread_blocked, id=8064, stack(0x000000bd6e900000,0x000000bd6ea00000)]
  0x000002390aef7800 JavaThread "Cache worker for dependencies-accessors (C:\Users\hippo\AndroidStudioProjects\Registration\Registration\.gradle\7.0.2\dependencies-accessors)" [_thread_blocked, id=10692, stack(0x000000bd6ea00000,0x000000bd6eb00000)]
  0x000002390ec16000 JavaThread "jar transforms Thread 3" [_thread_blocked, id=16596, stack(0x000000bd6eb00000,0x000000bd6ec00000)]
  0x000002390ec1a000 JavaThread "Cache worker for Build Output Cleanup Cache (C:\Users\hippo\AndroidStudioProjects\Registration\Registration\.gradle\buildOutputCleanup)" [_thread_blocked, id=16580, stack(0x000000bd6ec00000,0x000000bd6ed00000)]
  0x000002390ec1b000 JavaThread "Build operations" [_thread_blocked, id=3280, stack(0x000000bd6ed00000,0x000000bd6ee00000)]
  0x000002390ec1b800 JavaThread "Build operations Thread 2" [_thread_blocked, id=3284, stack(0x000000bd6ee00000,0x000000bd6ef00000)]
  0x000002390ec19000 JavaThread "Build operations Thread 3" [_thread_blocked, id=14664, stack(0x000000bd6ef00000,0x000000bd6f000000)]
  0x000002390ec1c800 JavaThread "Build operations Thread 4" [_thread_blocked, id=16344, stack(0x000000bd6f000000,0x000000bd6f100000)]
  0x000002390ec17000 JavaThread "Build operations Thread 5" [_thread_blocked, id=15316, stack(0x000000bd6f100000,0x000000bd6f200000)]
  0x000002390ec1d800 JavaThread "Build operations Thread 6" [_thread_blocked, id=16904, stack(0x000000bd6f200000,0x000000bd6f300000)]
  0x000002390ec17800 JavaThread "Build operations Thread 7" [_thread_blocked, id=10124, stack(0x000000bd6f300000,0x000000bd6f400000)]
  0x000002390ec1e000 JavaThread "Build operations Thread 8" [_thread_blocked, id=15488, stack(0x000000bd6f400000,0x000000bd6f500000)]
  0x000002390ec18800 JavaThread "jar transforms Thread 4" [_thread_blocked, id=16752, stack(0x000000bd6f500000,0x000000bd6f600000)]
  0x000002390ec1f000 JavaThread "jar transforms Thread 5" [_thread_blocked, id=3312, stack(0x000000bd6f600000,0x000000bd6f700000)]
  0x000002390ec20000 JavaThread "jar transforms Thread 6" [_thread_blocked, id=2876, stack(0x000000bd6f700000,0x000000bd6f800000)]
  0x000002390ec20800 JavaThread "jar transforms Thread 7" [_thread_blocked, id=3140, stack(0x000000bd6f800000,0x000000bd6f900000)]
  0x000002390ec21800 JavaThread "jar transforms Thread 8" [_thread_blocked, id=15400, stack(0x000000bd6f900000,0x000000bd6fa00000)]
  0x000002390ec24800 JavaThread "Memory manager" [_thread_blocked, id=16316, stack(0x000000bd6fa00000,0x000000bd6fb00000)]

Other Threads:
  0x0000023907882000 VMThread "VM Thread" [stack: 0x000000bd6be00000,0x000000bd6bf00000] [id=12256]
  0x0000023908329000 WatcherThread [stack: 0x000000bd6c800000,0x000000bd6c900000] [id=14612]
  0x000002396ccd5800 GCTaskThread "GC Thread#0" [stack: 0x000000bd6b900000,0x000000bd6ba00000] [id=16404]
  0x0000023908e74800 GCTaskThread "GC Thread#1" [stack: 0x000000bd6ca00000,0x000000bd6cb00000] [id=15132]
  0x0000023908ee1000 GCTaskThread "GC Thread#2" [stack: 0x000000bd6cb00000,0x000000bd6cc00000] [id=11540]
  0x000002390ab17000 GCTaskThread "GC Thread#3" [stack: 0x000000bd6d500000,0x000000bd6d600000] [id=9120]
  0x000002390b028000 GCTaskThread "GC Thread#4" [stack: 0x000000bd6d600000,0x000000bd6d700000] [id=16660]
  0x000002390a98d000 GCTaskThread "GC Thread#5" [stack: 0x000000bd6d700000,0x000000bd6d800000] [id=14832]
  0x000002390a2a6000 GCTaskThread "GC Thread#6" [stack: 0x000000bd6d800000,0x000000bd6d900000] [id=12124]
  0x00000239097f2800 GCTaskThread "GC Thread#7" [stack: 0x000000bd6d900000,0x000000bd6da00000] [id=12056]
  0x000002396cd07800 ConcurrentGCThread "G1 Main Marker" [stack: 0x000000bd6ba00000,0x000000bd6bb00000] [id=12376]
  0x000002396cd0a000 ConcurrentGCThread "G1 Conc#0" [stack: 0x000000bd6bb00000,0x000000bd6bc00000] [id=1628]
  0x0000023909343800 ConcurrentGCThread "G1 Conc#1" [stack: 0x000000bd6dc00000,0x000000bd6dd00000] [id=14472]
  0x00000239076d0800 ConcurrentGCThread "G1 Refine#0" [stack: 0x000000bd6bc00000,0x000000bd6bd00000] [id=16180]
  0x00000239076d1800 ConcurrentGCThread "G1 Young RemSet Sampling" [stack: 0x000000bd6bd00000,0x000000bd6be00000] [id=16120]

Threads with active compile tasks:
C2 CompilerThread0  38357 8965   !   4       com.sun.org.apache.xerces.internal.impl.XMLDocumentFragmentScannerImpl$FragmentContentDriver::next (2329 bytes)

VM state:not at safepoint (normal execution)

VM Mutex/Monitor currently owned by a thread: None

Heap address: 0x0000000080000000, size: 2048 MB, Compressed Oops mode: 32-bit
Narrow klass base: 0x0000000000000000, Narrow klass shift: 3
Compressed class space size: 1073741824 Address: 0x0000000100000000

Heap:
 garbage-first heap   total 157696K, used 85264K [0x0000000080000000, 0x0000000100000000)
  region size 1024K, 26 young (26624K), 2 survivors (2048K)
 Metaspace       used 85019K, capacity 87075K, committed 87372K, reserved 1124352K
  class space    used 10869K, capacity 11582K, committed 11648K, reserved 1048576K
Heap Regions: E=young(eden), S=young(survivor), O=old, HS=humongous(starts), HC=humongous(continues), CS=collection set, F=free, A=archive, TAMS=top-at-mark-start (previous, next)
|   0|0x0000000080000000, 0x0000000080100000, 0x0000000080100000|100%| O|  |TAMS 0x0000000080100000, 0x0000000080000000| Untracked 
|   1|0x0000000080100000, 0x0000000080200000, 0x0000000080200000|100%| O|  |TAMS 0x0000000080200000, 0x0000000080100000| Untracked 
|   2|0x0000000080200000, 0x0000000080300000, 0x0000000080300000|100%| O|  |TAMS 0x0000000080300000, 0x0000000080200000| Untracked 
|   3|0x0000000080300000, 0x0000000080400000, 0x0000000080400000|100%|HS|  |TAMS 0x0000000080400000, 0x0000000080300000| Complete 
|   4|0x0000000080400000, 0x0000000080500000, 0x0000000080500000|100%|HC|  |TAMS 0x0000000080500000, 0x0000000080400000| Complete 
|   5|0x0000000080500000, 0x0000000080600000, 0x0000000080600000|100%|HC|  |TAMS 0x0000000080600000, 0x0000000080500000| Complete 
|   6|0x0000000080600000, 0x0000000080700000, 0x0000000080700000|100%| O|  |TAMS 0x0000000080700000, 0x0000000080600000| Untracked 
|   7|0x0000000080700000, 0x0000000080800000, 0x0000000080800000|100%| O|  |TAMS 0x0000000080800000, 0x0000000080700000| Untracked 
|   8|0x0000000080800000, 0x0000000080900000, 0x0000000080900000|100%| O|  |TAMS 0x0000000080900000, 0x0000000080800000| Untracked 
|   9|0x0000000080900000, 0x0000000080a00000, 0x0000000080a00000|100%| O|  |TAMS 0x0000000080a00000, 0x0000000080900000| Untracked 
|  10|0x0000000080a00000, 0x0000000080b00000, 0x0000000080b00000|100%| O|  |TAMS 0x0000000080b00000, 0x0000000080a00000| Untracked 
|  11|0x0000000080b00000, 0x0000000080c00000, 0x0000000080c00000|100%| O|  |TAMS 0x0000000080c00000, 0x0000000080b00000| Untracked 
|  12|0x0000000080c00000, 0x0000000080d00000, 0x0000000080d00000|100%| O|  |TAMS 0x0000000080d00000, 0x0000000080c00000| Untracked 
|  13|0x0000000080d00000, 0x0000000080e00000, 0x0000000080e00000|100%| O|  |TAMS 0x0000000080e00000, 0x0000000080d00000| Untracked 
|  14|0x0000000080e00000, 0x0000000080f00000, 0x0000000080f00000|100%| O|  |TAMS 0x0000000080f00000, 0x0000000080e00000| Untracked 
|  15|0x0000000080f00000, 0x0000000081000000, 0x0000000081000000|100%| O|  |TAMS 0x0000000081000000, 0x0000000080f00000| Untracked 
|  16|0x0000000081000000, 0x0000000081100000, 0x0000000081100000|100%|HS|  |TAMS 0x0000000081100000, 0x0000000081000000| Complete 
|  17|0x0000000081100000, 0x0000000081200000, 0x0000000081200000|100%| O|  |TAMS 0x0000000081200000, 0x0000000081100000| Untracked 
|  18|0x0000000081200000, 0x0000000081300000, 0x0000000081300000|100%| O|  |TAMS 0x0000000081300000, 0x0000000081200000| Untracked 
|  19|0x0000000081300000, 0x0000000081400000, 0x0000000081400000|100%| O|  |TAMS 0x0000000081400000, 0x0000000081300000| Untracked 
|  20|0x0000000081400000, 0x0000000081500000, 0x0000000081500000|100%| O|  |TAMS 0x0000000081500000, 0x0000000081400000| Untracked 
|  21|0x0000000081500000, 0x0000000081600000, 0x0000000081600000|100%| O|  |TAMS 0x0000000081600000, 0x0000000081500000| Untracked 
|  22|0x0000000081600000, 0x0000000081700000, 0x0000000081700000|100%| O|  |TAMS 0x0000000081700000, 0x0000000081600000| Untracked 
|  23|0x0000000081700000, 0x0000000081800000, 0x0000000081800000|100%| O|  |TAMS 0x0000000081800000, 0x0000000081700000| Untracked 
|  24|0x0000000081800000, 0x0000000081900000, 0x0000000081900000|100%| O|  |TAMS 0x0000000081900000, 0x0000000081800000| Untracked 
|  25|0x0000000081900000, 0x0000000081a00000, 0x0000000081a00000|100%| O|  |TAMS 0x0000000081a00000, 0x0000000081900000| Untracked 
|  26|0x0000000081a00000, 0x0000000081b00000, 0x0000000081b00000|100%| O|  |TAMS 0x0000000081b00000, 0x0000000081a00000| Untracked 
|  27|0x0000000081b00000, 0x0000000081c00000, 0x0000000081c00000|100%|HS|  |TAMS 0x0000000081c00000, 0x0000000081b00000| Complete 
|  28|0x0000000081c00000, 0x0000000081d00000, 0x0000000081d00000|100%|HS|  |TAMS 0x0000000081d00000, 0x0000000081c00000| Complete 
|  29|0x0000000081d00000, 0x0000000081e00000, 0x0000000081e00000|100%|HC|  |TAMS 0x0000000081e00000, 0x0000000081d00000| Complete 
|  30|0x0000000081e00000, 0x0000000081f00000, 0x0000000081f00000|100%| O|  |TAMS 0x0000000081f00000, 0x0000000081e00000| Untracked 
|  31|0x0000000081f00000, 0x0000000082000000, 0x0000000082000000|100%| O|  |TAMS 0x0000000082000000, 0x0000000081f00000| Untracked 
|  32|0x0000000082000000, 0x0000000082100000, 0x0000000082100000|100%| O|  |TAMS 0x0000000082100000, 0x0000000082000000| Untracked 
|  33|0x0000000082100000, 0x0000000082200000, 0x0000000082200000|100%| O|  |TAMS 0x0000000082200000, 0x0000000082100000| Untracked 
|  34|0x0000000082200000, 0x0000000082300000, 0x0000000082300000|100%| O|  |TAMS 0x0000000082300000, 0x0000000082200000| Untracked 
|  35|0x0000000082300000, 0x0000000082400000, 0x0000000082400000|100%| O|  |TAMS 0x0000000082400000, 0x0000000082300000| Untracked 
|  36|0x0000000082400000, 0x0000000082500000, 0x0000000082500000|100%| O|  |TAMS 0x0000000082500000, 0x0000000082400000| Untracked 
|  37|0x0000000082500000, 0x0000000082600000, 0x0000000082600000|100%| O|  |TAMS 0x0000000082600000, 0x0000000082500000| Untracked 
|  38|0x0000000082600000, 0x0000000082700000, 0x0000000082700000|100%| O|  |TAMS 0x0000000082700000, 0x0000000082600000| Untracked 
|  39|0x0000000082700000, 0x0000000082800000, 0x0000000082800000|100%| O|  |TAMS 0x0000000082800000, 0x0000000082700000| Untracked 
|  40|0x0000000082800000, 0x0000000082900000, 0x0000000082900000|100%| O|  |TAMS 0x0000000082821400, 0x0000000082800000| Untracked 
|  41|0x0000000082900000, 0x0000000082a00000, 0x0000000082a00000|100%| O|  |TAMS 0x0000000082900000, 0x0000000082900000| Untracked 
|  42|0x0000000082a00000, 0x0000000082b00000, 0x0000000082b00000|100%| O|  |TAMS 0x0000000082a00000, 0x0000000082a00000| Untracked 
|  43|0x0000000082b00000, 0x0000000082c00000, 0x0000000082c00000|100%| O|  |TAMS 0x0000000082b00000, 0x0000000082b00000| Untracked 
|  44|0x0000000082c00000, 0x0000000082d00000, 0x0000000082d00000|100%| O|  |TAMS 0x0000000082c00000, 0x0000000082c00000| Untracked 
|  45|0x0000000082d00000, 0x0000000082e00000, 0x0000000082e00000|100%| O|  |TAMS 0x0000000082d00000, 0x0000000082d00000| Untracked 
|  46|0x0000000082e00000, 0x0000000082f00000, 0x0000000082f00000|100%| O|  |TAMS 0x0000000082e00000, 0x0000000082e00000| Untracked 
|  47|0x0000000082f00000, 0x0000000083000000, 0x0000000083000000|100%| O|  |TAMS 0x0000000082f00000, 0x0000000082f00000| Untracked 
|  48|0x0000000083000000, 0x0000000083100000, 0x0000000083100000|100%| O|  |TAMS 0x0000000083000000, 0x0000000083000000| Untracked 
|  49|0x0000000083100000, 0x0000000083200000, 0x0000000083200000|100%| O|  |TAMS 0x0000000083100000, 0x0000000083100000| Untracked 
|  50|0x0000000083200000, 0x0000000083300000, 0x0000000083300000|100%| O|  |TAMS 0x0000000083200000, 0x0000000083200000| Untracked 
|  51|0x0000000083300000, 0x0000000083400000, 0x0000000083400000|100%| O|  |TAMS 0x0000000083300000, 0x0000000083300000| Untracked 
|  52|0x0000000083400000, 0x0000000083500000, 0x0000000083500000|100%| O|  |TAMS 0x0000000083400000, 0x0000000083400000| Untracked 
|  53|0x0000000083500000, 0x0000000083600000, 0x0000000083600000|100%| O|  |TAMS 0x0000000083500000, 0x0000000083500000| Untracked 
|  54|0x0000000083600000, 0x0000000083700000, 0x0000000083700000|100%| O|  |TAMS 0x0000000083600000, 0x0000000083600000| Untracked 
|  55|0x0000000083700000, 0x0000000083800000, 0x0000000083800000|100%| O|  |TAMS 0x0000000083700000, 0x0000000083700000| Untracked 
|  56|0x0000000083800000, 0x0000000083900000, 0x0000000083900000|100%| O|  |TAMS 0x0000000083800000, 0x0000000083800000| Untracked 
|  57|0x0000000083900000, 0x0000000083a00000, 0x0000000083a00000|100%| O|  |TAMS 0x0000000083900000, 0x0000000083900000| Untracked 
|  58|0x0000000083a00000, 0x0000000083a9be00, 0x0000000083b00000| 60%| O|  |TAMS 0x0000000083a00000, 0x0000000083a00000| Untracked 
|  59|0x0000000083b00000, 0x0000000083b00000, 0x0000000083c00000|  0%| F|  |TAMS 0x0000000083b00000, 0x0000000083b00000| Untracked 
|  60|0x0000000083c00000, 0x0000000083c00000, 0x0000000083d00000|  0%| F|  |TAMS 0x0000000083c00000, 0x0000000083c00000| Untracked 
|  61|0x0000000083d00000, 0x0000000083d00000, 0x0000000083e00000|  0%| F|  |TAMS 0x0000000083d00000, 0x0000000083d00000| Untracked 
|  62|0x0000000083e00000, 0x0000000083e00000, 0x0000000083f00000|  0%| F|  |TAMS 0x0000000083e00000, 0x0000000083e00000| Untracked 
|  63|0x0000000083f00000, 0x0000000083f00000, 0x0000000084000000|  0%| F|  |TAMS 0x0000000083f00000, 0x0000000083f00000| Untracked 
|  64|0x0000000084000000, 0x0000000084000000, 0x0000000084100000|  0%| F|  |TAMS 0x0000000084000000, 0x0000000084000000| Untracked 
|  65|0x0000000084100000, 0x0000000084100000, 0x0000000084200000|  0%| F|  |TAMS 0x0000000084100000, 0x0000000084100000| Untracked 
|  66|0x0000000084200000, 0x0000000084200000, 0x0000000084300000|  0%| F|  |TAMS 0x0000000084200000, 0x0000000084200000| Untracked 
|  67|0x0000000084300000, 0x0000000084300000, 0x0000000084400000|  0%| F|  |TAMS 0x0000000084300000, 0x0000000084300000| Untracked 
|  68|0x0000000084400000, 0x0000000084400000, 0x0000000084500000|  0%| F|  |TAMS 0x0000000084400000, 0x0000000084400000| Untracked 
|  69|0x0000000084500000, 0x0000000084500000, 0x0000000084600000|  0%| F|  |TAMS 0x0000000084500000, 0x0000000084500000| Untracked 
|  70|0x0000000084600000, 0x0000000084600000, 0x0000000084700000|  0%| F|  |TAMS 0x0000000084600000, 0x0000000084600000| Untracked 
|  71|0x0000000084700000, 0x0000000084700000, 0x0000000084800000|  0%| F|  |TAMS 0x0000000084700000, 0x0000000084700000| Untracked 
|  72|0x0000000084800000, 0x0000000084800000, 0x0000000084900000|  0%| F|  |TAMS 0x0000000084800000, 0x0000000084800000| Untracked 
|  73|0x0000000084900000, 0x0000000084900000, 0x0000000084a00000|  0%| F|  |TAMS 0x0000000084900000, 0x0000000084900000| Untracked 
|  74|0x0000000084a00000, 0x0000000084a00000, 0x0000000084b00000|  0%| F|  |TAMS 0x0000000084a00000, 0x0000000084a00000| Untracked 
|  75|0x0000000084b00000, 0x0000000084b00000, 0x0000000084c00000|  0%| F|  |TAMS 0x0000000084b00000, 0x0000000084b00000| Untracked 
|  76|0x0000000084c00000, 0x0000000084c00000, 0x0000000084d00000|  0%| F|  |TAMS 0x0000000084c00000, 0x0000000084c00000| Untracked 
|  77|0x0000000084d00000, 0x0000000084d00000, 0x0000000084e00000|  0%| F|  |TAMS 0x0000000084d00000, 0x0000000084d00000| Untracked 
|  78|0x0000000084e00000, 0x0000000084e00000, 0x0000000084f00000|  0%| F|  |TAMS 0x0000000084e00000, 0x0000000084e00000| Untracked 
|  79|0x0000000084f00000, 0x0000000084f00000, 0x0000000085000000|  0%| F|  |TAMS 0x0000000084f00000, 0x0000000084f00000| Untracked 
|  80|0x0000000085000000, 0x0000000085000000, 0x0000000085100000|  0%| F|  |TAMS 0x0000000085000000, 0x0000000085000000| Untracked 
|  81|0x0000000085100000, 0x0000000085100000, 0x0000000085200000|  0%| F|  |TAMS 0x0000000085100000, 0x0000000085100000| Untracked 
|  82|0x0000000085200000, 0x0000000085200000, 0x0000000085300000|  0%| F|  |TAMS 0x0000000085200000, 0x0000000085200000| Untracked 
|  83|0x0000000085300000, 0x0000000085300000, 0x0000000085400000|  0%| F|  |TAMS 0x0000000085300000, 0x0000000085300000| Untracked 
|  84|0x0000000085400000, 0x0000000085400000, 0x0000000085500000|  0%| F|  |TAMS 0x0000000085400000, 0x0000000085400000| Untracked 
|  85|0x0000000085500000, 0x00000000855a83c8, 0x0000000085600000| 65%| S|CS|TAMS 0x0000000085500000, 0x0000000085500000| Complete 
|  86|0x0000000085600000, 0x0000000085700000, 0x0000000085700000|100%| S|CS|TAMS 0x0000000085600000, 0x0000000085600000| Complete 
|  87|0x0000000085700000, 0x0000000085700000, 0x0000000085800000|  0%| F|  |TAMS 0x0000000085700000, 0x0000000085700000| Untracked 
|  88|0x0000000085800000, 0x0000000085800000, 0x0000000085900000|  0%| F|  |TAMS 0x0000000085800000, 0x0000000085800000| Untracked 
|  89|0x0000000085900000, 0x0000000085900000, 0x0000000085a00000|  0%| F|  |TAMS 0x0000000085900000, 0x0000000085900000| Untracked 
|  90|0x0000000085a00000, 0x0000000085a00000, 0x0000000085b00000|  0%| F|  |TAMS 0x0000000085a00000, 0x0000000085a00000| Untracked 
|  91|0x0000000085b00000, 0x0000000085b00000, 0x0000000085c00000|  0%| F|  |TAMS 0x0000000085b00000, 0x0000000085b00000| Untracked 
|  92|0x0000000085c00000, 0x0000000085c00000, 0x0000000085d00000|  0%| F|  |TAMS 0x0000000085c00000, 0x0000000085c00000| Untracked 
|  93|0x0000000085d00000, 0x0000000085d00000, 0x0000000085e00000|  0%| F|  |TAMS 0x0000000085d00000, 0x0000000085d00000| Untracked 
|  94|0x0000000085e00000, 0x0000000085e00000, 0x0000000085f00000|  0%| F|  |TAMS 0x0000000085e00000, 0x0000000085e00000| Untracked 
|  95|0x0000000085f00000, 0x0000000085f00000, 0x0000000086000000|  0%| F|  |TAMS 0x0000000085f00000, 0x0000000085f00000| Untracked 
|  96|0x0000000086000000, 0x0000000086000000, 0x0000000086100000|  0%| F|  |TAMS 0x0000000086000000, 0x0000000086000000| Untracked 
|  97|0x0000000086100000, 0x0000000086100000, 0x0000000086200000|  0%| F|  |TAMS 0x0000000086100000, 0x0000000086100000| Untracked 
|  98|0x0000000086200000, 0x0000000086200000, 0x0000000086300000|  0%| F|  |TAMS 0x0000000086200000, 0x0000000086200000| Untracked 
|  99|0x0000000086300000, 0x0000000086300000, 0x0000000086400000|  0%| F|  |TAMS 0x0000000086300000, 0x0000000086300000| Untracked 
| 100|0x0000000086400000, 0x0000000086400000, 0x0000000086500000|  0%| F|  |TAMS 0x0000000086400000, 0x0000000086400000| Untracked 
| 101|0x0000000086500000, 0x0000000086500000, 0x0000000086600000|  0%| F|  |TAMS 0x0000000086500000, 0x0000000086500000| Untracked 
| 102|0x0000000086600000, 0x0000000086600000, 0x0000000086700000|  0%| F|  |TAMS 0x0000000086600000, 0x0000000086600000| Untracked 
| 103|0x0000000086700000, 0x0000000086700000, 0x0000000086800000|  0%| F|  |TAMS 0x0000000086700000, 0x0000000086700000| Untracked 
| 104|0x0000000086800000, 0x0000000086800000, 0x0000000086900000|  0%| F|  |TAMS 0x0000000086800000, 0x0000000086800000| Untracked 
| 105|0x0000000086900000, 0x0000000086900000, 0x0000000086a00000|  0%| F|  |TAMS 0x0000000086900000, 0x0000000086900000| Untracked 
| 106|0x0000000086a00000, 0x0000000086a00000, 0x0000000086b00000|  0%| F|  |TAMS 0x0000000086a00000, 0x0000000086a00000| Untracked 
| 107|0x0000000086b00000, 0x0000000086b00000, 0x0000000086c00000|  0%| F|  |TAMS 0x0000000086b00000, 0x0000000086b00000| Untracked 
| 108|0x0000000086c00000, 0x0000000086c00000, 0x0000000086d00000|  0%| F|  |TAMS 0x0000000086c00000, 0x0000000086c00000| Untracked 
| 109|0x0000000086d00000, 0x0000000086d00000, 0x0000000086e00000|  0%| F|  |TAMS 0x0000000086d00000, 0x0000000086d00000| Untracked 
| 110|0x0000000086e00000, 0x0000000086e00000, 0x0000000086f00000|  0%| F|  |TAMS 0x0000000086e00000, 0x0000000086e00000| Untracked 
| 111|0x0000000086f00000, 0x0000000086f00000, 0x0000000087000000|  0%| F|  |TAMS 0x0000000086f00000, 0x0000000086f00000| Untracked 
| 112|0x0000000087000000, 0x0000000087000000, 0x0000000087100000|  0%| F|  |TAMS 0x0000000087000000, 0x0000000087000000| Untracked 
| 113|0x0000000087100000, 0x0000000087100000, 0x0000000087200000|  0%| F|  |TAMS 0x0000000087100000, 0x0000000087100000| Untracked 
| 114|0x0000000087200000, 0x0000000087200000, 0x0000000087300000|  0%| F|  |TAMS 0x0000000087200000, 0x0000000087200000| Untracked 
| 115|0x0000000087300000, 0x0000000087300000, 0x0000000087400000|  0%| F|  |TAMS 0x0000000087300000, 0x0000000087300000| Untracked 
| 116|0x0000000087400000, 0x0000000087400000, 0x0000000087500000|  0%| F|  |TAMS 0x0000000087400000, 0x0000000087400000| Untracked 
| 117|0x0000000087500000, 0x0000000087500000, 0x0000000087600000|  0%| F|  |TAMS 0x0000000087500000, 0x0000000087500000| Untracked 
| 118|0x0000000087600000, 0x0000000087600000, 0x0000000087700000|  0%| F|  |TAMS 0x0000000087600000, 0x0000000087600000| Untracked 
| 119|0x0000000087700000, 0x0000000087700000, 0x0000000087800000|  0%| F|  |TAMS 0x0000000087700000, 0x0000000087700000| Untracked 
| 120|0x0000000087800000, 0x0000000087800000, 0x0000000087900000|  0%| F|  |TAMS 0x0000000087800000, 0x0000000087800000| Untracked 
| 121|0x0000000087900000, 0x0000000087900000, 0x0000000087a00000|  0%| F|  |TAMS 0x0000000087900000, 0x0000000087900000| Untracked 
| 122|0x0000000087a00000, 0x0000000087a00000, 0x0000000087b00000|  0%| F|  |TAMS 0x0000000087a00000, 0x0000000087a00000| Untracked 
| 123|0x0000000087b00000, 0x0000000087b00000, 0x0000000087c00000|  0%| F|  |TAMS 0x0000000087b00000, 0x0000000087b00000| Untracked 
| 124|0x0000000087c00000, 0x0000000087c00000, 0x0000000087d00000|  0%| F|  |TAMS 0x0000000087c00000, 0x0000000087c00000| Untracked 
| 125|0x0000000087d00000, 0x0000000087d00000, 0x0000000087e00000|  0%| F|  |TAMS 0x0000000087d00000, 0x0000000087d00000| Untracked 
| 126|0x0000000087e00000, 0x0000000087e00000, 0x0000000087f00000|  0%| F|  |TAMS 0x0000000087e00000, 0x0000000087e00000| Untracked 
| 127|0x0000000087f00000, 0x0000000087f00000, 0x0000000088000000|  0%| F|  |TAMS 0x0000000087f00000, 0x0000000087f00000| Untracked 
| 128|0x0000000088000000, 0x0000000088000000, 0x0000000088100000|  0%| F|  |TAMS 0x0000000088000000, 0x0000000088000000| Untracked 
| 129|0x0000000088100000, 0x0000000088100000, 0x0000000088200000|  0%| F|  |TAMS 0x0000000088100000, 0x0000000088100000| Untracked 
| 130|0x0000000088200000, 0x0000000088300000, 0x0000000088300000|100%| E|  |TAMS 0x0000000088200000, 0x0000000088200000| Complete 
| 131|0x0000000088300000, 0x0000000088400000, 0x0000000088400000|100%| E|CS|TAMS 0x0000000088300000, 0x0000000088300000| Complete 
| 132|0x0000000088400000, 0x0000000088500000, 0x0000000088500000|100%| E|CS|TAMS 0x0000000088400000, 0x0000000088400000| Complete 
| 133|0x0000000088500000, 0x0000000088600000, 0x0000000088600000|100%| E|CS|TAMS 0x0000000088500000, 0x0000000088500000| Complete 
| 134|0x0000000088600000, 0x0000000088700000, 0x0000000088700000|100%| E|CS|TAMS 0x0000000088600000, 0x0000000088600000| Complete 
| 135|0x0000000088700000, 0x0000000088800000, 0x0000000088800000|100%| E|CS|TAMS 0x0000000088700000, 0x0000000088700000| Complete 
| 136|0x0000000088800000, 0x0000000088900000, 0x0000000088900000|100%| E|CS|TAMS 0x0000000088800000, 0x0000000088800000| Complete 
| 137|0x0000000088900000, 0x0000000088a00000, 0x0000000088a00000|100%| E|CS|TAMS 0x0000000088900000, 0x0000000088900000| Complete 
| 138|0x0000000088a00000, 0x0000000088b00000, 0x0000000088b00000|100%| E|CS|TAMS 0x0000000088a00000, 0x0000000088a00000| Complete 
| 139|0x0000000088b00000, 0x0000000088c00000, 0x0000000088c00000|100%| E|CS|TAMS 0x0000000088b00000, 0x0000000088b00000| Complete 
| 140|0x0000000088c00000, 0x0000000088d00000, 0x0000000088d00000|100%| E|CS|TAMS 0x0000000088c00000, 0x0000000088c00000| Complete 
| 141|0x0000000088d00000, 0x0000000088e00000, 0x0000000088e00000|100%| E|CS|TAMS 0x0000000088d00000, 0x0000000088d00000| Complete 
| 142|0x0000000088e00000, 0x0000000088f00000, 0x0000000088f00000|100%| E|CS|TAMS 0x0000000088e00000, 0x0000000088e00000| Complete 
| 143|0x0000000088f00000, 0x0000000089000000, 0x0000000089000000|100%| E|CS|TAMS 0x0000000088f00000, 0x0000000088f00000| Complete 
| 144|0x0000000089000000, 0x0000000089100000, 0x0000000089100000|100%| E|CS|TAMS 0x0000000089000000, 0x0000000089000000| Complete 
| 145|0x0000000089100000, 0x0000000089200000, 0x0000000089200000|100%| E|CS|TAMS 0x0000000089100000, 0x0000000089100000| Complete 
| 146|0x0000000089200000, 0x0000000089300000, 0x0000000089300000|100%| E|CS|TAMS 0x0000000089200000, 0x0000000089200000| Complete 
| 147|0x0000000089300000, 0x0000000089400000, 0x0000000089400000|100%| E|CS|TAMS 0x0000000089300000, 0x0000000089300000| Complete 
| 148|0x0000000089400000, 0x0000000089500000, 0x0000000089500000|100%| E|CS|TAMS 0x0000000089400000, 0x0000000089400000| Complete 
| 149|0x0000000089500000, 0x0000000089600000, 0x0000000089600000|100%| E|CS|TAMS 0x0000000089500000, 0x0000000089500000| Complete 
| 150|0x0000000089600000, 0x0000000089700000, 0x0000000089700000|100%| E|CS|TAMS 0x0000000089600000, 0x0000000089600000| Complete 
| 151|0x0000000089700000, 0x0000000089800000, 0x0000000089800000|100%| E|CS|TAMS 0x0000000089700000, 0x0000000089700000| Complete 
| 152|0x0000000089800000, 0x0000000089900000, 0x0000000089900000|100%| E|CS|TAMS 0x0000000089800000, 0x0000000089800000| Complete 
| 153|0x0000000089900000, 0x0000000089a00000, 0x0000000089a00000|100%| E|CS|TAMS 0x0000000089900000, 0x0000000089900000| Complete 

Card table byte_map: [0x0000023900630000,0x0000023900a30000] _byte_map_base: 0x0000023900230000

Marking Bits (Prev, Next): (CMBitMap*) 0x000002396ccfed50, (CMBitMap*) 0x000002396ccfed18
 Prev Bits: [0x0000023902e30000, 0x0000023904e30000)
 Next Bits: [0x0000023900e30000, 0x0000023902e30000)

Polling page: 0x000002396b410000

Metaspace:

Usage:
  Non-class:     73.72 MB capacity,    72.41 MB ( 98%) used,     1.10 MB (  1%) free+waste,   214.38 KB ( <1%) overhead. 
      Class:     11.31 MB capacity,    10.62 MB ( 94%) used,   613.79 KB (  5%) free+waste,    98.25 KB ( <1%) overhead. 
       Both:     85.03 MB capacity,    83.03 MB ( 98%) used,     1.70 MB (  2%) free+waste,   312.63 KB ( <1%) overhead. 

Virtual space:
  Non-class space:       74.00 MB reserved,      73.95 MB (>99%) committed 
      Class space:        1.00 GB reserved,      11.38 MB (  1%) committed 
             Both:        1.07 GB reserved,      85.32 MB (  8%) committed 

Chunk freelists:
   Non-Class:  39.00 KB
       Class:  2.00 KB
        Both:  41.00 KB

MaxMetaspaceSize: 17179869184.00 GB
CompressedClassSpaceSize: 1.00 GB

CodeHeap 'non-profiled nmethods': size=120000Kb used=5954Kb max_used=5954Kb free=114045Kb
 bounds [0x0000023978280000, 0x0000023978860000, 0x000002397f7b0000]
CodeHeap 'profiled nmethods': size=120000Kb used=19549Kb max_used=19549Kb free=100450Kb
 bounds [0x0000023970d50000, 0x0000023972070000, 0x0000023978280000]
CodeHeap 'non-nmethods': size=5760Kb used=2299Kb max_used=2338Kb free=3460Kb
 bounds [0x00000239707b0000, 0x0000023970a20000, 0x0000023970d50000]
 total_blobs=9868 nmethods=8960 adapters=819
 compilation: enabled
              stopped_count=0, restarted_count=0
 full_count=0

Compilation events (20 events):
Event: 38.253 Thread 0x00000239081a5000 8978       3       java.lang.Module::getClassLoader (20 bytes)
Event: 38.253 Thread 0x00000239081a5000 nmethod 8978 0x000002397204eb10 code [0x000002397204ece0, 0x000002397204efa8]
Event: 38.254 Thread 0x00000239081a5000 8979       1       com.sun.org.apache.xerces.internal.impl.xpath.regex.RegexParser::read (5 bytes)
Event: 38.254 Thread 0x00000239081a5000 nmethod 8979 0x000002397884e190 code [0x000002397884e340, 0x000002397884e3f8]
Event: 38.256 Thread 0x00000239081a5000 8980       3       java.lang.invoke.LambdaFormEditor::addArgumentForm (121 bytes)
Event: 38.257 Thread 0x00000239081a5000 nmethod 8980 0x000002397204f110 code [0x000002397204f360, 0x000002397204f998]
Event: 38.258 Thread 0x00000239081a5000 8981       3       com.sun.org.apache.xerces.internal.util.DOMUtil::getLocalName (22 bytes)
Event: 38.259 Thread 0x00000239081a5000 nmethod 8981 0x000002397204fd10 code [0x000002397204fee0, 0x0000023972050198]
Event: 38.259 Thread 0x00000239081a5000 8982       3       com.sun.org.apache.xerces.internal.util.NamespaceSupport::popContext (21 bytes)
Event: 38.259 Thread 0x00000239081a5000 nmethod 8982 0x0000023972050290 code [0x0000023972050440, 0x0000023972050578]
Event: 38.261 Thread 0x00000239081a5000 8983       3       com.sun.org.apache.xerces.internal.util.XMLChar::isNCName (24 bytes)
Event: 38.261 Thread 0x00000239081a5000 nmethod 8983 0x0000023972050690 code [0x0000023972050840, 0x00000239720509f8]
Event: 38.262 Thread 0x00000239081a5000 8984       1       com.sun.org.apache.xerces.internal.impl.xs.opti.AttrImpl::getName (5 bytes)
Event: 38.262 Thread 0x00000239081a5000 nmethod 8984 0x000002397884e490 code [0x000002397884e640, 0x000002397884e6f8]
Event: 38.263 Thread 0x00000239081a5000 8985       1       com.sun.org.apache.xerces.internal.impl.xs.opti.NodeImpl::getNamespaceURI (5 bytes)
Event: 38.263 Thread 0x00000239081a5000 nmethod 8985 0x000002397884e790 code [0x000002397884e940, 0x000002397884e9f8]
Event: 38.263 Thread 0x00000239081a5000 8986       1       com.sun.org.apache.xerces.internal.impl.xs.opti.NodeImpl::getNodeType (5 bytes)
Event: 38.263 Thread 0x00000239081a5000 nmethod 8986 0x000002397884ea90 code [0x000002397884ec40, 0x000002397884ecf8]
Event: 38.263 Thread 0x00000239081a5000 8987       3       com.sun.org.apache.xerces.internal.impl.xs.opti.NamedNodeMapImpl::getLength (6 bytes)
Event: 38.264 Thread 0x00000239081a5000 nmethod 8987 0x0000023972050b10 code [0x0000023972050cc0, 0x0000023972050dd8]

GC Heap History (20 events):
Event: 7.008 GC heap before
{Heap before GC invocations=8 (full 0):
 garbage-first heap   total 131072K, used 87611K [0x0000000080000000, 0x0000000100000000)
  region size 1024K, 68 young (69632K), 9 survivors (9216K)
 Metaspace       used 44811K, capacity 45915K, committed 46208K, reserved 1089536K
  class space    used 5757K, capacity 6146K, committed 6272K, reserved 1048576K
}
Event: 7.018 GC heap after
{Heap after GC invocations=9 (full 0):
 garbage-first heap   total 131072K, used 29067K [0x0000000080000000, 0x0000000100000000)
  region size 1024K, 3 young (3072K), 3 survivors (3072K)
 Metaspace       used 44811K, capacity 45915K, committed 46208K, reserved 1089536K
  class space    used 5757K, capacity 6146K, committed 6272K, reserved 1048576K
}
Event: 8.131 GC heap before
{Heap before GC invocations=9 (full 0):
 garbage-first heap   total 131072K, used 94603K [0x0000000080000000, 0x0000000100000000)
  region size 1024K, 64 young (65536K), 3 survivors (3072K)
 Metaspace       used 48235K, capacity 49614K, committed 49664K, reserved 1091584K
  class space    used 6174K, capacity 6656K, committed 6656K, reserved 1048576K
}
Event: 8.138 GC heap after
{Heap after GC invocations=10 (full 0):
 garbage-first heap   total 157696K, used 40539K [0x0000000080000000, 0x0000000100000000)
  region size 1024K, 8 young (8192K), 8 survivors (8192K)
 Metaspace       used 48235K, capacity 49614K, committed 49664K, reserved 1091584K
  class space    used 6174K, capacity 6656K, committed 6656K, reserved 1048576K
}
Event: 9.055 GC heap before
{Heap before GC invocations=10 (full 0):
 garbage-first heap   total 157696K, used 106075K [0x0000000080000000, 0x0000000100000000)
  region size 1024K, 73 young (74752K), 8 survivors (8192K)
 Metaspace       used 58427K, capacity 59921K, committed 60160K, reserved 1101824K
  class space    used 7382K, capacity 7936K, committed 7936K, reserved 1048576K
}
Event: 9.074 GC heap after
{Heap after GC invocations=11 (full 0):
 garbage-first heap   total 157696K, used 43824K [0x0000000080000000, 0x0000000100000000)
  region size 1024K, 3 young (3072K), 3 survivors (3072K)
 Metaspace       used 58427K, capacity 59921K, committed 60160K, reserved 1101824K
  class space    used 7382K, capacity 7936K, committed 7936K, reserved 1048576K
}
Event: 9.868 GC heap before
{Heap before GC invocations=12 (full 0):
 garbage-first heap   total 157696K, used 112432K [0x0000000080000000, 0x0000000100000000)
  region size 1024K, 70 young (71680K), 3 survivors (3072K)
 Metaspace       used 64308K, capacity 65781K, committed 65996K, reserved 1105920K
  class space    used 8146K, capacity 8701K, committed 8704K, reserved 1048576K
}
Event: 9.875 GC heap after
{Heap after GC invocations=13 (full 0):
 garbage-first heap   total 157696K, used 49785K [0x0000000080000000, 0x0000000100000000)
  region size 1024K, 9 young (9216K), 9 survivors (9216K)
 Metaspace       used 64308K, capacity 65781K, committed 65996K, reserved 1105920K
  class space    used 8146K, capacity 8701K, committed 8704K, reserved 1048576K
}
Event: 10.762 GC heap before
{Heap before GC invocations=13 (full 0):
 garbage-first heap   total 157696K, used 116345K [0x0000000080000000, 0x0000000100000000)
  region size 1024K, 74 young (75776K), 9 survivors (9216K)
 Metaspace       used 70767K, capacity 72487K, committed 72780K, reserved 1112064K
  class space    used 9133K, capacity 9752K, committed 9856K, reserved 1048576K
}
Event: 10.772 GC heap after
{Heap after GC invocations=14 (full 0):
 garbage-first heap   total 157696K, used 54469K [0x0000000080000000, 0x0000000100000000)
  region size 1024K, 5 young (5120K), 5 survivors (5120K)
 Metaspace       used 70767K, capacity 72487K, committed 72780K, reserved 1112064K
  class space    used 9133K, capacity 9752K, committed 9856K, reserved 1048576K
}
Event: 11.811 GC heap before
{Heap before GC invocations=14 (full 0):
 garbage-first heap   total 157696K, used 120005K [0x0000000080000000, 0x0000000100000000)
  region size 1024K, 69 young (70656K), 5 survivors (5120K)
 Metaspace       used 77277K, capacity 79081K, committed 79308K, reserved 1118208K
  class space    used 10018K, capacity 10671K, committed 10752K, reserved 1048576K
}
Event: 11.819 GC heap after
{Heap after GC invocations=15 (full 0):
 garbage-first heap   total 157696K, used 57264K [0x0000000080000000, 0x0000000100000000)
  region size 1024K, 8 young (8192K), 8 survivors (8192K)
 Metaspace       used 77277K, capacity 79081K, committed 79308K, reserved 1118208K
  class space    used 10018K, capacity 10671K, committed 10752K, reserved 1048576K
}
Event: 13.101 GC heap before
{Heap before GC invocations=15 (full 0):
 garbage-first heap   total 157696K, used 121776K [0x0000000080000000, 0x0000000100000000)
  region size 1024K, 72 young (73728K), 8 survivors (8192K)
 Metaspace       used 81875K, capacity 83786K, committed 83916K, reserved 1122304K
  class space    used 10565K, capacity 11234K, committed 11264K, reserved 1048576K
}
Event: 13.111 GC heap after
{Heap after GC invocations=16 (full 0):
 garbage-first heap   total 157696K, used 63008K [0x0000000080000000, 0x0000000100000000)
  region size 1024K, 9 young (9216K), 9 survivors (9216K)
 Metaspace       used 81875K, capacity 83786K, committed 83916K, reserved 1122304K
  class space    used 10565K, capacity 11234K, committed 11264K, reserved 1048576K
}
Event: 13.481 GC heap before
{Heap before GC invocations=16 (full 0):
 garbage-first heap   total 157696K, used 124448K [0x0000000080000000, 0x0000000100000000)
  region size 1024K, 69 young (70656K), 9 survivors (9216K)
 Metaspace       used 82282K, capacity 84188K, committed 84556K, reserved 1122304K
  class space    used 10586K, capacity 11268K, committed 11392K, reserved 1048576K
}
Event: 13.488 GC heap after
{Heap after GC invocations=17 (full 0):
 garbage-first heap   total 157696K, used 62386K [0x0000000080000000, 0x0000000100000000)
  region size 1024K, 3 young (3072K), 3 survivors (3072K)
 Metaspace       used 82282K, capacity 84188K, committed 84556K, reserved 1122304K
  class space    used 10586K, capacity 11268K, committed 11392K, reserved 1048576K
}
Event: 23.425 GC heap before
{Heap before GC invocations=17 (full 0):
 garbage-first heap   total 157696K, used 125874K [0x0000000080000000, 0x0000000100000000)
  region size 1024K, 65 young (66560K), 3 survivors (3072K)
 Metaspace       used 82725K, capacity 84689K, committed 84812K, reserved 1122304K
  class space    used 10623K, capacity 11343K, committed 11392K, reserved 1048576K
}
Event: 23.428 GC heap after
{Heap after GC invocations=18 (full 0):
 garbage-first heap   total 157696K, used 61600K [0x0000000080000000, 0x0000000100000000)
  region size 1024K, 2 young (2048K), 2 survivors (2048K)
 Metaspace       used 82725K, capacity 84689K, committed 84812K, reserved 1122304K
  class space    used 10623K, capacity 11343K, committed 11392K, reserved 1048576K
}
Event: 33.297 GC heap before
{Heap before GC invocations=18 (full 0):
 garbage-first heap   total 157696K, used 128160K [0x0000000080000000, 0x0000000100000000)
  region size 1024K, 67 young (68608K), 2 survivors (2048K)
 Metaspace       used 83218K, capacity 85181K, committed 85324K, reserved 1124352K
  class space    used 10673K, capacity 11377K, committed 11392K, reserved 1048576K
}
Event: 33.299 GC heap after
{Heap after GC invocations=19 (full 0):
 garbage-first heap   total 157696K, used 61712K [0x0000000080000000, 0x0000000100000000)
  region size 1024K, 2 young (2048K), 2 survivors (2048K)
 Metaspace       used 83218K, capacity 85181K, committed 85324K, reserved 1124352K
  class space    used 10673K, capacity 11377K, committed 11392K, reserved 1048576K
}

Deoptimization events (20 events):
Event: 38.189 Thread 0x0000023908304000 DEOPT PACKING pc=0x00000239711d5011 sp=0x000000bd6d1f6fd0
Event: 38.189 Thread 0x0000023908304000 DEOPT UNPACKING pc=0x00000239707d76ce sp=0x000000bd6d1f64a8 mode 0
Event: 38.189 Thread 0x0000023908304000 Uncommon trap: trap_request=0xffffff4d fr.pc=0x000002397833e13c relative=0x000000000000009c
Event: 38.189 Thread 0x0000023908304000 Uncommon trap: reason=unstable_if action=reinterpret pc=0x000002397833e13c method=java.nio.Buffer.position(I)Ljava/nio/Buffer; @ 37 c2
Event: 38.189 Thread 0x0000023908304000 DEOPT PACKING pc=0x000002397833e13c sp=0x000000bd6d1f6c90
Event: 38.189 Thread 0x0000023908304000 DEOPT UNPACKING pc=0x00000239707d78af sp=0x000000bd6d1f6c18 mode 2
Event: 38.190 Thread 0x0000023908304000 DEOPT PACKING pc=0x00000239712e2996 sp=0x000000bd6d1f7060
Event: 38.190 Thread 0x0000023908304000 DEOPT UNPACKING pc=0x00000239707d76ce sp=0x000000bd6d1f6578 mode 0
Event: 38.202 Thread 0x0000023908304000 Uncommon trap: trap_request=0xffffff4d fr.pc=0x00000239787ce15c relative=0x000000000000043c
Event: 38.202 Thread 0x0000023908304000 Uncommon trap: reason=unstable_if action=reinterpret pc=0x00000239787ce15c method=com.sun.org.apache.xerces.internal.impl.XMLEntityScanner.skipSpaces()Z @ 343 c2
Event: 38.202 Thread 0x0000023908304000 DEOPT PACKING pc=0x00000239787ce15c sp=0x000000bd6d1fa090
Event: 38.202 Thread 0x0000023908304000 DEOPT UNPACKING pc=0x00000239707d78af sp=0x000000bd6d1fa028 mode 2
Event: 38.208 Thread 0x0000023908304000 Uncommon trap: trap_request=0xffffff4d fr.pc=0x00000239787cb9a0 relative=0x00000000000006e0
Event: 38.208 Thread 0x0000023908304000 Uncommon trap: reason=unstable_if action=reinterpret pc=0x00000239787cb9a0 method=com.sun.org.apache.xerces.internal.impl.XMLEntityScanner.scanLiteral(ILcom/sun/org/apache/xerces/internal/xni/XMLString;Z)I @ 570 c2
Event: 38.208 Thread 0x0000023908304000 DEOPT PACKING pc=0x00000239787cb9a0 sp=0x000000bd6d1f9ca0
Event: 38.208 Thread 0x0000023908304000 DEOPT UNPACKING pc=0x00000239707d78af sp=0x000000bd6d1f9c48 mode 2
Event: 38.214 Thread 0x0000023908304000 Uncommon trap: trap_request=0xffffff4d fr.pc=0x00000239785f930c relative=0x000000000000112c
Event: 38.215 Thread 0x0000023908304000 Uncommon trap: reason=unstable_if action=reinterpret pc=0x00000239785f930c method=java.util.WeakHashMap.remove(Ljava/lang/Object;)Ljava/lang/Object; @ 94 c2
Event: 38.215 Thread 0x0000023908304000 DEOPT PACKING pc=0x00000239785f930c sp=0x000000bd6d1f9ce0
Event: 38.215 Thread 0x0000023908304000 DEOPT UNPACKING pc=0x00000239707d78af sp=0x000000bd6d1f9bc0 mode 2

Classes redefined (0 events):
No events

Internal exceptions (20 events):
Event: 37.951 Thread 0x0000023908304000 Exception <a 'sun/nio/fs/WindowsException'{0x00000000885ec898}> (0x00000000885ec898) thrown at [./src/hotspot/share/prims/jni.cpp, line 615]
Event: 37.952 Thread 0x0000023908304000 Exception <a 'sun/nio/fs/WindowsException'{0x00000000885ee810}> (0x00000000885ee810) thrown at [./src/hotspot/share/prims/jni.cpp, line 615]
Event: 37.952 Thread 0x0000023908304000 Exception <a 'sun/nio/fs/WindowsException'{0x00000000885ee940}> (0x00000000885ee940) thrown at [./src/hotspot/share/prims/jni.cpp, line 615]
Event: 37.952 Thread 0x0000023908304000 Exception <a 'sun/nio/fs/WindowsException'{0x00000000885f0640}> (0x00000000885f0640) thrown at [./src/hotspot/share/prims/jni.cpp, line 615]
Event: 37.953 Thread 0x0000023908304000 Exception <a 'sun/nio/fs/WindowsException'{0x00000000885f0af0}> (0x00000000885f0af0) thrown at [./src/hotspot/share/prims/jni.cpp, line 615]
Event: 37.954 Thread 0x0000023908304000 Exception <a 'sun/nio/fs/WindowsException'{0x00000000885f0c18}> (0x00000000885f0c18) thrown at [./src/hotspot/share/prims/jni.cpp, line 615]
Event: 37.954 Thread 0x0000023908304000 Exception <a 'sun/nio/fs/WindowsException'{0x00000000885f2b88}> (0x00000000885f2b88) thrown at [./src/hotspot/share/prims/jni.cpp, line 615]
Event: 37.955 Thread 0x0000023908304000 Exception <a 'sun/nio/fs/WindowsException'{0x00000000885f2cb0}> (0x00000000885f2cb0) thrown at [./src/hotspot/share/prims/jni.cpp, line 615]
Event: 37.955 Thread 0x0000023908304000 Exception <a 'sun/nio/fs/WindowsException'{0x00000000885f49a8}> (0x00000000885f49a8) thrown at [./src/hotspot/share/prims/jni.cpp, line 615]
Event: 37.958 Thread 0x0000023908304000 Exception <a 'sun/nio/fs/WindowsException'{0x00000000885f4e80}> (0x00000000885f4e80) thrown at [./src/hotspot/share/prims/jni.cpp, line 615]
Event: 37.958 Thread 0x0000023908304000 Exception <a 'sun/nio/fs/WindowsException'{0x00000000885f4fc0}> (0x00000000885f4fc0) thrown at [./src/hotspot/share/prims/jni.cpp, line 615]
Event: 37.959 Thread 0x0000023908304000 Exception <a 'sun/nio/fs/WindowsException'{0x00000000885f6f78}> (0x00000000885f6f78) thrown at [./src/hotspot/share/prims/jni.cpp, line 615]
Event: 37.959 Thread 0x0000023908304000 Exception <a 'sun/nio/fs/WindowsException'{0x00000000885f70b8}> (0x00000000885f70b8) thrown at [./src/hotspot/share/prims/jni.cpp, line 615]
Event: 37.960 Thread 0x0000023908304000 Exception <a 'sun/nio/fs/WindowsException'{0x00000000885f8de0}> (0x00000000885f8de0) thrown at [./src/hotspot/share/prims/jni.cpp, line 615]
Event: 37.961 Thread 0x0000023908304000 Exception <a 'sun/nio/fs/WindowsException'{0x00000000885f92a8}> (0x00000000885f92a8) thrown at [./src/hotspot/share/prims/jni.cpp, line 615]
Event: 37.962 Thread 0x0000023908304000 Exception <a 'sun/nio/fs/WindowsException'{0x00000000885f93c8}> (0x00000000885f93c8) thrown at [./src/hotspot/share/prims/jni.cpp, line 615]
Event: 37.962 Thread 0x0000023908304000 Exception <a 'sun/nio/fs/WindowsException'{0x00000000885fb320}> (0x00000000885fb320) thrown at [./src/hotspot/share/prims/jni.cpp, line 615]
Event: 37.962 Thread 0x0000023908304000 Exception <a 'sun/nio/fs/WindowsException'{0x00000000885fb440}> (0x00000000885fb440) thrown at [./src/hotspot/share/prims/jni.cpp, line 615]
Event: 37.963 Thread 0x0000023908304000 Exception <a 'sun/nio/fs/WindowsException'{0x00000000885fd128}> (0x00000000885fd128) thrown at [./src/hotspot/share/prims/jni.cpp, line 615]
Event: 38.187 Thread 0x0000023908304000 Exception <a 'java/lang/ClassNotFoundException'{0x00000000883cdcb0}: com/sun/org/apache/xerces/internal/impl/xpath/regex/spi/messageProvider> (0x00000000883cdcb0) thrown at [./src/hotspot/share/classfile/systemDictionary.cpp, line 231]

Events (20 events):
Event: 38.244 loading class com/sun/org/apache/xerces/internal/xs/datatypes/XSQName done
Event: 38.244 loading class com/sun/org/apache/xerces/internal/impl/dv/xs/QNameDV$XQName done
Event: 38.244 Executing VM operation: Deoptimize
Event: 38.246 Executing VM operation: Deoptimize done
Event: 38.246 loading class com/sun/org/apache/xerces/internal/impl/xs/util/XSObjectListImpl
Event: 38.247 loading class com/sun/org/apache/xerces/internal/xs/XSObjectList
Event: 38.247 loading class com/sun/org/apache/xerces/internal/xs/XSObjectList done
Event: 38.247 loading class com/sun/org/apache/xerces/internal/impl/xs/util/XSObjectListImpl done
Event: 38.247 loading class com/sun/org/apache/xerces/internal/impl/xs/util/XSObjectListImpl$EmptyIterator
Event: 38.247 loading class com/sun/org/apache/xerces/internal/impl/xs/util/XSObjectListImpl$EmptyIterator done
Event: 38.248 loading class com/sun/org/apache/xerces/internal/impl/xs/XSAnnotationImpl
Event: 38.248 loading class com/sun/org/apache/xerces/internal/xs/XSAnnotation
Event: 38.248 loading class com/sun/org/apache/xerces/internal/xs/XSAnnotation done
Event: 38.249 loading class com/sun/org/apache/xerces/internal/impl/xs/XSAnnotationImpl done
Event: 38.252 loading class com/sun/org/apache/xerces/internal/impl/xs/traversers/XSDAbstractTraverser$FacetInfo
Event: 38.253 loading class com/sun/org/apache/xerces/internal/impl/xs/traversers/XSDAbstractTraverser$FacetInfo done
Event: 38.253 loading class com/sun/org/apache/xerces/internal/impl/xpath/regex/Token$ConcatToken
Event: 38.254 loading class com/sun/org/apache/xerces/internal/impl/xpath/regex/Token$ConcatToken done
Event: 38.258 Executing VM operation: ICBufferFull
Event: 38.258 Executing VM operation: ICBufferFull done


Dynamic libraries:
0x00007ff766340000 - 0x00007ff76634a000 	C:\Program Files\Android\Android Studio\jre\bin\java.exe
0x00007ffb27d10000 - 0x00007ffb27f05000 	C:\WINDOWS\SYSTEM32\ntdll.dll
0x00007ffb26f60000 - 0x00007ffb2701e000 	C:\WINDOWS\System32\KERNEL32.DLL
0x00007ffb258b0000 - 0x00007ffb25b79000 	C:\WINDOWS\System32\KERNELBASE.dll
0x00007ffb257b0000 - 0x00007ffb258b0000 	C:\WINDOWS\System32\ucrtbase.dll
0x00007ffb03d60000 - 0x00007ffb03d77000 	C:\Program Files\Android\Android Studio\jre\bin\VCRUNTIME140.dll
0x00007ffb04cc0000 - 0x00007ffb04cd9000 	C:\Program Files\Android\Android Studio\jre\bin\jli.dll
0x00007ffb26a30000 - 0x00007ffb26bd1000 	C:\WINDOWS\System32\USER32.dll
0x00007ffb25570000 - 0x00007ffb25592000 	C:\WINDOWS\System32\win32u.dll
0x00007ffb26030000 - 0x00007ffb2605b000 	C:\WINDOWS\System32\GDI32.dll
0x00007ffb25460000 - 0x00007ffb2556b000 	C:\WINDOWS\System32\gdi32full.dll
0x00007ffb25b80000 - 0x00007ffb25c1d000 	C:\WINDOWS\System32\msvcp_win.dll
0x00007ffb0c820000 - 0x00007ffb0caba000 	C:\WINDOWS\WinSxS\amd64_microsoft.windows.common-controls_6595b64144ccf1df_6.0.19041.1110_none_60b5254171f9507e\COMCTL32.dll
0x00007ffb27020000 - 0x00007ffb270be000 	C:\WINDOWS\System32\msvcrt.dll
0x00007ffb27ad0000 - 0x00007ffb27b00000 	C:\WINDOWS\System32\IMM32.DLL
0x00007ffb033a0000 - 0x00007ffb0343d000 	C:\Program Files\Android\Android Studio\jre\bin\msvcp140.dll
0x00007ffaeb0e0000 - 0x00007ffaebbaf000 	C:\Program Files\Android\Android Studio\jre\bin\server\jvm.dll
0x00007ffb26e30000 - 0x00007ffb26edc000 	C:\WINDOWS\System32\ADVAPI32.dll
0x00007ffb27180000 - 0x00007ffb2721b000 	C:\WINDOWS\System32\sechost.dll
0x00007ffb26d00000 - 0x00007ffb26e2a000 	C:\WINDOWS\System32\RPCRT4.dll
0x00007ffb26ee0000 - 0x00007ffb26ee8000 	C:\WINDOWS\System32\PSAPI.DLL
0x00007ffb0c750000 - 0x00007ffb0c759000 	C:\WINDOWS\SYSTEM32\WSOCK32.dll
0x00007ffb17ba0000 - 0x00007ffb17baa000 	C:\WINDOWS\SYSTEM32\VERSION.dll
0x00007ffb0d470000 - 0x00007ffb0d497000 	C:\WINDOWS\SYSTEM32\WINMM.dll
0x00007ffb26ef0000 - 0x00007ffb26f5b000 	C:\WINDOWS\System32\WS2_32.dll
0x00007ffb23cb0000 - 0x00007ffb23cc2000 	C:\WINDOWS\SYSTEM32\kernel.appcore.dll
0x00007ffb0a620000 - 0x00007ffb0a631000 	C:\Program Files\Android\Android Studio\jre\bin\verify.dll
0x00007ffb23940000 - 0x00007ffb23b24000 	C:\WINDOWS\SYSTEM32\DBGHELP.DLL
0x00007ffb06d10000 - 0x00007ffb06d3c000 	C:\WINDOWS\SYSTEM32\dbgcore.DLL
0x00007ffb25cd0000 - 0x00007ffb25d53000 	C:\WINDOWS\System32\bcryptPrimitives.dll
0x00007ffb09030000 - 0x00007ffb09059000 	C:\Program Files\Android\Android Studio\jre\bin\java.dll
0x00007ffb1d890000 - 0x00007ffb1d89b000 	C:\Program Files\Android\Android Studio\jre\bin\jimage.dll
0x00007ffb0a030000 - 0x00007ffb0a048000 	C:\Program Files\Android\Android Studio\jre\bin\zip.dll
0x00007ffb26270000 - 0x00007ffb269af000 	C:\WINDOWS\System32\SHELL32.dll
0x00007ffb1ff40000 - 0x00007ffb206d0000 	C:\WINDOWS\SYSTEM32\windows.storage.dll
0x00007ffb27770000 - 0x00007ffb27ac5000 	C:\WINDOWS\System32\combase.dll
0x00007ffb24e80000 - 0x00007ffb24eac000 	C:\WINDOWS\SYSTEM32\Wldp.dll
0x00007ffb27b20000 - 0x00007ffb27bce000 	C:\WINDOWS\System32\SHCORE.dll
0x00007ffb26210000 - 0x00007ffb26265000 	C:\WINDOWS\System32\shlwapi.dll
0x00007ffb25370000 - 0x00007ffb2538f000 	C:\WINDOWS\SYSTEM32\profapi.dll
0x00007ffb09ef0000 - 0x00007ffb09f0a000 	C:\Program Files\Android\Android Studio\jre\bin\net.dll
0x00007ffb16d30000 - 0x00007ffb16e38000 	C:\WINDOWS\SYSTEM32\WINHTTP.dll
0x00007ffb24be0000 - 0x00007ffb24c4a000 	C:\WINDOWS\system32\mswsock.dll
0x00007ffb08290000 - 0x00007ffb082a4000 	C:\Program Files\Android\Android Studio\jre\bin\nio.dll
0x00007ffb07da0000 - 0x00007ffb07dc7000 	C:\Users\hippo\.gradle\native\8bec1ad78214c89d9ad589b4d07fe93259594b29d510b10fafb7a158f7737e5d\windows-amd64\native-platform.dll
0x00007ffafcb90000 - 0x00007ffafcccd000 	C:\Users\hippo\.gradle\native\53dbd7edfb1c66fb8903c78663c9afc45aea4f116125fa6feffd364cf09443e8\windows-amd64\native-platform-file-events.dll
0x00007ffb0ede0000 - 0x00007ffb0edea000 	C:\Program Files\Android\Android Studio\jre\bin\management.dll
0x00007ffb0ed40000 - 0x00007ffb0ed4c000 	C:\Program Files\Android\Android Studio\jre\bin\management_ext.dll
0x00007ffb24dd0000 - 0x00007ffb24de8000 	C:\WINDOWS\SYSTEM32\CRYPTSP.dll
0x00007ffb244f0000 - 0x00007ffb24524000 	C:\WINDOWS\system32\rsaenh.dll
0x00007ffb25430000 - 0x00007ffb25457000 	C:\WINDOWS\System32\bcrypt.dll
0x00007ffb25330000 - 0x00007ffb2535e000 	C:\WINDOWS\SYSTEM32\USERENV.dll
0x00007ffb24df0000 - 0x00007ffb24dfc000 	C:\WINDOWS\SYSTEM32\CRYPTBASE.dll
0x00007ffb24880000 - 0x00007ffb248bb000 	C:\WINDOWS\SYSTEM32\IPHLPAPI.DLL
0x00007ffb27c30000 - 0x00007ffb27c38000 	C:\WINDOWS\System32\NSI.dll
0x00007ffb16c20000 - 0x00007ffb16c37000 	C:\WINDOWS\SYSTEM32\dhcpcsvc6.DLL
0x00007ffb16c00000 - 0x00007ffb16c1d000 	C:\WINDOWS\SYSTEM32\dhcpcsvc.DLL
0x00007ffb248d0000 - 0x00007ffb2499c000 	C:\WINDOWS\SYSTEM32\DNSAPI.dll
0x00007ffb08160000 - 0x00007ffb08187000 	C:\Program Files\Android\Android Studio\jre\bin\sunec.dll
0x00007ffb18ac0000 - 0x00007ffb18aca000 	C:\Windows\System32\rasadhlp.dll
0x00007ffb11160000 - 0x00007ffb111df000 	C:\WINDOWS\System32\fwpuclnt.dll
0x00007ffb24120000 - 0x00007ffb24153000 	C:\WINDOWS\SYSTEM32\ntmarta.dll

dbghelp: loaded successfully - version: 4.0.5 - missing functions: none
symbol engine: initialized successfully - sym options: 0x614 - pdb path: .;C:\Program Files\Android\Android Studio\jre\bin;C:\WINDOWS\SYSTEM32;C:\WINDOWS\WinSxS\amd64_microsoft.windows.common-controls_6595b64144ccf1df_6.0.19041.1110_none_60b5254171f9507e;C:\Program Files\Android\Android Studio\jre\bin\server;C:\Users\hippo\.gradle\native\8bec1ad78214c89d9ad589b4d07fe93259594b29d510b10fafb7a158f7737e5d\windows-amd64;C:\Users\hippo\.gradle\native\53dbd7edfb1c66fb8903c78663c9afc45aea4f116125fa6feffd364cf09443e8\windows-amd64

VM Arguments:
jvm_args: --add-opens=java.base/java.util=ALL-UNNAMED --add-opens=java.base/java.lang=ALL-UNNAMED --add-opens=java.base/java.lang.invoke=ALL-UNNAMED --add-opens=java.base/java.util=ALL-UNNAMED --add-opens=java.prefs/java.util.prefs=ALL-UNNAMED --add-opens=java.prefs/java.util.prefs=ALL-UNNAMED --add-opens=java.base/java.nio.charset=ALL-UNNAMED --add-opens=java.base/java.net=ALL-UNNAMED --add-opens=java.base/java.util.concurrent.atomic=ALL-UNNAMED -Xmx2048m -Dfile.encoding=UTF-8 -Duser.country=KR -Duser.language=ko -Duser.variant 
java_command: org.gradle.launcher.daemon.bootstrap.GradleDaemon 7.0.2
java_class_path (initial): C:\Users\hippo\.gradle\wrapper\dists\gradle-7.0.2-bin\857tjihv64xamwrf0h14cai3r\gradle-7.0.2\lib\gradle-launcher-7.0.2.jar
Launcher Type: SUN_STANDARD

[Global flags]
     intx CICompilerCount                          = 4                                         {product} {ergonomic}
     uint ConcGCThreads                            = 2                                         {product} {ergonomic}
     uint G1ConcRefinementThreads                  = 8                                         {product} {ergonomic}
   size_t G1HeapRegionSize                         = 1048576                                   {product} {ergonomic}
    uintx GCDrainStackTargetSize                   = 64                                        {product} {ergonomic}
   size_t InitialHeapSize                          = 134217728                                 {product} {ergonomic}
   size_t MarkStackSize                            = 4194304                                   {product} {ergonomic}
   size_t MaxHeapSize                              = 2147483648                                {product} {command line}
   size_t MaxNewSize                               = 1287651328                                {product} {ergonomic}
   size_t MinHeapDeltaBytes                        = 1048576                                   {product} {ergonomic}
    uintx NonNMethodCodeHeapSize                   = 5836300                                {pd product} {ergonomic}
    uintx NonProfiledCodeHeapSize                  = 122910970                              {pd product} {ergonomic}
    uintx ProfiledCodeHeapSize                     = 122910970                              {pd product} {ergonomic}
    uintx ReservedCodeCacheSize                    = 251658240                              {pd product} {ergonomic}
     bool SegmentedCodeCache                       = true                                      {product} {ergonomic}
     bool UseCompressedClassPointers               = true                                 {lp64_product} {ergonomic}
     bool UseCompressedOops                        = true                                 {lp64_product} {ergonomic}
     bool UseG1GC                                  = true                                      {product} {ergonomic}
     bool UseLargePagesIndividualAllocation        = false                                  {pd product} {ergonomic}

Logging:
Log output configuration:
 #0: stdout all=warning uptime,level,tags
 #1: stderr all=off uptime,level,tags

Environment Variables:
JAVA_HOME=C:\Program Files\Java\jdk-17
PATH=C:\Program Files\Common Files\Oracle\Java\javapath;C:\Program Files\AdoptOpenJDK\jdk-15.0.2.7-hotspot\bin;C:\Program Files (x86)\Intel\iCLS Client\;C:\Program Files\Intel\iCLS Client\;C:\WINDOWS\system32;C:\WINDOWS;C:\WINDOWS\System32\Wbem;C:\WINDOWS\System32\WindowsPowerShell\v1.0\;C:\Program Files (x86)\Intel\Intel(R) Management Engine Components\DAL;C:\Program Files\Intel\Intel(R) Management Engine Components\DAL;C:\Program Files (x86)\Intel\Intel(R) Management Engine Components\IPT;C:\Program Files\Intel\Intel(R) Management Engine Components\IPT;C:\Program Files\Intel\WiFi\bin\;C:\Program Files\Common Files\Intel\WirelessCommon\;C:\WINDOWS\System32\OpenSSH\;C:\Users\hippo\AppData\Roaming\Python\Python38\Scripts;D:\Matlab\R2021a\bin;D:\zz\mingw64\bin;D:\Git_Folder\Git\cmd;C:\Program Files\TortoiseGit\bin;C:\Program Files\Java\jdk-17\bin;D:\Anaconda;D:\Anaconda\Library\mingw-w64\bin;D:\Anaconda\Library\usr\bin;D:\Anaconda\Library\bin;D:\Anaconda\Scripts;C:\Users\hippo\AppData\Local\Microsoft\WindowsApps;C:\Users\hippo\AppData\Roaming\Python\Python38\Scripts;D:\Microsoft VS Code\bin
USERNAME=hippo
OS=Windows_NT
PROCESSOR_IDENTIFIER=Intel64 Family 6 Model 142 Stepping 10, GenuineIntel



---------------  S Y S T E M  ---------------

OS: Windows 10 , 64 bit Build 19041 (10.0.19041.1202)
OS uptime: 1 days 22:53 hours

CPU:total 8 (initial active 8) (4 cores per cpu, 2 threads per core) family 6 model 142 stepping 10 microcode 0xb4, cmov, cx8, fxsr, mmx, sse, sse2, sse3, ssse3, sse4.1, sse4.2, popcnt, avx, avx2, aes, clmul, erms, 3dnowpref, lzcnt, ht, tsc, tscinvbit, bmi1, bmi2, adx, fma

Memory: 4k page, system-wide physical 8107M (456M free)
TotalPageFile size 11925M (AvailPageFile size 0M)
current process WorkingSet (physical memory assigned to process): 372M, peak: 411M
current process commit charge ("private bytes"): 405M, peak: 444M

vm_info: OpenJDK 64-Bit Server VM (11.0.10+0-b96-7249189) for windows-amd64 JRE (11.0.10+0-b96-7249189), built on Mar 31 2021 21:44:00 by "builder" with MS VC++ 14.0 (VS2015)

END.
