#
# There is insufficient memory for the Java Runtime Environment to continue.
# Native memory allocation (malloc) failed to allocate 179696 bytes for Chunk::new
# Possible reasons:
#   The system is out of physical RAM or swap space
#   The process is running with CompressedOops enabled, and the Java Heap may be blocking the growth of the native heap
# Possible solutions:
#   Reduce memory load on the system
#   Increase physical memory or swap space
#   Check if swap backing store is full
#   Decrease Java heap size (-Xmx/-Xms)
#   Decrease number of Java threads
#   Set larger code cache with -XX:ReservedCodeCacheSize=
#   JVM is running with Unscaled Compressed Oops mode in which the Java heap is
#     placed in the first 4GB address space. The Java Heap base address is the
#     maximum limit for the native heap growth. Please use -XX:HeapBaseMinAddress
#     to set the Java Heap base and to place the Java Heap above 4GB virtual address.
# This output file may be truncated or incomplete.
#
#  Out of Memory Error (./src/hotspot/share/memory/arena.cpp:197), pid=14480, tid=8020
#
# JRE version: OpenJDK Runtime Environment (11.0.10) (build 11.0.10+0-b96-7249189)
# Java VM: OpenJDK 64-Bit Server VM (11.0.10+0-b96-7249189, mixed mode, tiered, compressed oops, g1 gc, windows-amd64)
# No core dump will be written. Minidumps are not enabled by default on client versions of Windows
#

---------------  S U M M A R Y ------------

Command Line: --add-opens=java.base/java.util=ALL-UNNAMED --add-opens=java.base/java.lang=ALL-UNNAMED --add-opens=java.base/java.lang.invoke=ALL-UNNAMED --add-opens=java.base/java.util=ALL-UNNAMED --add-opens=java.prefs/java.util.prefs=ALL-UNNAMED --add-opens=java.prefs/java.util.prefs=ALL-UNNAMED --add-opens=java.base/java.nio.charset=ALL-UNNAMED --add-opens=java.base/java.net=ALL-UNNAMED --add-opens=java.base/java.util.concurrent.atomic=ALL-UNNAMED -Xmx2048m -Dfile.encoding=UTF-8 -Duser.country=KR -Duser.language=ko -Duser.variant org.gradle.launcher.daemon.bootstrap.GradleDaemon 7.0.2

Host: Intel(R) Core(TM) i5-8250U CPU @ 1.60GHz, 8 cores, 7G,  Windows 10 , 64 bit Build 19041 (10.0.19041.1202)
Time: Tue Oct 19 13:02:46 2021 대한민국 표준시 elapsed time: 11.779643 seconds (0d 0h 0m 11s)

---------------  T H R E A D  ---------------

Current thread (0x000001a1d2344800):  JavaThread "C2 CompilerThread0" daemon [_thread_in_native, id=8020, stack(0x00000026fbe00000,0x00000026fbf00000)]


Current CompileTask:
C2:  11779 2544   !   4       java.lang.reflect.Executable::declaredAnnotations (85 bytes)

Stack: [0x00000026fbe00000,0x00000026fbf00000]
Native frames: (J=compiled Java code, j=interpreted, Vv=VM code, C=native code)
V  [jvm.dll+0x5ecfaa]
V  [jvm.dll+0x722bd5]
V  [jvm.dll+0x72412d]
V  [jvm.dll+0x7247e3]
V  [jvm.dll+0x242928]
V  [jvm.dll+0xbc4fc]
V  [jvm.dll+0xbca0c]
V  [jvm.dll+0x352d3b]
V  [jvm.dll+0x320ad3]
V  [jvm.dll+0x31ffca]
V  [jvm.dll+0x1fb602]
V  [jvm.dll+0x1fa7f4]
V  [jvm.dll+0x18354c]
V  [jvm.dll+0x208ee7]
V  [jvm.dll+0x207731]
V  [jvm.dll+0x6eb1cf]
V  [jvm.dll+0x6e3d45]
V  [jvm.dll+0x5ebe96]
C  [ucrtbase.dll+0x21bb2]
C  [KERNEL32.DLL+0x17034]
C  [ntdll.dll+0x52651]


---------------  P R O C E S S  ---------------

Threads class SMR info:
_java_thread_list=0x000001a1d3d43470, length=30, elements={
0x000001a1b7ebd000, 0x000001a1d2324000, 0x000001a1d2325000, 0x000001a1d233e800,
0x000001a1d2340800, 0x000001a1d2341800, 0x000001a1d2344800, 0x000001a1d234a000,
0x000001a1d234b000, 0x000001a1d2da9000, 0x000001a1d2f46800, 0x000001a1d3fa2800,
0x000001a1d627a800, 0x000001a1d4e9f000, 0x000001a1d4e9a000, 0x000001a1d4e9b000,
0x000001a1d4e9b800, 0x000001a1d4e9f800, 0x000001a1d4e9c800, 0x000001a1d4ea0800,
0x000001a1d4e9d800, 0x000001a1d4e9e000, 0x000001a1d53fa000, 0x000001a1d53f7800,
0x000001a1d53fc800, 0x000001a1d53fe000, 0x000001a1d53f8800, 0x000001a1d53ff000,
0x000001a1d53fb000, 0x000001a1d53fb800
}

Java Threads: ( => current thread )
  0x000001a1b7ebd000 JavaThread "main" [_thread_blocked, id=11580, stack(0x00000026fb200000,0x00000026fb300000)]
  0x000001a1d2324000 JavaThread "Reference Handler" daemon [_thread_blocked, id=5452, stack(0x00000026fb900000,0x00000026fba00000)]
  0x000001a1d2325000 JavaThread "Finalizer" daemon [_thread_blocked, id=5504, stack(0x00000026fba00000,0x00000026fbb00000)]
  0x000001a1d233e800 JavaThread "Signal Dispatcher" daemon [_thread_blocked, id=1936, stack(0x00000026fbb00000,0x00000026fbc00000)]
  0x000001a1d2340800 JavaThread "Attach Listener" daemon [_thread_blocked, id=7464, stack(0x00000026fbc00000,0x00000026fbd00000)]
  0x000001a1d2341800 JavaThread "Service Thread" daemon [_thread_blocked, id=1552, stack(0x00000026fbd00000,0x00000026fbe00000)]
=>0x000001a1d2344800 JavaThread "C2 CompilerThread0" daemon [_thread_in_native, id=8020, stack(0x00000026fbe00000,0x00000026fbf00000)]
  0x000001a1d234a000 JavaThread "C1 CompilerThread0" daemon [_thread_blocked, id=12604, stack(0x00000026fbf00000,0x00000026fc000000)]
  0x000001a1d234b000 JavaThread "Sweeper thread" daemon [_thread_blocked, id=5112, stack(0x00000026fc000000,0x00000026fc100000)]
  0x000001a1d2da9000 JavaThread "Common-Cleaner" daemon [_thread_blocked, id=13492, stack(0x00000026fc100000,0x00000026fc200000)]
  0x000001a1d2f46800 JavaThread "Daemon health stats" [_thread_blocked, id=10588, stack(0x00000026fc600000,0x00000026fc700000)]
  0x000001a1d3fa2800 JavaThread "Incoming local TCP Connector on port 53292" [_thread_in_native, id=10480, stack(0x00000026fc300000,0x00000026fc400000)]
  0x000001a1d627a800 JavaThread "Daemon periodic checks" [_thread_blocked, id=8304, stack(0x00000026fc700000,0x00000026fc800000)]
  0x000001a1d4e9f000 JavaThread "Daemon" [_thread_blocked, id=8680, stack(0x00000026fc800000,0x00000026fc900000)]
  0x000001a1d4e9a000 JavaThread "Handler for socket connection from /127.0.0.1:53292 to /127.0.0.1:53293" [_thread_in_native, id=12220, stack(0x00000026fc900000,0x00000026fca00000)]
  0x000001a1d4e9b000 JavaThread "Cancel handler" [_thread_blocked, id=7576, stack(0x00000026fca00000,0x00000026fcb00000)]
  0x000001a1d4e9b800 JavaThread "Daemon worker" [_thread_in_vm, id=12428, stack(0x00000026fcb00000,0x00000026fcc00000)]
  0x000001a1d4e9f800 JavaThread "Asynchronous log dispatcher for DefaultDaemonConnection: socket connection from /127.0.0.1:53292 to /127.0.0.1:53293" [_thread_blocked, id=14424, stack(0x00000026fcc00000,0x00000026fcd00000)]
  0x000001a1d4e9c800 JavaThread "Stdin handler" [_thread_blocked, id=7176, stack(0x00000026fcd00000,0x00000026fce00000)]
  0x000001a1d4ea0800 JavaThread "Daemon client event forwarder" [_thread_blocked, id=1848, stack(0x00000026fce00000,0x00000026fcf00000)]
  0x000001a1d4e9d800 JavaThread "Cache worker for file hash cache (C:\Users\hippo\.gradle\caches\7.0.2\fileHashes)" [_thread_blocked, id=14644, stack(0x00000026fd400000,0x00000026fd500000)]
  0x000001a1d4e9e000 JavaThread "File lock request listener" [_thread_in_native, id=14756, stack(0x00000026fd500000,0x00000026fd600000)]
  0x000001a1d53fa000 JavaThread "Cache worker for journal cache (C:\Users\hippo\.gradle\caches\journal-1)" [_thread_blocked, id=5108, stack(0x00000026fd700000,0x00000026fd800000)]
  0x000001a1d53f7800 JavaThread "Cache worker for file hash cache (C:\Users\hippo\AndroidStudioProjects\Registration\Registration\.gradle\7.0.2\fileHashes)" [_thread_blocked, id=13084, stack(0x00000026fd800000,0x00000026fd900000)]
  0x000001a1d53fc800 JavaThread "File watcher server" daemon [_thread_in_native, id=13072, stack(0x00000026fd900000,0x00000026fda00000)]
  0x000001a1d53fe000 JavaThread "File watcher consumer" daemon [_thread_blocked, id=14888, stack(0x00000026fda00000,0x00000026fdb00000)]
  0x000001a1d53f8800 JavaThread "Cache worker for checksums cache (C:\Users\hippo\AndroidStudioProjects\Registration\Registration\.gradle\checksums)" [_thread_blocked, id=2176, stack(0x00000026fdb00000,0x00000026fdc00000)]
  0x000001a1d53ff000 JavaThread "Cache worker for cache directory md-supplier (C:\Users\hippo\.gradle\caches\7.0.2\md-supplier)" [_thread_blocked, id=10580, stack(0x00000026fdc00000,0x00000026fdd00000)]
  0x000001a1d53fb000 JavaThread "Cache worker for cache directory md-rule (C:\Users\hippo\.gradle\caches\7.0.2\md-rule)" [_thread_blocked, id=6992, stack(0x00000026fdd00000,0x00000026fde00000)]
  0x000001a1d53fb800 JavaThread "Cache worker for execution history cache (C:\Users\hippo\.gradle\caches\7.0.2\executionHistory)" [_thread_blocked, id=3108, stack(0x00000026fde00000,0x00000026fdf00000)]

Other Threads:
  0x000001a1d2321000 VMThread "VM Thread" [stack: 0x00000026fb800000,0x00000026fb900000] [id=5444]
  0x000001a1d2dba000 WatcherThread [stack: 0x00000026fc200000,0x00000026fc300000] [id=6040]
  0x000001a1b7ed4800 GCTaskThread "GC Thread#0" [stack: 0x00000026fb300000,0x00000026fb400000] [id=5396]
  0x000001a1d378c000 GCTaskThread "GC Thread#1" [stack: 0x00000026fc400000,0x00000026fc500000] [id=10896]
  0x000001a1d3796000 GCTaskThread "GC Thread#2" [stack: 0x00000026fc500000,0x00000026fc600000] [id=1524]
  0x000001a1d5023000 GCTaskThread "GC Thread#3" [stack: 0x00000026fcf00000,0x00000026fd000000] [id=8208]
  0x000001a1d6057800 GCTaskThread "GC Thread#4" [stack: 0x00000026fd000000,0x00000026fd100000] [id=1344]
  0x000001a1d4fcb000 GCTaskThread "GC Thread#5" [stack: 0x00000026fd100000,0x00000026fd200000] [id=7308]
  0x000001a1d50cf800 GCTaskThread "GC Thread#6" [stack: 0x00000026fd200000,0x00000026fd300000] [id=10776]
  0x000001a1d2f3a800 GCTaskThread "GC Thread#7" [stack: 0x00000026fd300000,0x00000026fd400000] [id=1448]
  0x000001a1b7f05000 ConcurrentGCThread "G1 Main Marker" [stack: 0x00000026fb400000,0x00000026fb500000] [id=14856]
  0x000001a1b7f07000 ConcurrentGCThread "G1 Conc#0" [stack: 0x00000026fb500000,0x00000026fb600000] [id=13116]
  0x000001a1d3017800 ConcurrentGCThread "G1 Conc#1" [stack: 0x00000026fd600000,0x00000026fd700000] [id=3512]
  0x000001a1d2170800 ConcurrentGCThread "G1 Refine#0" [stack: 0x00000026fb600000,0x00000026fb700000] [id=14112]
  0x000001a1d2171000 ConcurrentGCThread "G1 Young RemSet Sampling" [stack: 0x00000026fb700000,0x00000026fb800000] [id=7404]

Threads with active compile tasks:
C2 CompilerThread0  11902 2544   !   4       java.lang.reflect.Executable::declaredAnnotations (85 bytes)

VM state:not at safepoint (normal execution)

VM Mutex/Monitor currently owned by a thread: None

Heap address: 0x0000000080000000, size: 2048 MB, Compressed Oops mode: 32-bit
Narrow klass base: 0x0000000000000000, Narrow klass shift: 3
Compressed class space size: 1073741824 Address: 0x0000000100000000

Heap:
 garbage-first heap   total 131072K, used 56724K [0x0000000080000000, 0x0000000100000000)
  region size 1024K, 41 young (41984K), 3 survivors (3072K)
 Metaspace       used 30190K, capacity 30883K, committed 30976K, reserved 1075200K
  class space    used 4040K, capacity 4274K, committed 4352K, reserved 1048576K
Heap Regions: E=young(eden), S=young(survivor), O=old, HS=humongous(starts), HC=humongous(continues), CS=collection set, F=free, A=archive, TAMS=top-at-mark-start (previous, next)
|   0|0x0000000080000000, 0x0000000080100000, 0x0000000080100000|100%| O|  |TAMS 0x0000000080100000, 0x0000000080000000| Untracked 
|   1|0x0000000080100000, 0x0000000080200000, 0x0000000080200000|100%| O|  |TAMS 0x0000000080200000, 0x0000000080100000| Untracked 
|   2|0x0000000080200000, 0x0000000080300000, 0x0000000080300000|100%| O|  |TAMS 0x0000000080300000, 0x0000000080200000| Untracked 
|   3|0x0000000080300000, 0x0000000080400000, 0x0000000080400000|100%|HS|  |TAMS 0x0000000080400000, 0x0000000080300000| Complete 
|   4|0x0000000080400000, 0x0000000080500000, 0x0000000080500000|100%|HC|  |TAMS 0x0000000080500000, 0x0000000080400000| Complete 
|   5|0x0000000080500000, 0x0000000080600000, 0x0000000080600000|100%|HC|  |TAMS 0x0000000080600000, 0x0000000080500000| Complete 
|   6|0x0000000080600000, 0x0000000080700000, 0x0000000080700000|100%| O|  |TAMS 0x0000000080700000, 0x0000000080600000| Untracked 
|   7|0x0000000080700000, 0x0000000080800000, 0x0000000080800000|100%| O|  |TAMS 0x0000000080800000, 0x0000000080700000| Untracked 
|   8|0x0000000080800000, 0x0000000080900000, 0x0000000080900000|100%| O|  |TAMS 0x0000000080900000, 0x0000000080800000| Untracked 
|   9|0x0000000080900000, 0x0000000080a00000, 0x0000000080a00000|100%| O|  |TAMS 0x0000000080a00000, 0x0000000080900000| Untracked 
|  10|0x0000000080a00000, 0x0000000080b00000, 0x0000000080b00000|100%| O|  |TAMS 0x0000000080b00000, 0x0000000080a00000| Untracked 
|  11|0x0000000080b00000, 0x0000000080c00000, 0x0000000080c00000|100%| O|  |TAMS 0x0000000080c00000, 0x0000000080b00000| Untracked 
|  12|0x0000000080c00000, 0x0000000080d00000, 0x0000000080d00000|100%| O|  |TAMS 0x0000000080d00000, 0x0000000080c00000| Untracked 
|  13|0x0000000080d00000, 0x0000000080e00000, 0x0000000080e00000|100%| O|  |TAMS 0x0000000080e00000, 0x0000000080d00000| Untracked 
|  14|0x0000000080e00000, 0x0000000080f00000, 0x0000000080f00000|100%| O|  |TAMS 0x0000000080f00000, 0x0000000080e00000| Untracked 
|  15|0x0000000080f00000, 0x0000000080fc2600, 0x0000000081000000| 75%| O|  |TAMS 0x0000000080fc2600, 0x0000000080f00000| Untracked 
|  16|0x0000000081000000, 0x0000000081000000, 0x0000000081100000|  0%| F|  |TAMS 0x0000000081000000, 0x0000000081000000| Untracked 
|  17|0x0000000081100000, 0x0000000081100000, 0x0000000081200000|  0%| F|  |TAMS 0x0000000081100000, 0x0000000081100000| Untracked 
|  18|0x0000000081200000, 0x0000000081200000, 0x0000000081300000|  0%| F|  |TAMS 0x0000000081200000, 0x0000000081200000| Untracked 
|  19|0x0000000081300000, 0x0000000081300000, 0x0000000081400000|  0%| F|  |TAMS 0x0000000081300000, 0x0000000081300000| Untracked 
|  20|0x0000000081400000, 0x0000000081400000, 0x0000000081500000|  0%| F|  |TAMS 0x0000000081400000, 0x0000000081400000| Untracked 
|  21|0x0000000081500000, 0x0000000081500000, 0x0000000081600000|  0%| F|  |TAMS 0x0000000081500000, 0x0000000081500000| Untracked 
|  22|0x0000000081600000, 0x0000000081600000, 0x0000000081700000|  0%| F|  |TAMS 0x0000000081600000, 0x0000000081600000| Untracked 
|  23|0x0000000081700000, 0x0000000081700000, 0x0000000081800000|  0%| F|  |TAMS 0x0000000081700000, 0x0000000081700000| Untracked 
|  24|0x0000000081800000, 0x0000000081800000, 0x0000000081900000|  0%| F|  |TAMS 0x0000000081800000, 0x0000000081800000| Untracked 
|  25|0x0000000081900000, 0x0000000081900000, 0x0000000081a00000|  0%| F|  |TAMS 0x0000000081900000, 0x0000000081900000| Untracked 
|  26|0x0000000081a00000, 0x0000000081a00000, 0x0000000081b00000|  0%| F|  |TAMS 0x0000000081a00000, 0x0000000081a00000| Untracked 
|  27|0x0000000081b00000, 0x0000000081b00000, 0x0000000081c00000|  0%| F|  |TAMS 0x0000000081b00000, 0x0000000081b00000| Untracked 
|  28|0x0000000081c00000, 0x0000000081c00000, 0x0000000081d00000|  0%| F|  |TAMS 0x0000000081c00000, 0x0000000081c00000| Untracked 
|  29|0x0000000081d00000, 0x0000000081d00000, 0x0000000081e00000|  0%| F|  |TAMS 0x0000000081d00000, 0x0000000081d00000| Untracked 
|  30|0x0000000081e00000, 0x0000000081e00000, 0x0000000081f00000|  0%| F|  |TAMS 0x0000000081e00000, 0x0000000081e00000| Untracked 
|  31|0x0000000081f00000, 0x0000000081f00000, 0x0000000082000000|  0%| F|  |TAMS 0x0000000081f00000, 0x0000000081f00000| Untracked 
|  32|0x0000000082000000, 0x0000000082000000, 0x0000000082100000|  0%| F|  |TAMS 0x0000000082000000, 0x0000000082000000| Untracked 
|  33|0x0000000082100000, 0x0000000082100000, 0x0000000082200000|  0%| F|  |TAMS 0x0000000082100000, 0x0000000082100000| Untracked 
|  34|0x0000000082200000, 0x0000000082200000, 0x0000000082300000|  0%| F|  |TAMS 0x0000000082200000, 0x0000000082200000| Untracked 
|  35|0x0000000082300000, 0x0000000082300000, 0x0000000082400000|  0%| F|  |TAMS 0x0000000082300000, 0x0000000082300000| Untracked 
|  36|0x0000000082400000, 0x0000000082400000, 0x0000000082500000|  0%| F|  |TAMS 0x0000000082400000, 0x0000000082400000| Untracked 
|  37|0x0000000082500000, 0x0000000082500000, 0x0000000082600000|  0%| F|  |TAMS 0x0000000082500000, 0x0000000082500000| Untracked 
|  38|0x0000000082600000, 0x0000000082600000, 0x0000000082700000|  0%| F|  |TAMS 0x0000000082600000, 0x0000000082600000| Untracked 
|  39|0x0000000082700000, 0x0000000082700000, 0x0000000082800000|  0%| F|  |TAMS 0x0000000082700000, 0x0000000082700000| Untracked 
|  40|0x0000000082800000, 0x0000000082800000, 0x0000000082900000|  0%| F|  |TAMS 0x0000000082800000, 0x0000000082800000| Untracked 
|  41|0x0000000082900000, 0x0000000082900000, 0x0000000082a00000|  0%| F|  |TAMS 0x0000000082900000, 0x0000000082900000| Untracked 
|  42|0x0000000082a00000, 0x0000000082a00000, 0x0000000082b00000|  0%| F|  |TAMS 0x0000000082a00000, 0x0000000082a00000| Untracked 
|  43|0x0000000082b00000, 0x0000000082b00000, 0x0000000082c00000|  0%| F|  |TAMS 0x0000000082b00000, 0x0000000082b00000| Untracked 
|  44|0x0000000082c00000, 0x0000000082c00000, 0x0000000082d00000|  0%| F|  |TAMS 0x0000000082c00000, 0x0000000082c00000| Untracked 
|  45|0x0000000082d00000, 0x0000000082d00000, 0x0000000082e00000|  0%| F|  |TAMS 0x0000000082d00000, 0x0000000082d00000| Untracked 
|  46|0x0000000082e00000, 0x0000000082e00000, 0x0000000082f00000|  0%| F|  |TAMS 0x0000000082e00000, 0x0000000082e00000| Untracked 
|  47|0x0000000082f00000, 0x0000000082f00000, 0x0000000083000000|  0%| F|  |TAMS 0x0000000082f00000, 0x0000000082f00000| Untracked 
|  48|0x0000000083000000, 0x0000000083000000, 0x0000000083100000|  0%| F|  |TAMS 0x0000000083000000, 0x0000000083000000| Untracked 
|  49|0x0000000083100000, 0x0000000083100000, 0x0000000083200000|  0%| F|  |TAMS 0x0000000083100000, 0x0000000083100000| Untracked 
|  50|0x0000000083200000, 0x0000000083200000, 0x0000000083300000|  0%| F|  |TAMS 0x0000000083200000, 0x0000000083200000| Untracked 
|  51|0x0000000083300000, 0x0000000083300000, 0x0000000083400000|  0%| F|  |TAMS 0x0000000083300000, 0x0000000083300000| Untracked 
|  52|0x0000000083400000, 0x0000000083400000, 0x0000000083500000|  0%| F|  |TAMS 0x0000000083400000, 0x0000000083400000| Untracked 
|  53|0x0000000083500000, 0x0000000083500000, 0x0000000083600000|  0%| F|  |TAMS 0x0000000083500000, 0x0000000083500000| Untracked 
|  54|0x0000000083600000, 0x0000000083600000, 0x0000000083700000|  0%| F|  |TAMS 0x0000000083600000, 0x0000000083600000| Untracked 
|  55|0x0000000083700000, 0x0000000083700000, 0x0000000083800000|  0%| F|  |TAMS 0x0000000083700000, 0x0000000083700000| Untracked 
|  56|0x0000000083800000, 0x0000000083800000, 0x0000000083900000|  0%| F|  |TAMS 0x0000000083800000, 0x0000000083800000| Untracked 
|  57|0x0000000083900000, 0x0000000083900000, 0x0000000083a00000|  0%| F|  |TAMS 0x0000000083900000, 0x0000000083900000| Untracked 
|  58|0x0000000083a00000, 0x0000000083a00000, 0x0000000083b00000|  0%| F|  |TAMS 0x0000000083a00000, 0x0000000083a00000| Untracked 
|  59|0x0000000083b00000, 0x0000000083b00000, 0x0000000083c00000|  0%| F|  |TAMS 0x0000000083b00000, 0x0000000083b00000| Untracked 
|  60|0x0000000083c00000, 0x0000000083c00000, 0x0000000083d00000|  0%| F|  |TAMS 0x0000000083c00000, 0x0000000083c00000| Untracked 
|  61|0x0000000083d00000, 0x0000000083d00000, 0x0000000083e00000|  0%| F|  |TAMS 0x0000000083d00000, 0x0000000083d00000| Untracked 
|  62|0x0000000083e00000, 0x0000000083e00000, 0x0000000083f00000|  0%| F|  |TAMS 0x0000000083e00000, 0x0000000083e00000| Untracked 
|  63|0x0000000083f00000, 0x0000000083f00000, 0x0000000084000000|  0%| F|  |TAMS 0x0000000083f00000, 0x0000000083f00000| Untracked 
|  64|0x0000000084000000, 0x0000000084000000, 0x0000000084100000|  0%| F|  |TAMS 0x0000000084000000, 0x0000000084000000| Untracked 
|  65|0x0000000084100000, 0x0000000084100000, 0x0000000084200000|  0%| F|  |TAMS 0x0000000084100000, 0x0000000084100000| Untracked 
|  66|0x0000000084200000, 0x0000000084200000, 0x0000000084300000|  0%| F|  |TAMS 0x0000000084200000, 0x0000000084200000| Untracked 
|  67|0x0000000084300000, 0x0000000084300000, 0x0000000084400000|  0%| F|  |TAMS 0x0000000084300000, 0x0000000084300000| Untracked 
|  68|0x0000000084400000, 0x00000000844a2c38, 0x0000000084500000| 63%| S|CS|TAMS 0x0000000084400000, 0x0000000084400000| Complete 
|  69|0x0000000084500000, 0x0000000084600000, 0x0000000084600000|100%| S|CS|TAMS 0x0000000084500000, 0x0000000084500000| Complete 
|  70|0x0000000084600000, 0x0000000084700000, 0x0000000084700000|100%| S|CS|TAMS 0x0000000084600000, 0x0000000084600000| Complete 
|  71|0x0000000084700000, 0x0000000084700000, 0x0000000084800000|  0%| F|  |TAMS 0x0000000084700000, 0x0000000084700000| Untracked 
|  72|0x0000000084800000, 0x0000000084800000, 0x0000000084900000|  0%| F|  |TAMS 0x0000000084800000, 0x0000000084800000| Untracked 
|  73|0x0000000084900000, 0x0000000084900000, 0x0000000084a00000|  0%| F|  |TAMS 0x0000000084900000, 0x0000000084900000| Untracked 
|  74|0x0000000084a00000, 0x0000000084a00000, 0x0000000084b00000|  0%| F|  |TAMS 0x0000000084a00000, 0x0000000084a00000| Untracked 
|  75|0x0000000084b00000, 0x0000000084b00000, 0x0000000084c00000|  0%| F|  |TAMS 0x0000000084b00000, 0x0000000084b00000| Untracked 
|  76|0x0000000084c00000, 0x0000000084c00000, 0x0000000084d00000|  0%| F|  |TAMS 0x0000000084c00000, 0x0000000084c00000| Untracked 
|  77|0x0000000084d00000, 0x0000000084d00000, 0x0000000084e00000|  0%| F|  |TAMS 0x0000000084d00000, 0x0000000084d00000| Untracked 
|  78|0x0000000084e00000, 0x0000000084e00000, 0x0000000084f00000|  0%| F|  |TAMS 0x0000000084e00000, 0x0000000084e00000| Untracked 
|  79|0x0000000084f00000, 0x0000000084f00000, 0x0000000085000000|  0%| F|  |TAMS 0x0000000084f00000, 0x0000000084f00000| Untracked 
|  80|0x0000000085000000, 0x0000000085000000, 0x0000000085100000|  0%| F|  |TAMS 0x0000000085000000, 0x0000000085000000| Untracked 
|  81|0x0000000085100000, 0x0000000085100000, 0x0000000085200000|  0%| F|  |TAMS 0x0000000085100000, 0x0000000085100000| Untracked 
|  82|0x0000000085200000, 0x0000000085200000, 0x0000000085300000|  0%| F|  |TAMS 0x0000000085200000, 0x0000000085200000| Untracked 
|  83|0x0000000085300000, 0x0000000085300000, 0x0000000085400000|  0%| F|  |TAMS 0x0000000085300000, 0x0000000085300000| Untracked 
|  84|0x0000000085400000, 0x0000000085400000, 0x0000000085500000|  0%| F|  |TAMS 0x0000000085400000, 0x0000000085400000| Untracked 
|  85|0x0000000085500000, 0x0000000085500000, 0x0000000085600000|  0%| F|  |TAMS 0x0000000085500000, 0x0000000085500000| Untracked 
|  86|0x0000000085600000, 0x0000000085600000, 0x0000000085700000|  0%| F|  |TAMS 0x0000000085600000, 0x0000000085600000| Untracked 
|  87|0x0000000085700000, 0x0000000085700000, 0x0000000085800000|  0%| F|  |TAMS 0x0000000085700000, 0x0000000085700000| Untracked 
|  88|0x0000000085800000, 0x0000000085800000, 0x0000000085900000|  0%| F|  |TAMS 0x0000000085800000, 0x0000000085800000| Untracked 
|  89|0x0000000085900000, 0x0000000085900000, 0x0000000085a00000|  0%| F|  |TAMS 0x0000000085900000, 0x0000000085900000| Untracked 
|  90|0x0000000085a00000, 0x0000000085b00000, 0x0000000085b00000|100%| E|  |TAMS 0x0000000085a00000, 0x0000000085a00000| Complete 
|  91|0x0000000085b00000, 0x0000000085c00000, 0x0000000085c00000|100%| E|CS|TAMS 0x0000000085b00000, 0x0000000085b00000| Complete 
|  92|0x0000000085c00000, 0x0000000085d00000, 0x0000000085d00000|100%| E|CS|TAMS 0x0000000085c00000, 0x0000000085c00000| Complete 
|  93|0x0000000085d00000, 0x0000000085e00000, 0x0000000085e00000|100%| E|CS|TAMS 0x0000000085d00000, 0x0000000085d00000| Complete 
|  94|0x0000000085e00000, 0x0000000085f00000, 0x0000000085f00000|100%| E|CS|TAMS 0x0000000085e00000, 0x0000000085e00000| Complete 
|  95|0x0000000085f00000, 0x0000000086000000, 0x0000000086000000|100%| E|CS|TAMS 0x0000000085f00000, 0x0000000085f00000| Complete 
|  96|0x0000000086000000, 0x0000000086100000, 0x0000000086100000|100%| E|CS|TAMS 0x0000000086000000, 0x0000000086000000| Complete 
|  97|0x0000000086100000, 0x0000000086200000, 0x0000000086200000|100%| E|CS|TAMS 0x0000000086100000, 0x0000000086100000| Complete 
|  98|0x0000000086200000, 0x0000000086300000, 0x0000000086300000|100%| E|CS|TAMS 0x0000000086200000, 0x0000000086200000| Complete 
|  99|0x0000000086300000, 0x0000000086400000, 0x0000000086400000|100%| E|CS|TAMS 0x0000000086300000, 0x0000000086300000| Complete 
| 100|0x0000000086400000, 0x0000000086500000, 0x0000000086500000|100%| E|CS|TAMS 0x0000000086400000, 0x0000000086400000| Complete 
| 101|0x0000000086500000, 0x0000000086600000, 0x0000000086600000|100%| E|CS|TAMS 0x0000000086500000, 0x0000000086500000| Complete 
| 102|0x0000000086600000, 0x0000000086700000, 0x0000000086700000|100%| E|CS|TAMS 0x0000000086600000, 0x0000000086600000| Complete 
| 103|0x0000000086700000, 0x0000000086800000, 0x0000000086800000|100%| E|CS|TAMS 0x0000000086700000, 0x0000000086700000| Complete 
| 104|0x0000000086800000, 0x0000000086900000, 0x0000000086900000|100%| E|CS|TAMS 0x0000000086800000, 0x0000000086800000| Complete 
| 105|0x0000000086900000, 0x0000000086a00000, 0x0000000086a00000|100%| E|CS|TAMS 0x0000000086900000, 0x0000000086900000| Complete 
| 106|0x0000000086a00000, 0x0000000086b00000, 0x0000000086b00000|100%| E|CS|TAMS 0x0000000086a00000, 0x0000000086a00000| Complete 
| 107|0x0000000086b00000, 0x0000000086c00000, 0x0000000086c00000|100%| E|CS|TAMS 0x0000000086b00000, 0x0000000086b00000| Complete 
| 108|0x0000000086c00000, 0x0000000086d00000, 0x0000000086d00000|100%| E|CS|TAMS 0x0000000086c00000, 0x0000000086c00000| Complete 
| 109|0x0000000086d00000, 0x0000000086e00000, 0x0000000086e00000|100%| E|CS|TAMS 0x0000000086d00000, 0x0000000086d00000| Complete 
| 110|0x0000000086e00000, 0x0000000086f00000, 0x0000000086f00000|100%| E|CS|TAMS 0x0000000086e00000, 0x0000000086e00000| Complete 
| 111|0x0000000086f00000, 0x0000000087000000, 0x0000000087000000|100%| E|CS|TAMS 0x0000000086f00000, 0x0000000086f00000| Complete 
| 112|0x0000000087000000, 0x0000000087100000, 0x0000000087100000|100%| E|CS|TAMS 0x0000000087000000, 0x0000000087000000| Complete 
| 113|0x0000000087100000, 0x0000000087200000, 0x0000000087200000|100%| E|CS|TAMS 0x0000000087100000, 0x0000000087100000| Complete 
| 114|0x0000000087200000, 0x0000000087300000, 0x0000000087300000|100%| E|CS|TAMS 0x0000000087200000, 0x0000000087200000| Complete 
| 115|0x0000000087300000, 0x0000000087400000, 0x0000000087400000|100%| E|CS|TAMS 0x0000000087300000, 0x0000000087300000| Complete 
| 116|0x0000000087400000, 0x0000000087500000, 0x0000000087500000|100%| E|CS|TAMS 0x0000000087400000, 0x0000000087400000| Complete 
| 117|0x0000000087500000, 0x0000000087600000, 0x0000000087600000|100%| E|CS|TAMS 0x0000000087500000, 0x0000000087500000| Complete 
| 118|0x0000000087600000, 0x0000000087700000, 0x0000000087700000|100%| E|CS|TAMS 0x0000000087600000, 0x0000000087600000| Complete 
| 119|0x0000000087700000, 0x0000000087800000, 0x0000000087800000|100%| E|CS|TAMS 0x0000000087700000, 0x0000000087700000| Complete 
| 120|0x0000000087800000, 0x0000000087900000, 0x0000000087900000|100%| E|CS|TAMS 0x0000000087800000, 0x0000000087800000| Complete 
| 121|0x0000000087900000, 0x0000000087a00000, 0x0000000087a00000|100%| E|CS|TAMS 0x0000000087900000, 0x0000000087900000| Complete 
| 122|0x0000000087a00000, 0x0000000087b00000, 0x0000000087b00000|100%| E|CS|TAMS 0x0000000087a00000, 0x0000000087a00000| Complete 
| 123|0x0000000087b00000, 0x0000000087c00000, 0x0000000087c00000|100%| E|CS|TAMS 0x0000000087b00000, 0x0000000087b00000| Complete 
| 124|0x0000000087c00000, 0x0000000087d00000, 0x0000000087d00000|100%| E|CS|TAMS 0x0000000087c00000, 0x0000000087c00000| Complete 
| 125|0x0000000087d00000, 0x0000000087e00000, 0x0000000087e00000|100%| E|CS|TAMS 0x0000000087d00000, 0x0000000087d00000| Complete 
| 126|0x0000000087e00000, 0x0000000087f00000, 0x0000000087f00000|100%| E|CS|TAMS 0x0000000087e00000, 0x0000000087e00000| Complete 
| 127|0x0000000087f00000, 0x0000000088000000, 0x0000000088000000|100%| E|CS|TAMS 0x0000000087f00000, 0x0000000087f00000| Complete 

Card table byte_map: [0x000001a1cb0e0000,0x000001a1cb4e0000] _byte_map_base: 0x000001a1cace0000

Marking Bits (Prev, Next): (CMBitMap*) 0x000001a1b7efc140, (CMBitMap*) 0x000001a1b7efc108
 Prev Bits: [0x000001a1cd8e0000, 0x000001a1cf8e0000)
 Next Bits: [0x000001a1cb8e0000, 0x000001a1cd8e0000)

Polling page: 0x000001a1b6050000

Metaspace:

Usage:
  Non-class:     26.05 MB capacity,    25.56 MB ( 98%) used,   439.56 KB (  2%) free+waste,    61.13 KB ( <1%) overhead. 
      Class:      4.17 MB capacity,     3.95 MB ( 95%) used,   197.63 KB (  5%) free+waste,    30.63 KB ( <1%) overhead. 
       Both:     30.22 MB capacity,    29.51 MB ( 98%) used,   637.20 KB (  2%) free+waste,    91.75 KB ( <1%) overhead. 

Virtual space:
  Non-class space:       28.00 MB reserved,      26.25 MB ( 94%) committed 
      Class space:        1.00 GB reserved,       4.25 MB ( <1%) committed 
             Both:        1.03 GB reserved,      30.50 MB (  3%) committed 

Chunk freelists:
   Non-Class:  15.00 KB
       Class:  14.00 KB
        Both:  29.00 KB

MaxMetaspaceSize: 17179869184.00 GB
CompressedClassSpaceSize: 1.00 GB

CodeHeap 'non-profiled nmethods': size=120000Kb used=1269Kb max_used=1269Kb free=118730Kb
 bounds [0x000001a1c3480000, 0x000001a1c36f0000, 0x000001a1ca9b0000]
CodeHeap 'profiled nmethods': size=120000Kb used=5573Kb max_used=5573Kb free=114426Kb
 bounds [0x000001a1bbf50000, 0x000001a1bc4d0000, 0x000001a1c3480000]
CodeHeap 'non-nmethods': size=5760Kb used=1168Kb max_used=1198Kb free=4591Kb
 bounds [0x000001a1bb9b0000, 0x000001a1bbc20000, 0x000001a1bbf50000]
 total_blobs=3063 nmethods=2550 adapters=424
 compilation: enabled
              stopped_count=0, restarted_count=0
 full_count=0

Compilation events (20 events):
Event: 11.770 Thread 0x000001a1d234a000 2548       1       org.gradle.internal.instantiation.generator.AbstractClassGenerator$ClassGenerationHandler::claimPropertyImplementation (2 bytes)
Event: 11.771 Thread 0x000001a1d234a000 nmethod 2548 0x000001a1c35bc110 code [0x000001a1c35bc2c0, 0x000001a1c35bc378]
Event: 11.771 Thread 0x000001a1d234a000 2549       1       org.gradle.internal.instantiation.generator.AbstractClassGenerator$PropertyMetadata::getMainGetter (5 bytes)
Event: 11.771 Thread 0x000001a1d234a000 nmethod 2549 0x000001a1c35bc410 code [0x000001a1c35bc5c0, 0x000001a1c35bc678]
Event: 11.771 Thread 0x000001a1d234a000 2550       1       org.gradle.internal.instantiation.generator.AbstractClassGenerator$PropertyMetadata::access$600 (5 bytes)
Event: 11.771 Thread 0x000001a1d234a000 nmethod 2550 0x000001a1c35bc710 code [0x000001a1c35bc8c0, 0x000001a1c35bc958]
Event: 11.771 Thread 0x000001a1d234a000 2545       1       sun.reflect.annotation.AnnotationType::memberTypes (5 bytes)
Event: 11.771 Thread 0x000001a1d234a000 nmethod 2545 0x000001a1c35bca10 code [0x000001a1c35bcbc0, 0x000001a1c35bcc78]
Event: 11.771 Thread 0x000001a1d234a000 2546       1       sun.reflect.annotation.AnnotationType::memberDefaults (5 bytes)
Event: 11.771 Thread 0x000001a1d234a000 nmethod 2546 0x000001a1c35bcd10 code [0x000001a1c35bcec0, 0x000001a1c35bcf78]
Event: 11.771 Thread 0x000001a1d234a000 2547       1       sun.reflect.annotation.AnnotationType::retention (5 bytes)
Event: 11.771 Thread 0x000001a1d234a000 nmethod 2547 0x000001a1c35bd010 code [0x000001a1c35bd1c0, 0x000001a1c35bd278]
Event: 11.771 Thread 0x000001a1d234a000 2553       3       org.gradle.internal.instantiation.generator.AsmBackedClassGenerator$ClassBuilderImpl::propFieldName (28 bytes)
Event: 11.772 Thread 0x000001a1d234a000 nmethod 2553 0x000001a1bc4bea10 code [0x000001a1bc4bec80, 0x000001a1bc4bf4b8]
Event: 11.772 Thread 0x000001a1d234a000 2554       3       org.objectweb.asm.Frame::setLocal (65 bytes)
Event: 11.773 Thread 0x000001a1d234a000 nmethod 2554 0x000001a1bc4bf810 code [0x000001a1bc4bfa00, 0x000001a1bc4bff28]
Event: 11.773 Thread 0x000001a1d234a000 2556       3       org.objectweb.asm.Handler::putExceptionTable (63 bytes)
Event: 11.774 Thread 0x000001a1d234a000 nmethod 2556 0x000001a1bc4c0110 code [0x000001a1bc4c0340, 0x000001a1bc4c07a8]
Event: 11.774 Thread 0x000001a1d234a000 2555       1       org.gradle.internal.instantiation.generator.AbstractClassGenerator$PropertyMetadata::getOverridableSetters (5 bytes)
Event: 11.774 Thread 0x000001a1d234a000 nmethod 2555 0x000001a1c35bd310 code [0x000001a1c35bd4c0, 0x000001a1c35bd578]

GC Heap History (8 events):
Event: 2.026 GC heap before
{Heap before GC invocations=0 (full 0):
 garbage-first heap   total 131072K, used 29696K [0x0000000080000000, 0x0000000100000000)
  region size 1024K, 24 young (24576K), 0 survivors (0K)
 Metaspace       used 10165K, capacity 10405K, committed 10624K, reserved 1058816K
  class space    used 1060K, capacity 1107K, committed 1152K, reserved 1048576K
}
Event: 2.033 GC heap after
{Heap after GC invocations=1 (full 0):
 garbage-first heap   total 131072K, used 9416K [0x0000000080000000, 0x0000000100000000)
  region size 1024K, 3 young (3072K), 3 survivors (3072K)
 Metaspace       used 10165K, capacity 10405K, committed 10624K, reserved 1058816K
  class space    used 1060K, capacity 1107K, committed 1152K, reserved 1048576K
}
Event: 7.123 GC heap before
{Heap before GC invocations=1 (full 0):
 garbage-first heap   total 131072K, used 84168K [0x0000000080000000, 0x0000000100000000)
  region size 1024K, 76 young (77824K), 3 survivors (3072K)
 Metaspace       used 17743K, capacity 18232K, committed 18432K, reserved 1064960K
  class space    used 2094K, capacity 2238K, committed 2304K, reserved 1048576K
}
Event: 7.134 GC heap after
{Heap after GC invocations=2 (full 0):
 garbage-first heap   total 131072K, used 16217K [0x0000000080000000, 0x0000000100000000)
  region size 1024K, 10 young (10240K), 10 survivors (10240K)
 Metaspace       used 17743K, capacity 18232K, committed 18432K, reserved 1064960K
  class space    used 2094K, capacity 2238K, committed 2304K, reserved 1048576K
}
Event: 7.998 GC heap before
{Heap before GC invocations=2 (full 0):
 garbage-first heap   total 131072K, used 38745K [0x0000000080000000, 0x0000000100000000)
  region size 1024K, 33 young (33792K), 10 survivors (10240K)
 Metaspace       used 20583K, capacity 21104K, committed 21248K, reserved 1067008K
  class space    used 2506K, capacity 2690K, committed 2816K, reserved 1048576K
}
Event: 8.013 GC heap after
{Heap after GC invocations=3 (full 0):
 garbage-first heap   total 131072K, used 17361K [0x0000000080000000, 0x0000000100000000)
  region size 1024K, 2 young (2048K), 2 survivors (2048K)
 Metaspace       used 20583K, capacity 21104K, committed 21248K, reserved 1067008K
  class space    used 2506K, capacity 2690K, committed 2816K, reserved 1048576K
}
Event: 10.114 GC heap before
{Heap before GC invocations=4 (full 0):
 garbage-first heap   total 131072K, used 73681K [0x0000000080000000, 0x0000000100000000)
  region size 1024K, 57 young (58368K), 2 survivors (2048K)
 Metaspace       used 26149K, capacity 26895K, committed 27008K, reserved 1073152K
  class space    used 3425K, capacity 3668K, committed 3712K, reserved 1048576K
}
Event: 10.119 GC heap after
{Heap after GC invocations=5 (full 0):
 garbage-first heap   total 131072K, used 18836K [0x0000000080000000, 0x0000000100000000)
  region size 1024K, 3 young (3072K), 3 survivors (3072K)
 Metaspace       used 26149K, capacity 26895K, committed 27008K, reserved 1073152K
  class space    used 3425K, capacity 3668K, committed 3712K, reserved 1048576K
}

Deoptimization events (20 events):
Event: 8.926 Thread 0x000001a1d4e9b800 Uncommon trap: trap_request=0xffffff4d fr.pc=0x000001a1c354bf7c relative=0x000000000000023c
Event: 8.926 Thread 0x000001a1d4e9b800 Uncommon trap: reason=unstable_if action=reinterpret pc=0x000001a1c354bf7c method=java.util.concurrent.ConcurrentHashMap.get(Ljava/lang/Object;)Ljava/lang/Object; @ 76 c2
Event: 8.926 Thread 0x000001a1d4e9b800 DEOPT PACKING pc=0x000001a1c354bf7c sp=0x00000026fcbfab10
Event: 8.926 Thread 0x000001a1d4e9b800 DEOPT UNPACKING pc=0x000001a1bb9d78af sp=0x00000026fcbfaa78 mode 2
Event: 9.721 Thread 0x000001a1d4e9b800 Uncommon trap: trap_request=0xffffffde fr.pc=0x000001a1c356a728 relative=0x00000000000002e8
Event: 9.721 Thread 0x000001a1d4e9b800 Uncommon trap: reason=class_check action=maybe_recompile pc=0x000001a1c356a728 method=java.util.Collections$SetFromMap.remove(Ljava/lang/Object;)Z @ 5 c2
Event: 9.721 Thread 0x000001a1d4e9b800 DEOPT PACKING pc=0x000001a1c356a728 sp=0x00000026fcbfc520
Event: 9.721 Thread 0x000001a1d4e9b800 DEOPT UNPACKING pc=0x000001a1bb9d78af sp=0x00000026fcbfc518 mode 2
Event: 9.721 Thread 0x000001a1d4e9b800 Uncommon trap: trap_request=0xffffffde fr.pc=0x000001a1c356a728 relative=0x00000000000002e8
Event: 9.721 Thread 0x000001a1d4e9b800 Uncommon trap: reason=class_check action=maybe_recompile pc=0x000001a1c356a728 method=java.util.Collections$SetFromMap.remove(Ljava/lang/Object;)Z @ 5 c2
Event: 9.721 Thread 0x000001a1d4e9b800 DEOPT PACKING pc=0x000001a1c356a728 sp=0x00000026fcbfc4a0
Event: 9.721 Thread 0x000001a1d4e9b800 DEOPT UNPACKING pc=0x000001a1bb9d78af sp=0x00000026fcbfc498 mode 2
Event: 10.740 Thread 0x000001a1d4e9b800 Uncommon trap: trap_request=0xffffff4d fr.pc=0x000001a1c35936cc relative=0x000000000000020c
Event: 10.740 Thread 0x000001a1d4e9b800 Uncommon trap: reason=unstable_if action=reinterpret pc=0x000001a1c35936cc method=java.util.HashMap.hash(Ljava/lang/Object;)I @ 1 c2
Event: 10.740 Thread 0x000001a1d4e9b800 DEOPT PACKING pc=0x000001a1c35936cc sp=0x00000026fcbf92b0
Event: 10.740 Thread 0x000001a1d4e9b800 DEOPT UNPACKING pc=0x000001a1bb9d78af sp=0x00000026fcbf91e8 mode 2
Event: 11.763 Thread 0x000001a1d4e9b800 Uncommon trap: trap_request=0xffffff4d fr.pc=0x000001a1c35b9c50 relative=0x00000000000001f0
Event: 11.763 Thread 0x000001a1d4e9b800 Uncommon trap: reason=unstable_if action=reinterpret pc=0x000001a1c35b9c50 method=java.util.HashMap.putVal(ILjava/lang/Object;Ljava/lang/Object;ZZ)Ljava/lang/Object; @ 162 c2
Event: 11.763 Thread 0x000001a1d4e9b800 DEOPT PACKING pc=0x000001a1c35b9c50 sp=0x00000026fcbfacb0
Event: 11.763 Thread 0x000001a1d4e9b800 DEOPT UNPACKING pc=0x000001a1bb9d78af sp=0x00000026fcbfac30 mode 2

Classes redefined (0 events):
No events

Internal exceptions (20 events):
Event: 8.046 Thread 0x000001a1d4e9b800 Exception <a 'java/lang/IncompatibleClassChangeError'{0x0000000087fb06a8}: Found class java.lang.Object, but interface was expected> (0x0000000087fb06a8) thrown at [./src/hotspot/share/interpreter/linkResolver.cpp, line 839]
Event: 8.069 Thread 0x000001a1d4e9b800 Exception <a 'java/lang/NoSuchMethodError'{0x0000000087e66958}: 'void java.lang.invoke.DirectMethodHandle$Holder.invokeStatic(java.lang.Object, java.lang.Object, java.lang.Object, java.lang.Object, java.lang.Object)'> (0x0000000087e66958) thrown at [./src/hotspot/share/interpreter/linkResolver.cpp, line 773]
Event: 8.429 Thread 0x000001a1d4e9b800 Exception <a 'java/lang/NoSuchMethodError'{0x0000000087ae9668}: 'void java.lang.invoke.DirectMethodHandle$Holder.invokeSpecial(java.lang.Object, java.lang.Object)'> (0x0000000087ae9668) thrown at [./src/hotspot/share/interpreter/linkResolver.cpp, line 773]
Event: 8.560 Thread 0x000001a1d4e9b800 Exception <a 'java/lang/NoSuchMethodError'{0x00000000877466d0}: 'java.lang.Object java.lang.invoke.DirectMethodHandle$Holder.invokeSpecial(java.lang.Object, java.lang.Object, java.lang.Object, java.lang.Object, java.lang.Object, java.lang.Object, java.lang.Object, java.lang.Object, java.lang.Object)'> (0x00000000877466d0) thrown at [./src/hotspot/share/interpreter/linkResolver.cpp, line 773]
Event: 8.812 Thread 0x000001a1d4e9b800 Exception <a 'java/lang/NoSuchMethodError'{0x0000000086edbd88}: 'java.lang.Object java.lang.invoke.DirectMethodHandle$Holder.invokeVirtual(java.lang.Object, java.lang.Object, java.lang.Object, java.lang.Object)'> (0x0000000086edbd88) thrown at [./src/hotspot/share/interpreter/linkResolver.cpp, line 773]
Event: 8.854 Thread 0x000001a1d4e9b800 Exception <a 'java/lang/NoSuchMethodError'{0x0000000086ba4830}: 'java.lang.Object java.lang.invoke.Invokers$Holder.invoker(java.lang.Object, java.lang.Object, java.lang.Object, java.lang.Object, java.lang.Object)'> (0x0000000086ba4830) thrown at [./src/hotspot/share/interpreter/linkResolver.cpp, line 773]
Event: 8.988 Thread 0x000001a1d4e9b800 Exception <a 'java/lang/NoSuchMethodError'{0x00000000865f0828}: 'void java.lang.invoke.DirectMethodHandle$Holder.invokeSpecial(java.lang.Object, java.lang.Object, java.lang.Object, java.lang.Object, java.lang.Object, java.lang.Object)'> (0x00000000865f0828) thrown at [./src/hotspot/share/interpreter/linkResolver.cpp, line 773]
Event: 9.011 Thread 0x000001a1d4e9b800 Exception <a 'java/lang/NoSuchMethodError'{0x00000000864562a8}: 'void java.lang.invoke.DirectMethodHandle$Holder.invokeSpecial(java.lang.Object, java.lang.Object, java.lang.Object, java.lang.Object, java.lang.Object, java.lang.Object, java.lang.Object)'> (0x00000000864562a8) thrown at [./src/hotspot/share/interpreter/linkResolver.cpp, line 773]
Event: 9.012 Thread 0x000001a1d4e9b800 Exception <a 'java/lang/NoSuchMethodError'{0x000000008645e4f0}: 'java.lang.Object java.lang.invoke.Invokers$Holder.linkToTargetMethod(java.lang.Object, java.lang.Object, java.lang.Object, java.lang.Object, java.lang.Object, java.lang.Object)'> (0x000000008645e4f0) thrown at [./src/hotspot/share/interpreter/linkResolver.cpp, line 773]
Event: 9.462 Thread 0x000001a1d4e9b800 Exception <a 'java/lang/NoSuchMethodError'{0x0000000085795438}: 'void java.lang.invoke.DirectMethodHandle$Holder.invokeStaticInit(java.lang.Object, java.lang.Object)'> (0x0000000085795438) thrown at [./src/hotspot/share/interpreter/linkResolver.cpp, line 773]
Event: 9.707 Thread 0x000001a1d4e9b800 Exception <a 'java/lang/NoSuchMethodError'{0x000000008501ad38}: 'void java.lang.invoke.DirectMethodHandle$Holder.invokeStatic(java.lang.Object, java.lang.Object, java.lang.Object, java.lang.Object)'> (0x000000008501ad38) thrown at [./src/hotspot/share/interpreter/linkResolver.cpp, line 773]
Event: 9.711 Thread 0x000001a1d4e9b800 Exception <a 'java/lang/NoSuchMethodError'{0x000000008502e7b8}: 'int java.lang.invoke.DirectMethodHandle$Holder.invokeInterface(java.lang.Object, java.lang.Object)'> (0x000000008502e7b8) thrown at [./src/hotspot/share/interpreter/linkResolver.cpp, line 773]
Event: 10.218 Thread 0x000001a1d4e9b800 Exception <a 'java/lang/NoSuchMethodError'{0x0000000087ed74c0}: 'java.lang.Object java.lang.invoke.DirectMethodHandle$Holder.invokeSpecialIFC(java.lang.Object, java.lang.Object, java.lang.Object, java.lang.Object)'> (0x0000000087ed74c0) thrown at [./src/hotspot/share/interpreter/linkResolver.cpp, line 773]
Event: 10.241 Thread 0x000001a1d4e9b800 Exception <a 'java/lang/NoSuchMethodError'{0x0000000087db9e40}: 'java.lang.Object java.lang.invoke.DirectMethodHandle$Holder.invokeSpecial(java.lang.Object, java.lang.Object, java.lang.Object, java.lang.Object, java.lang.Object, java.lang.Object, java.lang.Object, java.lang.Object, java.lang.Object, java.lang.Object, java.lang.Object, java.lang.Object, java.lang.Object)'> (0x0000000087db9e40) thrown at [./src/hotspot/share/interpreter/linkResolver.cpp, line 773]
Event: 10.242 Thread 0x000001a1d4e9b800 Exception <a 'java/lang/NoSuchMethodError'{0x0000000087dcb0c8}: 'java.lang.Object java.lang.invoke.DirectMethodHandle$Holder.invokeSpecial(java.lang.Object, java.lang.Object, java.lang.Object, java.lang.Object, java.lang.Object, java.lang.Object, java.lang.Object, java.lang.Object, java.lang.Object, java.lang.Object, java.lang.Object, java.lang.Object)'> (0x0000000087dcb0c8) thrown at [./src/hotspot/share/interpreter/linkResolver.cpp, line 773]
Event: 10.243 Thread 0x000001a1d4e9b800 Exception <a 'java/lang/NoSuchMethodError'{0x0000000087dd01f0}: 'java.lang.Object java.lang.invoke.Invokers$Holder.linkToTargetMethod(java.lang.Object, java.lang.Object, java.lang.Object, java.lang.Object, java.lang.Object, java.lang.Object, java.lang.Object, java.lang.Object, java.lang.Object, java.lang.Object, java.lang.Object)'> (0x0000000087dd01f0) thrown at [./src/hotspot/share/interpreter/linkResolver.cpp, line 773]
Event: 10.268 Thread 0x000001a1d4e9b800 Exception <a 'java/lang/NoSuchMethodError'{0x0000000087b1b8e8}: 'java.lang.Object java.lang.invoke.DirectMethodHandle$Holder.invokeSpecial(java.lang.Object, java.lang.Object, java.lang.Object, java.lang.Object, java.lang.Object, java.lang.Object, java.lang.Object, java.lang.Object, java.lang.Object, java.lang.Object, java.lang.Object, java.lang.Object, java.lang.Object, java.lang.Object)'> (0x0000000087b1b8e8) thrown at [./src/hotspot/share/interpreter/linkResolver.cpp, line 773]
Event: 10.270 Thread 0x000001a1d4e9b800 Exception <a 'java/lang/NoSuchMethodError'{0x0000000087b2cee0}: 'java.lang.Object java.lang.invoke.Invokers$Holder.linkToTargetMethod(java.lang.Object, java.lang.Object, java.lang.Object, java.lang.Object, java.lang.Object, java.lang.Object, java.lang.Object, java.lang.Object, java.lang.Object, java.lang.Object, java.lang.Object, java.lang.Object)'> (0x0000000087b2cee0) thrown at [./src/hotspot/share/interpreter/linkResolver.cpp, line 773]
Event: 10.299 Thread 0x000001a1d4e9b800 Exception <a 'java/lang/NoSuchMethodError'{0x0000000087bc16a0}: 'java.lang.Object java.lang.invoke.DirectMethodHandle$Holder.invokeStaticInit(java.lang.Object, java.lang.Object, java.lang.Object, java.lang.Object)'> (0x0000000087bc16a0) thrown at [./src/hotspot/share/interpreter/linkResolver.cpp, line 773]
Event: 10.740 Thread 0x000001a1d4e9b800 Implicit null exception at 0x000001a1c35934f5 to 0x000001a1c35936bc

Events (20 events):
Event: 11.758 loading class org/gradle/api/attributes/DocsType
Event: 11.758 loading class org/gradle/api/attributes/DocsType done
Event: 11.758 loading class org/gradle/api/ProjectState
Event: 11.758 loading class org/gradle/api/ProjectState done
Event: 11.758 loading class org/gradle/initialization/DefaultSettings
Event: 11.758 loading class org/gradle/initialization/DefaultSettings done
Event: 11.760 loading class org/gradle/api/initialization/ProjectDescriptor
Event: 11.760 loading class org/gradle/api/initialization/ProjectDescriptor done
Event: 11.761 loading class org/gradle/initialization/DefaultProjectDescriptor
Event: 11.761 loading class org/gradle/initialization/DefaultProjectDescriptor done
Event: 11.762 loading class org/gradle/plugin/management/PluginManagementSpec
Event: 11.762 loading class org/gradle/plugin/management/PluginManagementSpec done
Event: 11.762 loading class org/gradle/vcs/SourceControl
Event: 11.762 loading class org/gradle/vcs/SourceControl done
Event: 11.764 loading class org/gradle/initialization/IncludedBuildSpec
Event: 11.764 loading class org/gradle/initialization/IncludedBuildSpec done
Event: 11.774 loading class org/gradle/internal/service/scopes/SettingsScopeServices
Event: 11.774 loading class org/gradle/internal/service/scopes/SettingsScopeServices done
Event: 11.775 loading class org/gradle/internal/service/scopes/SettingsScopeServices$1
Event: 11.775 loading class org/gradle/internal/service/scopes/SettingsScopeServices$1 done


Dynamic libraries:
0x00007ff648df0000 - 0x00007ff648dfa000 	C:\Program Files\Android\Android Studio\jre\bin\java.exe
0x00007ffa5ad10000 - 0x00007ffa5af05000 	C:\WINDOWS\SYSTEM32\ntdll.dll
0x00007ffa5a8e0000 - 0x00007ffa5a99e000 	C:\WINDOWS\System32\KERNEL32.DLL
0x00007ffa586d0000 - 0x00007ffa58999000 	C:\WINDOWS\System32\KERNELBASE.dll
0x00007ffa584e0000 - 0x00007ffa585e0000 	C:\WINDOWS\System32\ucrtbase.dll
0x00007ffa23f40000 - 0x00007ffa23f59000 	C:\Program Files\Android\Android Studio\jre\bin\jli.dll
0x00007ffa58fa0000 - 0x00007ffa59141000 	C:\WINDOWS\System32\USER32.dll
0x00007ffa58c20000 - 0x00007ffa58c42000 	C:\WINDOWS\System32\win32u.dll
0x00007ffa5a7f0000 - 0x00007ffa5a81b000 	C:\WINDOWS\System32\GDI32.dll
0x00007ffa58c50000 - 0x00007ffa58d5b000 	C:\WINDOWS\System32\gdi32full.dll
0x00007ffa585e0000 - 0x00007ffa5867d000 	C:\WINDOWS\System32\msvcp_win.dll
0x00007ffa23b00000 - 0x00007ffa23b17000 	C:\Program Files\Android\Android Studio\jre\bin\VCRUNTIME140.dll
0x00007ffa432a0000 - 0x00007ffa4353a000 	C:\WINDOWS\WinSxS\amd64_microsoft.windows.common-controls_6595b64144ccf1df_6.0.19041.1110_none_60b5254171f9507e\COMCTL32.dll
0x00007ffa5ac30000 - 0x00007ffa5acce000 	C:\WINDOWS\System32\msvcrt.dll
0x00007ffa5ac00000 - 0x00007ffa5ac30000 	C:\WINDOWS\System32\IMM32.DLL
0x00007ffa16000000 - 0x00007ffa1609d000 	C:\Program Files\Android\Android Studio\jre\bin\msvcp140.dll
0x00007ff9eead0000 - 0x00007ff9ef59f000 	C:\Program Files\Android\Android Studio\jre\bin\server\jvm.dll
0x00007ffa58ef0000 - 0x00007ffa58f9c000 	C:\WINDOWS\System32\ADVAPI32.dll
0x00007ffa5a750000 - 0x00007ffa5a7eb000 	C:\WINDOWS\System32\sechost.dll
0x00007ffa58d60000 - 0x00007ffa58e8a000 	C:\WINDOWS\System32\RPCRT4.dll
0x00007ffa5a9b0000 - 0x00007ffa5a9b8000 	C:\WINDOWS\System32\PSAPI.DLL
0x00007ffa465a0000 - 0x00007ffa465aa000 	C:\WINDOWS\SYSTEM32\VERSION.dll
0x00007ffa41bc0000 - 0x00007ffa41bc9000 	C:\WINDOWS\SYSTEM32\WSOCK32.dll
0x00007ffa430f0000 - 0x00007ffa43117000 	C:\WINDOWS\SYSTEM32\WINMM.dll
0x00007ffa5a540000 - 0x00007ffa5a5ab000 	C:\WINDOWS\System32\WS2_32.dll
0x00007ffa56cb0000 - 0x00007ffa56cc2000 	C:\WINDOWS\SYSTEM32\kernel.appcore.dll
0x00007ffa4e870000 - 0x00007ffa4e881000 	C:\Program Files\Android\Android Studio\jre\bin\verify.dll
0x00007ffa56940000 - 0x00007ffa56b24000 	C:\WINDOWS\SYSTEM32\DBGHELP.DLL
0x00007ffa3a860000 - 0x00007ffa3a88c000 	C:\WINDOWS\SYSTEM32\dbgcore.DLL
0x00007ffa58b30000 - 0x00007ffa58bb3000 	C:\WINDOWS\System32\bcryptPrimitives.dll
0x00007ffa36fc0000 - 0x00007ffa36fe9000 	C:\Program Files\Android\Android Studio\jre\bin\java.dll
0x00007ffa4e7f0000 - 0x00007ffa4e7fb000 	C:\Program Files\Android\Android Studio\jre\bin\jimage.dll
0x00007ffa4b8c0000 - 0x00007ffa4b8d8000 	C:\Program Files\Android\Android Studio\jre\bin\zip.dll
0x00007ffa59270000 - 0x00007ffa599af000 	C:\WINDOWS\System32\SHELL32.dll
0x00007ffa52e50000 - 0x00007ffa535e0000 	C:\WINDOWS\SYSTEM32\windows.storage.dll
0x00007ffa599b0000 - 0x00007ffa59d05000 	C:\WINDOWS\System32\combase.dll
0x00007ffa57e80000 - 0x00007ffa57eac000 	C:\WINDOWS\SYSTEM32\Wldp.dll
0x00007ffa5aaa0000 - 0x00007ffa5ab4d000 	C:\WINDOWS\System32\SHCORE.dll
0x00007ffa5a6f0000 - 0x00007ffa5a745000 	C:\WINDOWS\System32\shlwapi.dll
0x00007ffa58370000 - 0x00007ffa5838f000 	C:\WINDOWS\SYSTEM32\profapi.dll
0x00007ffa3e3e0000 - 0x00007ffa3e3fa000 	C:\Program Files\Android\Android Studio\jre\bin\net.dll
0x00007ffa46820000 - 0x00007ffa46928000 	C:\WINDOWS\SYSTEM32\WINHTTP.dll
0x00007ffa57be0000 - 0x00007ffa57c4a000 	C:\WINDOWS\system32\mswsock.dll
0x00007ffa37440000 - 0x00007ffa37454000 	C:\Program Files\Android\Android Studio\jre\bin\nio.dll
0x00007ffa367a0000 - 0x00007ffa367c7000 	C:\Users\hippo\.gradle\native\8bec1ad78214c89d9ad589b4d07fe93259594b29d510b10fafb7a158f7737e5d\windows-amd64\native-platform.dll
0x00007ff9f37e0000 - 0x00007ff9f391d000 	C:\Users\hippo\.gradle\native\53dbd7edfb1c66fb8903c78663c9afc45aea4f116125fa6feffd364cf09443e8\windows-amd64\native-platform-file-events.dll
0x00007ffa4e7e0000 - 0x00007ffa4e7ea000 	C:\Program Files\Android\Android Studio\jre\bin\management.dll
0x00007ffa4de70000 - 0x00007ffa4de7c000 	C:\Program Files\Android\Android Studio\jre\bin\management_ext.dll
0x00007ffa57dd0000 - 0x00007ffa57de8000 	C:\WINDOWS\SYSTEM32\CRYPTSP.dll
0x00007ffa574f0000 - 0x00007ffa57524000 	C:\WINDOWS\system32\rsaenh.dll
0x00007ffa589a0000 - 0x00007ffa589c7000 	C:\WINDOWS\System32\bcrypt.dll
0x00007ffa58330000 - 0x00007ffa5835e000 	C:\WINDOWS\SYSTEM32\USERENV.dll
0x00007ffa57df0000 - 0x00007ffa57dfc000 	C:\WINDOWS\SYSTEM32\CRYPTBASE.dll
0x00007ffa57880000 - 0x00007ffa578bb000 	C:\WINDOWS\SYSTEM32\IPHLPAPI.DLL
0x00007ffa5a5b0000 - 0x00007ffa5a5b8000 	C:\WINDOWS\System32\NSI.dll
0x00007ffa4ba10000 - 0x00007ffa4ba27000 	C:\WINDOWS\SYSTEM32\dhcpcsvc6.DLL
0x00007ffa4b9d0000 - 0x00007ffa4b9ed000 	C:\WINDOWS\SYSTEM32\dhcpcsvc.DLL
0x00007ffa578c0000 - 0x00007ffa5798c000 	C:\WINDOWS\SYSTEM32\DNSAPI.dll

dbghelp: loaded successfully - version: 4.0.5 - missing functions: none
symbol engine: initialized successfully - sym options: 0x614 - pdb path: .;C:\Program Files\Android\Android Studio\jre\bin;C:\WINDOWS\SYSTEM32;C:\WINDOWS\WinSxS\amd64_microsoft.windows.common-controls_6595b64144ccf1df_6.0.19041.1110_none_60b5254171f9507e;C:\Program Files\Android\Android Studio\jre\bin\server;C:\Users\hippo\.gradle\native\8bec1ad78214c89d9ad589b4d07fe93259594b29d510b10fafb7a158f7737e5d\windows-amd64;C:\Users\hippo\.gradle\native\53dbd7edfb1c66fb8903c78663c9afc45aea4f116125fa6feffd364cf09443e8\windows-amd64

VM Arguments:
jvm_args: --add-opens=java.base/java.util=ALL-UNNAMED --add-opens=java.base/java.lang=ALL-UNNAMED --add-opens=java.base/java.lang.invoke=ALL-UNNAMED --add-opens=java.base/java.util=ALL-UNNAMED --add-opens=java.prefs/java.util.prefs=ALL-UNNAMED --add-opens=java.prefs/java.util.prefs=ALL-UNNAMED --add-opens=java.base/java.nio.charset=ALL-UNNAMED --add-opens=java.base/java.net=ALL-UNNAMED --add-opens=java.base/java.util.concurrent.atomic=ALL-UNNAMED -Xmx2048m -Dfile.encoding=UTF-8 -Duser.country=KR -Duser.language=ko -Duser.variant 
java_command: org.gradle.launcher.daemon.bootstrap.GradleDaemon 7.0.2
java_class_path (initial): C:\Users\hippo\.gradle\wrapper\dists\gradle-7.0.2-bin\857tjihv64xamwrf0h14cai3r\gradle-7.0.2\lib\gradle-launcher-7.0.2.jar
Launcher Type: SUN_STANDARD

[Global flags]
     intx CICompilerCount                          = 4                                         {product} {ergonomic}
     uint ConcGCThreads                            = 2                                         {product} {ergonomic}
     uint G1ConcRefinementThreads                  = 8                                         {product} {ergonomic}
   size_t G1HeapRegionSize                         = 1048576                                   {product} {ergonomic}
    uintx GCDrainStackTargetSize                   = 64                                        {product} {ergonomic}
   size_t InitialHeapSize                          = 134217728                                 {product} {ergonomic}
   size_t MarkStackSize                            = 4194304                                   {product} {ergonomic}
   size_t MaxHeapSize                              = 2147483648                                {product} {command line}
   size_t MaxNewSize                               = 1287651328                                {product} {ergonomic}
   size_t MinHeapDeltaBytes                        = 1048576                                   {product} {ergonomic}
    uintx NonNMethodCodeHeapSize                   = 5836300                                {pd product} {ergonomic}
    uintx NonProfiledCodeHeapSize                  = 122910970                              {pd product} {ergonomic}
    uintx ProfiledCodeHeapSize                     = 122910970                              {pd product} {ergonomic}
    uintx ReservedCodeCacheSize                    = 251658240                              {pd product} {ergonomic}
     bool SegmentedCodeCache                       = true                                      {product} {ergonomic}
     bool UseCompressedClassPointers               = true                                 {lp64_product} {ergonomic}
     bool UseCompressedOops                        = true                                 {lp64_product} {ergonomic}
     bool UseG1GC                                  = true                                      {product} {ergonomic}
     bool UseLargePagesIndividualAllocation        = false                                  {pd product} {ergonomic}

Logging:
Log output configuration:
 #0: stdout all=warning uptime,level,tags
 #1: stderr all=off uptime,level,tags

Environment Variables:
JAVA_HOME=C:\Program Files\Java\jdk-17
PATH=C:\Program Files\Common Files\Oracle\Java\javapath;C:\Program Files\AdoptOpenJDK\jdk-15.0.2.7-hotspot\bin;C:\Program Files (x86)\Intel\iCLS Client\;C:\Program Files\Intel\iCLS Client\;C:\WINDOWS\system32;C:\WINDOWS;C:\WINDOWS\System32\Wbem;C:\WINDOWS\System32\WindowsPowerShell\v1.0\;C:\Program Files (x86)\Intel\Intel(R) Management Engine Components\DAL;C:\Program Files\Intel\Intel(R) Management Engine Components\DAL;C:\Program Files (x86)\Intel\Intel(R) Management Engine Components\IPT;C:\Program Files\Intel\Intel(R) Management Engine Components\IPT;C:\Program Files\Intel\WiFi\bin\;C:\Program Files\Common Files\Intel\WirelessCommon\;C:\WINDOWS\System32\OpenSSH\;C:\Users\hippo\AppData\Roaming\Python\Python38\Scripts;D:\Matlab\R2021a\bin;D:\zz\mingw64\bin;D:\Git_Folder\Git\cmd;C:\Program Files\TortoiseGit\bin;C:\Program Files\Java\jdk-17\bin;C:\Program Files\MySQL\MySQL Shell 8.0\bin\;D:\Anaconda;D:\Anaconda\Library\mingw-w64\bin;D:\Anaconda\Library\usr\bin;D:\Anaconda\Library\bin;D:\Anaconda\Scripts;C:\Users\hippo\AppData\Local\Microsoft\WindowsApps;C:\Users\hippo\AppData\Roaming\Python\Python38\Scripts;D:\Microsoft VS Code\bin
USERNAME=hippo
OS=Windows_NT
PROCESSOR_IDENTIFIER=Intel64 Family 6 Model 142 Stepping 10, GenuineIntel



---------------  S Y S T E M  ---------------

OS: Windows 10 , 64 bit Build 19041 (10.0.19041.1202)
OS uptime: 0 days 9:43 hours

CPU:total 8 (initial active 8) (4 cores per cpu, 2 threads per core) family 6 model 142 stepping 10 microcode 0xb4, cmov, cx8, fxsr, mmx, sse, sse2, sse3, ssse3, sse4.1, sse4.2, popcnt, avx, avx2, aes, clmul, erms, 3dnowpref, lzcnt, ht, tsc, tscinvbit, bmi1, bmi2, adx, fma

Memory: 4k page, system-wide physical 8107M (125M free)
TotalPageFile size 11925M (AvailPageFile size 21M)
current process WorkingSet (physical memory assigned to process): 209M, peak: 210M
current process commit charge ("private bytes"): 277M, peak: 279M

vm_info: OpenJDK 64-Bit Server VM (11.0.10+0-b96-7249189) for windows-amd64 JRE (11.0.10+0-b96-7249189), built on Mar 31 2021 21:44:00 by "builder" with MS VC++ 14.0 (VS2015)

END.
