#
# There is insufficient memory for the Java Runtime Environment to continue.
# Native memory allocation (malloc) failed to allocate 823696 bytes for Chunk::new
# Possible reasons:
#   The system is out of physical RAM or swap space
#   The process is running with CompressedOops enabled, and the Java Heap may be blocking the growth of the native heap
# Possible solutions:
#   Reduce memory load on the system
#   Increase physical memory or swap space
#   Check if swap backing store is full
#   Decrease Java heap size (-Xmx/-Xms)
#   Decrease number of Java threads
#   Decrease Java thread stack sizes (-Xss)
#   Set larger code cache with -XX:ReservedCodeCacheSize=
#   JVM is running with Unscaled Compressed Oops mode in which the Java heap is
#     placed in the first 4GB address space. The Java Heap base address is the
#     maximum limit for the native heap growth. Please use -XX:HeapBaseMinAddress
#     to set the Java Heap base and to place the Java Heap above 4GB virtual address.
# This output file may be truncated or incomplete.
#
#  Out of Memory Error (./src/hotspot/share/memory/arena.cpp:197), pid=11232, tid=12524
#
# JRE version: OpenJDK Runtime Environment (11.0.10) (build 11.0.10+0-b96-7249189)
# Java VM: OpenJDK 64-Bit Server VM (11.0.10+0-b96-7249189, mixed mode, tiered, compressed oops, g1 gc, windows-amd64)
# No core dump will be written. Minidumps are not enabled by default on client versions of Windows
#

---------------  S U M M A R Y ------------

Command Line: --add-opens=java.base/java.util=ALL-UNNAMED --add-opens=java.base/java.lang=ALL-UNNAMED --add-opens=java.base/java.lang.invoke=ALL-UNNAMED --add-opens=java.base/java.util=ALL-UNNAMED --add-opens=java.prefs/java.util.prefs=ALL-UNNAMED --add-opens=java.prefs/java.util.prefs=ALL-UNNAMED --add-opens=java.base/java.nio.charset=ALL-UNNAMED --add-opens=java.base/java.net=ALL-UNNAMED --add-opens=java.base/java.util.concurrent.atomic=ALL-UNNAMED -Xmx2048m -Dfile.encoding=UTF-8 -Duser.country=KR -Duser.language=ko -Duser.variant org.gradle.launcher.daemon.bootstrap.GradleDaemon 7.0.2

Host: Intel(R) Core(TM) i5-8250U CPU @ 1.60GHz, 8 cores, 7G,  Windows 10 , 64 bit Build 19041 (10.0.19041.1202)
Time: Mon Nov  1 14:52:52 2021 대한민국 표준시 elapsed time: 13.340526 seconds (0d 0h 0m 13s)

---------------  T H R E A D  ---------------

Current thread (0x0000023cf7b29800):  JavaThread "C2 CompilerThread1" daemon [_thread_in_native, id=12524, stack(0x000000ab4d100000,0x000000ab4d200000)]


Current CompileTask:
C2:  13340 6598       4       sun.reflect.generics.parser.SignatureParser::parseClassTypeSignature (118 bytes)

Stack: [0x000000ab4d100000,0x000000ab4d200000]
Native frames: (J=compiled Java code, j=interpreted, Vv=VM code, C=native code)
V  [jvm.dll+0x5ecfaa]
V  [jvm.dll+0x722bd5]
V  [jvm.dll+0x72412d]
V  [jvm.dll+0x7247e3]
V  [jvm.dll+0x242928]
V  [jvm.dll+0xbc4fc]
V  [jvm.dll+0xbca0c]
V  [jvm.dll+0x2b4fd4]
V  [jvm.dll+0x506028]
V  [jvm.dll+0x203253]
V  [jvm.dll+0x1fd07c]
V  [jvm.dll+0x1fa77f]
V  [jvm.dll+0x18354c]
V  [jvm.dll+0x208ee7]
V  [jvm.dll+0x207731]
V  [jvm.dll+0x6eb1cf]
V  [jvm.dll+0x6e3d45]
V  [jvm.dll+0x5ebe96]
C  [ucrtbase.dll+0x21bb2]
C  [KERNEL32.DLL+0x17034]
C  [ntdll.dll+0x52651]


---------------  P R O C E S S  ---------------

Threads class SMR info:
_java_thread_list=0x0000023cfb61bf50, length=52, elements={
0x0000023cd978d000, 0x0000023cf3bf1000, 0x0000023cf3bf5000, 0x0000023cf3c0d000,
0x0000023cf3c0e000, 0x0000023cf3c10000, 0x0000023cf3c17800, 0x0000023cf3c22000,
0x0000023cf3c28000, 0x0000023cf45dd800, 0x0000023cf5957800, 0x0000023cf5621800,
0x0000023cf66c4800, 0x0000023cf65fc000, 0x0000023cf476c000, 0x0000023cf5ffe800,
0x0000023cf5e14800, 0x0000023cf5c6b800, 0x0000023cf5fe9800, 0x0000023cf5fa6000,
0x0000023cf5fa8800, 0x0000023cf5fa9800, 0x0000023cf5fa4800, 0x0000023cf7b29800,
0x0000023cf5fab000, 0x0000023cf5fa5800, 0x0000023cf5faa000, 0x0000023cf5fa7000,
0x0000023cf5fa7800, 0x0000023cf7fde000, 0x0000023cf7fe0000, 0x0000023cf7fe3800,
0x0000023cf7fdf800, 0x0000023cf7fde800, 0x0000023cf7fe1000, 0x0000023cf7fe7800,
0x0000023cf7fe2000, 0x0000023cf7feb800, 0x0000023cf7fec800, 0x0000023cf7fe8800,
0x0000023cf7fe9000, 0x0000023cf7fea000, 0x0000023cf7feb000, 0x0000023cfad37000,
0x0000023cfad3b800, 0x0000023cfad39800, 0x0000023cfad35800, 0x0000023cfad3c000,
0x0000023cfad39000, 0x0000023cfad36800, 0x0000023cfad3e800, 0x0000023cf47a3800
}

Java Threads: ( => current thread )
  0x0000023cd978d000 JavaThread "main" [_thread_blocked, id=12660, stack(0x000000ab4ab00000,0x000000ab4ac00000)]
  0x0000023cf3bf1000 JavaThread "Reference Handler" daemon [_thread_blocked, id=2808, stack(0x000000ab4b200000,0x000000ab4b300000)]
  0x0000023cf3bf5000 JavaThread "Finalizer" daemon [_thread_blocked, id=1900, stack(0x000000ab4b300000,0x000000ab4b400000)]
  0x0000023cf3c0d000 JavaThread "Signal Dispatcher" daemon [_thread_blocked, id=13996, stack(0x000000ab4b400000,0x000000ab4b500000)]
  0x0000023cf3c0e000 JavaThread "Attach Listener" daemon [_thread_blocked, id=10724, stack(0x000000ab4b500000,0x000000ab4b600000)]
  0x0000023cf3c10000 JavaThread "Service Thread" daemon [_thread_blocked, id=12072, stack(0x000000ab4b600000,0x000000ab4b700000)]
  0x0000023cf3c17800 JavaThread "C2 CompilerThread0" daemon [_thread_in_native, id=13864, stack(0x000000ab4b700000,0x000000ab4b800000)]
  0x0000023cf3c22000 JavaThread "C1 CompilerThread0" daemon [_thread_in_native, id=5572, stack(0x000000ab4b800000,0x000000ab4b900000)]
  0x0000023cf3c28000 JavaThread "Sweeper thread" daemon [_thread_blocked, id=7552, stack(0x000000ab4b900000,0x000000ab4ba00000)]
  0x0000023cf45dd800 JavaThread "Common-Cleaner" daemon [_thread_blocked, id=7636, stack(0x000000ab4ba00000,0x000000ab4bb00000)]
  0x0000023cf5957800 JavaThread "Daemon health stats" [_thread_blocked, id=1656, stack(0x000000ab4bf00000,0x000000ab4c000000)]
  0x0000023cf5621800 JavaThread "Incoming local TCP Connector on port 50871" [_thread_in_native, id=12520, stack(0x000000ab4bc00000,0x000000ab4bd00000)]
  0x0000023cf66c4800 JavaThread "Daemon periodic checks" [_thread_blocked, id=3404, stack(0x000000ab4c000000,0x000000ab4c100000)]
  0x0000023cf65fc000 JavaThread "Daemon" [_thread_blocked, id=2776, stack(0x000000ab4c100000,0x000000ab4c200000)]
  0x0000023cf476c000 JavaThread "Handler for socket connection from /127.0.0.1:50871 to /127.0.0.1:50874" [_thread_in_native, id=9548, stack(0x000000ab4c200000,0x000000ab4c300000)]
  0x0000023cf5ffe800 JavaThread "Cancel handler" [_thread_blocked, id=14656, stack(0x000000ab4c300000,0x000000ab4c400000)]
  0x0000023cf5e14800 JavaThread "Daemon worker" [_thread_in_native, id=1640, stack(0x000000ab4c400000,0x000000ab4c500000)]
  0x0000023cf5c6b800 JavaThread "Asynchronous log dispatcher for DefaultDaemonConnection: socket connection from /127.0.0.1:50871 to /127.0.0.1:50874" [_thread_blocked, id=2724, stack(0x000000ab4c500000,0x000000ab4c600000)]
  0x0000023cf5fe9800 JavaThread "Stdin handler" [_thread_blocked, id=10896, stack(0x000000ab4c600000,0x000000ab4c700000)]
  0x0000023cf5fa6000 JavaThread "Daemon client event forwarder" [_thread_blocked, id=7884, stack(0x000000ab4c700000,0x000000ab4c800000)]
  0x0000023cf5fa8800 JavaThread "Cache worker for file hash cache (C:\Users\hippo\.gradle\caches\7.0.2\fileHashes)" [_thread_blocked, id=6284, stack(0x000000ab4cd00000,0x000000ab4ce00000)]
  0x0000023cf5fa9800 JavaThread "File lock request listener" [_thread_in_native, id=6624, stack(0x000000ab4ce00000,0x000000ab4cf00000)]
  0x0000023cf5fa4800 JavaThread "Cache worker for journal cache (C:\Users\hippo\.gradle\caches\journal-1)" [_thread_blocked, id=7760, stack(0x000000ab4d000000,0x000000ab4d100000)]
=>0x0000023cf7b29800 JavaThread "C2 CompilerThread1" daemon [_thread_in_native, id=12524, stack(0x000000ab4d100000,0x000000ab4d200000)]
  0x0000023cf5fab000 JavaThread "Cache worker for file hash cache (C:\Users\hippo\AndroidStudioProjects\Registration\Registration\.gradle\7.0.2\fileHashes)" [_thread_blocked, id=14328, stack(0x000000ab4d200000,0x000000ab4d300000)]
  0x0000023cf5fa5800 JavaThread "File watcher server" daemon [_thread_in_native, id=9564, stack(0x000000ab4d300000,0x000000ab4d400000)]
  0x0000023cf5faa000 JavaThread "File watcher consumer" daemon [_thread_blocked, id=6508, stack(0x000000ab4d400000,0x000000ab4d500000)]
  0x0000023cf5fa7000 JavaThread "Cache worker for checksums cache (C:\Users\hippo\AndroidStudioProjects\Registration\Registration\.gradle\checksums)" [_thread_blocked, id=9704, stack(0x000000ab4d500000,0x000000ab4d600000)]
  0x0000023cf5fa7800 JavaThread "Cache worker for cache directory md-supplier (C:\Users\hippo\.gradle\caches\7.0.2\md-supplier)" [_thread_blocked, id=13332, stack(0x000000ab4d600000,0x000000ab4d700000)]
  0x0000023cf7fde000 JavaThread "Cache worker for cache directory md-rule (C:\Users\hippo\.gradle\caches\7.0.2\md-rule)" [_thread_blocked, id=11912, stack(0x000000ab4d700000,0x000000ab4d800000)]
  0x0000023cf7fe0000 JavaThread "Cache worker for execution history cache (C:\Users\hippo\.gradle\caches\7.0.2\executionHistory)" [_thread_blocked, id=13260, stack(0x000000ab4d900000,0x000000ab4da00000)]
  0x0000023cf7fe3800 JavaThread "jar transforms" [_thread_blocked, id=9968, stack(0x000000ab4da00000,0x000000ab4db00000)]
  0x0000023cf7fdf800 JavaThread "jar transforms Thread 2" [_thread_blocked, id=14484, stack(0x000000ab4db00000,0x000000ab4dc00000)]
  0x0000023cf7fde800 JavaThread "Cache worker for file content cache (C:\Users\hippo\.gradle\caches\7.0.2\fileContent)" [_thread_blocked, id=8800, stack(0x000000ab4dc00000,0x000000ab4dd00000)]
  0x0000023cf7fe1000 JavaThread "Cache worker for dependencies-accessors (C:\Users\hippo\AndroidStudioProjects\Registration\Registration\.gradle\7.0.2\dependencies-accessors)" [_thread_blocked, id=13944, stack(0x000000ab4dd00000,0x000000ab4de00000)]
  0x0000023cf7fe7800 JavaThread "jar transforms Thread 3" [_thread_blocked, id=4436, stack(0x000000ab4d800000,0x000000ab4d900000)]
  0x0000023cf7fe2000 JavaThread "Cache worker for Build Output Cleanup Cache (C:\Users\hippo\AndroidStudioProjects\Registration\Registration\.gradle\buildOutputCleanup)" [_thread_blocked, id=3244, stack(0x000000ab4de00000,0x000000ab4df00000)]
  0x0000023cf7feb800 JavaThread "Build operations" [_thread_blocked, id=888, stack(0x000000ab4df00000,0x000000ab4e000000)]
  0x0000023cf7fec800 JavaThread "Build operations Thread 2" [_thread_blocked, id=12748, stack(0x000000ab4e000000,0x000000ab4e100000)]
  0x0000023cf7fe8800 JavaThread "Build operations Thread 3" [_thread_blocked, id=10848, stack(0x000000ab4e100000,0x000000ab4e200000)]
  0x0000023cf7fe9000 JavaThread "Build operations Thread 4" [_thread_blocked, id=3352, stack(0x000000ab4e200000,0x000000ab4e300000)]
  0x0000023cf7fea000 JavaThread "Build operations Thread 5" [_thread_blocked, id=12540, stack(0x000000ab4e300000,0x000000ab4e400000)]
  0x0000023cf7feb000 JavaThread "Build operations Thread 6" [_thread_blocked, id=7356, stack(0x000000ab4e400000,0x000000ab4e500000)]
  0x0000023cfad37000 JavaThread "Build operations Thread 7" [_thread_blocked, id=4196, stack(0x000000ab4e500000,0x000000ab4e600000)]
  0x0000023cfad3b800 JavaThread "Build operations Thread 8" [_thread_blocked, id=11672, stack(0x000000ab4e600000,0x000000ab4e700000)]
  0x0000023cfad39800 JavaThread "jar transforms Thread 4" [_thread_blocked, id=7816, stack(0x000000ab4e700000,0x000000ab4e800000)]
  0x0000023cfad35800 JavaThread "jar transforms Thread 5" [_thread_blocked, id=5904, stack(0x000000ab4e800000,0x000000ab4e900000)]
  0x0000023cfad3c000 JavaThread "jar transforms Thread 6" [_thread_blocked, id=2112, stack(0x000000ab4e900000,0x000000ab4ea00000)]
  0x0000023cfad39000 JavaThread "jar transforms Thread 7" [_thread_blocked, id=1924, stack(0x000000ab4ea00000,0x000000ab4eb00000)]
  0x0000023cfad36800 JavaThread "jar transforms Thread 8" [_thread_blocked, id=11556, stack(0x000000ab4eb00000,0x000000ab4ec00000)]
  0x0000023cfad3e800 JavaThread "Memory manager" [_thread_blocked, id=7956, stack(0x000000ab4ec00000,0x000000ab4ed00000)]
  0x0000023cf47a3800 JavaThread "C2 CompilerThread2" daemon [_thread_in_native, id=9384, stack(0x000000ab4ed00000,0x000000ab4ee00000)]

Other Threads:
  0x0000023cf3bee800 VMThread "VM Thread" [stack: 0x000000ab4b100000,0x000000ab4b200000] [id=11808]
  0x0000023cf4603000 WatcherThread [stack: 0x000000ab4bb00000,0x000000ab4bc00000] [id=10992]
  0x0000023cd97a7800 GCTaskThread "GC Thread#0" [stack: 0x000000ab4ac00000,0x000000ab4ad00000] [id=7272]
  0x0000023cf52b1000 GCTaskThread "GC Thread#1" [stack: 0x000000ab4bd00000,0x000000ab4be00000] [id=6632]
  0x0000023cf4bc2000 GCTaskThread "GC Thread#2" [stack: 0x000000ab4be00000,0x000000ab4bf00000] [id=8020]
  0x0000023cf5a39000 GCTaskThread "GC Thread#3" [stack: 0x000000ab4c800000,0x000000ab4c900000] [id=11356]
  0x0000023cf6e1c800 GCTaskThread "GC Thread#4" [stack: 0x000000ab4c900000,0x000000ab4ca00000] [id=1816]
  0x0000023cf6e1d000 GCTaskThread "GC Thread#5" [stack: 0x000000ab4ca00000,0x000000ab4cb00000] [id=14924]
  0x0000023cf58d9000 GCTaskThread "GC Thread#6" [stack: 0x000000ab4cb00000,0x000000ab4cc00000] [id=8424]
  0x0000023cf58da000 GCTaskThread "GC Thread#7" [stack: 0x000000ab4cc00000,0x000000ab4cd00000] [id=9752]
  0x0000023cd97d7800 ConcurrentGCThread "G1 Main Marker" [stack: 0x000000ab4ad00000,0x000000ab4ae00000] [id=12836]
  0x0000023cd97da000 ConcurrentGCThread "G1 Conc#0" [stack: 0x000000ab4ae00000,0x000000ab4af00000] [id=11664]
  0x0000023cf6520800 ConcurrentGCThread "G1 Conc#1" [stack: 0x000000ab4cf00000,0x000000ab4d000000] [id=1848]
  0x0000023cf3a40800 ConcurrentGCThread "G1 Refine#0" [stack: 0x000000ab4af00000,0x000000ab4b000000] [id=3100]
  0x0000023cf3a41000 ConcurrentGCThread "G1 Young RemSet Sampling" [stack: 0x000000ab4b000000,0x000000ab4b100000] [id=4988]

Threads with active compile tasks:
C2 CompilerThread0  13413 6603 %     4       org.gradle.internal.instantiation.generator.AbstractClassGenerator::inspectType @ 77 (560 bytes)
C2 CompilerThread1  13413 6598       4       sun.reflect.generics.parser.SignatureParser::parseClassTypeSignature (118 bytes)
C2 CompilerThread2  13413 6707       4       org.objectweb.asm.Type::getType (122 bytes)

VM state:not at safepoint (normal execution)

VM Mutex/Monitor currently owned by a thread: None

Heap address: 0x0000000080000000, size: 2048 MB, Compressed Oops mode: 32-bit
Narrow klass base: 0x0000000000000000, Narrow klass shift: 3
Compressed class space size: 1073741824 Address: 0x0000000100000000

Heap:
 garbage-first heap   total 131072K, used 73100K [0x0000000080000000, 0x0000000100000000)
  region size 1024K, 25 young (25600K), 5 survivors (5120K)
 Metaspace       used 70425K, capacity 72038K, committed 72268K, reserved 1112064K
  class space    used 9071K, capacity 9668K, committed 9804K, reserved 1048576K
Heap Regions: E=young(eden), S=young(survivor), O=old, HS=humongous(starts), HC=humongous(continues), CS=collection set, F=free, A=archive, TAMS=top-at-mark-start (previous, next)
|   0|0x0000000080000000, 0x0000000080100000, 0x0000000080100000|100%| O|  |TAMS 0x0000000080100000, 0x0000000080000000| Untracked 
|   1|0x0000000080100000, 0x0000000080200000, 0x0000000080200000|100%| O|  |TAMS 0x0000000080200000, 0x0000000080100000| Untracked 
|   2|0x0000000080200000, 0x0000000080300000, 0x0000000080300000|100%| O|  |TAMS 0x0000000080300000, 0x0000000080200000| Untracked 
|   3|0x0000000080300000, 0x0000000080400000, 0x0000000080400000|100%|HS|  |TAMS 0x0000000080400000, 0x0000000080300000| Complete 
|   4|0x0000000080400000, 0x0000000080500000, 0x0000000080500000|100%|HC|  |TAMS 0x0000000080500000, 0x0000000080400000| Complete 
|   5|0x0000000080500000, 0x0000000080600000, 0x0000000080600000|100%|HC|  |TAMS 0x0000000080600000, 0x0000000080500000| Complete 
|   6|0x0000000080600000, 0x0000000080700000, 0x0000000080700000|100%| O|  |TAMS 0x0000000080700000, 0x0000000080600000| Untracked 
|   7|0x0000000080700000, 0x0000000080800000, 0x0000000080800000|100%| O|  |TAMS 0x0000000080800000, 0x0000000080700000| Untracked 
|   8|0x0000000080800000, 0x0000000080900000, 0x0000000080900000|100%| O|  |TAMS 0x0000000080900000, 0x0000000080800000| Untracked 
|   9|0x0000000080900000, 0x0000000080a00000, 0x0000000080a00000|100%| O|  |TAMS 0x0000000080a00000, 0x0000000080900000| Untracked 
|  10|0x0000000080a00000, 0x0000000080b00000, 0x0000000080b00000|100%| O|  |TAMS 0x0000000080b00000, 0x0000000080a00000| Untracked 
|  11|0x0000000080b00000, 0x0000000080c00000, 0x0000000080c00000|100%| O|  |TAMS 0x0000000080c00000, 0x0000000080b00000| Untracked 
|  12|0x0000000080c00000, 0x0000000080d00000, 0x0000000080d00000|100%| O|  |TAMS 0x0000000080d00000, 0x0000000080c00000| Untracked 
|  13|0x0000000080d00000, 0x0000000080e00000, 0x0000000080e00000|100%| O|  |TAMS 0x0000000080e00000, 0x0000000080d00000| Untracked 
|  14|0x0000000080e00000, 0x0000000080f00000, 0x0000000080f00000|100%| O|  |TAMS 0x0000000080f00000, 0x0000000080e00000| Untracked 
|  15|0x0000000080f00000, 0x0000000081000000, 0x0000000081000000|100%| O|  |TAMS 0x0000000081000000, 0x0000000080f00000| Untracked 
|  16|0x0000000081000000, 0x0000000081100000, 0x0000000081100000|100%| O|  |TAMS 0x0000000081100000, 0x0000000081000000| Untracked 
|  17|0x0000000081100000, 0x0000000081200000, 0x0000000081200000|100%|HS|  |TAMS 0x0000000081200000, 0x0000000081100000| Complete 
|  18|0x0000000081200000, 0x0000000081300000, 0x0000000081300000|100%| O|  |TAMS 0x0000000081300000, 0x0000000081200000| Untracked 
|  19|0x0000000081300000, 0x0000000081400000, 0x0000000081400000|100%| O|  |TAMS 0x0000000081400000, 0x0000000081300000| Untracked 
|  20|0x0000000081400000, 0x0000000081500000, 0x0000000081500000|100%| O|  |TAMS 0x0000000081500000, 0x0000000081400000| Untracked 
|  21|0x0000000081500000, 0x0000000081600000, 0x0000000081600000|100%| O|  |TAMS 0x0000000081600000, 0x0000000081500000| Untracked 
|  22|0x0000000081600000, 0x0000000081700000, 0x0000000081700000|100%| O|  |TAMS 0x0000000081700000, 0x0000000081600000| Untracked 
|  23|0x0000000081700000, 0x0000000081800000, 0x0000000081800000|100%| O|  |TAMS 0x0000000081800000, 0x0000000081700000| Untracked 
|  24|0x0000000081800000, 0x0000000081900000, 0x0000000081900000|100%| O|  |TAMS 0x0000000081900000, 0x0000000081800000| Untracked 
|  25|0x0000000081900000, 0x0000000081a00000, 0x0000000081a00000|100%| O|  |TAMS 0x0000000081a00000, 0x0000000081900000| Untracked 
|  26|0x0000000081a00000, 0x0000000081b00000, 0x0000000081b00000|100%| O|  |TAMS 0x0000000081b00000, 0x0000000081a00000| Untracked 
|  27|0x0000000081b00000, 0x0000000081c00000, 0x0000000081c00000|100%| O|  |TAMS 0x0000000081c00000, 0x0000000081b00000| Untracked 
|  28|0x0000000081c00000, 0x0000000081d00000, 0x0000000081d00000|100%|HS|  |TAMS 0x0000000081d00000, 0x0000000081c00000| Complete 
|  29|0x0000000081d00000, 0x0000000081e00000, 0x0000000081e00000|100%|HS|  |TAMS 0x0000000081e00000, 0x0000000081d00000| Complete 
|  30|0x0000000081e00000, 0x0000000081f00000, 0x0000000081f00000|100%|HC|  |TAMS 0x0000000081f00000, 0x0000000081e00000| Complete 
|  31|0x0000000081f00000, 0x0000000082000000, 0x0000000082000000|100%| O|  |TAMS 0x0000000082000000, 0x0000000081f00000| Untracked 
|  32|0x0000000082000000, 0x0000000082100000, 0x0000000082100000|100%| O|  |TAMS 0x0000000082100000, 0x0000000082000000| Untracked 
|  33|0x0000000082100000, 0x0000000082200000, 0x0000000082200000|100%| O|  |TAMS 0x0000000082200000, 0x0000000082100000| Untracked 
|  34|0x0000000082200000, 0x0000000082300000, 0x0000000082300000|100%| O|  |TAMS 0x0000000082300000, 0x0000000082200000| Untracked 
|  35|0x0000000082300000, 0x0000000082400000, 0x0000000082400000|100%| O|  |TAMS 0x0000000082400000, 0x0000000082300000| Untracked 
|  36|0x0000000082400000, 0x0000000082500000, 0x0000000082500000|100%| O|  |TAMS 0x0000000082500000, 0x0000000082400000| Untracked 
|  37|0x0000000082500000, 0x0000000082600000, 0x0000000082600000|100%| O|  |TAMS 0x0000000082600000, 0x0000000082500000| Untracked 
|  38|0x0000000082600000, 0x0000000082700000, 0x0000000082700000|100%| O|  |TAMS 0x0000000082700000, 0x0000000082600000| Untracked 
|  39|0x0000000082700000, 0x0000000082800000, 0x0000000082800000|100%| O|  |TAMS 0x0000000082800000, 0x0000000082700000| Untracked 
|  40|0x0000000082800000, 0x0000000082900000, 0x0000000082900000|100%| O|  |TAMS 0x00000000828dcc00, 0x0000000082800000| Untracked 
|  41|0x0000000082900000, 0x0000000082a00000, 0x0000000082a00000|100%| O|  |TAMS 0x0000000082900000, 0x0000000082900000| Untracked 
|  42|0x0000000082a00000, 0x0000000082b00000, 0x0000000082b00000|100%| O|  |TAMS 0x0000000082a00000, 0x0000000082a00000| Untracked 
|  43|0x0000000082b00000, 0x0000000082c00000, 0x0000000082c00000|100%| O|  |TAMS 0x0000000082b00000, 0x0000000082b00000| Untracked 
|  44|0x0000000082c00000, 0x0000000082d00000, 0x0000000082d00000|100%| O|  |TAMS 0x0000000082c00000, 0x0000000082c00000| Untracked 
|  45|0x0000000082d00000, 0x0000000082e00000, 0x0000000082e00000|100%| O|  |TAMS 0x0000000082d00000, 0x0000000082d00000| Untracked 
|  46|0x0000000082e00000, 0x0000000082f00000, 0x0000000082f00000|100%| O|  |TAMS 0x0000000082e00000, 0x0000000082e00000| Untracked 
|  47|0x0000000082f00000, 0x0000000082f71000, 0x0000000083000000| 44%| O|  |TAMS 0x0000000082f00000, 0x0000000082f00000| Untracked 
|  48|0x0000000083000000, 0x0000000083000000, 0x0000000083100000|  0%| F|  |TAMS 0x0000000083000000, 0x0000000083000000| Untracked 
|  49|0x0000000083100000, 0x0000000083100000, 0x0000000083200000|  0%| F|  |TAMS 0x0000000083100000, 0x0000000083100000| Untracked 
|  50|0x0000000083200000, 0x0000000083200000, 0x0000000083300000|  0%| F|  |TAMS 0x0000000083200000, 0x0000000083200000| Untracked 
|  51|0x0000000083300000, 0x0000000083300000, 0x0000000083400000|  0%| F|  |TAMS 0x0000000083300000, 0x0000000083300000| Untracked 
|  52|0x0000000083400000, 0x0000000083400000, 0x0000000083500000|  0%| F|  |TAMS 0x0000000083400000, 0x0000000083400000| Untracked 
|  53|0x0000000083500000, 0x0000000083500000, 0x0000000083600000|  0%| F|  |TAMS 0x0000000083500000, 0x0000000083500000| Untracked 
|  54|0x0000000083600000, 0x0000000083600000, 0x0000000083700000|  0%| F|  |TAMS 0x0000000083600000, 0x0000000083600000| Untracked 
|  55|0x0000000083700000, 0x0000000083700000, 0x0000000083800000|  0%| F|  |TAMS 0x0000000083700000, 0x0000000083700000| Untracked 
|  56|0x0000000083800000, 0x0000000083800000, 0x0000000083900000|  0%| F|  |TAMS 0x0000000083800000, 0x0000000083800000| Untracked 
|  57|0x0000000083900000, 0x0000000083900000, 0x0000000083a00000|  0%| F|  |TAMS 0x0000000083900000, 0x0000000083900000| Untracked 
|  58|0x0000000083a00000, 0x0000000083a00000, 0x0000000083b00000|  0%| F|  |TAMS 0x0000000083a00000, 0x0000000083a00000| Untracked 
|  59|0x0000000083b00000, 0x0000000083b00000, 0x0000000083c00000|  0%| F|  |TAMS 0x0000000083b00000, 0x0000000083b00000| Untracked 
|  60|0x0000000083c00000, 0x0000000083c00000, 0x0000000083d00000|  0%| F|  |TAMS 0x0000000083c00000, 0x0000000083c00000| Untracked 
|  61|0x0000000083d00000, 0x0000000083d00000, 0x0000000083e00000|  0%| F|  |TAMS 0x0000000083d00000, 0x0000000083d00000| Untracked 
|  62|0x0000000083e00000, 0x0000000083e00000, 0x0000000083f00000|  0%| F|  |TAMS 0x0000000083e00000, 0x0000000083e00000| Untracked 
|  63|0x0000000083f00000, 0x0000000083f00000, 0x0000000084000000|  0%| F|  |TAMS 0x0000000083f00000, 0x0000000083f00000| Untracked 
|  64|0x0000000084000000, 0x0000000084000000, 0x0000000084100000|  0%| F|  |TAMS 0x0000000084000000, 0x0000000084000000| Untracked 
|  65|0x0000000084100000, 0x0000000084100000, 0x0000000084200000|  0%| F|  |TAMS 0x0000000084100000, 0x0000000084100000| Untracked 
|  66|0x0000000084200000, 0x0000000084200000, 0x0000000084300000|  0%| F|  |TAMS 0x0000000084200000, 0x0000000084200000| Untracked 
|  67|0x0000000084300000, 0x0000000084300000, 0x0000000084400000|  0%| F|  |TAMS 0x0000000084300000, 0x0000000084300000| Untracked 
|  68|0x0000000084400000, 0x0000000084400000, 0x0000000084500000|  0%| F|  |TAMS 0x0000000084400000, 0x0000000084400000| Untracked 
|  69|0x0000000084500000, 0x0000000084500000, 0x0000000084600000|  0%| F|  |TAMS 0x0000000084500000, 0x0000000084500000| Untracked 
|  70|0x0000000084600000, 0x00000000846f21a0, 0x0000000084700000| 94%| S|CS|TAMS 0x0000000084600000, 0x0000000084600000| Complete 
|  71|0x0000000084700000, 0x0000000084800000, 0x0000000084800000|100%| S|CS|TAMS 0x0000000084700000, 0x0000000084700000| Complete 
|  72|0x0000000084800000, 0x0000000084900000, 0x0000000084900000|100%| S|CS|TAMS 0x0000000084800000, 0x0000000084800000| Complete 
|  73|0x0000000084900000, 0x0000000084a00000, 0x0000000084a00000|100%| S|CS|TAMS 0x0000000084900000, 0x0000000084900000| Complete 
|  74|0x0000000084a00000, 0x0000000084b00000, 0x0000000084b00000|100%| S|CS|TAMS 0x0000000084a00000, 0x0000000084a00000| Complete 
|  75|0x0000000084b00000, 0x0000000084b00000, 0x0000000084c00000|  0%| F|  |TAMS 0x0000000084b00000, 0x0000000084b00000| Untracked 
|  76|0x0000000084c00000, 0x0000000084c00000, 0x0000000084d00000|  0%| F|  |TAMS 0x0000000084c00000, 0x0000000084c00000| Untracked 
|  77|0x0000000084d00000, 0x0000000084d00000, 0x0000000084e00000|  0%| F|  |TAMS 0x0000000084d00000, 0x0000000084d00000| Untracked 
|  78|0x0000000084e00000, 0x0000000084e00000, 0x0000000084f00000|  0%| F|  |TAMS 0x0000000084e00000, 0x0000000084e00000| Untracked 
|  79|0x0000000084f00000, 0x0000000084f00000, 0x0000000085000000|  0%| F|  |TAMS 0x0000000084f00000, 0x0000000084f00000| Untracked 
|  80|0x0000000085000000, 0x0000000085000000, 0x0000000085100000|  0%| F|  |TAMS 0x0000000085000000, 0x0000000085000000| Untracked 
|  81|0x0000000085100000, 0x0000000085100000, 0x0000000085200000|  0%| F|  |TAMS 0x0000000085100000, 0x0000000085100000| Untracked 
|  82|0x0000000085200000, 0x0000000085200000, 0x0000000085300000|  0%| F|  |TAMS 0x0000000085200000, 0x0000000085200000| Untracked 
|  83|0x0000000085300000, 0x0000000085300000, 0x0000000085400000|  0%| F|  |TAMS 0x0000000085300000, 0x0000000085300000| Untracked 
|  84|0x0000000085400000, 0x0000000085400000, 0x0000000085500000|  0%| F|  |TAMS 0x0000000085400000, 0x0000000085400000| Untracked 
|  85|0x0000000085500000, 0x0000000085500000, 0x0000000085600000|  0%| F|  |TAMS 0x0000000085500000, 0x0000000085500000| Untracked 
|  86|0x0000000085600000, 0x0000000085600000, 0x0000000085700000|  0%| F|  |TAMS 0x0000000085600000, 0x0000000085600000| Untracked 
|  87|0x0000000085700000, 0x0000000085700000, 0x0000000085800000|  0%| F|  |TAMS 0x0000000085700000, 0x0000000085700000| Untracked 
|  88|0x0000000085800000, 0x0000000085800000, 0x0000000085900000|  0%| F|  |TAMS 0x0000000085800000, 0x0000000085800000| Untracked 
|  89|0x0000000085900000, 0x0000000085900000, 0x0000000085a00000|  0%| F|  |TAMS 0x0000000085900000, 0x0000000085900000| Untracked 
|  90|0x0000000085a00000, 0x0000000085a00000, 0x0000000085b00000|  0%| F|  |TAMS 0x0000000085a00000, 0x0000000085a00000| Untracked 
|  91|0x0000000085b00000, 0x0000000085b00000, 0x0000000085c00000|  0%| F|  |TAMS 0x0000000085b00000, 0x0000000085b00000| Untracked 
|  92|0x0000000085c00000, 0x0000000085c00000, 0x0000000085d00000|  0%| F|  |TAMS 0x0000000085c00000, 0x0000000085c00000| Untracked 
|  93|0x0000000085d00000, 0x0000000085d00000, 0x0000000085e00000|  0%| F|  |TAMS 0x0000000085d00000, 0x0000000085d00000| Untracked 
|  94|0x0000000085e00000, 0x0000000085e00000, 0x0000000085f00000|  0%| F|  |TAMS 0x0000000085e00000, 0x0000000085e00000| Untracked 
|  95|0x0000000085f00000, 0x0000000085f00000, 0x0000000086000000|  0%| F|  |TAMS 0x0000000085f00000, 0x0000000085f00000| Untracked 
|  96|0x0000000086000000, 0x0000000086000000, 0x0000000086100000|  0%| F|  |TAMS 0x0000000086000000, 0x0000000086000000| Untracked 
|  97|0x0000000086100000, 0x0000000086100000, 0x0000000086200000|  0%| F|  |TAMS 0x0000000086100000, 0x0000000086100000| Untracked 
|  98|0x0000000086200000, 0x0000000086200000, 0x0000000086300000|  0%| F|  |TAMS 0x0000000086200000, 0x0000000086200000| Untracked 
|  99|0x0000000086300000, 0x0000000086300000, 0x0000000086400000|  0%| F|  |TAMS 0x0000000086300000, 0x0000000086300000| Untracked 
| 100|0x0000000086400000, 0x0000000086400000, 0x0000000086500000|  0%| F|  |TAMS 0x0000000086400000, 0x0000000086400000| Untracked 
| 101|0x0000000086500000, 0x0000000086500000, 0x0000000086600000|  0%| F|  |TAMS 0x0000000086500000, 0x0000000086500000| Untracked 
| 102|0x0000000086600000, 0x0000000086600000, 0x0000000086700000|  0%| F|  |TAMS 0x0000000086600000, 0x0000000086600000| Untracked 
| 103|0x0000000086700000, 0x0000000086700000, 0x0000000086800000|  0%| F|  |TAMS 0x0000000086700000, 0x0000000086700000| Untracked 
| 104|0x0000000086800000, 0x0000000086800000, 0x0000000086900000|  0%| F|  |TAMS 0x0000000086800000, 0x0000000086800000| Untracked 
| 105|0x0000000086900000, 0x0000000086900000, 0x0000000086a00000|  0%| F|  |TAMS 0x0000000086900000, 0x0000000086900000| Untracked 
| 106|0x0000000086a00000, 0x0000000086a00000, 0x0000000086b00000|  0%| F|  |TAMS 0x0000000086a00000, 0x0000000086a00000| Untracked 
| 107|0x0000000086b00000, 0x0000000086c00000, 0x0000000086c00000|100%| E|  |TAMS 0x0000000086b00000, 0x0000000086b00000| Complete 
| 108|0x0000000086c00000, 0x0000000086d00000, 0x0000000086d00000|100%| E|CS|TAMS 0x0000000086c00000, 0x0000000086c00000| Complete 
| 109|0x0000000086d00000, 0x0000000086e00000, 0x0000000086e00000|100%| E|CS|TAMS 0x0000000086d00000, 0x0000000086d00000| Complete 
| 110|0x0000000086e00000, 0x0000000086f00000, 0x0000000086f00000|100%| E|CS|TAMS 0x0000000086e00000, 0x0000000086e00000| Complete 
| 111|0x0000000086f00000, 0x0000000087000000, 0x0000000087000000|100%| E|CS|TAMS 0x0000000086f00000, 0x0000000086f00000| Complete 
| 112|0x0000000087000000, 0x0000000087100000, 0x0000000087100000|100%| E|CS|TAMS 0x0000000087000000, 0x0000000087000000| Complete 
| 113|0x0000000087100000, 0x0000000087200000, 0x0000000087200000|100%| E|CS|TAMS 0x0000000087100000, 0x0000000087100000| Complete 
| 114|0x0000000087200000, 0x0000000087300000, 0x0000000087300000|100%| E|CS|TAMS 0x0000000087200000, 0x0000000087200000| Complete 
| 115|0x0000000087300000, 0x0000000087400000, 0x0000000087400000|100%| E|CS|TAMS 0x0000000087300000, 0x0000000087300000| Complete 
| 116|0x0000000087400000, 0x0000000087500000, 0x0000000087500000|100%| E|CS|TAMS 0x0000000087400000, 0x0000000087400000| Complete 
| 117|0x0000000087500000, 0x0000000087600000, 0x0000000087600000|100%| E|CS|TAMS 0x0000000087500000, 0x0000000087500000| Complete 
| 118|0x0000000087600000, 0x0000000087700000, 0x0000000087700000|100%| E|CS|TAMS 0x0000000087600000, 0x0000000087600000| Complete 
| 119|0x0000000087700000, 0x0000000087800000, 0x0000000087800000|100%| E|CS|TAMS 0x0000000087700000, 0x0000000087700000| Complete 
| 120|0x0000000087800000, 0x0000000087900000, 0x0000000087900000|100%| E|CS|TAMS 0x0000000087800000, 0x0000000087800000| Complete 
| 121|0x0000000087900000, 0x0000000087a00000, 0x0000000087a00000|100%| E|CS|TAMS 0x0000000087900000, 0x0000000087900000| Complete 
| 122|0x0000000087a00000, 0x0000000087b00000, 0x0000000087b00000|100%| E|CS|TAMS 0x0000000087a00000, 0x0000000087a00000| Complete 
| 123|0x0000000087b00000, 0x0000000087c00000, 0x0000000087c00000|100%| E|CS|TAMS 0x0000000087b00000, 0x0000000087b00000| Complete 
| 124|0x0000000087c00000, 0x0000000087d00000, 0x0000000087d00000|100%| E|CS|TAMS 0x0000000087c00000, 0x0000000087c00000| Complete 
| 125|0x0000000087d00000, 0x0000000087e00000, 0x0000000087e00000|100%| E|CS|TAMS 0x0000000087d00000, 0x0000000087d00000| Complete 
| 126|0x0000000087e00000, 0x0000000087f00000, 0x0000000087f00000|100%| E|CS|TAMS 0x0000000087e00000, 0x0000000087e00000| Complete 
| 127|0x0000000087f00000, 0x0000000088000000, 0x0000000088000000|100%| E|CS|TAMS 0x0000000087f00000, 0x0000000087f00000| Complete 

Card table byte_map: [0x0000023cec9b0000,0x0000023cecdb0000] _byte_map_base: 0x0000023cec5b0000

Marking Bits (Prev, Next): (CMBitMap*) 0x0000023cd97cef00, (CMBitMap*) 0x0000023cd97ceec8
 Prev Bits: [0x0000023cef1b0000, 0x0000023cf11b0000)
 Next Bits: [0x0000023ced1b0000, 0x0000023cef1b0000)

Polling page: 0x0000023cd76d0000

Metaspace:

Usage:
  Non-class:     60.92 MB capacity,    59.96 MB ( 98%) used,   805.38 KB (  1%) free+waste,   171.06 KB ( <1%) overhead. 
      Class:      9.44 MB capacity,     8.87 MB ( 94%) used,   511.30 KB (  5%) free+waste,    79.56 KB ( <1%) overhead. 
       Both:     70.36 MB capacity,    68.83 MB ( 98%) used,     1.29 MB (  2%) free+waste,   250.63 KB ( <1%) overhead. 

Virtual space:
  Non-class space:       62.00 MB reserved,      61.25 MB ( 99%) committed 
      Class space:        1.00 GB reserved,       9.57 MB ( <1%) committed 
             Both:        1.06 GB reserved,      70.82 MB (  7%) committed 

Chunk freelists:
   Non-Class:  18.00 KB
       Class:  25.00 KB
        Both:  43.00 KB

MaxMetaspaceSize: 17179869184.00 GB
CompressedClassSpaceSize: 1.00 GB

CodeHeap 'non-profiled nmethods': size=120000Kb used=3880Kb max_used=3880Kb free=116119Kb
 bounds [0x0000023ce4d50000, 0x0000023ce5120000, 0x0000023cec280000]
CodeHeap 'profiled nmethods': size=120000Kb used=14153Kb max_used=14153Kb free=105846Kb
 bounds [0x0000023cdd820000, 0x0000023cde600000, 0x0000023ce4d50000]
CodeHeap 'non-nmethods': size=5760Kb used=2267Kb max_used=2300Kb free=3492Kb
 bounds [0x0000023cdd280000, 0x0000023cdd4f0000, 0x0000023cdd820000]
 total_blobs=7516 nmethods=6654 adapters=773
 compilation: enabled
              stopped_count=0, restarted_count=0
 full_count=0

Compilation events (20 events):
Event: 13.304 Thread 0x0000023cf3c22000 nmethod 6643 0x0000023cde5bbb10 code [0x0000023cde5bbcc0, 0x0000023cde5bbe18]
Event: 13.304 Thread 0x0000023cf3c22000 6642       3       java.util.LinkedList::isElementIndex (18 bytes)
Event: 13.305 Thread 0x0000023cf3c22000 nmethod 6642 0x0000023cde5bbf10 code [0x0000023cde5bc0c0, 0x0000023cde5bc258]
Event: 13.308 Thread 0x0000023cf3c22000 6644       3       java.io.ObjectOutputStream$BlockDataOutputStream::getUTFLength (124 bytes)
Event: 13.309 Thread 0x0000023cf3c22000 nmethod 6644 0x0000023cde5bc310 code [0x0000023cde5bc520, 0x0000023cde5bcb08]
Event: 13.309 Thread 0x0000023cf3c22000 6645       3       java.io.ObjectOutputStream$BlockDataOutputStream::writeBytes (144 bytes)
Event: 13.310 Thread 0x0000023cf3c22000 nmethod 6645 0x0000023cde5bcd90 code [0x0000023cde5bcfc0, 0x0000023cde5bd678]
Event: 13.310 Thread 0x0000023cf3c22000 6646       3       java.io.ObjectOutputStream$BlockDataOutputStream::setBlockDataMode (35 bytes)
Event: 13.310 Thread 0x0000023cf3c22000 nmethod 6646 0x0000023cde5bd990 code [0x0000023cde5bdb60, 0x0000023cde5bdd68]
Event: 13.310 Thread 0x0000023cf3c22000 6647       3       java.io.ObjectOutputStream$HandleTable::lookup (56 bytes)
Event: 13.310 Thread 0x0000023cf3c22000 nmethod 6647 0x0000023cde5bde10 code [0x0000023cde5be000, 0x0000023cde5be368]
Event: 13.310 Thread 0x0000023cf3c22000 6648       3       java.io.ObjectOutputStream$HandleTable::insert (39 bytes)
Event: 13.311 Thread 0x0000023cf3c22000 nmethod 6648 0x0000023cde5be590 code [0x0000023cde5be780, 0x0000023cde5beb28]
Event: 13.311 Thread 0x0000023cf3c22000 6649       3       org.gradle.internal.serialize.kryo.KryoBackedEncoder::writeBytes (11 bytes)
Event: 13.311 Thread 0x0000023cf3c22000 nmethod 6649 0x0000023cde5bed10 code [0x0000023cde5beec0, 0x0000023cde5bf008]
Event: 13.336 Thread 0x0000023cf3c22000 6650       3       com.esotericsoftware.kryo.io.Input::readString (127 bytes)
Event: 13.337 Thread 0x0000023cf3c22000 nmethod 6650 0x0000023cde5bf110 code [0x0000023cde5bf360, 0x0000023cde5bfa28]
Event: 13.337 Thread 0x0000023cf3c22000 6653       3       com.esotericsoftware.kryo.io.Input::readByte (23 bytes)
Event: 13.337 Thread 0x0000023cf3c22000 nmethod 6653 0x0000023cde5bfd10 code [0x0000023cde5bfec0, 0x0000023cde5c0048]
Event: 13.337 Thread 0x0000023cf3c22000 6651       3       com.esotericsoftware.kryo.io.Input::readInt (70 bytes)

GC Heap History (20 events):
Event: 3.400 GC heap before
{Heap before GC invocations=2 (full 0):
 garbage-first heap   total 131072K, used 39019K [0x0000000080000000, 0x0000000100000000)
  region size 1024K, 33 young (33792K), 10 survivors (10240K)
 Metaspace       used 20577K, capacity 21104K, committed 21248K, reserved 1067008K
  class space    used 2508K, capacity 2690K, committed 2816K, reserved 1048576K
}
Event: 3.407 GC heap after
{Heap after GC invocations=3 (full 0):
 garbage-first heap   total 131072K, used 17666K [0x0000000080000000, 0x0000000100000000)
  region size 1024K, 1 young (1024K), 1 survivors (1024K)
 Metaspace       used 20577K, capacity 21104K, committed 21248K, reserved 1067008K
  class space    used 2508K, capacity 2690K, committed 2816K, reserved 1048576K
}
Event: 4.144 GC heap before
{Heap before GC invocations=4 (full 0):
 garbage-first heap   total 131072K, used 75010K [0x0000000080000000, 0x0000000100000000)
  region size 1024K, 57 young (58368K), 1 survivors (1024K)
 Metaspace       used 26219K, capacity 26831K, committed 27008K, reserved 1073152K
  class space    used 3438K, capacity 3668K, committed 3712K, reserved 1048576K
}
Event: 4.148 GC heap after
{Heap after GC invocations=5 (full 0):
 garbage-first heap   total 131072K, used 19346K [0x0000000080000000, 0x0000000100000000)
  region size 1024K, 3 young (3072K), 3 survivors (3072K)
 Metaspace       used 26219K, capacity 26831K, committed 27008K, reserved 1073152K
  class space    used 3438K, capacity 3668K, committed 3712K, reserved 1048576K
}
Event: 5.408 GC heap before
{Heap before GC invocations=5 (full 0):
 garbage-first heap   total 131072K, used 71570K [0x0000000080000000, 0x0000000100000000)
  region size 1024K, 56 young (57344K), 3 survivors (3072K)
 Metaspace       used 35057K, capacity 35838K, committed 35840K, reserved 1081344K
  class space    used 4541K, capacity 4864K, committed 4864K, reserved 1048576K
}
Event: 5.421 GC heap after
{Heap after GC invocations=6 (full 0):
 garbage-first heap   total 131072K, used 22839K [0x0000000080000000, 0x0000000100000000)
  region size 1024K, 7 young (7168K), 7 survivors (7168K)
 Metaspace       used 35057K, capacity 35838K, committed 35840K, reserved 1081344K
  class space    used 4541K, capacity 4864K, committed 4864K, reserved 1048576K
}
Event: 6.572 GC heap before
{Heap before GC invocations=7 (full 0):
 garbage-first heap   total 131072K, used 87351K [0x0000000080000000, 0x0000000100000000)
  region size 1024K, 68 young (69632K), 7 survivors (7168K)
 Metaspace       used 39566K, capacity 40502K, committed 40780K, reserved 1085440K
  class space    used 5056K, capacity 5390K, committed 5452K, reserved 1048576K
}
Event: 6.584 GC heap after
{Heap after GC invocations=8 (full 0):
 garbage-first heap   total 131072K, used 27809K [0x0000000080000000, 0x0000000100000000)
  region size 1024K, 9 young (9216K), 9 survivors (9216K)
 Metaspace       used 39566K, capacity 40502K, committed 40780K, reserved 1085440K
  class space    used 5056K, capacity 5390K, committed 5452K, reserved 1048576K
}
Event: 8.976 GC heap before
{Heap before GC invocations=8 (full 0):
 garbage-first heap   total 131072K, used 91297K [0x0000000080000000, 0x0000000100000000)
  region size 1024K, 70 young (71680K), 9 survivors (9216K)
 Metaspace       used 45203K, capacity 46310K, committed 46412K, reserved 1089536K
  class space    used 5802K, capacity 6192K, committed 6220K, reserved 1048576K
}
Event: 8.984 GC heap after
{Heap after GC invocations=9 (full 0):
 garbage-first heap   total 131072K, used 29699K [0x0000000080000000, 0x0000000100000000)
  region size 1024K, 3 young (3072K), 3 survivors (3072K)
 Metaspace       used 45203K, capacity 46310K, committed 46412K, reserved 1089536K
  class space    used 5802K, capacity 6192K, committed 6220K, reserved 1048576K
}
Event: 10.567 GC heap before
{Heap before GC invocations=9 (full 0):
 garbage-first heap   total 131072K, used 98307K [0x0000000080000000, 0x0000000100000000)
  region size 1024K, 66 young (67584K), 3 survivors (3072K)
 Metaspace       used 49161K, capacity 50548K, committed 50892K, reserved 1093632K
  class space    used 6281K, capacity 6754K, committed 6860K, reserved 1048576K
}
Event: 10.572 GC heap after
{Heap after GC invocations=10 (full 0):
 garbage-first heap   total 131072K, used 41711K [0x0000000080000000, 0x0000000100000000)
  region size 1024K, 9 young (9216K), 9 survivors (9216K)
 Metaspace       used 49161K, capacity 50548K, committed 50892K, reserved 1093632K
  class space    used 6281K, capacity 6754K, committed 6860K, reserved 1048576K
}
Event: 11.407 GC heap before
{Heap before GC invocations=10 (full 0):
 garbage-first heap   total 131072K, used 98031K [0x0000000080000000, 0x0000000100000000)
  region size 1024K, 64 young (65536K), 9 survivors (9216K)
 Metaspace       used 57496K, capacity 58931K, committed 59084K, reserved 1099776K
  class space    used 7264K, capacity 7755K, committed 7884K, reserved 1048576K
}
Event: 11.416 GC heap after
{Heap after GC invocations=11 (full 0):
 garbage-first heap   total 131072K, used 44375K [0x0000000080000000, 0x0000000100000000)
  region size 1024K, 3 young (3072K), 3 survivors (3072K)
 Metaspace       used 57496K, capacity 58931K, committed 59084K, reserved 1099776K
  class space    used 7264K, capacity 7755K, committed 7884K, reserved 1048576K
}
Event: 11.522 GC heap before
{Heap before GC invocations=11 (full 0):
 garbage-first heap   total 131072K, used 47447K [0x0000000080000000, 0x0000000100000000)
  region size 1024K, 7 young (7168K), 3 survivors (3072K)
 Metaspace       used 58662K, capacity 60159K, committed 60236K, reserved 1101824K
  class space    used 7411K, capacity 7950K, committed 8012K, reserved 1048576K
}
Event: 11.526 GC heap after
{Heap after GC invocations=12 (full 0):
 garbage-first heap   total 131072K, used 44430K [0x0000000080000000, 0x0000000100000000)
  region size 1024K, 3 young (3072K), 3 survivors (3072K)
 Metaspace       used 58662K, capacity 60159K, committed 60236K, reserved 1101824K
  class space    used 7411K, capacity 7950K, committed 8012K, reserved 1048576K
}
Event: 12.284 GC heap before
{Heap before GC invocations=13 (full 0):
 garbage-first heap   total 131072K, used 100750K [0x0000000080000000, 0x0000000100000000)
  region size 1024K, 58 young (59392K), 3 survivors (3072K)
 Metaspace       used 63968K, capacity 65387K, committed 65484K, reserved 1105920K
  class space    used 8058K, capacity 8591K, committed 8652K, reserved 1048576K
}
Event: 12.291 GC heap after
{Heap after GC invocations=14 (full 0):
 garbage-first heap   total 131072K, used 48769K [0x0000000080000000, 0x0000000100000000)
  region size 1024K, 7 young (7168K), 7 survivors (7168K)
 Metaspace       used 63968K, capacity 65387K, committed 65484K, reserved 1105920K
  class space    used 8058K, capacity 8591K, committed 8652K, reserved 1048576K
}
Event: 13.025 GC heap before
{Heap before GC invocations=14 (full 0):
 garbage-first heap   total 131072K, used 103041K [0x0000000080000000, 0x0000000100000000)
  region size 1024K, 60 young (61440K), 7 survivors (7168K)
 Metaspace       used 68555K, capacity 70070K, committed 70348K, reserved 1110016K
  class space    used 8818K, capacity 9382K, committed 9420K, reserved 1048576K
}
Event: 13.034 GC heap after
{Heap after GC invocations=15 (full 0):
 garbage-first heap   total 131072K, used 53644K [0x0000000080000000, 0x0000000100000000)
  region size 1024K, 5 young (5120K), 5 survivors (5120K)
 Metaspace       used 68555K, capacity 70070K, committed 70348K, reserved 1110016K
  class space    used 8818K, capacity 9382K, committed 9420K, reserved 1048576K
}

Deoptimization events (20 events):
Event: 12.454 Thread 0x0000023cf5e14800 Uncommon trap: trap_request=0xffffff4d fr.pc=0x0000023ce5017730 relative=0x0000000000000d70
Event: 12.454 Thread 0x0000023cf5e14800 Uncommon trap: reason=unstable_if action=reinterpret pc=0x0000023ce5017730 method=org.codehaus.groovy.runtime.metaclass.MetaMethodIndex.isOverridden(Lgroovy/lang/MetaMethod;Lgroovy/lang/MetaMethod;)Z @ 33 c2
Event: 12.454 Thread 0x0000023cf5e14800 DEOPT PACKING pc=0x0000023ce5017730 sp=0x000000ab4c4f5130
Event: 12.454 Thread 0x0000023cf5e14800 DEOPT UNPACKING pc=0x0000023cdd2a78af sp=0x000000ab4c4f5078 mode 2
Event: 13.312 Thread 0x0000023cf5e14800 Uncommon trap: trap_request=0xffffffc6 fr.pc=0x0000023ce4f19ad0 relative=0x0000000000003b30
Event: 13.312 Thread 0x0000023cf5e14800 Uncommon trap: reason=bimorphic_or_optimized_type_check action=maybe_recompile pc=0x0000023ce4f19ad0 method=java.util.AbstractCollection.addAll(Ljava/util/Collection;)Z @ 29 c2
Event: 13.312 Thread 0x0000023cf5e14800 DEOPT PACKING pc=0x0000023ce4f19ad0 sp=0x000000ab4c4faa30
Event: 13.312 Thread 0x0000023cf5e14800 DEOPT UNPACKING pc=0x0000023cdd2a78af sp=0x000000ab4c4faa30 mode 2
Event: 13.320 Thread 0x0000023cf5e14800 Uncommon trap: trap_request=0xffffffc6 fr.pc=0x0000023ce4f19ad0 relative=0x0000000000003b30
Event: 13.320 Thread 0x0000023cf5e14800 Uncommon trap: reason=bimorphic_or_optimized_type_check action=maybe_recompile pc=0x0000023ce4f19ad0 method=java.util.AbstractCollection.addAll(Ljava/util/Collection;)Z @ 29 c2
Event: 13.320 Thread 0x0000023cf5e14800 DEOPT PACKING pc=0x0000023ce4f19ad0 sp=0x000000ab4c4faa30
Event: 13.320 Thread 0x0000023cf5e14800 DEOPT UNPACKING pc=0x0000023cdd2a78af sp=0x000000ab4c4faa30 mode 2
Event: 13.335 Thread 0x0000023cf5e14800 Uncommon trap: trap_request=0xffffff4d fr.pc=0x0000023ce4fcf2d8 relative=0x0000000000000d38
Event: 13.335 Thread 0x0000023cf5e14800 Uncommon trap: reason=unstable_if action=reinterpret pc=0x0000023ce4fcf2d8 method=com.esotericsoftware.kryo.io.Input.readString()Ljava/lang/String; @ 28 c2
Event: 13.335 Thread 0x0000023cf5e14800 DEOPT PACKING pc=0x0000023ce4fcf2d8 sp=0x000000ab4c4f8d70
Event: 13.335 Thread 0x0000023cf5e14800 DEOPT UNPACKING pc=0x0000023cdd2a78af sp=0x000000ab4c4f8d48 mode 2
Event: 13.337 Thread 0x0000023cf5e14800 Uncommon trap: trap_request=0xffffff4d fr.pc=0x0000023ce4fafff4 relative=0x00000000000001b4
Event: 13.337 Thread 0x0000023cf5e14800 Uncommon trap: reason=unstable_if action=reinterpret pc=0x0000023ce4fafff4 method=com.esotericsoftware.kryo.io.Input.require(I)I @ 65 c2
Event: 13.337 Thread 0x0000023cf5e14800 DEOPT PACKING pc=0x0000023ce4fafff4 sp=0x000000ab4c4f8c70
Event: 13.337 Thread 0x0000023cf5e14800 DEOPT UNPACKING pc=0x0000023cdd2a78af sp=0x000000ab4c4f8c30 mode 2

Classes redefined (0 events):
No events

Internal exceptions (20 events):
Event: 12.459 Thread 0x0000023cf5e14800 Exception <a 'java/lang/ClassNotFoundException'{0x0000000086dedc60}: com/android/builder/core/AbstractBuildTypeCustomizer> (0x0000000086dedc60) thrown at [./src/hotspot/share/classfile/systemDictionary.cpp, line 231]
Event: 12.461 Thread 0x0000023cf5e14800 Exception <a 'java/lang/ClassNotFoundException'{0x0000000086c22d50}: com/android/build/gradle/internal/dsl/BuildTypeCustomizer> (0x0000000086c22d50) thrown at [./src/hotspot/share/classfile/systemDictionary.cpp, line 231]
Event: 12.466 Thread 0x0000023cf5e14800 Exception <a 'java/lang/ClassNotFoundException'{0x0000000086caf2c0}: com/android/build/gradle/internal/dsl/BuildType_DecoratedCustomizer> (0x0000000086caf2c0) thrown at [./src/hotspot/share/classfile/systemDictionary.cpp, line 231]
Event: 12.473 Thread 0x0000023cf5e14800 Exception <a 'java/lang/ClassNotFoundException'{0x0000000086b71430}: build_4iqv5mk4zh654gj9dwjldkh2y$_run_closure1$_closure4BeanInfo> (0x0000000086b71430) thrown at [./src/hotspot/share/classfile/systemDictionary.cpp, line 231]
Event: 12.474 Thread 0x0000023cf5e14800 Exception <a 'java/lang/ClassNotFoundException'{0x0000000086b81ec0}: build_4iqv5mk4zh654gj9dwjldkh2y$_run_closure1$_closure4Customizer> (0x0000000086b81ec0) thrown at [./src/hotspot/share/classfile/systemDictionary.cpp, line 231]
Event: 12.476 Thread 0x0000023cf5e14800 Exception <a 'java/lang/ClassNotFoundException'{0x0000000086baac88}: build_4iqv5mk4zh654gj9dwjldkh2y$_run_closure1BeanInfo> (0x0000000086baac88) thrown at [./src/hotspot/share/classfile/systemDictionary.cpp, line 231]
Event: 12.477 Thread 0x0000023cf5e14800 Exception <a 'java/lang/ClassNotFoundException'{0x0000000086bbaa98}: build_4iqv5mk4zh654gj9dwjldkh2y$_run_closure1Customizer> (0x0000000086bbaa98) thrown at [./src/hotspot/share/classfile/systemDictionary.cpp, line 231]
Event: 12.483 Thread 0x0000023cf5e14800 Exception <a 'java/lang/ClassNotFoundException'{0x0000000086a18ac0}: org/gradle/api/JavaVersionBeanInfo> (0x0000000086a18ac0) thrown at [./src/hotspot/share/classfile/systemDictionary.cpp, line 231]
Event: 12.484 Thread 0x0000023cf5e14800 Exception <a 'java/lang/ClassNotFoundException'{0x0000000086a42d68}: org/gradle/api/JavaVersionCustomizer> (0x0000000086a42d68) thrown at [./src/hotspot/share/classfile/systemDictionary.cpp, line 231]
Event: 12.488 Thread 0x0000023cf5e14800 Exception <a 'java/lang/ClassNotFoundException'{0x0000000086a97c00}: com/android/build/gradle/internal/CompileOptions_DecoratedBeanInfo> (0x0000000086a97c00) thrown at [./src/hotspot/share/classfile/systemDictionary.cpp, line 231]
Event: 12.488 Thread 0x0000023cf5e14800 Exception <a 'java/lang/ClassNotFoundException'{0x0000000086aaf058}: com/android/build/gradle/internal/CompileOptionsBeanInfo> (0x0000000086aaf058) thrown at [./src/hotspot/share/classfile/systemDictionary.cpp, line 231]
Event: 12.489 Thread 0x0000023cf5e14800 Exception <a 'java/lang/ClassNotFoundException'{0x0000000086ac6c40}: com/android/build/gradle/internal/CompileOptionsCustomizer> (0x0000000086ac6c40) thrown at [./src/hotspot/share/classfile/systemDictionary.cpp, line 231]
Event: 12.490 Thread 0x0000023cf5e14800 Exception <a 'java/lang/ClassNotFoundException'{0x0000000086aeb210}: com/android/build/gradle/internal/CompileOptions_DecoratedCustomizer> (0x0000000086aeb210) thrown at [./src/hotspot/share/classfile/systemDictionary.cpp, line 231]
Event: 13.265 Thread 0x0000023cf5e14800 Exception <a 'java/lang/ClassNotFoundException'{0x0000000087369098}: com/android/build/gradle/internal/api/ApkVariantOutputImpl_DecoratedBeanInfo> (0x0000000087369098) thrown at [./src/hotspot/share/classfile/systemDictionary.cpp, line 231]
Event: 13.265 Thread 0x0000023cf5e14800 Exception <a 'java/lang/ClassNotFoundException'{0x0000000087382d48}: com/android/build/gradle/internal/api/ApkVariantOutputImplBeanInfo> (0x0000000087382d48) thrown at [./src/hotspot/share/classfile/systemDictionary.cpp, line 231]
Event: 13.266 Thread 0x0000023cf5e14800 Exception <a 'java/lang/ClassNotFoundException'{0x000000008739cf18}: com/android/build/gradle/internal/api/BaseVariantOutputImplBeanInfo> (0x000000008739cf18) thrown at [./src/hotspot/share/classfile/systemDictionary.cpp, line 231]
Event: 13.267 Thread 0x0000023cf5e14800 Exception <a 'java/lang/ClassNotFoundException'{0x00000000873b7150}: com/android/build/gradle/internal/api/BaseVariantOutputImplCustomizer> (0x00000000873b7150) thrown at [./src/hotspot/share/classfile/systemDictionary.cpp, line 231]
Event: 13.268 Thread 0x0000023cf5e14800 Exception <a 'java/lang/ClassNotFoundException'{0x00000000873e3a20}: com/android/build/gradle/internal/api/ApkVariantOutputImplCustomizer> (0x00000000873e3a20) thrown at [./src/hotspot/share/classfile/systemDictionary.cpp, line 231]
Event: 13.269 Thread 0x0000023cf5e14800 Exception <a 'java/lang/ClassNotFoundException'{0x000000008720cba0}: com/android/build/gradle/internal/api/ApkVariantOutputImpl_DecoratedCustomizer> (0x000000008720cba0) thrown at [./src/hotspot/share/classfile/systemDictionary.cpp, line 231]
Event: 13.282 Thread 0x0000023cf5e14800 Exception <a 'java/lang/NoClassDefFoundError'{0x0000000087172b30}: org/jetbrains/kotlin/gradle/plugin/KotlinBasePluginWrapper> (0x0000000087172b30) thrown at [./src/hotspot/share/classfile/systemDictionary.cpp, line 220]

Events (20 events):
Event: 13.323 loading class org/gradle/api/internal/artifacts/ivyservice/resolveengine/result/StreamingResolutionResultBuilder$RootFactory
Event: 13.323 loading class org/gradle/api/internal/artifacts/ivyservice/resolveengine/result/StreamingResolutionResultBuilder$RootFactory done
Event: 13.323 loading class org/gradle/internal/serialize/Decoder
Event: 13.323 loading class org/gradle/internal/serialize/Decoder done
Event: 13.324 loading class org/gradle/internal/serialize/Decoder
Event: 13.324 loading class org/gradle/internal/serialize/Decoder done
Event: 13.324 loading class org/gradle/internal/serialize/Decoder
Event: 13.324 loading class org/gradle/internal/serialize/Decoder done
Event: 13.324 loading class org/gradle/api/internal/artifacts/ivyservice/resolveengine/result/StreamingResolutionResultBuilder$RootFactory
Event: 13.324 loading class org/gradle/api/internal/artifacts/ivyservice/resolveengine/result/StreamingResolutionResultBuilder$RootFactory done
Event: 13.324 loading class org/gradle/cache/internal/BinaryStore$ReadAction
Event: 13.324 loading class org/gradle/cache/internal/BinaryStore$ReadAction done
Event: 13.332 loading class org/gradle/internal/serialize/kryo/StringDeduplicatingKryoBackedDecoder
Event: 13.332 loading class org/gradle/internal/serialize/kryo/StringDeduplicatingKryoBackedDecoder done
Event: 13.333 loading class org/gradle/api/internal/artifacts/ivyservice/resolveengine/result/DefaultResolutionResultBuilder
Event: 13.333 loading class org/gradle/api/internal/artifacts/ivyservice/resolveengine/result/DefaultResolutionResultBuilder done
Event: 13.334 loading class org/gradle/api/artifacts/result/DependencyResult
Event: 13.334 loading class org/gradle/api/artifacts/result/DependencyResult done
Event: 13.335 loading class org/gradle/api/internal/artifacts/ivyservice/resolveengine/result/CachingDependencyResultFactory
Event: 13.335 loading class org/gradle/api/internal/artifacts/ivyservice/resolveengine/result/CachingDependencyResultFactory done


Dynamic libraries:
0x00007ff690470000 - 0x00007ff69047a000 	C:\Program Files\Android\Android Studio\jre\bin\java.exe
0x00007ff8808f0000 - 0x00007ff880ae5000 	C:\WINDOWS\SYSTEM32\ntdll.dll
0x00007ff87fd00000 - 0x00007ff87fdbe000 	C:\WINDOWS\System32\KERNEL32.DLL
0x00007ff87e010000 - 0x00007ff87e2d9000 	C:\WINDOWS\System32\KERNELBASE.dll
0x00007ff87e7f0000 - 0x00007ff87e8f0000 	C:\WINDOWS\System32\ucrtbase.dll
0x00007ff8570d0000 - 0x00007ff8570e7000 	C:\Program Files\Android\Android Studio\jre\bin\VCRUNTIME140.dll
0x00007ff8531e0000 - 0x00007ff8531f9000 	C:\Program Files\Android\Android Studio\jre\bin\jli.dll
0x00007ff87f2e0000 - 0x00007ff87f481000 	C:\WINDOWS\System32\USER32.dll
0x00007ff87e2e0000 - 0x00007ff87e302000 	C:\WINDOWS\System32\win32u.dll
0x00007ff87f0e0000 - 0x00007ff87f10b000 	C:\WINDOWS\System32\GDI32.dll
0x00007ff87d3e0000 - 0x00007ff87d67a000 	C:\WINDOWS\WinSxS\amd64_microsoft.windows.common-controls_6595b64144ccf1df_6.0.19041.1110_none_60b5254171f9507e\COMCTL32.dll
0x00007ff87e500000 - 0x00007ff87e60b000 	C:\WINDOWS\System32\gdi32full.dll
0x00007ff880450000 - 0x00007ff8804ee000 	C:\WINDOWS\System32\msvcrt.dll
0x00007ff87e610000 - 0x00007ff87e6ad000 	C:\WINDOWS\System32\msvcp_win.dll
0x00007ff880270000 - 0x00007ff8802a0000 	C:\WINDOWS\System32\IMM32.DLL
0x00007ff847180000 - 0x00007ff84721d000 	C:\Program Files\Android\Android Studio\jre\bin\msvcp140.dll
0x00007ff833150000 - 0x00007ff833c1f000 	C:\Program Files\Android\Android Studio\jre\bin\server\jvm.dll
0x00007ff87f1b0000 - 0x00007ff87f25c000 	C:\WINDOWS\System32\ADVAPI32.dll
0x00007ff87f110000 - 0x00007ff87f1ab000 	C:\WINDOWS\System32\sechost.dll
0x00007ff880320000 - 0x00007ff88044a000 	C:\WINDOWS\System32\RPCRT4.dll
0x00007ff87f020000 - 0x00007ff87f028000 	C:\WINDOWS\System32\PSAPI.DLL
0x00007ff865410000 - 0x00007ff865437000 	C:\WINDOWS\SYSTEM32\WINMM.dll
0x00007ff864be0000 - 0x00007ff864be9000 	C:\WINDOWS\SYSTEM32\WSOCK32.dll
0x00007ff87ab60000 - 0x00007ff87ab6a000 	C:\WINDOWS\SYSTEM32\VERSION.dll
0x00007ff8802a0000 - 0x00007ff88030b000 	C:\WINDOWS\System32\WS2_32.dll
0x00007ff87c240000 - 0x00007ff87c252000 	C:\WINDOWS\SYSTEM32\kernel.appcore.dll
0x00007ff874200000 - 0x00007ff874211000 	C:\Program Files\Android\Android Studio\jre\bin\verify.dll
0x00007ff87da30000 - 0x00007ff87dc14000 	C:\WINDOWS\SYSTEM32\DBGHELP.DLL
0x00007ff87d7e0000 - 0x00007ff87d80c000 	C:\WINDOWS\SYSTEM32\dbgcore.DLL
0x00007ff87e760000 - 0x00007ff87e7e3000 	C:\WINDOWS\System32\bcryptPrimitives.dll
0x00007ff8740d0000 - 0x00007ff8740f9000 	C:\Program Files\Android\Android Studio\jre\bin\java.dll
0x00007ff874250000 - 0x00007ff87425b000 	C:\Program Files\Android\Android Studio\jre\bin\jimage.dll
0x00007ff8741a0000 - 0x00007ff8741b8000 	C:\Program Files\Android\Android Studio\jre\bin\zip.dll
0x00007ff87f510000 - 0x00007ff87fc4f000 	C:\WINDOWS\System32\SHELL32.dll
0x00007ff87b180000 - 0x00007ff87b910000 	C:\WINDOWS\SYSTEM32\windows.storage.dll
0x00007ff8804f0000 - 0x00007ff880845000 	C:\WINDOWS\System32\combase.dll
0x00007ff87d370000 - 0x00007ff87d39c000 	C:\WINDOWS\SYSTEM32\Wldp.dll
0x00007ff87f030000 - 0x00007ff87f0dd000 	C:\WINDOWS\System32\SHCORE.dll
0x00007ff87fdc0000 - 0x00007ff87fe15000 	C:\WINDOWS\System32\shlwapi.dll
0x00007ff87df50000 - 0x00007ff87df6f000 	C:\WINDOWS\SYSTEM32\profapi.dll
0x00007ff85def0000 - 0x00007ff85df0a000 	C:\Program Files\Android\Android Studio\jre\bin\net.dll
0x00007ff86eec0000 - 0x00007ff86efc8000 	C:\WINDOWS\SYSTEM32\WINHTTP.dll
0x00007ff87d210000 - 0x00007ff87d27a000 	C:\WINDOWS\system32\mswsock.dll
0x00007ff85ded0000 - 0x00007ff85dee4000 	C:\Program Files\Android\Android Studio\jre\bin\nio.dll
0x00007ff874350000 - 0x00007ff874377000 	C:\Users\hippo\.gradle\native\8bec1ad78214c89d9ad589b4d07fe93259594b29d510b10fafb7a158f7737e5d\windows-amd64\native-platform.dll
0x00007ff8440e0000 - 0x00007ff84421d000 	C:\Users\hippo\.gradle\native\53dbd7edfb1c66fb8903c78663c9afc45aea4f116125fa6feffd364cf09443e8\windows-amd64\native-platform-file-events.dll
0x00007ff871da0000 - 0x00007ff871daa000 	C:\Program Files\Android\Android Studio\jre\bin\management.dll
0x00007ff86fd20000 - 0x00007ff86fd2c000 	C:\Program Files\Android\Android Studio\jre\bin\management_ext.dll
0x00007ff87dd90000 - 0x00007ff87dda8000 	C:\WINDOWS\SYSTEM32\CRYPTSP.dll
0x00007ff87ca30000 - 0x00007ff87ca64000 	C:\WINDOWS\system32\rsaenh.dll
0x00007ff87e310000 - 0x00007ff87e337000 	C:\WINDOWS\System32\bcrypt.dll
0x00007ff87df10000 - 0x00007ff87df3e000 	C:\WINDOWS\SYSTEM32\USERENV.dll
0x00007ff87d1b0000 - 0x00007ff87d1bc000 	C:\WINDOWS\SYSTEM32\CRYPTBASE.dll
0x00007ff87cd80000 - 0x00007ff87cdbb000 	C:\WINDOWS\SYSTEM32\IPHLPAPI.DLL
0x00007ff880310000 - 0x00007ff880318000 	C:\WINDOWS\System32\NSI.dll
0x00007ff871400000 - 0x00007ff871417000 	C:\WINDOWS\SYSTEM32\dhcpcsvc6.DLL
0x00007ff8713e0000 - 0x00007ff8713fd000 	C:\WINDOWS\SYSTEM32\dhcpcsvc.DLL
0x00007ff87cdc0000 - 0x00007ff87ce8c000 	C:\WINDOWS\SYSTEM32\DNSAPI.dll

dbghelp: loaded successfully - version: 4.0.5 - missing functions: none
symbol engine: initialized successfully - sym options: 0x614 - pdb path: .;C:\Program Files\Android\Android Studio\jre\bin;C:\WINDOWS\SYSTEM32;C:\WINDOWS\WinSxS\amd64_microsoft.windows.common-controls_6595b64144ccf1df_6.0.19041.1110_none_60b5254171f9507e;C:\Program Files\Android\Android Studio\jre\bin\server;C:\Users\hippo\.gradle\native\8bec1ad78214c89d9ad589b4d07fe93259594b29d510b10fafb7a158f7737e5d\windows-amd64;C:\Users\hippo\.gradle\native\53dbd7edfb1c66fb8903c78663c9afc45aea4f116125fa6feffd364cf09443e8\windows-amd64

VM Arguments:
jvm_args: --add-opens=java.base/java.util=ALL-UNNAMED --add-opens=java.base/java.lang=ALL-UNNAMED --add-opens=java.base/java.lang.invoke=ALL-UNNAMED --add-opens=java.base/java.util=ALL-UNNAMED --add-opens=java.prefs/java.util.prefs=ALL-UNNAMED --add-opens=java.prefs/java.util.prefs=ALL-UNNAMED --add-opens=java.base/java.nio.charset=ALL-UNNAMED --add-opens=java.base/java.net=ALL-UNNAMED --add-opens=java.base/java.util.concurrent.atomic=ALL-UNNAMED -Xmx2048m -Dfile.encoding=UTF-8 -Duser.country=KR -Duser.language=ko -Duser.variant 
java_command: org.gradle.launcher.daemon.bootstrap.GradleDaemon 7.0.2
java_class_path (initial): C:\Users\hippo\.gradle\wrapper\dists\gradle-7.0.2-bin\857tjihv64xamwrf0h14cai3r\gradle-7.0.2\lib\gradle-launcher-7.0.2.jar
Launcher Type: SUN_STANDARD

[Global flags]
     intx CICompilerCount                          = 4                                         {product} {ergonomic}
     uint ConcGCThreads                            = 2                                         {product} {ergonomic}
     uint G1ConcRefinementThreads                  = 8                                         {product} {ergonomic}
   size_t G1HeapRegionSize                         = 1048576                                   {product} {ergonomic}
    uintx GCDrainStackTargetSize                   = 64                                        {product} {ergonomic}
   size_t InitialHeapSize                          = 134217728                                 {product} {ergonomic}
   size_t MarkStackSize                            = 4194304                                   {product} {ergonomic}
   size_t MaxHeapSize                              = 2147483648                                {product} {command line}
   size_t MaxNewSize                               = 1287651328                                {product} {ergonomic}
   size_t MinHeapDeltaBytes                        = 1048576                                   {product} {ergonomic}
    uintx NonNMethodCodeHeapSize                   = 5836300                                {pd product} {ergonomic}
    uintx NonProfiledCodeHeapSize                  = 122910970                              {pd product} {ergonomic}
    uintx ProfiledCodeHeapSize                     = 122910970                              {pd product} {ergonomic}
    uintx ReservedCodeCacheSize                    = 251658240                              {pd product} {ergonomic}
     bool SegmentedCodeCache                       = true                                      {product} {ergonomic}
     bool UseCompressedClassPointers               = true                                 {lp64_product} {ergonomic}
     bool UseCompressedOops                        = true                                 {lp64_product} {ergonomic}
     bool UseG1GC                                  = true                                      {product} {ergonomic}
     bool UseLargePagesIndividualAllocation        = false                                  {pd product} {ergonomic}

Logging:
Log output configuration:
 #0: stdout all=warning uptime,level,tags
 #1: stderr all=off uptime,level,tags

Environment Variables:
JAVA_HOME=C:\Program Files\Java\jdk-17
PATH=C:\Program Files\Common Files\Oracle\Java\javapath;C:\Program Files\AdoptOpenJDK\jdk-15.0.2.7-hotspot\bin;C:\Program Files (x86)\Intel\iCLS Client\;C:\Program Files\Intel\iCLS Client\;C:\WINDOWS\system32;C:\WINDOWS;C:\WINDOWS\System32\Wbem;C:\WINDOWS\System32\WindowsPowerShell\v1.0\;C:\Program Files (x86)\Intel\Intel(R) Management Engine Components\DAL;C:\Program Files\Intel\Intel(R) Management Engine Components\DAL;C:\Program Files (x86)\Intel\Intel(R) Management Engine Components\IPT;C:\Program Files\Intel\Intel(R) Management Engine Components\IPT;C:\Program Files\Intel\WiFi\bin\;C:\Program Files\Common Files\Intel\WirelessCommon\;C:\WINDOWS\System32\OpenSSH\;C:\Users\hippo\AppData\Roaming\Python\Python38\Scripts;D:\Matlab\R2021a\bin;D:\zz\mingw64\bin;D:\Git_Folder\Git\cmd;C:\Program Files\TortoiseGit\bin;C:\Program Files\Java\jdk-17\bin;C:\Program Files\MySQL\MySQL Shell 8.0\bin\;D:\Anaconda;D:\Anaconda\Library\mingw-w64\bin;D:\Anaconda\Library\usr\bin;D:\Anaconda\Library\bin;D:\Anaconda\Scripts;C:\Users\hippo\AppData\Local\Microsoft\WindowsApps;C:\Users\hippo\AppData\Roaming\Python\Python38\Scripts;D:\Microsoft VS Code\bin
USERNAME=hippo
OS=Windows_NT
PROCESSOR_IDENTIFIER=Intel64 Family 6 Model 142 Stepping 10, GenuineIntel



---------------  S Y S T E M  ---------------

OS: Windows 10 , 64 bit Build 19041 (10.0.19041.1202)
OS uptime: 0 days 13:12 hours

CPU:total 8 (initial active 8) (4 cores per cpu, 2 threads per core) family 6 model 142 stepping 10 microcode 0xb4, cmov, cx8, fxsr, mmx, sse, sse2, sse3, ssse3, sse4.1, sse4.2, popcnt, avx, avx2, aes, clmul, erms, 3dnowpref, lzcnt, ht, tsc, tscinvbit, bmi1, bmi2, adx, fma

Memory: 4k page, system-wide physical 8107M (615M free)
TotalPageFile size 11925M (AvailPageFile size 2M)
current process WorkingSet (physical memory assigned to process): 335M, peak: 335M
current process commit charge ("private bytes"): 375M, peak: 375M

vm_info: OpenJDK 64-Bit Server VM (11.0.10+0-b96-7249189) for windows-amd64 JRE (11.0.10+0-b96-7249189), built on Mar 31 2021 21:44:00 by "builder" with MS VC++ 14.0 (VS2015)

END.
